Open5GS daemon v2.7.2-28-gb6ddd7f

08/27 17:31:17.011: [app] INFO: Configuration: '/home/bunie/open5gs/install/etc/open5gs/bsf.yaml' (../lib/app/ogs-init.c:133)
08/27 17:31:17.011: [app] INFO: File Logging: '/home/bunie/open5gs/install/var/log/open5gs/bsf.log' (../lib/app/ogs-init.c:136)
08/27 17:31:17.014: [sbi] INFO: NF EndPoint(addr) setup [127.0.0.200:7777] (../lib/sbi/context.c:474)
08/27 17:31:17.015: [sbi] INFO: NF Service [nbsf-management] (../lib/sbi/context.c:1829)
08/27 17:31:17.015: [sbi] INFO: nghttp2_server() [http://127.0.0.15]:7777 (../lib/sbi/nghttp2-server.c:424)
08/27 17:31:17.018: [app] INFO: BSF initialize...done (../src/bsf/app.c:31)
08/27 17:31:28.015: [sbi] WARNING: [66d290e8-6489-41ef-8a78-af43302e8b13] Retry registration with NRF (../lib/sbi/nf-sm.c:169)
08/27 17:31:28.015: [sbi] ERROR: Connection timer expired (../lib/sbi/client.c:605)
08/27 17:31:28.015: [sbi] WARNING: ogs_sbi_client_handler() failed [-3] (../lib/sbi/path.c:62)
08/27 17:31:28.016: [sbi] INFO: [66d290e8-6489-41ef-8a78-af43302e8b13] NF registered [Heartbeat:10s] (../lib/sbi/nf-sm.c:208)
08/27 17:31:28.017: [sbi] INFO: NF EndPoint(addr) setup [127.0.0.10:7777] (../lib/sbi/nnrf-handler.c:949)
08/27 17:31:28.017: [sbi] INFO: [6d6155ac-6489-41ef-bc3a-8b2ce91658cb] Subscription created until 2024-08-28T17:31:28.016754+02:00 [duration:86400000000,validity:86400.000000,patch:43200.000000] (../lib/sbi/nnrf-handler.c:868)
08/27 17:32:21.243: [app] INFO: SIGTERM received (../src/main.c:53)
08/27 17:32:21.243: [app] INFO: Open5GS daemon terminating... (../src/main.c:226)
08/27 17:32:21.243: [sbi] INFO: [66d290e8-6489-41ef-8a78-af43302e8b13] NF de-registered (../lib/sbi/nf-sm.c:235)
08/27 17:32:21.245: [app] INFO: BSF terminate...done (../src/bsf/app.c:39)
Open5GS daemon v2.7.2-28-gb6ddd7f

08/28 10:59:01.133: [app] INFO: Configuration: '/home/bunie/open5gs/install/etc/open5gs/bsf.yaml' (../lib/app/ogs-init.c:133)
08/28 10:59:01.133: [app] INFO: File Logging: '/home/bunie/open5gs/install/var/log/open5gs/bsf.log' (../lib/app/ogs-init.c:136)
08/28 10:59:01.137: [sbi] INFO: NF EndPoint(addr) setup [127.0.0.10:7777] (../lib/sbi/context.c:426)
08/28 10:59:01.137: [sbi] INFO: NF Service [nbsf-management] (../lib/sbi/context.c:1829)
08/28 10:59:01.137: [sbi] INFO: nghttp2_server() [http://127.0.0.15]:7777 (../lib/sbi/nghttp2-server.c:424)
08/28 10:59:01.138: [app] INFO: BSF initialize...done (../src/bsf/app.c:31)
08/28 10:59:01.139: [sbi] INFO: [c4c26aba-651b-41ef-968d-9167ece5e3a7] NF registered [Heartbeat:10s] (../lib/sbi/nf-sm.c:208)
08/28 10:59:01.140: [sbi] INFO: NF EndPoint(addr) setup [127.0.0.10:7777] (../lib/sbi/nnrf-handler.c:949)
08/28 10:59:01.140: [sbi] INFO: [c4c2d3f6-651b-41ef-b6ce-81285df3a920] Subscription created until 2024-08-29T10:59:01.140004+02:00 [duration:86400000000,validity:86400.000000,patch:43200.000000] (../lib/sbi/nnrf-handler.c:868)
08/28 10:59:04.245: [app] INFO: SIGTERM received (../src/main.c:53)
08/28 10:59:04.245: [app] INFO: Open5GS daemon terminating... (../src/main.c:226)
08/28 10:59:04.245: [sbi] INFO: [c4c26aba-651b-41ef-968d-9167ece5e3a7] NF de-registered (../lib/sbi/nf-sm.c:235)
08/28 10:59:04.247: [app] INFO: BSF terminate...done (../src/bsf/app.c:39)
Open5GS daemon v2.7.2-28-gb6ddd7f

08/28 11:05:44.662: [app] INFO: Configuration: '/home/bunie/open5gs/install/etc/open5gs/bsf.yaml' (../lib/app/ogs-init.c:133)
08/28 11:05:44.662: [app] INFO: File Logging: '/home/bunie/open5gs/install/var/log/open5gs/bsf.log' (../lib/app/ogs-init.c:136)
08/28 11:05:44.664: [sbi] INFO: NF EndPoint(addr) setup [127.0.0.10:7777] (../lib/sbi/context.c:426)
08/28 11:05:44.664: [sbi] INFO: NF Service [nbsf-management] (../lib/sbi/context.c:1829)
08/28 11:05:44.664: [sbi] INFO: nghttp2_server() [http://127.0.0.15]:7777 (../lib/sbi/nghttp2-server.c:424)
08/28 11:05:44.664: [app] INFO: BSF initialize...done (../src/bsf/app.c:31)
08/28 11:05:44.666: [sbi] INFO: [b547c0ca-651c-41ef-880b-eb1e3a45a4df] NF registered [Heartbeat:10s] (../lib/sbi/nf-sm.c:208)
08/28 11:05:44.666: [sbi] INFO: NF EndPoint(addr) setup [127.0.0.10:7777] (../lib/sbi/nnrf-handler.c:949)
08/28 11:05:44.666: [sbi] INFO: [b548132c-651c-41ef-bc7a-a7ccf47e1cc9] Subscription created until 2024-08-29T11:05:44.666419+02:00 [duration:86400000000,validity:86400.000000,patch:43200.000000] (../lib/sbi/nnrf-handler.c:868)
08/28 13:18:59.492: [sbi] WARNING: [825a20fe-651c-41ef-853c-4d17449ce939] (NRF-notify) Not found (../lib/sbi/nnrf-handler.c:1171)
08/28 13:19:25.135: [sbi] INFO: [61cd24d6-652f-41ef-92c0-e1e683083db6] (NRF-notify) NF registered (../lib/sbi/nnrf-handler.c:1133)
08/28 13:19:25.135: [sbi] INFO: [61cd24d6-652f-41ef-92c0-e1e683083db6] (NRF-notify) NF Profile updated [type:SEPP] (../lib/sbi/nnrf-handler.c:1147)
08/28 13:19:25.135: [sbi] INFO: NF EndPoint(addr) setup [127.0.0.250:7777] (../lib/sbi/context.c:2195)
08/28 13:19:53.941: [sbi] INFO: [61cd24d6-652f-41ef-92c0-e1e683083db6] (NRF-notify) NF_DEREGISTERED event [type:SEPP] (../lib/sbi/nnrf-handler.c:1165)
08/28 13:24:42.003: [sbi] INFO: [1eae0570-6530-41ef-aa2e-b7c0552c422c] (NRF-notify) NF registered (../lib/sbi/nnrf-handler.c:1133)
08/28 13:24:42.003: [sbi] INFO: [1eae0570-6530-41ef-aa2e-b7c0552c422c] (NRF-notify) NF Profile updated [type:SEPP] (../lib/sbi/nnrf-handler.c:1147)
08/28 13:24:42.003: [sbi] INFO: NF EndPoint(addr) setup [127.0.1.250:7777] (../lib/sbi/context.c:2195)
08/28 13:24:56.383: [sbi] INFO: [1eae0570-6530-41ef-aa2e-b7c0552c422c] (NRF-notify) NF_DEREGISTERED event [type:SEPP] (../lib/sbi/nnrf-handler.c:1165)
08/28 13:26:01.035: [sbi] INFO: [4dc66186-6530-41ef-bacb-f3dfbd694f29] (NRF-notify) NF registered (../lib/sbi/nnrf-handler.c:1133)
08/28 13:26:01.035: [sbi] INFO: [4dc66186-6530-41ef-bacb-f3dfbd694f29] (NRF-notify) NF Profile updated [type:SEPP] (../lib/sbi/nnrf-handler.c:1147)
08/28 13:26:01.035: [sbi] INFO: NF EndPoint(addr) setup [127.0.2.250:7777] (../lib/sbi/context.c:2195)
08/28 13:27:02.503: [sbi] INFO: [4dc66186-6530-41ef-bacb-f3dfbd694f29] (NRF-notify) NF_DEREGISTERED event [type:SEPP] (../lib/sbi/nnrf-handler.c:1165)
08/28 13:27:12.102: [sbi] INFO: [78225566-6530-41ef-a65b-8d717be016d4] (NRF-notify) NF registered (../lib/sbi/nnrf-handler.c:1133)
08/28 13:27:12.102: [sbi] INFO: [78225566-6530-41ef-a65b-8d717be016d4] (NRF-notify) NF Profile updated [type:SEPP] (../lib/sbi/nnrf-handler.c:1147)
08/28 13:27:12.102: [sbi] INFO: NF EndPoint(addr) setup [127.0.1.250:7777] (../lib/sbi/context.c:2195)
08/28 13:30:12.906: [sbi] INFO: [e3ee5222-6530-41ef-90e1-47157d227569] (NRF-notify) NF registered (../lib/sbi/nnrf-handler.c:1133)
08/28 13:30:12.906: [sbi] INFO: [e3ee5222-6530-41ef-90e1-47157d227569] (NRF-notify) NF Profile updated [type:SEPP] (../lib/sbi/nnrf-handler.c:1147)
08/28 13:30:12.906: [sbi] INFO: NF EndPoint(addr) setup [127.0.2.250:7777] (../lib/sbi/context.c:2195)
08/28 13:30:54.251: [sbi] INFO: [78225566-6530-41ef-a65b-8d717be016d4] (NRF-notify) NF_DEREGISTERED event [type:SEPP] (../lib/sbi/nnrf-handler.c:1165)
08/28 13:31:11.130: [sbi] INFO: [069b397a-6531-41ef-a99d-b7fa42f01ada] (NRF-notify) NF registered (../lib/sbi/nnrf-handler.c:1133)
08/28 13:31:11.130: [sbi] INFO: [069b397a-6531-41ef-a99d-b7fa42f01ada] (NRF-notify) NF Profile updated [type:SEPP] (../lib/sbi/nnrf-handler.c:1147)
08/28 13:31:11.130: [sbi] INFO: NF EndPoint(addr) setup [127.0.1.250:7777] (../lib/sbi/context.c:2195)
08/28 15:34:24.034: [app] INFO: Signal-NUM[28] received (Window changed) (../src/main.c:63)
08/29 03:31:50.569: [core] ERROR: epoll failed (4:Interrupted system call) (../lib/core/ogs-epoll.c:220)
08/29 03:32:09.163: [app] INFO: Signal-NUM[28] received (Window changed) (../src/main.c:63)
08/29 03:36:10.588: [app] INFO: SIGINT received (../src/main.c:53)
08/29 03:36:10.589: [app] INFO: Open5GS daemon terminating... (../src/main.c:226)
08/29 03:36:10.589: [sbi] INFO: [b547c0ca-651c-41ef-880b-eb1e3a45a4df] NF de-registered (../lib/sbi/nf-sm.c:235)
08/29 03:36:10.594: [app] INFO: BSF terminate...done (../src/bsf/app.c:39)
Open5GS daemon v2.7.2-28-gb6ddd7f

08/29 03:52:57.954: [app] INFO: Configuration: '/home/bunie/open5gs/install/etc/open5gs/bsf.yaml' (../lib/app/ogs-init.c:133)
08/29 03:52:57.954: [app] INFO: File Logging: '/home/bunie/open5gs/install/var/log/open5gs/bsf.log' (../lib/app/ogs-init.c:136)
08/29 03:52:57.959: [sbi] INFO: NF EndPoint(addr) setup [127.0.0.10:7777] (../lib/sbi/context.c:426)
08/29 03:52:57.959: [sbi] INFO: NF Service [nbsf-management] (../lib/sbi/context.c:1829)
08/29 03:52:57.960: [sbi] INFO: nghttp2_server() [http://127.0.0.15]:7777 (../lib/sbi/nghttp2-server.c:424)
08/29 03:52:57.960: [app] INFO: BSF initialize...done (../src/bsf/app.c:31)
08/29 03:52:57.962: [sbi] INFO: [6a54c81e-65a9-41ef-aff2-0fd0fcba4e1d] NF registered [Heartbeat:10s] (../lib/sbi/nf-sm.c:208)
08/29 03:52:57.963: [sbi] INFO: NF EndPoint(addr) setup [127.0.0.10:7777] (../lib/sbi/nnrf-handler.c:949)
08/29 03:52:57.963: [sbi] INFO: [6a556382-65a9-41ef-be06-05163cc3a895] Subscription created until 2024-08-30T03:52:57.963466+02:00 [duration:86400000000,validity:86400.000000,patch:43200.000000] (../lib/sbi/nnrf-handler.c:868)
08/29 11:32:01.408: [core] ERROR: epoll failed (4:Interrupted system call) (../lib/core/ogs-epoll.c:220)
08/29 11:32:06.157: [app] INFO: Signal-NUM[28] received (Window changed) (../src/main.c:63)
08/29 11:40:12.579: [app] INFO: Signal-NUM[28] received (Window changed) (../src/main.c:63)
08/29 11:40:12.580: [app] INFO: Signal-NUM[28] received (Window changed) (../src/main.c:63)
08/29 11:40:13.406: [app] INFO: Signal-NUM[28] received (Window changed) (../src/main.c:63)
08/29 11:40:13.409: [app] INFO: Signal-NUM[28] received (Window changed) (../src/main.c:63)
08/29 14:53:44.834: [app] INFO: SIGHUP received (../src/main.c:58)
08/29 14:53:44.842: [app] INFO: SIGHUP received (../src/main.c:58)
Open5GS daemon v2.7.2-28-gb6ddd7f

08/29 15:15:29.570: [app] INFO: Configuration: '/home/bunie/open5gs/install/etc/open5gs/bsf.yaml' (../lib/app/ogs-init.c:133)
08/29 15:15:29.570: [app] INFO: File Logging: '/home/bunie/open5gs/install/var/log/open5gs/bsf.log' (../lib/app/ogs-init.c:136)
08/29 15:15:29.573: [sbi] INFO: NF EndPoint(addr) setup [127.0.0.10:7777] (../lib/sbi/context.c:426)
08/29 15:15:29.573: [sbi] INFO: NF Service [nbsf-management] (../lib/sbi/context.c:1829)
08/29 15:15:29.573: [sbi] INFO: nghttp2_server() [http://127.0.0.15]:7777 (../lib/sbi/nghttp2-server.c:424)
08/29 15:15:29.573: [app] INFO: BSF initialize...done (../src/bsf/app.c:31)
08/29 15:15:29.576: [sbi] INFO: [c3651e5e-6608-41ef-91cb-e32c67d3a321] NF registered [Heartbeat:10s] (../lib/sbi/nf-sm.c:208)
08/29 15:15:29.576: [sbi] INFO: NF EndPoint(addr) setup [127.0.0.10:7777] (../lib/sbi/nnrf-handler.c:949)
08/29 15:15:29.576: [sbi] INFO: [c365a6ee-6608-41ef-9171-0d716a1ecdcc] Subscription created until 2024-08-30T15:15:29.576553+02:00 [duration:86400000000,validity:86400.000000,patch:43200.000000] (../lib/sbi/nnrf-handler.c:868)
08/29 15:16:00.534: [app] INFO: SIGINT received (../src/main.c:53)
08/29 15:16:00.534: [app] INFO: Open5GS daemon terminating... (../src/main.c:226)
08/29 15:16:00.534: [sbi] INFO: [c3651e5e-6608-41ef-91cb-e32c67d3a321] NF de-registered (../lib/sbi/nf-sm.c:235)
08/29 15:16:00.537: [app] INFO: BSF terminate...done (../src/bsf/app.c:39)
Open5GS daemon v2.7.2-28-gb6ddd7f

09/03 11:19:30.052: [app] INFO: Configuration: '/home/bunie/open5gs/install/etc/open5gs/bsf.yaml' (../lib/app/ogs-init.c:133)
09/03 11:19:30.052: [app] INFO: File Logging: '/home/bunie/open5gs/install/var/log/open5gs/bsf.log' (../lib/app/ogs-init.c:136)
09/03 11:19:30.057: [sbi] INFO: NF EndPoint(addr) setup [127.0.0.10:7777] (../lib/sbi/context.c:426)
09/03 11:19:30.057: [sbi] INFO: NF Service [nbsf-management] (../lib/sbi/context.c:1829)
09/03 11:19:30.057: [sbi] INFO: nghttp2_server() [http://127.0.0.15]:7777 (../lib/sbi/nghttp2-server.c:424)
09/03 11:19:30.058: [app] INFO: BSF initialize...done (../src/bsf/app.c:31)
09/03 11:19:30.060: [sbi] INFO: [9fbb2608-69d5-41ef-a0ea-e305ea740d65] NF registered [Heartbeat:10s] (../lib/sbi/nf-sm.c:208)
09/03 11:19:30.060: [sbi] INFO: NF EndPoint(addr) setup [127.0.0.10:7777] (../lib/sbi/nnrf-handler.c:949)
09/03 11:19:30.061: [sbi] INFO: [9fbbbc58-69d5-41ef-b812-93b486084297] Subscription created until 2024-09-04T11:19:30.060676+02:00 [duration:86400000000,validity:86400.000000,patch:43200.000000] (../lib/sbi/nnrf-handler.c:868)
09/03 11:20:04.707: [sbi] WARNING: [be1994aa-69d4-41ef-90c9-13bb3463093b] (NRF-notify) Not found (../lib/sbi/nnrf-handler.c:1171)
09/03 11:20:14.221: [sbi] INFO: [ba007d88-69d5-41ef-b398-151a8f70726d] (NRF-notify) NF registered (../lib/sbi/nnrf-handler.c:1133)
09/03 11:20:14.221: [sbi] INFO: [ba007d88-69d5-41ef-b398-151a8f70726d] (NRF-notify) NF Profile updated [type:SEPP] (../lib/sbi/nnrf-handler.c:1147)
09/03 11:20:14.221: [sbi] INFO: NF EndPoint(addr) setup [127.0.2.250:7777] (../lib/sbi/context.c:2195)
09/03 15:02:45.428: [core] ERROR: epoll failed (4:Interrupted system call) (../lib/core/ogs-epoll.c:220)
09/03 15:37:18.047: [sbi] WARNING: [9fbb2608-69d5-41ef-a0ea-e305ea740d65] HTTP response error [404] (../lib/sbi/nf-sm.c:264)
09/03 15:37:18.047: [sbi] INFO: [9fbb2608-69d5-41ef-a0ea-e305ea740d65] NF de-registered (../lib/sbi/nf-sm.c:235)
09/03 15:37:20.049: [sbi] WARNING: [9fbb2608-69d5-41ef-a0ea-e305ea740d65] Retry registration with NRF (../lib/sbi/nf-sm.c:395)
09/03 15:37:20.050: [sbi] INFO: [9fbb2608-69d5-41ef-a0ea-e305ea740d65] NF registered [Heartbeat:10s] (../lib/sbi/nf-sm.c:208)
09/03 15:37:20.050: [sbi] INFO: NF EndPoint(addr) setup [127.0.0.10:7777] (../lib/sbi/nnrf-handler.c:949)
09/03 15:37:20.050: [sbi] INFO: [a490e540-69f9-41ef-9a52-c57d33b0fb2d] Subscription created until 2024-09-04T15:37:20.050747+02:00 [duration:86400000000,validity:86400.000000,patch:43200.000000] (../lib/sbi/nnrf-handler.c:868)
09/04 09:51:13.398: [core] ERROR: epoll failed (4:Interrupted system call) (../lib/core/ogs-epoll.c:220)
09/04 10:03:59.974: [sbi] WARNING: [7] Failed to connect to 127.0.0.10 port 7777 after 0 ms: Couldn't connect to server (../lib/sbi/client.c:698)
09/04 10:03:59.974: [sbi] WARNING: ogs_sbi_client_handler() failed [-1] (../lib/sbi/path.c:62)
09/04 10:04:00.965: [sbi] ERROR: [9fbb2608-69d5-41ef-a0ea-e305ea740d65] No heartbeat [type:BSF] (../lib/sbi/nf-sm.c:297)
09/04 10:04:00.965: [sbi] INFO: [9fbb2608-69d5-41ef-a0ea-e305ea740d65] NF de-registered (../lib/sbi/nf-sm.c:235)
09/04 10:04:11.965: [sbi] WARNING: [9fbb2608-69d5-41ef-a0ea-e305ea740d65] Retry registration with NRF (../lib/sbi/nf-sm.c:169)
09/04 10:04:11.965: [sbi] ERROR: Connection timer expired (../lib/sbi/client.c:605)
09/04 10:04:11.965: [sbi] WARNING: ogs_sbi_client_handler() failed [-3] (../lib/sbi/path.c:62)
09/04 10:04:22.965: [sbi] WARNING: [9fbb2608-69d5-41ef-a0ea-e305ea740d65] Retry registration with NRF (../lib/sbi/nf-sm.c:169)
09/04 10:04:22.965: [sbi] ERROR: Connection timer expired (../lib/sbi/client.c:605)
09/04 10:04:22.965: [sbi] WARNING: ogs_sbi_client_handler() failed [-3] (../lib/sbi/path.c:62)
09/04 10:04:33.965: [sbi] WARNING: [9fbb2608-69d5-41ef-a0ea-e305ea740d65] Retry registration with NRF (../lib/sbi/nf-sm.c:169)
09/04 10:04:33.966: [sbi] ERROR: Connection timer expired (../lib/sbi/client.c:605)
09/04 10:04:33.966: [sbi] WARNING: ogs_sbi_client_handler() failed [-3] (../lib/sbi/path.c:62)
09/04 10:04:44.965: [sbi] WARNING: [9fbb2608-69d5-41ef-a0ea-e305ea740d65] Retry registration with NRF (../lib/sbi/nf-sm.c:169)
09/04 10:04:44.966: [sbi] ERROR: Connection timer expired (../lib/sbi/client.c:605)
09/04 10:04:44.966: [sbi] WARNING: ogs_sbi_client_handler() failed [-3] (../lib/sbi/path.c:62)
09/04 10:04:55.965: [sbi] WARNING: [9fbb2608-69d5-41ef-a0ea-e305ea740d65] Retry registration with NRF (../lib/sbi/nf-sm.c:169)
09/04 10:04:55.966: [sbi] ERROR: Connection timer expired (../lib/sbi/client.c:605)
09/04 10:04:55.966: [sbi] WARNING: ogs_sbi_client_handler() failed [-3] (../lib/sbi/path.c:62)
09/04 10:05:06.966: [sbi] WARNING: [9fbb2608-69d5-41ef-a0ea-e305ea740d65] Retry registration with NRF (../lib/sbi/nf-sm.c:169)
09/04 10:05:06.966: [sbi] ERROR: Connection timer expired (../lib/sbi/client.c:605)
09/04 10:05:06.966: [sbi] WARNING: ogs_sbi_client_handler() failed [-3] (../lib/sbi/path.c:62)
09/04 10:05:17.966: [sbi] WARNING: [9fbb2608-69d5-41ef-a0ea-e305ea740d65] Retry registration with NRF (../lib/sbi/nf-sm.c:169)
09/04 10:05:17.966: [sbi] ERROR: Connection timer expired (../lib/sbi/client.c:605)
09/04 10:05:17.966: [sbi] WARNING: ogs_sbi_client_handler() failed [-3] (../lib/sbi/path.c:62)
09/04 10:05:28.966: [sbi] WARNING: [9fbb2608-69d5-41ef-a0ea-e305ea740d65] Retry registration with NRF (../lib/sbi/nf-sm.c:169)
09/04 10:05:28.966: [sbi] ERROR: Connection timer expired (../lib/sbi/client.c:605)
09/04 10:05:28.966: [sbi] WARNING: ogs_sbi_client_handler() failed [-3] (../lib/sbi/path.c:62)
09/04 10:05:28.967: [sbi] INFO: [9fbb2608-69d5-41ef-a0ea-e305ea740d65] NF registered [Heartbeat:10s] (../lib/sbi/nf-sm.c:208)
09/04 10:05:28.968: [sbi] INFO: NF EndPoint(addr) setup [127.0.0.10:7777] (../lib/sbi/nnrf-handler.c:949)
09/04 10:05:28.968: [sbi] INFO: [730c8024-6a94-41ef-b1e0-ddd42dd8e697] Subscription created until 2024-09-05T10:05:28.967824+02:00 [duration:86400000000,validity:86400.000000,patch:43200.000000] (../lib/sbi/nnrf-handler.c:868)
09/04 10:05:33.162: [sbi] WARNING: [ba007d88-69d5-41ef-b398-151a8f70726d] (NRF-notify) NF has already been added [type:SEPP] (../lib/sbi/nnrf-handler.c:1135)
09/04 10:05:33.162: [sbi] INFO: [ba007d88-69d5-41ef-b398-151a8f70726d] (NRF-notify) NF Profile updated [type:SEPP] (../lib/sbi/nnrf-handler.c:1147)
09/04 10:05:33.162: [sbi] WARNING: NF EndPoint(addr) updated [127.0.2.250:7777] (../lib/sbi/context.c:2195)
09/04 10:05:33.162: [sbi] INFO: NF EndPoint(addr) setup [127.0.2.250:7777] (../lib/sbi/context.c:2195)
09/04 10:05:34.146: [sbi] INFO: [07c04054-69d5-41ef-a21c-0bb68796c960] (NRF-notify) NF registered (../lib/sbi/nnrf-handler.c:1133)
09/04 10:05:34.146: [sbi] INFO: [07c04054-69d5-41ef-a21c-0bb68796c960] (NRF-notify) NF Profile updated [type:SEPP] (../lib/sbi/nnrf-handler.c:1147)
09/04 10:05:34.146: [sbi] INFO: NF EndPoint(addr) setup [127.0.1.250:7777] (../lib/sbi/context.c:2195)
09/04 10:27:48.239: [sbi] INFO: [07c04054-69d5-41ef-a21c-0bb68796c960] (NRF-notify) NF_DEREGISTERED event [type:SEPP] (../lib/sbi/nnrf-handler.c:1165)
09/04 10:27:50.513: [sbi] INFO: [92a35ebe-6a97-41ef-947d-6b1c432c2abb] (NRF-notify) NF registered (../lib/sbi/nnrf-handler.c:1133)
09/04 10:27:50.513: [sbi] INFO: [92a35ebe-6a97-41ef-947d-6b1c432c2abb] (NRF-notify) NF Profile updated [type:SEPP] (../lib/sbi/nnrf-handler.c:1147)
09/04 10:27:50.513: [sbi] INFO: NF EndPoint(addr) setup [127.0.1.250:7777] (../lib/sbi/context.c:2195)
09/04 14:48:32.977: [bsf] INFO: [9fbbbc58-69d5-41ef-b812-93b486084297] Need to update Subscription (../src/bsf/bsf-sm.c:386)
09/04 14:48:32.978: [bsf] ERROR: [9fbbbc58-69d5-41ef-b812-93b486084297] HTTP response error [404] (../src/bsf/bsf-sm.c:264)
09/04 15:46:18.454: [bsf] INFO: [a490e540-69f9-41ef-9a52-c57d33b0fb2d] Need to update Subscription (../src/bsf/bsf-sm.c:386)
09/04 15:46:18.455: [bsf] ERROR: [a490e540-69f9-41ef-9a52-c57d33b0fb2d] HTTP response error [404] (../src/bsf/bsf-sm.c:264)
09/04 17:26:03.441: [sbi] WARNING: [7] Failed to connect to 127.0.0.10 port 7777 after 0 ms: Couldn't connect to server (../lib/sbi/client.c:698)
09/04 17:26:03.441: [sbi] WARNING: ogs_sbi_client_handler() failed [-1] (../lib/sbi/path.c:62)
09/04 17:26:04.431: [sbi] ERROR: [9fbb2608-69d5-41ef-a0ea-e305ea740d65] No heartbeat [type:BSF] (../lib/sbi/nf-sm.c:297)
09/04 17:26:04.431: [sbi] INFO: [9fbb2608-69d5-41ef-a0ea-e305ea740d65] NF de-registered (../lib/sbi/nf-sm.c:235)
09/04 17:26:15.431: [sbi] WARNING: [9fbb2608-69d5-41ef-a0ea-e305ea740d65] Retry registration with NRF (../lib/sbi/nf-sm.c:169)
09/04 17:26:15.432: [sbi] ERROR: Connection timer expired (../lib/sbi/client.c:605)
09/04 17:26:15.432: [sbi] WARNING: ogs_sbi_client_handler() failed [-3] (../lib/sbi/path.c:62)
09/04 17:26:26.431: [sbi] WARNING: [9fbb2608-69d5-41ef-a0ea-e305ea740d65] Retry registration with NRF (../lib/sbi/nf-sm.c:169)
09/04 17:26:26.432: [sbi] ERROR: Connection timer expired (../lib/sbi/client.c:605)
09/04 17:26:26.432: [sbi] WARNING: ogs_sbi_client_handler() failed [-3] (../lib/sbi/path.c:62)
09/04 17:26:29.203: [app] INFO: SIGINT received (../src/main.c:53)
09/04 17:26:29.203: [app] INFO: Open5GS daemon terminating... (../src/main.c:226)
09/04 17:26:29.205: [app] INFO: BSF terminate...done (../src/bsf/app.c:39)
Open5GS daemon v2.7.2-28-gb6ddd7f+

09/04 17:46:25.188: [app] INFO: Configuration: '/home/bunie/open5gs/install/etc/open5gs/bsf.yaml' (../lib/app/ogs-init.c:133)
09/04 17:46:25.188: [app] INFO: File Logging: '/home/bunie/open5gs/install/var/log/open5gs/bsf.log' (../lib/app/ogs-init.c:136)
09/04 17:46:25.192: [sbi] INFO: NF EndPoint(addr) setup [127.0.0.10:7777] (../lib/sbi/context.c:426)
09/04 17:46:25.193: [sbi] INFO: NF Service [nbsf-management] (../lib/sbi/context.c:1829)
09/04 17:46:25.193: [sbi] INFO: nghttp2_server() [http://127.0.0.15]:7777 (../lib/sbi/nghttp2-server.c:424)
09/04 17:46:25.193: [app] INFO: BSF initialize...done (../src/bsf/app.c:31)
09/04 17:46:25.195: [sbi] INFO: [d7718146-6ad4-41ef-9f95-8b7b2726650f] NF registered [Heartbeat:10s] (../lib/sbi/nf-sm.c:208)
09/04 17:46:25.196: [sbi] INFO: NF EndPoint(addr) setup [127.0.0.10:7777] (../lib/sbi/nnrf-handler.c:949)
09/04 17:46:25.196: [sbi] INFO: [d7721408-6ad4-41ef-bdde-a596ac554a63] Subscription created until 2024-09-05T17:46:25.196418+02:00 [duration:86400000000,validity:86400.000000,patch:43200.000000] (../lib/sbi/nnrf-handler.c:868)
09/04 19:44:35.613: [core] ERROR: epoll failed (4:Interrupted system call) (../lib/core/ogs-epoll.c:220)
09/04 20:16:36.588: [sbi] WARNING: [7] Failed to connect to 127.0.0.10 port 7777 after 0 ms: Couldn't connect to server (../lib/sbi/client.c:698)
09/04 20:16:36.588: [sbi] WARNING: ogs_sbi_client_handler() failed [-1] (../lib/sbi/path.c:62)
09/04 20:16:37.578: [sbi] ERROR: [d7718146-6ad4-41ef-9f95-8b7b2726650f] No heartbeat [type:BSF] (../lib/sbi/nf-sm.c:297)
09/04 20:16:37.578: [sbi] INFO: [d7718146-6ad4-41ef-9f95-8b7b2726650f] NF de-registered (../lib/sbi/nf-sm.c:235)
09/04 20:16:48.578: [sbi] WARNING: [d7718146-6ad4-41ef-9f95-8b7b2726650f] Retry registration with NRF (../lib/sbi/nf-sm.c:169)
09/04 20:16:48.578: [sbi] ERROR: Connection timer expired (../lib/sbi/client.c:605)
09/04 20:16:48.578: [sbi] WARNING: ogs_sbi_client_handler() failed [-3] (../lib/sbi/path.c:62)
09/04 20:16:59.578: [sbi] WARNING: [d7718146-6ad4-41ef-9f95-8b7b2726650f] Retry registration with NRF (../lib/sbi/nf-sm.c:169)
09/04 20:16:59.578: [sbi] ERROR: Connection timer expired (../lib/sbi/client.c:605)
09/04 20:16:59.578: [sbi] WARNING: ogs_sbi_client_handler() failed [-3] (../lib/sbi/path.c:62)
09/04 20:17:01.222: [app] INFO: Signal-NUM[28] received (Window changed) (../src/main.c:63)
09/04 20:17:02.105: [app] INFO: SIGINT received (../src/main.c:53)
09/04 20:17:02.105: [app] INFO: Open5GS daemon terminating... (../src/main.c:226)
09/04 20:17:02.107: [app] INFO: BSF terminate...done (../src/bsf/app.c:39)
Open5GS daemon v2.7.2-28-gb6ddd7f+

09/04 20:23:02.504: [app] INFO: Configuration: '/home/bunie/open5gs/install/etc/open5gs/bsf.yaml' (../lib/app/ogs-init.c:133)
09/04 20:23:02.504: [app] INFO: File Logging: '/home/bunie/open5gs/install/var/log/open5gs/bsf.log' (../lib/app/ogs-init.c:136)
09/04 20:23:02.510: [sbi] INFO: NF EndPoint(addr) setup [127.0.0.10:7777] (../lib/sbi/context.c:426)
09/04 20:23:02.510: [sbi] INFO: NF Service [nbsf-management] (../lib/sbi/context.c:1829)
09/04 20:23:02.510: [sbi] INFO: nghttp2_server() [http://127.0.0.15]:7777 (../lib/sbi/nghttp2-server.c:424)
09/04 20:23:02.510: [app] INFO: BSF initialize...done (../src/bsf/app.c:31)
09/04 20:23:02.513: [sbi] INFO: [b8ae4a4e-6aea-41ef-98a4-d1cf936187a5] NF registered [Heartbeat:10s] (../lib/sbi/nf-sm.c:208)
09/04 20:23:02.514: [sbi] INFO: NF EndPoint(addr) setup [127.0.0.10:7777] (../lib/sbi/nnrf-handler.c:949)
09/04 20:23:02.514: [sbi] INFO: [b8aee6a2-6aea-41ef-9082-95974e8abfbd] Subscription created until 2024-09-05T20:23:02.513741+02:00 [duration:86400000000,validity:86400.000000,patch:43200.000000] (../lib/sbi/nnrf-handler.c:868)
09/04 20:41:13.505: [sbi] WARNING: [7] Failed to connect to 127.0.0.10 port 7777 after 0 ms: Couldn't connect to server (../lib/sbi/client.c:698)
09/04 20:41:13.505: [sbi] WARNING: ogs_sbi_client_handler() failed [-1] (../lib/sbi/path.c:62)
09/04 20:41:14.496: [sbi] ERROR: [b8ae4a4e-6aea-41ef-98a4-d1cf936187a5] No heartbeat [type:BSF] (../lib/sbi/nf-sm.c:297)
09/04 20:41:14.496: [sbi] INFO: [b8ae4a4e-6aea-41ef-98a4-d1cf936187a5] NF de-registered (../lib/sbi/nf-sm.c:235)
09/04 20:41:25.496: [sbi] WARNING: [b8ae4a4e-6aea-41ef-98a4-d1cf936187a5] Retry registration with NRF (../lib/sbi/nf-sm.c:169)
09/04 20:41:25.497: [sbi] ERROR: Connection timer expired (../lib/sbi/client.c:605)
09/04 20:41:25.497: [sbi] WARNING: ogs_sbi_client_handler() failed [-3] (../lib/sbi/path.c:62)
09/04 20:41:25.587: [app] INFO: SIGINT received (../src/main.c:53)
09/04 20:41:25.587: [app] INFO: Open5GS daemon terminating... (../src/main.c:226)
09/04 20:41:25.589: [app] INFO: BSF terminate...done (../src/bsf/app.c:39)
Open5GS daemon v2.7.2-28-gb6ddd7f+

09/04 21:50:02.754: [app] INFO: Configuration: '/home/bunie/open5gs/install/etc/open5gs/bsf.yaml' (../lib/app/ogs-init.c:133)
09/04 21:50:02.754: [app] INFO: File Logging: '/home/bunie/open5gs/install/var/log/open5gs/bsf.log' (../lib/app/ogs-init.c:136)
09/04 21:50:02.759: [sbi] INFO: NF EndPoint(addr) setup [127.0.0.10:7777] (../lib/sbi/context.c:426)
09/04 21:50:02.759: [sbi] INFO: NF Service [nbsf-management] (../lib/sbi/context.c:1829)
09/04 21:50:02.760: [sbi] INFO: nghttp2_server() [http://127.0.0.15]:7777 (../lib/sbi/nghttp2-server.c:424)
09/04 21:50:02.760: [app] INFO: BSF initialize...done (../src/bsf/app.c:31)
09/04 21:50:02.762: [sbi] INFO: [e0312710-6af6-41ef-95ce-ab57e2c4cce0] NF registered [Heartbeat:10s] (../lib/sbi/nf-sm.c:208)
09/04 21:50:02.763: [sbi] INFO: NF EndPoint(addr) setup [127.0.0.10:7777] (../lib/sbi/nnrf-handler.c:949)
09/04 21:50:02.763: [sbi] INFO: [e031c8be-6af6-41ef-be4e-61382bfa8c95] Subscription created until 2024-09-05T21:50:02.763368+02:00 [duration:86400000000,validity:86400.000000,patch:43200.000000] (../lib/sbi/nnrf-handler.c:868)
09/05 00:04:50.106: [sbi] WARNING: [7] Failed to connect to 127.0.0.10 port 7777 after 0 ms: Couldn't connect to server (../lib/sbi/client.c:698)
09/05 00:04:50.106: [sbi] WARNING: ogs_sbi_client_handler() failed [-1] (../lib/sbi/path.c:62)
09/05 00:04:51.097: [sbi] ERROR: [e0312710-6af6-41ef-95ce-ab57e2c4cce0] No heartbeat [type:BSF] (../lib/sbi/nf-sm.c:297)
09/05 00:04:51.097: [sbi] INFO: [e0312710-6af6-41ef-95ce-ab57e2c4cce0] NF de-registered (../lib/sbi/nf-sm.c:235)
09/05 00:05:02.002: [app] INFO: SIGINT received (../src/main.c:53)
09/05 00:05:02.002: [app] INFO: Open5GS daemon terminating... (../src/main.c:226)
09/05 00:05:02.003: [app] INFO: BSF terminate...done (../src/bsf/app.c:39)
Open5GS daemon v2.7.2-28-gb6ddd7f+

09/05 00:05:45.913: [app] INFO: Configuration: '/home/bunie/open5gs/install/etc/open5gs/bsf.yaml' (../lib/app/ogs-init.c:133)
09/05 00:05:45.913: [app] INFO: File Logging: '/home/bunie/open5gs/install/var/log/open5gs/bsf.log' (../lib/app/ogs-init.c:136)
09/05 00:05:45.916: [sbi] INFO: NF EndPoint(addr) setup [127.0.0.10:7777] (../lib/sbi/context.c:426)
09/05 00:05:45.916: [sbi] INFO: NF Service [nbsf-management] (../lib/sbi/context.c:1829)
09/05 00:05:45.916: [sbi] INFO: nghttp2_server() [http://127.0.0.15]:7777 (../lib/sbi/nghttp2-server.c:424)
09/05 00:05:45.916: [app] INFO: BSF initialize...done (../src/bsf/app.c:31)
09/05 00:05:45.917: [sbi] INFO: [d5e441c6-6b09-41ef-b55b-eb2fa2b7c543] NF registered [Heartbeat:10s] (../lib/sbi/nf-sm.c:208)
09/05 00:05:45.917: [sbi] INFO: NF EndPoint(addr) setup [127.0.0.10:7777] (../lib/sbi/nnrf-handler.c:949)
09/05 00:05:45.917: [sbi] INFO: [d5e48b04-6b09-41ef-856e-75d80ae8a8ef] Subscription created until 2024-09-06T00:05:45.917745+02:00 [duration:86400000000,validity:86400.000000,patch:43200.000000] (../lib/sbi/nnrf-handler.c:868)
09/05 09:21:52.812: [core] ERROR: epoll failed (4:Interrupted system call) (../lib/core/ogs-epoll.c:220)
09/06 08:14:28.675: [core] ERROR: epoll failed (4:Interrupted system call) (../lib/core/ogs-epoll.c:220)
09/06 09:46:51.543: [core] ERROR: epoll failed (4:Interrupted system call) (../lib/core/ogs-epoll.c:220)
09/06 14:23:52.310: [bsf] INFO: [d5e48b04-6b09-41ef-856e-75d80ae8a8ef] Need to update Subscription (../src/bsf/bsf-sm.c:386)
09/06 14:23:52.312: [sbi] INFO: [d5e48b04-6b09-41ef-856e-75d80ae8a8ef] Subscription updated(204 No Content) until 2024-09-07T14:23:52.312839+02:00 [duration:86400000000,validity:86400.000000,patch:43200.000000] (../lib/sbi/nnrf-handler.c:868)
09/06 19:40:04.552: [core] ERROR: epoll failed (4:Interrupted system call) (../lib/core/ogs-epoll.c:220)
09/07 11:02:10.533: [core] ERROR: epoll failed (4:Interrupted system call) (../lib/core/ogs-epoll.c:220)
09/07 14:44:37.231: [app] INFO: SIGHUP received (../src/main.c:58)
09/07 14:44:37.251: [app] INFO: SIGHUP received (../src/main.c:58)
Open5GS daemon v2.7.2-28-gb6ddd7f+

09/16 12:44:32.144: [app] INFO: Configuration: '/home/bunie/open5gs/install/etc/open5gs/bsf.yaml' (../lib/app/ogs-init.c:133)
09/16 12:44:32.144: [app] INFO: File Logging: '/home/bunie/open5gs/install/var/log/open5gs/bsf.log' (../lib/app/ogs-init.c:136)
09/16 12:44:32.146: [sbi] INFO: NF EndPoint(addr) setup [127.0.0.10:7777] (../lib/sbi/context.c:426)
09/16 12:44:32.146: [sbi] INFO: NF Service [nbsf-management] (../lib/sbi/context.c:1829)
09/16 12:44:32.146: [sbi] INFO: nghttp2_server() [http://127.0.0.15]:7777 (../lib/sbi/nghttp2-server.c:424)
09/16 12:44:32.146: [app] INFO: BSF initialize...done (../src/bsf/app.c:31)
09/16 12:44:32.148: [sbi] INFO: [a82f012c-7418-41ef-8dc0-2bfef8aebfab] NF registered [Heartbeat:10s] (../lib/sbi/nf-sm.c:208)
09/16 12:44:32.148: [sbi] INFO: NF EndPoint(addr) setup [127.0.0.10:7777] (../lib/sbi/nnrf-handler.c:949)
09/16 12:44:32.148: [sbi] INFO: [a82f5582-7418-41ef-91b8-c35599ac03cf] Subscription created until 2024-09-17T12:44:32.148646+02:00 [duration:86400000000,validity:86400.000000,patch:43200.000000] (../lib/sbi/nnrf-handler.c:868)
09/16 14:05:01.097: [app] INFO: SIGINT received (../src/main.c:53)
09/16 14:05:01.097: [app] INFO: Open5GS daemon terminating... (../src/main.c:226)
09/16 14:05:01.097: [sbi] INFO: [a82f012c-7418-41ef-8dc0-2bfef8aebfab] NF de-registered (../lib/sbi/nf-sm.c:235)
09/16 14:05:01.099: [app] INFO: BSF terminate...done (../src/bsf/app.c:39)
Open5GS daemon v2.7.2-28-gb6ddd7f+

09/16 14:16:55.923: [app] INFO: Configuration: '/home/bunie/open5gs/install/etc/open5gs/bsf.yaml' (../lib/app/ogs-init.c:133)
09/16 14:16:55.923: [app] INFO: File Logging: '/home/bunie/open5gs/install/var/log/open5gs/bsf.log' (../lib/app/ogs-init.c:136)
09/16 14:16:55.925: [sbi] INFO: NF EndPoint(addr) setup [127.0.0.10:7777] (../lib/sbi/context.c:426)
09/16 14:16:55.925: [sbi] INFO: NF Service [nbsf-management] (../lib/sbi/context.c:1829)
09/16 14:16:55.925: [sbi] INFO: nghttp2_server() [http://127.0.0.15]:7777 (../lib/sbi/nghttp2-server.c:424)
09/16 14:16:55.926: [app] INFO: BSF initialize...done (../src/bsf/app.c:31)
09/16 14:16:55.927: [sbi] INFO: [908889be-7425-41ef-bf76-2323b60ced4e] NF registered [Heartbeat:10s] (../lib/sbi/nf-sm.c:208)
09/16 14:16:55.927: [sbi] INFO: NF EndPoint(addr) setup [127.0.0.10:7777] (../lib/sbi/nnrf-handler.c:949)
09/16 14:16:55.928: [sbi] INFO: [9088e6fc-7425-41ef-b915-d97ec7dba35b] Subscription created until 2024-09-17T14:16:55.927809+02:00 [duration:86400000000,validity:86400.000000,patch:43200.000000] (../lib/sbi/nnrf-handler.c:868)
09/16 14:33:26.773: [sbi] WARNING: [7] Failed to connect to 127.0.0.10 port 7777 after 0 ms: Couldn't connect to server (../lib/sbi/client.c:698)
09/16 14:33:26.773: [sbi] WARNING: ogs_sbi_client_handler() failed [-1] (../lib/sbi/path.c:62)
09/16 14:33:27.764: [sbi] ERROR: [908889be-7425-41ef-bf76-2323b60ced4e] No heartbeat [type:BSF] (../lib/sbi/nf-sm.c:297)
09/16 14:33:27.764: [sbi] INFO: [908889be-7425-41ef-bf76-2323b60ced4e] NF de-registered (../lib/sbi/nf-sm.c:235)
09/16 14:33:38.764: [sbi] WARNING: [908889be-7425-41ef-bf76-2323b60ced4e] Retry registration with NRF (../lib/sbi/nf-sm.c:169)
09/16 14:33:38.764: [sbi] ERROR: Connection timer expired (../lib/sbi/client.c:605)
09/16 14:33:38.764: [sbi] WARNING: ogs_sbi_client_handler() failed [-3] (../lib/sbi/path.c:62)
09/16 14:33:39.000: [app] INFO: SIGINT received (../src/main.c:53)
09/16 14:33:39.000: [app] INFO: Open5GS daemon terminating... (../src/main.c:226)
09/16 14:33:39.001: [app] INFO: BSF terminate...done (../src/bsf/app.c:39)
Open5GS daemon v2.7.2-28-gb6ddd7f+

09/16 14:36:56.241: [app] INFO: Configuration: '/home/bunie/open5gs/install/etc/open5gs/bsf.yaml' (../lib/app/ogs-init.c:133)
09/16 14:36:56.241: [app] INFO: File Logging: '/home/bunie/open5gs/install/var/log/open5gs/bsf.log' (../lib/app/ogs-init.c:136)
09/16 14:36:56.243: [sbi] INFO: NF EndPoint(addr) setup [127.0.0.10:7777] (../lib/sbi/context.c:426)
09/16 14:36:56.243: [sbi] INFO: NF Service [nbsf-management] (../lib/sbi/context.c:1829)
09/16 14:36:56.243: [sbi] INFO: nghttp2_server() [http://127.0.0.15]:7777 (../lib/sbi/nghttp2-server.c:424)
09/16 14:36:56.243: [app] INFO: BSF initialize...done (../src/bsf/app.c:31)
09/16 14:36:56.245: [sbi] INFO: [5bfa7d12-7428-41ef-aa36-9161db3d620a] NF registered [Heartbeat:10s] (../lib/sbi/nf-sm.c:208)
09/16 14:36:56.245: [sbi] INFO: NF EndPoint(addr) setup [127.0.0.10:7777] (../lib/sbi/nnrf-handler.c:949)
09/16 14:36:56.246: [sbi] INFO: [5bfae61c-7428-41ef-ae7d-891b09ba1a04] Subscription created until 2024-09-17T14:36:56.245842+02:00 [duration:86400000000,validity:86400.000000,patch:43200.000000] (../lib/sbi/nnrf-handler.c:868)
09/16 15:57:30.633: [sbi] WARNING: [7] Failed to connect to 127.0.0.10 port 7777 after 0 ms: Couldn't connect to server (../lib/sbi/client.c:698)
09/16 15:57:30.633: [sbi] WARNING: ogs_sbi_client_handler() failed [-1] (../lib/sbi/path.c:62)
09/16 15:57:31.624: [sbi] ERROR: [5bfa7d12-7428-41ef-aa36-9161db3d620a] No heartbeat [type:BSF] (../lib/sbi/nf-sm.c:297)
09/16 15:57:31.625: [sbi] INFO: [5bfa7d12-7428-41ef-aa36-9161db3d620a] NF de-registered (../lib/sbi/nf-sm.c:235)
09/16 15:57:42.625: [sbi] WARNING: [5bfa7d12-7428-41ef-aa36-9161db3d620a] Retry registration with NRF (../lib/sbi/nf-sm.c:169)
09/16 15:57:42.625: [sbi] ERROR: Connection timer expired (../lib/sbi/client.c:605)
09/16 15:57:42.625: [sbi] WARNING: ogs_sbi_client_handler() failed [-3] (../lib/sbi/path.c:62)
09/16 15:57:53.625: [sbi] WARNING: [5bfa7d12-7428-41ef-aa36-9161db3d620a] Retry registration with NRF (../lib/sbi/nf-sm.c:169)
09/16 15:57:53.625: [sbi] ERROR: Connection timer expired (../lib/sbi/client.c:605)
09/16 15:57:53.625: [sbi] WARNING: ogs_sbi_client_handler() failed [-3] (../lib/sbi/path.c:62)
09/16 15:57:57.198: [app] INFO: SIGINT received (../src/main.c:53)
09/16 15:57:57.198: [app] INFO: Open5GS daemon terminating... (../src/main.c:226)
09/16 15:57:57.199: [app] INFO: BSF terminate...done (../src/bsf/app.c:39)
Open5GS daemon v2.7.2-28-gb6ddd7f+

09/16 16:01:21.430: [app] INFO: Configuration: '/home/bunie/open5gs/install/etc/open5gs/bsf.yaml' (../lib/app/ogs-init.c:133)
09/16 16:01:21.430: [app] INFO: File Logging: '/home/bunie/open5gs/install/var/log/open5gs/bsf.log' (../lib/app/ogs-init.c:136)
09/16 16:01:21.432: [sbi] INFO: NF EndPoint(addr) setup [127.0.0.10:7777] (../lib/sbi/context.c:426)
09/16 16:01:21.432: [sbi] INFO: NF Service [nbsf-management] (../lib/sbi/context.c:1829)
09/16 16:01:21.433: [sbi] INFO: nghttp2_server() [http://127.0.0.15]:7777 (../lib/sbi/nghttp2-server.c:424)
09/16 16:01:21.433: [app] INFO: BSF initialize...done (../src/bsf/app.c:31)
09/16 16:01:21.434: [sbi] INFO: [27111276-7434-41ef-a744-b54d750dc93d] NF registered [Heartbeat:10s] (../lib/sbi/nf-sm.c:208)
09/16 16:01:21.434: [sbi] INFO: NF EndPoint(addr) setup [127.0.0.10:7777] (../lib/sbi/nnrf-handler.c:949)
09/16 16:01:21.434: [sbi] INFO: [27116096-7434-41ef-a8a0-fd8ae929c81c] Subscription created until 2024-09-17T16:01:21.434660+02:00 [duration:86400000000,validity:86400.000000,patch:43200.000000] (../lib/sbi/nnrf-handler.c:868)
09/16 16:14:40.660: [sbi] WARNING: [0ef318ec-7434-41ef-b651-99ff292c4dfc] (NRF-notify) Not found (../lib/sbi/nnrf-handler.c:1171)
09/16 16:14:42.203: [sbi] INFO: [0457d420-7436-41ef-8bd4-d9e9c8823b6c] (NRF-notify) NF registered (../lib/sbi/nnrf-handler.c:1133)
09/16 16:14:42.203: [sbi] INFO: [0457d420-7436-41ef-8bd4-d9e9c8823b6c] (NRF-notify) NF Profile updated [type:SEPP] (../lib/sbi/nnrf-handler.c:1147)
09/16 16:14:42.203: [sbi] INFO: NF EndPoint(addr) setup [127.0.1.250:7777] (../lib/sbi/context.c:2195)
09/16 16:21:52.572: [sbi] WARNING: [7] Failed to connect to 127.0.0.10 port 7777 after 0 ms: Couldn't connect to server (../lib/sbi/client.c:698)
09/16 16:21:52.572: [sbi] WARNING: ogs_sbi_client_handler() failed [-1] (../lib/sbi/path.c:62)
09/16 16:21:53.563: [sbi] ERROR: [27111276-7434-41ef-a744-b54d750dc93d] No heartbeat [type:BSF] (../lib/sbi/nf-sm.c:297)
09/16 16:21:53.563: [sbi] INFO: [27111276-7434-41ef-a744-b54d750dc93d] NF de-registered (../lib/sbi/nf-sm.c:235)
09/16 16:22:04.564: [sbi] WARNING: [27111276-7434-41ef-a744-b54d750dc93d] Retry registration with NRF (../lib/sbi/nf-sm.c:169)
09/16 16:22:04.564: [sbi] ERROR: Connection timer expired (../lib/sbi/client.c:605)
09/16 16:22:04.564: [sbi] WARNING: ogs_sbi_client_handler() failed [-3] (../lib/sbi/path.c:62)
09/16 16:22:12.413: [app] INFO: SIGINT received (../src/main.c:53)
09/16 16:22:12.413: [app] INFO: Open5GS daemon terminating... (../src/main.c:226)
09/16 16:22:12.413: [app] INFO: BSF terminate...done (../src/bsf/app.c:39)
Open5GS daemon v2.7.2-28-gb6ddd7f+

09/16 16:26:47.048: [app] INFO: Configuration: '/home/bunie/open5gs/install/etc/open5gs/bsf.yaml' (../lib/app/ogs-init.c:133)
09/16 16:26:47.048: [app] INFO: File Logging: '/home/bunie/open5gs/install/var/log/open5gs/bsf.log' (../lib/app/ogs-init.c:136)
09/16 16:26:47.050: [sbi] INFO: NF EndPoint(addr) setup [127.0.0.10:7777] (../lib/sbi/context.c:426)
09/16 16:26:47.050: [sbi] INFO: NF Service [nbsf-management] (../lib/sbi/context.c:1829)
09/16 16:26:47.050: [sbi] INFO: nghttp2_server() [http://127.0.0.15]:7777 (../lib/sbi/nghttp2-server.c:424)
09/16 16:26:47.051: [app] INFO: BSF initialize...done (../src/bsf/app.c:31)
09/16 16:26:47.055: [sbi] INFO: [b467e1b0-7437-41ef-bf6f-e9938db8b47b] NF registered [Heartbeat:10s] (../lib/sbi/nf-sm.c:208)
09/16 16:26:47.055: [sbi] INFO: NF EndPoint(addr) setup [127.0.0.10:7777] (../lib/sbi/nnrf-handler.c:949)
09/16 16:26:47.055: [sbi] INFO: [b468a988-7437-41ef-83a4-c336c07106e5] Subscription created until 2024-09-17T16:26:47.055671+02:00 [duration:86400000000,validity:86400.000000,patch:43200.000000] (../lib/sbi/nnrf-handler.c:868)
09/16 20:21:36.553: [core] ERROR: epoll failed (4:Interrupted system call) (../lib/core/ogs-epoll.c:220)
09/16 20:23:59.526: [app] INFO: Signal-NUM[28] received (Window changed) (../src/main.c:63)
09/16 20:31:08.022: [app] INFO: SIGHUP received (../src/main.c:58)
Open5GS daemon v2.7.2-28-gb6ddd7f+

09/17 10:45:29.117: [app] INFO: Configuration: '/home/bunie/open5gs/install/etc/open5gs/bsf.yaml' (../lib/app/ogs-init.c:133)
09/17 10:45:29.117: [app] INFO: File Logging: '/home/bunie/open5gs/install/var/log/open5gs/bsf.log' (../lib/app/ogs-init.c:136)
09/17 10:45:29.120: [sbi] INFO: NF EndPoint(addr) setup [127.0.0.10:7777] (../lib/sbi/context.c:426)
09/17 10:45:29.120: [sbi] INFO: NF Service [nbsf-management] (../lib/sbi/context.c:1829)
09/17 10:45:29.121: [sbi] INFO: nghttp2_server() [http://127.0.0.15]:7777 (../lib/sbi/nghttp2-server.c:424)
09/17 10:45:29.121: [app] INFO: BSF initialize...done (../src/bsf/app.c:31)
09/17 10:45:29.123: [sbi] INFO: [31058382-74d1-41ef-bb10-91958114ddf1] NF registered [Heartbeat:10s] (../lib/sbi/nf-sm.c:208)
09/17 10:45:29.123: [sbi] INFO: NF EndPoint(addr) setup [127.0.0.10:7777] (../lib/sbi/nnrf-handler.c:949)
09/17 10:45:29.123: [sbi] INFO: [3105e71e-74d1-41ef-9bd1-dbc017ec0993] Subscription created until 2024-09-18T10:45:29.123221+02:00 [duration:86400000000,validity:86400.000000,patch:43200.000000] (../lib/sbi/nnrf-handler.c:868)
09/17 11:12:37.496: [sbi] WARNING: [fcfffd7e-74d0-41ef-a9f0-99df8c56edbf] (NRF-notify) Not found (../lib/sbi/nnrf-handler.c:1171)
09/17 11:12:40.142: [sbi] INFO: [fd2a6100-74d4-41ef-9465-e175b782fb9f] (NRF-notify) NF registered (../lib/sbi/nnrf-handler.c:1133)
09/17 11:12:40.142: [sbi] INFO: [fd2a6100-74d4-41ef-9465-e175b782fb9f] (NRF-notify) NF Profile updated [type:SEPP] (../lib/sbi/nnrf-handler.c:1147)
09/17 11:12:40.142: [sbi] INFO: NF EndPoint(addr) setup [127.0.1.250:7777] (../lib/sbi/context.c:2195)
09/17 11:15:10.850: [sbi] WARNING: [7] Failed to connect to 127.0.0.10 port 7777 after 0 ms: Couldn't connect to server (../lib/sbi/client.c:698)
09/17 11:15:10.850: [sbi] WARNING: ogs_sbi_client_handler() failed [-1] (../lib/sbi/path.c:62)
09/17 11:15:11.848: [sbi] ERROR: [31058382-74d1-41ef-bb10-91958114ddf1] No heartbeat [type:BSF] (../lib/sbi/nf-sm.c:297)
09/17 11:15:11.848: [sbi] INFO: [31058382-74d1-41ef-bb10-91958114ddf1] NF de-registered (../lib/sbi/nf-sm.c:235)
09/17 11:15:22.848: [sbi] WARNING: [31058382-74d1-41ef-bb10-91958114ddf1] Retry registration with NRF (../lib/sbi/nf-sm.c:169)
09/17 11:15:22.848: [sbi] ERROR: Connection timer expired (../lib/sbi/client.c:605)
09/17 11:15:22.848: [sbi] WARNING: ogs_sbi_client_handler() failed [-3] (../lib/sbi/path.c:62)
09/17 11:15:25.739: [app] INFO: SIGINT received (../src/main.c:53)
09/17 11:15:25.739: [app] INFO: Open5GS daemon terminating... (../src/main.c:226)
09/17 11:15:25.740: [app] INFO: BSF terminate...done (../src/bsf/app.c:39)
Open5GS daemon v2.7.2-28-gb6ddd7f+

09/17 11:30:25.696: [app] INFO: Configuration: '/home/bunie/open5gs/install/etc/open5gs/bsf.yaml' (../lib/app/ogs-init.c:133)
09/17 11:30:25.696: [app] INFO: File Logging: '/home/bunie/open5gs/install/var/log/open5gs/bsf.log' (../lib/app/ogs-init.c:136)
09/17 11:30:25.698: [sbi] INFO: NF EndPoint(addr) setup [127.0.0.10:7777] (../lib/sbi/context.c:426)
09/17 11:30:25.698: [sbi] INFO: NF Service [nbsf-management] (../lib/sbi/context.c:1829)
09/17 11:30:25.698: [sbi] INFO: nghttp2_server() [http://127.0.0.15]:7777 (../lib/sbi/nghttp2-server.c:424)
09/17 11:30:25.699: [app] INFO: BSF initialize...done (../src/bsf/app.c:31)
09/17 11:30:25.700: [sbi] INFO: [784ea042-74d7-41ef-8f01-edef3351b490] NF registered [Heartbeat:10s] (../lib/sbi/nf-sm.c:208)
09/17 11:30:25.701: [sbi] INFO: NF EndPoint(addr) setup [127.0.0.10:7777] (../lib/sbi/nnrf-handler.c:949)
09/17 11:30:25.701: [sbi] INFO: [784f0654-74d7-41ef-9132-c761c19669da] Subscription created until 2024-09-18T11:30:25.701079+02:00 [duration:86400000000,validity:86400.000000,patch:43200.000000] (../lib/sbi/nnrf-handler.c:868)
09/17 11:36:06.017: [sbi] WARNING: [7] Failed to connect to 127.0.0.10 port 7777 after 0 ms: Couldn't connect to server (../lib/sbi/client.c:698)
09/17 11:36:06.017: [sbi] WARNING: ogs_sbi_client_handler() failed [-1] (../lib/sbi/path.c:62)
09/17 11:36:07.019: [sbi] ERROR: [784ea042-74d7-41ef-8f01-edef3351b490] No heartbeat [type:BSF] (../lib/sbi/nf-sm.c:297)
09/17 11:36:07.019: [sbi] INFO: [784ea042-74d7-41ef-8f01-edef3351b490] NF de-registered (../lib/sbi/nf-sm.c:235)
09/17 11:36:14.893: [app] INFO: SIGINT received (../src/main.c:53)
09/17 11:36:14.893: [app] INFO: Open5GS daemon terminating... (../src/main.c:226)
09/17 11:36:14.894: [app] INFO: BSF terminate...done (../src/bsf/app.c:39)
Open5GS daemon v2.7.2-28-gb6ddd7f+

09/17 11:38:12.585: [app] INFO: Configuration: '/home/bunie/open5gs/install/etc/open5gs/bsf.yaml' (../lib/app/ogs-init.c:133)
09/17 11:38:12.585: [app] INFO: File Logging: '/home/bunie/open5gs/install/var/log/open5gs/bsf.log' (../lib/app/ogs-init.c:136)
09/17 11:38:12.588: [sbi] INFO: NF EndPoint(addr) setup [127.0.0.10:7777] (../lib/sbi/context.c:426)
09/17 11:38:12.588: [sbi] INFO: NF Service [nbsf-management] (../lib/sbi/context.c:1829)
09/17 11:38:12.588: [sbi] INFO: nghttp2_server() [http://127.0.0.15]:7777 (../lib/sbi/nghttp2-server.c:424)
09/17 11:38:12.588: [app] INFO: BSF initialize...done (../src/bsf/app.c:31)
09/17 11:38:12.589: [sbi] INFO: [8e984e24-74d8-41ef-b12e-91505a0233cd] NF registered [Heartbeat:10s] (../lib/sbi/nf-sm.c:208)
09/17 11:38:12.590: [sbi] INFO: NF EndPoint(addr) setup [127.0.0.10:7777] (../lib/sbi/nnrf-handler.c:949)
09/17 11:38:12.590: [sbi] INFO: [8e98a284-74d8-41ef-930c-bb7967a8a085] Subscription created until 2024-09-18T11:38:12.590061+02:00 [duration:86400000000,validity:86400.000000,patch:43200.000000] (../lib/sbi/nnrf-handler.c:868)
09/17 11:39:24.563: [app] INFO: SIGINT received (../src/main.c:53)
09/17 11:39:24.563: [app] INFO: Open5GS daemon terminating... (../src/main.c:226)
09/17 11:39:24.563: [sbi] INFO: [8e984e24-74d8-41ef-b12e-91505a0233cd] NF de-registered (../lib/sbi/nf-sm.c:235)
09/17 11:39:24.565: [app] INFO: BSF terminate...done (../src/bsf/app.c:39)
Open5GS daemon v2.7.2-28-gb6ddd7f+

09/17 11:47:06.668: [app] INFO: Configuration: '/home/bunie/open5gs/install/etc/open5gs/bsf.yaml' (../lib/app/ogs-init.c:133)
09/17 11:47:06.668: [app] INFO: File Logging: '/home/bunie/open5gs/install/var/log/open5gs/bsf.log' (../lib/app/ogs-init.c:136)
09/17 11:47:06.672: [sbi] INFO: NF EndPoint(addr) setup [127.0.0.10:7777] (../lib/sbi/context.c:426)
09/17 11:47:06.672: [sbi] INFO: NF Service [nbsf-management] (../lib/sbi/context.c:1829)
09/17 11:47:06.673: [sbi] INFO: nghttp2_server() [http://127.0.0.15]:7777 (../lib/sbi/nghttp2-server.c:424)
09/17 11:47:06.673: [app] INFO: BSF initialize...done (../src/bsf/app.c:31)
09/17 11:47:06.674: [sbi] INFO: [ccef2372-74d9-41ef-851b-c524bd5f5c73] NF registered [Heartbeat:10s] (../lib/sbi/nf-sm.c:208)
09/17 11:47:06.675: [sbi] INFO: NF EndPoint(addr) setup [127.0.0.10:7777] (../lib/sbi/nnrf-handler.c:949)
09/17 11:47:06.675: [sbi] INFO: [ccef8ab0-74d9-41ef-b5bc-b572c4a1d912] Subscription created until 2024-09-18T11:47:06.675117+02:00 [duration:86400000000,validity:86400.000000,patch:43200.000000] (../lib/sbi/nnrf-handler.c:868)
09/17 12:43:49.954: [sbi] WARNING: [7] Failed to connect to 127.0.0.10 port 7777 after 0 ms: Couldn't connect to server (../lib/sbi/client.c:698)
09/17 12:43:49.954: [sbi] WARNING: ogs_sbi_client_handler() failed [-1] (../lib/sbi/path.c:62)
09/17 12:43:50.946: [sbi] ERROR: [ccef2372-74d9-41ef-851b-c524bd5f5c73] No heartbeat [type:BSF] (../lib/sbi/nf-sm.c:297)
09/17 12:43:50.946: [sbi] INFO: [ccef2372-74d9-41ef-851b-c524bd5f5c73] NF de-registered (../lib/sbi/nf-sm.c:235)
09/17 12:43:53.705: [app] INFO: SIGINT received (../src/main.c:53)
09/17 12:43:53.705: [app] INFO: Open5GS daemon terminating... (../src/main.c:226)
09/17 12:43:53.706: [app] INFO: BSF terminate...done (../src/bsf/app.c:39)
Open5GS daemon v2.7.2-28-gb6ddd7f+

09/17 12:44:31.861: [app] INFO: Configuration: '/home/bunie/open5gs/install/etc/open5gs/bsf.yaml' (../lib/app/ogs-init.c:133)
09/17 12:44:31.861: [app] INFO: File Logging: '/home/bunie/open5gs/install/var/log/open5gs/bsf.log' (../lib/app/ogs-init.c:136)
09/17 12:44:31.863: [sbi] INFO: NF EndPoint(addr) setup [127.0.0.10:7777] (../lib/sbi/context.c:426)
09/17 12:44:31.863: [sbi] INFO: NF Service [nbsf-management] (../lib/sbi/context.c:1829)
09/17 12:44:31.864: [sbi] INFO: nghttp2_server() [http://127.0.0.15]:7777 (../lib/sbi/nghttp2-server.c:424)
09/17 12:44:31.864: [app] INFO: BSF initialize...done (../src/bsf/app.c:31)
09/17 12:44:31.865: [sbi] INFO: [d26d968c-74e1-41ef-9577-a517cd108257] NF registered [Heartbeat:10s] (../lib/sbi/nf-sm.c:208)
09/17 12:44:31.865: [sbi] INFO: NF EndPoint(addr) setup [127.0.0.10:7777] (../lib/sbi/nnrf-handler.c:949)
09/17 12:44:31.865: [sbi] INFO: [d26ded62-74e1-41ef-818f-bb60e977ab14] Subscription created until 2024-09-18T12:44:31.865822+02:00 [duration:86400000000,validity:86400.000000,patch:43200.000000] (../lib/sbi/nnrf-handler.c:868)
09/17 14:03:22.556: [core] ERROR: epoll failed (4:Interrupted system call) (../lib/core/ogs-epoll.c:220)
09/17 14:13:39.559: [app] INFO: Signal-NUM[28] received (Window changed) (../src/main.c:63)
09/17 15:18:39.371: [core] ERROR: epoll failed (4:Interrupted system call) (../lib/core/ogs-epoll.c:220)
09/17 21:06:44.555: [core] ERROR: epoll failed (4:Interrupted system call) (../lib/core/ogs-epoll.c:220)
09/18 12:08:37.375: [core] ERROR: epoll failed (4:Interrupted system call) (../lib/core/ogs-epoll.c:220)
09/18 12:41:14.604: [app] INFO: Signal-NUM[28] received (Window changed) (../src/main.c:63)
09/18 19:05:16.837: [sbi] WARNING: [d26d968c-74e1-41ef-9577-a517cd108257] HTTP response error [404] (../lib/sbi/nf-sm.c:264)
09/18 19:05:16.837: [sbi] INFO: [d26d968c-74e1-41ef-9577-a517cd108257] NF de-registered (../lib/sbi/nf-sm.c:235)
09/18 19:05:18.839: [sbi] WARNING: [d26d968c-74e1-41ef-9577-a517cd108257] Retry registration with NRF (../lib/sbi/nf-sm.c:395)
09/18 19:05:18.840: [sbi] INFO: [d26d968c-74e1-41ef-9577-a517cd108257] NF registered [Heartbeat:10s] (../lib/sbi/nf-sm.c:208)
09/18 19:05:18.841: [sbi] INFO: NF EndPoint(addr) setup [127.0.0.10:7777] (../lib/sbi/nnrf-handler.c:949)
09/18 19:05:18.841: [sbi] INFO: [2eb36940-75e0-41ef-8778-c1ab84253d5c] Subscription created until 2024-09-19T19:05:18.840903+02:00 [duration:86400000000,validity:86400.000000,patch:43200.000000] (../lib/sbi/nnrf-handler.c:868)
09/18 19:05:23.561: [sbi] INFO: [c33cec80-74e1-41ef-a30d-03308f4c6abe] (NRF-notify) NF registered (../lib/sbi/nnrf-handler.c:1133)
09/18 19:05:23.561: [sbi] INFO: [c33cec80-74e1-41ef-a30d-03308f4c6abe] (NRF-notify) NF Profile updated [type:SEPP] (../lib/sbi/nnrf-handler.c:1147)
09/18 19:05:23.561: [sbi] INFO: NF EndPoint(addr) setup [127.0.1.250:7777] (../lib/sbi/context.c:2195)
09/18 19:05:24.578: [sbi] INFO: [c4403f06-74e1-41ef-8d2f-c111a79d3a60] (NRF-notify) NF registered (../lib/sbi/nnrf-handler.c:1133)
09/18 19:05:24.578: [sbi] INFO: [c4403f06-74e1-41ef-8d2f-c111a79d3a60] (NRF-notify) NF Profile updated [type:SEPP] (../lib/sbi/nnrf-handler.c:1147)
09/18 19:05:24.578: [sbi] INFO: NF EndPoint(addr) setup [127.0.2.250:7777] (../lib/sbi/context.c:2195)
09/19 11:45:36.560: [core] ERROR: epoll failed (4:Interrupted system call) (../lib/core/ogs-epoll.c:220)
09/19 12:03:05.340: [sbi] WARNING: [7] Failed to connect to 127.0.0.10 port 7777 after 0 ms: Couldn't connect to server (../lib/sbi/client.c:698)
09/19 12:03:05.340: [sbi] WARNING: ogs_sbi_client_handler() failed [-1] (../lib/sbi/path.c:62)
09/19 12:03:06.341: [sbi] ERROR: [d26d968c-74e1-41ef-9577-a517cd108257] No heartbeat [type:BSF] (../lib/sbi/nf-sm.c:297)
09/19 12:03:06.341: [sbi] INFO: [d26d968c-74e1-41ef-9577-a517cd108257] NF de-registered (../lib/sbi/nf-sm.c:235)
09/19 12:03:17.341: [sbi] WARNING: [d26d968c-74e1-41ef-9577-a517cd108257] Retry registration with NRF (../lib/sbi/nf-sm.c:169)
09/19 12:03:17.341: [sbi] ERROR: Connection timer expired (../lib/sbi/client.c:605)
09/19 12:03:17.341: [sbi] WARNING: ogs_sbi_client_handler() failed [-3] (../lib/sbi/path.c:62)
09/19 12:03:17.343: [sbi] INFO: [d26d968c-74e1-41ef-9577-a517cd108257] NF registered [Heartbeat:10s] (../lib/sbi/nf-sm.c:208)
09/19 12:03:17.343: [sbi] INFO: NF EndPoint(addr) setup [127.0.0.10:7777] (../lib/sbi/nnrf-handler.c:949)
09/19 12:03:17.343: [sbi] INFO: [64534384-766e-41ef-8dbd-731c00f20d04] Subscription created until 2024-09-20T12:03:17.343359+02:00 [duration:86400000000,validity:86400.000000,patch:43200.000000] (../lib/sbi/nnrf-handler.c:868)
09/19 12:05:44.117: [bsf] INFO: [d26ded62-74e1-41ef-818f-bb60e977ab14] Need to update Subscription (../src/bsf/bsf-sm.c:386)
09/19 12:05:44.118: [bsf] ERROR: [d26ded62-74e1-41ef-818f-bb60e977ab14] HTTP response error [404] (../src/bsf/bsf-sm.c:264)
09/19 13:44:22.592: [app] INFO: SIGINT received (../src/main.c:53)
09/19 13:44:22.593: [app] INFO: Open5GS daemon terminating... (../src/main.c:226)
09/19 13:44:22.593: [sbi] INFO: [d26d968c-74e1-41ef-9577-a517cd108257] NF de-registered (../lib/sbi/nf-sm.c:235)
09/19 13:44:22.598: [app] INFO: BSF terminate...done (../src/bsf/app.c:39)
Open5GS daemon v2.7.2-28-gb6ddd7f+

09/19 13:44:23.244: [app] INFO: Configuration: '/home/bunie/open5gs/install/etc/open5gs/bsf.yaml' (../lib/app/ogs-init.c:133)
09/19 13:44:23.244: [app] INFO: File Logging: '/home/bunie/open5gs/install/var/log/open5gs/bsf.log' (../lib/app/ogs-init.c:136)
09/19 13:44:23.247: [sbi] INFO: NF EndPoint(addr) setup [127.0.0.10:7777] (../lib/sbi/context.c:426)
09/19 13:44:23.247: [sbi] INFO: NF Service [nbsf-management] (../lib/sbi/context.c:1829)
09/19 13:44:23.248: [sbi] INFO: nghttp2_server() [http://127.0.0.15]:7777 (../lib/sbi/nghttp2-server.c:424)
09/19 13:44:23.248: [app] INFO: BSF initialize...done (../src/bsf/app.c:31)
09/19 13:44:23.250: [sbi] INFO: [83e2cef0-767c-41ef-a4b7-296a63ff51c1] NF registered [Heartbeat:10s] (../lib/sbi/nf-sm.c:208)
09/19 13:44:23.250: [sbi] INFO: NF EndPoint(addr) setup [127.0.0.10:7777] (../lib/sbi/nnrf-handler.c:949)
09/19 13:44:23.250: [sbi] INFO: [83e335f2-767c-41ef-8dbd-731c00f20d04] Subscription created until 2024-09-20T13:44:23.250315+02:00 [duration:86400000000,validity:86400.000000,patch:43200.000000] (../lib/sbi/nnrf-handler.c:868)
09/19 13:44:35.629: [bsf] ERROR: Not found [/nbsf-management/v1/pcfBindings/1263] (../src/bsf/bsf-sm.c:175)
09/19 13:44:35.833: [bsf] ERROR: Not found [/nbsf-management/v1/pcfBindings/1262] (../src/bsf/bsf-sm.c:175)
09/19 13:44:35.833: [bsf] ERROR: Not found [/nbsf-management/v1/pcfBindings/1265] (../src/bsf/bsf-sm.c:175)
09/19 13:44:35.833: [bsf] ERROR: Not found [/nbsf-management/v1/pcfBindings/1268] (../src/bsf/bsf-sm.c:175)
09/19 13:44:35.833: [bsf] ERROR: Not found [/nbsf-management/v1/pcfBindings/1264] (../src/bsf/bsf-sm.c:175)
09/19 13:44:35.834: [bsf] ERROR: Not found [/nbsf-management/v1/pcfBindings/1270] (../src/bsf/bsf-sm.c:175)
09/19 13:44:35.834: [bsf] ERROR: Not found [/nbsf-management/v1/pcfBindings/1269] (../src/bsf/bsf-sm.c:175)
09/19 13:44:35.834: [bsf] ERROR: Not found [/nbsf-management/v1/pcfBindings/1267] (../src/bsf/bsf-sm.c:175)
09/19 13:44:35.834: [bsf] ERROR: Not found [/nbsf-management/v1/pcfBindings/1266] (../src/bsf/bsf-sm.c:175)
09/19 13:44:35.834: [bsf] ERROR: Not found [/nbsf-management/v1/pcfBindings/1271] (../src/bsf/bsf-sm.c:175)
09/19 13:52:39.947: [app] INFO: SIGHUP received (../src/main.c:58)
Open5GS daemon v2.7.2-28-gb6ddd7f+

09/19 14:03:27.291: [app] INFO: Configuration: '/home/bunie/open5gs/install/etc/open5gs/bsf.yaml' (../lib/app/ogs-init.c:133)
09/19 14:03:27.291: [app] INFO: File Logging: '/home/bunie/open5gs/install/var/log/open5gs/bsf.log' (../lib/app/ogs-init.c:136)
09/19 14:03:27.294: [sbi] INFO: NF EndPoint(addr) setup [127.0.0.10:7777] (../lib/sbi/context.c:426)
09/19 14:03:27.294: [sbi] INFO: NF Service [nbsf-management] (../lib/sbi/context.c:1829)
09/19 14:03:27.294: [sbi] INFO: nghttp2_server() [http://127.0.0.15]:7777 (../lib/sbi/nghttp2-server.c:424)
09/19 14:03:27.294: [app] INFO: BSF initialize...done (../src/bsf/app.c:31)
09/19 14:03:27.296: [sbi] INFO: [2dca6886-767f-41ef-baf2-abae73b82c36] NF registered [Heartbeat:10s] (../lib/sbi/nf-sm.c:208)
09/19 14:03:27.296: [sbi] INFO: NF EndPoint(addr) setup [127.0.0.10:7777] (../lib/sbi/nnrf-handler.c:949)
09/19 14:03:27.296: [sbi] INFO: [2dcad258-767f-41ef-9199-a9bccdfd09bc] Subscription created until 2024-09-20T14:03:27.296634+02:00 [duration:86400000000,validity:86400.000000,patch:43200.000000] (../lib/sbi/nnrf-handler.c:868)
09/19 15:03:10.512: [sbi] WARNING: [7] Failed to connect to 127.0.0.10 port 7777 after 0 ms: Couldn't connect to server (../lib/sbi/client.c:698)
09/19 15:03:10.512: [sbi] WARNING: ogs_sbi_client_handler() failed [-1] (../lib/sbi/path.c:62)
09/19 15:03:11.503: [sbi] ERROR: [2dca6886-767f-41ef-baf2-abae73b82c36] No heartbeat [type:BSF] (../lib/sbi/nf-sm.c:297)
09/19 15:03:11.503: [sbi] INFO: [2dca6886-767f-41ef-baf2-abae73b82c36] NF de-registered (../lib/sbi/nf-sm.c:235)
09/19 15:03:22.503: [sbi] WARNING: [2dca6886-767f-41ef-baf2-abae73b82c36] Retry registration with NRF (../lib/sbi/nf-sm.c:169)
09/19 15:03:22.503: [sbi] ERROR: Connection timer expired (../lib/sbi/client.c:605)
09/19 15:03:22.504: [sbi] WARNING: ogs_sbi_client_handler() failed [-3] (../lib/sbi/path.c:62)
09/19 15:03:24.798: [app] INFO: SIGINT received (../src/main.c:53)
09/19 15:03:24.798: [app] INFO: Open5GS daemon terminating... (../src/main.c:226)
09/19 15:03:24.800: [app] INFO: BSF terminate...done (../src/bsf/app.c:39)
Open5GS daemon v2.7.2-28-gb6ddd7f+

09/19 15:09:10.663: [app] INFO: Configuration: '/home/bunie/open5gs/install/etc/open5gs/bsf.yaml' (../lib/app/ogs-init.c:133)
09/19 15:09:10.663: [app] INFO: File Logging: '/home/bunie/open5gs/install/var/log/open5gs/bsf.log' (../lib/app/ogs-init.c:136)
09/19 15:09:10.669: [sbi] INFO: NF EndPoint(addr) setup [127.0.0.10:7777] (../lib/sbi/context.c:426)
09/19 15:09:10.669: [sbi] INFO: NF Service [nbsf-management] (../lib/sbi/context.c:1829)
09/19 15:09:10.669: [sbi] INFO: nghttp2_server() [http://127.0.0.15]:7777 (../lib/sbi/nghttp2-server.c:424)
09/19 15:09:10.670: [app] INFO: BSF initialize...done (../src/bsf/app.c:31)
09/19 15:09:10.672: [sbi] INFO: [5c39bc0e-7688-41ef-9de4-47a8ee2fa19a] NF registered [Heartbeat:10s] (../lib/sbi/nf-sm.c:208)
09/19 15:09:10.673: [sbi] INFO: NF EndPoint(addr) setup [127.0.0.10:7777] (../lib/sbi/nnrf-handler.c:949)
09/19 15:09:10.673: [sbi] INFO: [5c3a45fc-7688-41ef-99a8-5712947d2adf] Subscription created until 2024-09-20T15:09:10.672821+02:00 [duration:86400000000,validity:86400.000000,patch:43200.000000] (../lib/sbi/nnrf-handler.c:868)
09/20 03:09:10.673: [bsf] INFO: [5c3a45fc-7688-41ef-99a8-5712947d2adf] Need to update Subscription (../src/bsf/bsf-sm.c:386)
09/20 03:09:10.674: [sbi] INFO: [5c3a45fc-7688-41ef-99a8-5712947d2adf] Subscription updated(204 No Content) until 2024-09-21T03:09:10.674500+02:00 [duration:86400000000,validity:86400.000000,patch:43200.000000] (../lib/sbi/nnrf-handler.c:868)
09/20 10:55:50.700: [core] ERROR: epoll failed (4:Interrupted system call) (../lib/core/ogs-epoll.c:220)
09/20 15:31:31.426: [bsf] INFO: [5c3a45fc-7688-41ef-99a8-5712947d2adf] Need to update Subscription (../src/bsf/bsf-sm.c:386)
09/20 15:31:31.427: [sbi] INFO: [5c3a45fc-7688-41ef-99a8-5712947d2adf] Subscription updated(204 No Content) until 2024-09-21T15:31:31.427220+02:00 [duration:86400000000,validity:86400.000000,patch:43200.000000] (../lib/sbi/nnrf-handler.c:868)
09/22 12:34:34.613: [core] ERROR: epoll failed (4:Interrupted system call) (../lib/core/ogs-epoll.c:220)
09/22 20:49:54.621: [core] ERROR: epoll failed (4:Interrupted system call) (../lib/core/ogs-epoll.c:220)
09/23 10:31:59.339: [core] ERROR: epoll failed (4:Interrupted system call) (../lib/core/ogs-epoll.c:220)
09/24 09:04:40.611: [core] ERROR: epoll failed (4:Interrupted system call) (../lib/core/ogs-epoll.c:220)
09/24 10:05:53.028: [core] ERROR: epoll failed (4:Interrupted system call) (../lib/core/ogs-epoll.c:220)
09/24 12:01:42.054: [sbi] WARNING: [7] Failed to connect to 127.0.0.10 port 7777 after 0 ms: Couldn't connect to server (../lib/sbi/client.c:698)
09/24 12:01:42.054: [sbi] WARNING: ogs_sbi_client_handler() failed [-1] (../lib/sbi/path.c:62)
09/24 12:01:43.044: [sbi] ERROR: [5c39bc0e-7688-41ef-9de4-47a8ee2fa19a] No heartbeat [type:BSF] (../lib/sbi/nf-sm.c:297)
09/24 12:01:43.044: [sbi] INFO: [5c39bc0e-7688-41ef-9de4-47a8ee2fa19a] NF de-registered (../lib/sbi/nf-sm.c:235)
09/24 12:01:54.044: [sbi] WARNING: [5c39bc0e-7688-41ef-9de4-47a8ee2fa19a] Retry registration with NRF (../lib/sbi/nf-sm.c:169)
09/24 12:01:54.044: [sbi] ERROR: Connection timer expired (../lib/sbi/client.c:605)
09/24 12:01:54.044: [sbi] WARNING: ogs_sbi_client_handler() failed [-3] (../lib/sbi/path.c:62)
09/24 12:02:02.678: [app] INFO: SIGINT received (../src/main.c:53)
09/24 12:02:02.678: [app] INFO: Open5GS daemon terminating... (../src/main.c:226)
09/24 12:02:02.682: [app] INFO: BSF terminate...done (../src/bsf/app.c:39)
Open5GS daemon v2.7.2-28-gb6ddd7f+

09/24 13:37:36.830: [app] INFO: Configuration: '/home/bunie/open5gs/install/etc/open5gs/bsf.yaml' (../lib/app/ogs-init.c:133)
09/24 13:37:36.830: [app] INFO: File Logging: '/home/bunie/open5gs/install/var/log/open5gs/bsf.log' (../lib/app/ogs-init.c:136)
09/24 13:37:36.836: [sbi] INFO: NF EndPoint(addr) setup [127.0.0.10:7777] (../lib/sbi/context.c:426)
09/24 13:37:36.836: [sbi] INFO: NF Service [nbsf-management] (../lib/sbi/context.c:1829)
09/24 13:37:36.836: [sbi] INFO: nghttp2_server() [http://127.0.0.15]:7777 (../lib/sbi/nghttp2-server.c:424)
09/24 13:37:36.837: [app] INFO: BSF initialize...done (../src/bsf/app.c:31)
09/24 13:37:36.839: [sbi] INFO: [65b6111c-7a69-41ef-9faf-d7fba233b6d3] NF registered [Heartbeat:10s] (../lib/sbi/nf-sm.c:208)
09/24 13:37:36.839: [sbi] INFO: NF EndPoint(addr) setup [127.0.0.10:7777] (../lib/sbi/nnrf-handler.c:949)
09/24 13:37:36.839: [sbi] INFO: [65b698b2-7a69-41ef-8cf3-cd954b9fba71] Subscription created until 2024-09-25T13:37:36.839573+02:00 [duration:86400000000,validity:86400.000000,patch:43200.000000] (../lib/sbi/nnrf-handler.c:868)
09/24 14:20:49.241: [sbi] WARNING: [7] Failed to connect to 127.0.0.10 port 7777 after 0 ms: Couldn't connect to server (../lib/sbi/client.c:698)
09/24 14:20:49.241: [sbi] WARNING: ogs_sbi_client_handler() failed [-1] (../lib/sbi/path.c:62)
09/24 14:20:50.236: [sbi] ERROR: [65b6111c-7a69-41ef-9faf-d7fba233b6d3] No heartbeat [type:BSF] (../lib/sbi/nf-sm.c:297)
09/24 14:20:50.236: [sbi] INFO: [65b6111c-7a69-41ef-9faf-d7fba233b6d3] NF de-registered (../lib/sbi/nf-sm.c:235)
09/24 14:20:56.139: [app] INFO: SIGINT received (../src/main.c:53)
09/24 14:20:56.139: [app] INFO: Open5GS daemon terminating... (../src/main.c:226)
09/24 14:20:56.140: [app] INFO: BSF terminate...done (../src/bsf/app.c:39)
Open5GS daemon v2.7.2-28-gb6ddd7f+

09/24 14:32:34.415: [app] INFO: Configuration: '/home/bunie/open5gs/install/etc/open5gs/bsf.yaml' (../lib/app/ogs-init.c:133)
09/24 14:32:34.415: [app] INFO: File Logging: '/home/bunie/open5gs/install/var/log/open5gs/bsf.log' (../lib/app/ogs-init.c:136)
09/24 14:32:34.421: [sbi] INFO: NF EndPoint(addr) setup [127.0.0.10:7777] (../lib/sbi/context.c:426)
09/24 14:32:34.421: [sbi] INFO: NF Service [nbsf-management] (../lib/sbi/context.c:1829)
09/24 14:32:34.422: [sbi] INFO: nghttp2_server() [http://127.0.0.15]:7777 (../lib/sbi/nghttp2-server.c:424)
09/24 14:32:34.422: [app] INFO: BSF initialize...done (../src/bsf/app.c:31)
09/24 14:32:34.425: [sbi] INFO: [1339b08a-7a71-41ef-9bfe-ad9e3d1b99ac] NF registered [Heartbeat:10s] (../lib/sbi/nf-sm.c:208)
09/24 14:32:34.426: [sbi] INFO: NF EndPoint(addr) setup [127.0.0.10:7777] (../lib/sbi/nnrf-handler.c:949)
09/24 14:32:34.426: [sbi] INFO: [133a5f26-7a71-41ef-be9f-ad67d34c82c6] Subscription created until 2024-09-25T14:32:34.426115+02:00 [duration:86400000000,validity:86400.000000,patch:43200.000000] (../lib/sbi/nnrf-handler.c:868)
09/24 14:36:14.632: [sbi] WARNING: [7] Failed to connect to 127.0.0.10 port 7777 after 0 ms: Couldn't connect to server (../lib/sbi/client.c:698)
09/24 14:36:14.632: [sbi] WARNING: ogs_sbi_client_handler() failed [-1] (../lib/sbi/path.c:62)
09/24 14:36:15.623: [sbi] ERROR: [1339b08a-7a71-41ef-9bfe-ad9e3d1b99ac] No heartbeat [type:BSF] (../lib/sbi/nf-sm.c:297)
09/24 14:36:15.623: [sbi] INFO: [1339b08a-7a71-41ef-9bfe-ad9e3d1b99ac] NF de-registered (../lib/sbi/nf-sm.c:235)
09/24 14:36:19.377: [app] INFO: SIGINT received (../src/main.c:53)
09/24 14:36:19.377: [app] INFO: Open5GS daemon terminating... (../src/main.c:226)
09/24 14:36:19.378: [app] INFO: BSF terminate...done (../src/bsf/app.c:39)
Open5GS daemon v2.7.2-28-gb6ddd7f+

09/24 14:39:36.398: [app] INFO: Configuration: '/home/bunie/open5gs/install/etc/open5gs/bsf.yaml' (../lib/app/ogs-init.c:133)
09/24 14:39:36.398: [app] INFO: File Logging: '/home/bunie/open5gs/install/var/log/open5gs/bsf.log' (../lib/app/ogs-init.c:136)
09/24 14:39:36.406: [sbi] INFO: NF EndPoint(addr) setup [127.0.0.10:7777] (../lib/sbi/context.c:426)
09/24 14:39:36.406: [sbi] INFO: NF Service [nbsf-management] (../lib/sbi/context.c:1829)
09/24 14:39:36.406: [sbi] INFO: nghttp2_server() [http://127.0.0.15]:7777 (../lib/sbi/nghttp2-server.c:424)
09/24 14:39:36.406: [app] INFO: BSF initialize...done (../src/bsf/app.c:31)
09/24 14:39:36.408: [sbi] INFO: [0ebf5ea0-7a72-41ef-925c-e104bffd6c51] NF registered [Heartbeat:10s] (../lib/sbi/nf-sm.c:208)
09/24 14:39:36.409: [sbi] INFO: NF EndPoint(addr) setup [127.0.0.10:7777] (../lib/sbi/nnrf-handler.c:949)
09/24 14:39:36.409: [sbi] INFO: [0ebfeaf0-7a72-41ef-a8e1-4bf53815252b] Subscription created until 2024-09-25T14:39:36.409463+02:00 [duration:86400000000,validity:86400.000000,patch:43200.000000] (../lib/sbi/nnrf-handler.c:868)
09/24 14:44:46.664: [sbi] WARNING: [7] Failed to connect to 127.0.0.10 port 7777 after 0 ms: Couldn't connect to server (../lib/sbi/client.c:698)
09/24 14:44:46.664: [sbi] WARNING: ogs_sbi_client_handler() failed [-1] (../lib/sbi/path.c:62)
09/24 14:44:47.656: [sbi] ERROR: [0ebf5ea0-7a72-41ef-925c-e104bffd6c51] No heartbeat [type:BSF] (../lib/sbi/nf-sm.c:297)
09/24 14:44:47.656: [sbi] INFO: [0ebf5ea0-7a72-41ef-925c-e104bffd6c51] NF de-registered (../lib/sbi/nf-sm.c:235)
09/24 14:44:52.368: [app] INFO: SIGINT received (../src/main.c:53)
09/24 14:44:52.368: [app] INFO: Open5GS daemon terminating... (../src/main.c:226)
09/24 14:44:52.369: [app] INFO: BSF terminate...done (../src/bsf/app.c:39)
Open5GS daemon v2.7.2-28-gb6ddd7f+

09/24 14:46:01.696: [app] INFO: Configuration: '/home/bunie/open5gs/install/etc/open5gs/bsf.yaml' (../lib/app/ogs-init.c:133)
09/24 14:46:01.696: [app] INFO: File Logging: '/home/bunie/open5gs/install/var/log/open5gs/bsf.log' (../lib/app/ogs-init.c:136)
09/24 14:46:01.703: [sbi] INFO: NF EndPoint(addr) setup [127.0.0.10:7777] (../lib/sbi/context.c:426)
09/24 14:46:01.703: [sbi] INFO: NF Service [nbsf-management] (../lib/sbi/context.c:1829)
09/24 14:46:01.703: [sbi] INFO: nghttp2_server() [http://127.0.0.15]:7777 (../lib/sbi/nghttp2-server.c:424)
09/24 14:46:01.704: [app] INFO: BSF initialize...done (../src/bsf/app.c:31)
09/24 14:46:01.706: [sbi] INFO: [f4670a3e-7a72-41ef-b0ec-19ad02386d43] NF registered [Heartbeat:10s] (../lib/sbi/nf-sm.c:208)
09/24 14:46:01.707: [sbi] INFO: NF EndPoint(addr) setup [127.0.0.10:7777] (../lib/sbi/nnrf-handler.c:949)
09/24 14:46:01.707: [sbi] INFO: [f4679a9e-7a72-41ef-98f1-8bbfbcfb36b1] Subscription created until 2024-09-25T14:46:01.706634+02:00 [duration:86400000000,validity:86400.000000,patch:43200.000000] (../lib/sbi/nnrf-handler.c:868)
09/24 14:56:12.083: [sbi] WARNING: [f4670a3e-7a72-41ef-b0ec-19ad02386d43] HTTP response error [404] (../lib/sbi/nf-sm.c:264)
09/24 14:56:12.083: [sbi] INFO: [f4670a3e-7a72-41ef-b0ec-19ad02386d43] NF de-registered (../lib/sbi/nf-sm.c:235)
09/24 14:56:14.085: [sbi] WARNING: [f4670a3e-7a72-41ef-b0ec-19ad02386d43] Retry registration with NRF (../lib/sbi/nf-sm.c:395)
09/24 14:56:14.087: [sbi] INFO: [f4670a3e-7a72-41ef-b0ec-19ad02386d43] NF registered [Heartbeat:10s] (../lib/sbi/nf-sm.c:208)
09/24 14:56:14.088: [sbi] INFO: NF EndPoint(addr) setup [127.0.0.10:7777] (../lib/sbi/nnrf-handler.c:949)
09/24 14:56:14.088: [sbi] INFO: [6169906a-7a74-41ef-8455-ad39895cde35] Subscription created until 2024-09-25T14:56:14.087854+02:00 [duration:86400000000,validity:86400.000000,patch:43200.000000] (../lib/sbi/nnrf-handler.c:868)
09/25 10:46:41.224: [core] ERROR: epoll failed (4:Interrupted system call) (../lib/core/ogs-epoll.c:220)
09/25 11:15:48.560: [sbi] WARNING: [7] Failed to connect to 127.0.0.10 port 7777 after 0 ms: Couldn't connect to server (../lib/sbi/client.c:698)
09/25 11:15:48.560: [sbi] WARNING: ogs_sbi_client_handler() failed [-1] (../lib/sbi/path.c:62)
09/25 11:15:49.552: [sbi] ERROR: [f4670a3e-7a72-41ef-b0ec-19ad02386d43] No heartbeat [type:BSF] (../lib/sbi/nf-sm.c:297)
09/25 11:15:49.552: [sbi] INFO: [f4670a3e-7a72-41ef-b0ec-19ad02386d43] NF de-registered (../lib/sbi/nf-sm.c:235)
09/25 11:15:54.075: [app] INFO: SIGINT received (../src/main.c:53)
09/25 11:15:54.075: [app] INFO: Open5GS daemon terminating... (../src/main.c:226)
09/25 11:15:54.077: [app] INFO: BSF terminate...done (../src/bsf/app.c:39)
Open5GS daemon v2.7.2-28-gb6ddd7f+

09/25 11:17:58.270: [app] INFO: Configuration: '/home/bunie/open5gs/install/etc/open5gs/bsf.yaml' (../lib/app/ogs-init.c:133)
09/25 11:17:58.270: [app] INFO: File Logging: '/home/bunie/open5gs/install/var/log/open5gs/bsf.log' (../lib/app/ogs-init.c:136)
09/25 11:17:58.277: [sbi] INFO: NF EndPoint(addr) setup [127.0.0.10:7777] (../lib/sbi/context.c:426)
09/25 11:17:58.278: [sbi] INFO: NF Service [nbsf-management] (../lib/sbi/context.c:1829)
09/25 11:17:58.278: [sbi] INFO: nghttp2_server() [http://127.0.0.15]:7777 (../lib/sbi/nghttp2-server.c:424)
09/25 11:17:58.278: [app] INFO: BSF initialize...done (../src/bsf/app.c:31)
09/25 11:17:58.280: [sbi] INFO: [0e1d439c-7b1f-41ef-836f-838ced7c1558] NF registered [Heartbeat:10s] (../lib/sbi/nf-sm.c:208)
09/25 11:17:58.281: [sbi] INFO: NF EndPoint(addr) setup [127.0.0.10:7777] (../lib/sbi/nnrf-handler.c:949)
09/25 11:17:58.281: [sbi] INFO: [0e1dd2d0-7b1f-41ef-9f3a-67bc21348f38] Subscription created until 2024-09-26T11:17:58.281356+02:00 [duration:86400000000,validity:86400.000000,patch:43200.000000] (../lib/sbi/nnrf-handler.c:868)
09/25 12:13:20.696: [sbi] WARNING: [0e1d439c-7b1f-41ef-836f-838ced7c1558] HTTP response error [404] (../lib/sbi/nf-sm.c:264)
09/25 12:13:20.696: [sbi] INFO: [0e1d439c-7b1f-41ef-836f-838ced7c1558] NF de-registered (../lib/sbi/nf-sm.c:235)
09/25 12:13:22.698: [sbi] WARNING: [0e1d439c-7b1f-41ef-836f-838ced7c1558] Retry registration with NRF (../lib/sbi/nf-sm.c:395)
09/25 12:13:22.699: [sbi] INFO: [0e1d439c-7b1f-41ef-836f-838ced7c1558] NF registered [Heartbeat:10s] (../lib/sbi/nf-sm.c:208)
09/25 12:13:22.700: [sbi] INFO: NF EndPoint(addr) setup [127.0.0.10:7777] (../lib/sbi/nnrf-handler.c:949)
09/25 12:13:22.700: [sbi] INFO: [cb9fe378-7b26-41ef-ba8c-ed86672e236c] Subscription created until 2024-09-26T12:13:22.700249+02:00 [duration:86400000000,validity:86400.000000,patch:43200.000000] (../lib/sbi/nnrf-handler.c:868)
09/25 12:13:28.050: [sbi] INFO: [db270252-7b1e-41ef-8279-05d5fa0f39e9] (NRF-notify) NF registered (../lib/sbi/nnrf-handler.c:1133)
09/25 12:13:28.050: [sbi] INFO: [db270252-7b1e-41ef-8279-05d5fa0f39e9] (NRF-notify) NF Profile updated [type:SEPP] (../lib/sbi/nnrf-handler.c:1147)
09/25 12:13:28.050: [sbi] INFO: NF EndPoint(addr) setup [127.0.1.250:7777] (../lib/sbi/context.c:2195)
09/25 14:06:59.569: [app] INFO: SIGINT received (../src/main.c:53)
09/25 14:06:59.569: [app] INFO: Open5GS daemon terminating... (../src/main.c:226)
09/25 14:06:59.569: [sbi] INFO: [0e1d439c-7b1f-41ef-836f-838ced7c1558] NF de-registered (../lib/sbi/nf-sm.c:235)
09/25 14:06:59.574: [app] INFO: BSF terminate...done (../src/bsf/app.c:39)
Open5GS daemon v2.7.2-28-gb6ddd7f+

09/25 14:15:01.845: [app] INFO: Configuration: '/home/bunie/open5gs/install/etc/open5gs/bsf.yaml' (../lib/app/ogs-init.c:133)
09/25 14:15:01.845: [app] INFO: File Logging: '/home/bunie/open5gs/install/var/log/open5gs/bsf.log' (../lib/app/ogs-init.c:136)
09/25 14:15:01.852: [sbi] INFO: NF EndPoint(addr) setup [127.0.0.10:7777] (../lib/sbi/context.c:426)
09/25 14:15:01.852: [sbi] INFO: NF Service [nbsf-management] (../lib/sbi/context.c:1829)
09/25 14:15:01.852: [sbi] INFO: nghttp2_server() [http://127.0.0.15]:7777 (../lib/sbi/nghttp2-server.c:424)
09/25 14:15:01.852: [app] INFO: BSF initialize...done (../src/bsf/app.c:31)
09/25 14:15:01.854: [sbi] INFO: [ca4207e8-7b37-41ef-885f-97c1e094af1c] NF registered [Heartbeat:10s] (../lib/sbi/nf-sm.c:208)
09/25 14:15:01.855: [sbi] INFO: NF EndPoint(addr) setup [127.0.0.10:7777] (../lib/sbi/nnrf-handler.c:949)
09/25 14:15:01.855: [sbi] INFO: [ca42946a-7b37-41ef-8d8c-5d9dd23bd8f2] Subscription created until 2024-09-26T14:15:01.855433+02:00 [duration:86400000000,validity:86400.000000,patch:43200.000000] (../lib/sbi/nnrf-handler.c:868)
09/26 09:41:07.809: [core] ERROR: epoll failed (4:Interrupted system call) (../lib/core/ogs-epoll.c:220)
09/27 09:52:11.801: [core] ERROR: epoll failed (4:Interrupted system call) (../lib/core/ogs-epoll.c:220)
09/27 10:13:00.926: [bsf] INFO: [ca42946a-7b37-41ef-8d8c-5d9dd23bd8f2] Need to update Subscription (../src/bsf/bsf-sm.c:386)
09/27 10:13:00.926: [sbi] INFO: [ca42946a-7b37-41ef-8d8c-5d9dd23bd8f2] Subscription updated(204 No Content) until 2024-09-28T10:13:00.926592+02:00 [duration:86400000000,validity:86400.000000,patch:43200.000000] (../lib/sbi/nnrf-handler.c:868)
09/27 19:42:12.607: [core] ERROR: epoll failed (4:Interrupted system call) (../lib/core/ogs-epoll.c:220)
09/27 21:37:51.384: [core] ERROR: epoll failed (4:Interrupted system call) (../lib/core/ogs-epoll.c:220)
09/27 22:36:32.449: [core] ERROR: epoll failed (4:Interrupted system call) (../lib/core/ogs-epoll.c:220)
09/29 14:42:55.578: [core] ERROR: epoll failed (4:Interrupted system call) (../lib/core/ogs-epoll.c:220)
09/29 16:50:24.134: [bsf] INFO: [ca42946a-7b37-41ef-8d8c-5d9dd23bd8f2] Need to update Subscription (../src/bsf/bsf-sm.c:386)
09/29 16:50:24.135: [sbi] INFO: [ca42946a-7b37-41ef-8d8c-5d9dd23bd8f2] Subscription updated(204 No Content) until 2024-09-30T16:50:24.135147+02:00 [duration:86400000000,validity:86400.000000,patch:43200.000000] (../lib/sbi/nnrf-handler.c:868)
09/29 19:21:48.431: [core] ERROR: epoll failed (4:Interrupted system call) (../lib/core/ogs-epoll.c:220)
09/30 10:13:15.563: [core] ERROR: epoll failed (4:Interrupted system call) (../lib/core/ogs-epoll.c:220)
09/30 20:45:31.522: [core] ERROR: epoll failed (4:Interrupted system call) (../lib/core/ogs-epoll.c:220)
09/30 22:19:38.425: [core] ERROR: epoll failed (4:Interrupted system call) (../lib/core/ogs-epoll.c:220)
09/30 22:27:16.872: [bsf] INFO: [ca42946a-7b37-41ef-8d8c-5d9dd23bd8f2] Need to update Subscription (../src/bsf/bsf-sm.c:386)
09/30 22:27:16.873: [sbi] INFO: [ca42946a-7b37-41ef-8d8c-5d9dd23bd8f2] Subscription updated(204 No Content) until 2024-10-01T22:27:16.873621+02:00 [duration:86400000000,validity:86400.000000,patch:43200.000000] (../lib/sbi/nnrf-handler.c:868)
10/01 10:18:40.325: [core] ERROR: epoll failed (4:Interrupted system call) (../lib/core/ogs-epoll.c:220)
10/01 20:29:15.539: [core] ERROR: epoll failed (4:Interrupted system call) (../lib/core/ogs-epoll.c:220)
10/01 21:03:44.638: [bsf] INFO: [ca42946a-7b37-41ef-8d8c-5d9dd23bd8f2] Need to update Subscription (../src/bsf/bsf-sm.c:386)
10/01 21:03:44.642: [sbi] INFO: [ca42946a-7b37-41ef-8d8c-5d9dd23bd8f2] Subscription updated(204 No Content) until 2024-10-02T21:03:44.642325+02:00 [duration:86400000000,validity:86400.000000,patch:43200.000000] (../lib/sbi/nnrf-handler.c:868)
10/02 10:50:23.623: [core] ERROR: epoll failed (4:Interrupted system call) (../lib/core/ogs-epoll.c:220)
10/02 19:51:45.549: [core] ERROR: epoll failed (4:Interrupted system call) (../lib/core/ogs-epoll.c:220)
10/02 22:09:41.155: [bsf] INFO: [ca42946a-7b37-41ef-8d8c-5d9dd23bd8f2] Need to update Subscription (../src/bsf/bsf-sm.c:386)
10/02 22:09:41.156: [sbi] INFO: [ca42946a-7b37-41ef-8d8c-5d9dd23bd8f2] Subscription updated(204 No Content) until 2024-10-03T22:09:41.156772+02:00 [duration:86400000000,validity:86400.000000,patch:43200.000000] (../lib/sbi/nnrf-handler.c:868)
10/03 10:09:41.160: [bsf] INFO: [ca42946a-7b37-41ef-8d8c-5d9dd23bd8f2] Need to update Subscription (../src/bsf/bsf-sm.c:386)
10/03 10:09:41.161: [sbi] INFO: [ca42946a-7b37-41ef-8d8c-5d9dd23bd8f2] Subscription updated(204 No Content) until 2024-10-04T10:09:41.161019+02:00 [duration:86400000000,validity:86400.000000,patch:43200.000000] (../lib/sbi/nnrf-handler.c:868)
10/04 09:20:40.243: [core] ERROR: epoll failed (4:Interrupted system call) (../lib/core/ogs-epoll.c:220)
10/04 13:46:50.028: [bsf] INFO: [ca42946a-7b37-41ef-8d8c-5d9dd23bd8f2] Need to update Subscription (../src/bsf/bsf-sm.c:386)
10/04 13:46:50.029: [sbi] INFO: [ca42946a-7b37-41ef-8d8c-5d9dd23bd8f2] Subscription updated(204 No Content) until 2024-10-05T13:46:50.029692+02:00 [duration:86400000000,validity:86400.000000,patch:43200.000000] (../lib/sbi/nnrf-handler.c:868)
10/04 14:16:52.117: [app] INFO: SIGHUP received (../src/main.c:58)
10/04 14:16:52.119: [app] INFO: SIGHUP received (../src/main.c:58)
