Open5GS daemon v2.7.2-28-gb6ddd7f

08/27 17:31:17.010: [app] INFO: Configuration: '/home/bunie/open5gs/install/etc/open5gs/nssf.yaml' (../lib/app/ogs-init.c:133)
08/27 17:31:17.010: [app] INFO: File Logging: '/home/bunie/open5gs/install/var/log/open5gs/nssf.log' (../lib/app/ogs-init.c:136)
08/27 17:31:17.014: [sbi] INFO: NF EndPoint(addr) setup [127.0.0.200:7777] (../lib/sbi/context.c:474)
08/27 17:31:17.014: [sbi] INFO: NF Service [nnssf-nsselection] (../lib/sbi/context.c:1829)
08/27 17:31:17.014: [sbi] INFO: nghttp2_server() [http://127.0.0.14]:7777 (../lib/sbi/nghttp2-server.c:424)
08/27 17:31:17.014: [app] INFO: NSSF initialize...done (../src/nssf/app.c:31)
08/27 17:31:28.014: [sbi] WARNING: [66d2734c-6489-41ef-ae60-4d8317896bb6] Retry registration with NRF (../lib/sbi/nf-sm.c:169)
08/27 17:31:28.014: [sbi] ERROR: Connection timer expired (../lib/sbi/client.c:605)
08/27 17:31:28.014: [sbi] WARNING: ogs_sbi_client_handler() failed [-3] (../lib/sbi/path.c:62)
08/27 17:31:28.015: [sbi] INFO: [66d2734c-6489-41ef-ae60-4d8317896bb6] NF registered [Heartbeat:10s] (../lib/sbi/nf-sm.c:208)
08/27 17:31:28.016: [sbi] INFO: NF EndPoint(addr) setup [127.0.0.10:7777] (../lib/sbi/nnrf-handler.c:949)
08/27 17:31:28.016: [sbi] INFO: [6d614756-6489-41ef-bc3a-8b2ce91658cb] Subscription created until 2024-08-28T17:31:28.016386+02:00 [duration:86400000000,validity:86400.000000,patch:43200.000000] (../lib/sbi/nnrf-handler.c:868)
08/27 17:32:21.243: [app] INFO: SIGTERM received (../src/main.c:53)
08/27 17:32:21.243: [app] INFO: Open5GS daemon terminating... (../src/main.c:226)
08/27 17:32:21.243: [sbi] INFO: [66d2734c-6489-41ef-ae60-4d8317896bb6] NF de-registered (../lib/sbi/nf-sm.c:235)
08/27 17:32:21.245: [app] INFO: NSSF terminate...done (../src/nssf/app.c:39)
Open5GS daemon v2.7.2-28-gb6ddd7f

08/28 10:58:59.132: [app] INFO: Configuration: '/home/bunie/open5gs/install/etc/open5gs/nssf.yaml' (../lib/app/ogs-init.c:133)
08/28 10:58:59.132: [app] INFO: File Logging: '/home/bunie/open5gs/install/var/log/open5gs/nssf.log' (../lib/app/ogs-init.c:136)
08/28 10:58:59.135: [sbi] INFO: NF EndPoint(addr) setup [127.0.0.10:7777] (../lib/sbi/context.c:426)
08/28 10:58:59.135: [sbi] INFO: NF Service [nnssf-nsselection] (../lib/sbi/context.c:1829)
08/28 10:58:59.136: [sbi] INFO: nghttp2_server() [http://127.0.0.14]:7777 (../lib/sbi/nghttp2-server.c:424)
08/28 10:58:59.136: [app] INFO: NSSF initialize...done (../src/nssf/app.c:31)
08/28 10:58:59.137: [sbi] INFO: [c390fca6-651b-41ef-88cd-b30d13cd4f03] NF registered [Heartbeat:10s] (../lib/sbi/nf-sm.c:208)
08/28 10:58:59.138: [sbi] INFO: NF EndPoint(addr) setup [127.0.0.10:7777] (../lib/sbi/nnrf-handler.c:949)
08/28 10:58:59.138: [sbi] INFO: [c3915c8c-651b-41ef-b6ce-81285df3a920] Subscription created until 2024-08-29T10:58:59.138084+02:00 [duration:86400000000,validity:86400.000000,patch:43200.000000] (../lib/sbi/nnrf-handler.c:868)
08/28 10:59:04.245: [app] INFO: SIGTERM received (../src/main.c:53)
08/28 10:59:04.245: [app] INFO: Open5GS daemon terminating... (../src/main.c:226)
08/28 10:59:04.245: [sbi] INFO: [c390fca6-651b-41ef-88cd-b30d13cd4f03] NF de-registered (../lib/sbi/nf-sm.c:235)
08/28 10:59:04.247: [app] INFO: NSSF terminate...done (../src/nssf/app.c:39)
Open5GS daemon v2.7.2-28-gb6ddd7f

08/28 11:05:36.529: [app] INFO: Configuration: '/home/bunie/open5gs/install/etc/open5gs/nssf.yaml' (../lib/app/ogs-init.c:133)
08/28 11:05:36.529: [app] INFO: File Logging: '/home/bunie/open5gs/install/var/log/open5gs/nssf.log' (../lib/app/ogs-init.c:136)
08/28 11:05:36.531: [sbi] INFO: NF EndPoint(addr) setup [127.0.0.10:7777] (../lib/sbi/context.c:426)
08/28 11:05:36.531: [sbi] INFO: NF Service [nnssf-nsselection] (../lib/sbi/context.c:1829)
08/28 11:05:36.531: [sbi] INFO: nghttp2_server() [http://127.0.0.14]:7777 (../lib/sbi/nghttp2-server.c:424)
08/28 11:05:36.531: [app] INFO: NSSF initialize...done (../src/nssf/app.c:31)
08/28 11:05:36.533: [sbi] INFO: [b06eb2f2-651c-41ef-8fb9-050c9060439c] NF registered [Heartbeat:10s] (../lib/sbi/nf-sm.c:208)
08/28 11:05:36.533: [sbi] INFO: NF EndPoint(addr) setup [127.0.0.10:7777] (../lib/sbi/nnrf-handler.c:949)
08/28 11:05:36.533: [sbi] INFO: [b06f0e3c-651c-41ef-bc7a-a7ccf47e1cc9] Subscription created until 2024-08-29T11:05:36.533278+02:00 [duration:86400000000,validity:86400.000000,patch:43200.000000] (../lib/sbi/nnrf-handler.c:868)
08/28 13:18:59.492: [sbi] WARNING: [825a20fe-651c-41ef-853c-4d17449ce939] (NRF-notify) Not found (../lib/sbi/nnrf-handler.c:1171)
08/28 13:19:25.135: [sbi] INFO: [61cd24d6-652f-41ef-92c0-e1e683083db6] (NRF-notify) NF registered (../lib/sbi/nnrf-handler.c:1133)
08/28 13:19:25.135: [sbi] INFO: [61cd24d6-652f-41ef-92c0-e1e683083db6] (NRF-notify) NF Profile updated [type:SEPP] (../lib/sbi/nnrf-handler.c:1147)
08/28 13:19:25.135: [sbi] INFO: NF EndPoint(addr) setup [127.0.0.250:7777] (../lib/sbi/context.c:2195)
08/28 13:19:53.941: [sbi] INFO: [61cd24d6-652f-41ef-92c0-e1e683083db6] (NRF-notify) NF_DEREGISTERED event [type:SEPP] (../lib/sbi/nnrf-handler.c:1165)
08/28 13:24:42.003: [sbi] INFO: [1eae0570-6530-41ef-aa2e-b7c0552c422c] (NRF-notify) NF registered (../lib/sbi/nnrf-handler.c:1133)
08/28 13:24:42.003: [sbi] INFO: [1eae0570-6530-41ef-aa2e-b7c0552c422c] (NRF-notify) NF Profile updated [type:SEPP] (../lib/sbi/nnrf-handler.c:1147)
08/28 13:24:42.003: [sbi] INFO: NF EndPoint(addr) setup [127.0.1.250:7777] (../lib/sbi/context.c:2195)
08/28 13:24:56.383: [sbi] INFO: [1eae0570-6530-41ef-aa2e-b7c0552c422c] (NRF-notify) NF_DEREGISTERED event [type:SEPP] (../lib/sbi/nnrf-handler.c:1165)
08/28 13:26:01.035: [sbi] INFO: [4dc66186-6530-41ef-bacb-f3dfbd694f29] (NRF-notify) NF registered (../lib/sbi/nnrf-handler.c:1133)
08/28 13:26:01.035: [sbi] INFO: [4dc66186-6530-41ef-bacb-f3dfbd694f29] (NRF-notify) NF Profile updated [type:SEPP] (../lib/sbi/nnrf-handler.c:1147)
08/28 13:26:01.035: [sbi] INFO: NF EndPoint(addr) setup [127.0.2.250:7777] (../lib/sbi/context.c:2195)
08/28 13:27:02.503: [sbi] INFO: [4dc66186-6530-41ef-bacb-f3dfbd694f29] (NRF-notify) NF_DEREGISTERED event [type:SEPP] (../lib/sbi/nnrf-handler.c:1165)
08/28 13:27:12.102: [sbi] INFO: [78225566-6530-41ef-a65b-8d717be016d4] (NRF-notify) NF registered (../lib/sbi/nnrf-handler.c:1133)
08/28 13:27:12.102: [sbi] INFO: [78225566-6530-41ef-a65b-8d717be016d4] (NRF-notify) NF Profile updated [type:SEPP] (../lib/sbi/nnrf-handler.c:1147)
08/28 13:27:12.102: [sbi] INFO: NF EndPoint(addr) setup [127.0.1.250:7777] (../lib/sbi/context.c:2195)
08/28 13:30:12.905: [sbi] INFO: [e3ee5222-6530-41ef-90e1-47157d227569] (NRF-notify) NF registered (../lib/sbi/nnrf-handler.c:1133)
08/28 13:30:12.905: [sbi] INFO: [e3ee5222-6530-41ef-90e1-47157d227569] (NRF-notify) NF Profile updated [type:SEPP] (../lib/sbi/nnrf-handler.c:1147)
08/28 13:30:12.905: [sbi] INFO: NF EndPoint(addr) setup [127.0.2.250:7777] (../lib/sbi/context.c:2195)
08/28 13:30:54.251: [sbi] INFO: [78225566-6530-41ef-a65b-8d717be016d4] (NRF-notify) NF_DEREGISTERED event [type:SEPP] (../lib/sbi/nnrf-handler.c:1165)
08/28 13:31:11.130: [sbi] INFO: [069b397a-6531-41ef-a99d-b7fa42f01ada] (NRF-notify) NF registered (../lib/sbi/nnrf-handler.c:1133)
08/28 13:31:11.130: [sbi] INFO: [069b397a-6531-41ef-a99d-b7fa42f01ada] (NRF-notify) NF Profile updated [type:SEPP] (../lib/sbi/nnrf-handler.c:1147)
08/28 13:31:11.130: [sbi] INFO: NF EndPoint(addr) setup [127.0.1.250:7777] (../lib/sbi/context.c:2195)
08/29 03:31:50.568: [core] ERROR: epoll failed (4:Interrupted system call) (../lib/core/ogs-epoll.c:220)
08/29 03:36:13.262: [app] INFO: Signal-NUM[28] received (Window changed) (../src/main.c:63)
08/29 03:36:14.501: [app] INFO: SIGINT received (../src/main.c:53)
08/29 03:36:14.501: [app] INFO: Open5GS daemon terminating... (../src/main.c:226)
08/29 03:36:14.501: [sbi] INFO: [b06eb2f2-651c-41ef-8fb9-050c9060439c] NF de-registered (../lib/sbi/nf-sm.c:235)
08/29 03:36:14.505: [app] INFO: NSSF terminate...done (../src/nssf/app.c:39)
Open5GS daemon v2.7.2-28-gb6ddd7f

08/29 03:52:54.939: [app] INFO: Configuration: '/home/bunie/open5gs/install/etc/open5gs/nssf.yaml' (../lib/app/ogs-init.c:133)
08/29 03:52:54.939: [app] INFO: File Logging: '/home/bunie/open5gs/install/var/log/open5gs/nssf.log' (../lib/app/ogs-init.c:136)
08/29 03:52:54.941: [sbi] INFO: NF EndPoint(addr) setup [127.0.0.10:7777] (../lib/sbi/context.c:426)
08/29 03:52:54.941: [sbi] INFO: NF Service [nnssf-nsselection] (../lib/sbi/context.c:1829)
08/29 03:52:54.941: [sbi] INFO: nghttp2_server() [http://127.0.0.14]:7777 (../lib/sbi/nghttp2-server.c:424)
08/29 03:52:54.941: [app] INFO: NSSF initialize...done (../src/nssf/app.c:31)
08/29 03:52:54.943: [sbi] INFO: [68883c50-65a9-41ef-a703-6df56f5c6b13] NF registered [Heartbeat:10s] (../lib/sbi/nf-sm.c:208)
08/29 03:52:54.943: [sbi] INFO: NF EndPoint(addr) setup [127.0.0.10:7777] (../lib/sbi/nnrf-handler.c:949)
08/29 03:52:54.943: [sbi] INFO: [68889a42-65a9-41ef-be06-05163cc3a895] Subscription created until 2024-08-30T03:52:54.943641+02:00 [duration:86400000000,validity:86400.000000,patch:43200.000000] (../lib/sbi/nnrf-handler.c:868)
08/29 11:32:01.407: [core] ERROR: epoll failed (4:Interrupted system call) (../lib/core/ogs-epoll.c:220)
08/29 14:53:44.841: [app] INFO: SIGHUP received (../src/main.c:58)
Open5GS daemon v2.7.2-28-gb6ddd7f

08/29 15:15:27.570: [app] INFO: Configuration: '/home/bunie/open5gs/install/etc/open5gs/nssf.yaml' (../lib/app/ogs-init.c:133)
08/29 15:15:27.570: [app] INFO: File Logging: '/home/bunie/open5gs/install/var/log/open5gs/nssf.log' (../lib/app/ogs-init.c:136)
08/29 15:15:27.572: [sbi] INFO: NF EndPoint(addr) setup [127.0.0.10:7777] (../lib/sbi/context.c:426)
08/29 15:15:27.572: [sbi] INFO: NF Service [nnssf-nsselection] (../lib/sbi/context.c:1829)
08/29 15:15:27.572: [sbi] INFO: nghttp2_server() [http://127.0.0.14]:7777 (../lib/sbi/nghttp2-server.c:424)
08/29 15:15:27.572: [app] INFO: NSSF initialize...done (../src/nssf/app.c:31)
08/29 15:15:27.574: [sbi] INFO: [c233c6c0-6608-41ef-9eac-f7740872e73b] NF registered [Heartbeat:10s] (../lib/sbi/nf-sm.c:208)
08/29 15:15:27.574: [sbi] INFO: NF EndPoint(addr) setup [127.0.0.10:7777] (../lib/sbi/nnrf-handler.c:949)
08/29 15:15:27.574: [sbi] INFO: [c2342188-6608-41ef-9171-0d716a1ecdcc] Subscription created until 2024-08-30T15:15:27.574284+02:00 [duration:86400000000,validity:86400.000000,patch:43200.000000] (../lib/sbi/nnrf-handler.c:868)
08/29 15:16:00.534: [app] INFO: SIGINT received (../src/main.c:53)
08/29 15:16:00.534: [app] INFO: Open5GS daemon terminating... (../src/main.c:226)
08/29 15:16:00.534: [sbi] INFO: [c233c6c0-6608-41ef-9eac-f7740872e73b] NF de-registered (../lib/sbi/nf-sm.c:235)
08/29 15:16:00.537: [app] INFO: NSSF terminate...done (../src/nssf/app.c:39)
Open5GS daemon v2.7.2-28-gb6ddd7f

09/03 11:19:20.541: [app] INFO: Configuration: '/home/bunie/open5gs/install/etc/open5gs/nssf.yaml' (../lib/app/ogs-init.c:133)
09/03 11:19:20.541: [app] INFO: File Logging: '/home/bunie/open5gs/install/var/log/open5gs/nssf.log' (../lib/app/ogs-init.c:136)
09/03 11:19:20.545: [sbi] INFO: NF EndPoint(addr) setup [127.0.0.10:7777] (../lib/sbi/context.c:426)
09/03 11:19:20.545: [sbi] INFO: NF Service [nnssf-nsselection] (../lib/sbi/context.c:1829)
09/03 11:19:20.545: [sbi] INFO: nghttp2_server() [http://127.0.0.14]:7777 (../lib/sbi/nghttp2-server.c:424)
09/03 11:19:20.546: [app] INFO: NSSF initialize...done (../src/nssf/app.c:31)
09/03 11:19:20.547: [sbi] INFO: [9a0fd0dc-69d5-41ef-8221-4396c4823b96] NF registered [Heartbeat:10s] (../lib/sbi/nf-sm.c:208)
09/03 11:19:20.548: [sbi] INFO: NF EndPoint(addr) setup [127.0.0.10:7777] (../lib/sbi/nnrf-handler.c:949)
09/03 11:19:20.548: [sbi] INFO: [9a103d10-69d5-41ef-b812-93b486084297] Subscription created until 2024-09-04T11:19:20.548132+02:00 [duration:86400000000,validity:86400.000000,patch:43200.000000] (../lib/sbi/nnrf-handler.c:868)
09/03 11:20:04.707: [sbi] WARNING: [be1994aa-69d4-41ef-90c9-13bb3463093b] (NRF-notify) Not found (../lib/sbi/nnrf-handler.c:1171)
09/03 11:20:14.221: [sbi] INFO: [ba007d88-69d5-41ef-b398-151a8f70726d] (NRF-notify) NF registered (../lib/sbi/nnrf-handler.c:1133)
09/03 11:20:14.221: [sbi] INFO: [ba007d88-69d5-41ef-b398-151a8f70726d] (NRF-notify) NF Profile updated [type:SEPP] (../lib/sbi/nnrf-handler.c:1147)
09/03 11:20:14.221: [sbi] INFO: NF EndPoint(addr) setup [127.0.2.250:7777] (../lib/sbi/context.c:2195)
09/03 15:02:45.426: [core] ERROR: epoll failed (4:Interrupted system call) (../lib/core/ogs-epoll.c:220)
09/03 15:37:18.282: [sbi] WARNING: [9a0fd0dc-69d5-41ef-8221-4396c4823b96] HTTP response error [404] (../lib/sbi/nf-sm.c:264)
09/03 15:37:18.282: [sbi] INFO: [9a0fd0dc-69d5-41ef-8221-4396c4823b96] NF de-registered (../lib/sbi/nf-sm.c:235)
09/03 15:37:20.284: [sbi] WARNING: [9a0fd0dc-69d5-41ef-8221-4396c4823b96] Retry registration with NRF (../lib/sbi/nf-sm.c:395)
09/03 15:37:20.285: [sbi] INFO: [9a0fd0dc-69d5-41ef-8221-4396c4823b96] NF registered [Heartbeat:10s] (../lib/sbi/nf-sm.c:208)
09/03 15:37:20.285: [sbi] INFO: NF EndPoint(addr) setup [127.0.0.10:7777] (../lib/sbi/nnrf-handler.c:949)
09/03 15:37:20.285: [sbi] INFO: [a4b4ab9c-69f9-41ef-9a52-c57d33b0fb2d] Subscription created until 2024-09-04T15:37:20.285192+02:00 [duration:86400000000,validity:86400.000000,patch:43200.000000] (../lib/sbi/nnrf-handler.c:868)
09/04 09:51:13.398: [core] ERROR: epoll failed (4:Interrupted system call) (../lib/core/ogs-epoll.c:220)
09/04 10:04:00.412: [sbi] WARNING: [7] Failed to connect to 127.0.0.10 port 7777 after 0 ms: Couldn't connect to server (../lib/sbi/client.c:698)
09/04 10:04:00.412: [sbi] WARNING: ogs_sbi_client_handler() failed [-1] (../lib/sbi/path.c:62)
09/04 10:04:01.403: [sbi] ERROR: [9a0fd0dc-69d5-41ef-8221-4396c4823b96] No heartbeat [type:NSSF] (../lib/sbi/nf-sm.c:297)
09/04 10:04:01.403: [sbi] INFO: [9a0fd0dc-69d5-41ef-8221-4396c4823b96] NF de-registered (../lib/sbi/nf-sm.c:235)
09/04 10:04:12.403: [sbi] WARNING: [9a0fd0dc-69d5-41ef-8221-4396c4823b96] Retry registration with NRF (../lib/sbi/nf-sm.c:169)
09/04 10:04:12.403: [sbi] ERROR: Connection timer expired (../lib/sbi/client.c:605)
09/04 10:04:12.403: [sbi] WARNING: ogs_sbi_client_handler() failed [-3] (../lib/sbi/path.c:62)
09/04 10:04:23.403: [sbi] WARNING: [9a0fd0dc-69d5-41ef-8221-4396c4823b96] Retry registration with NRF (../lib/sbi/nf-sm.c:169)
09/04 10:04:23.403: [sbi] ERROR: Connection timer expired (../lib/sbi/client.c:605)
09/04 10:04:23.403: [sbi] WARNING: ogs_sbi_client_handler() failed [-3] (../lib/sbi/path.c:62)
09/04 10:04:34.403: [sbi] WARNING: [9a0fd0dc-69d5-41ef-8221-4396c4823b96] Retry registration with NRF (../lib/sbi/nf-sm.c:169)
09/04 10:04:34.403: [sbi] ERROR: Connection timer expired (../lib/sbi/client.c:605)
09/04 10:04:34.403: [sbi] WARNING: ogs_sbi_client_handler() failed [-3] (../lib/sbi/path.c:62)
09/04 10:04:45.403: [sbi] WARNING: [9a0fd0dc-69d5-41ef-8221-4396c4823b96] Retry registration with NRF (../lib/sbi/nf-sm.c:169)
09/04 10:04:45.403: [sbi] ERROR: Connection timer expired (../lib/sbi/client.c:605)
09/04 10:04:45.403: [sbi] WARNING: ogs_sbi_client_handler() failed [-3] (../lib/sbi/path.c:62)
09/04 10:04:56.403: [sbi] WARNING: [9a0fd0dc-69d5-41ef-8221-4396c4823b96] Retry registration with NRF (../lib/sbi/nf-sm.c:169)
09/04 10:04:56.404: [sbi] ERROR: Connection timer expired (../lib/sbi/client.c:605)
09/04 10:04:56.404: [sbi] WARNING: ogs_sbi_client_handler() failed [-3] (../lib/sbi/path.c:62)
09/04 10:05:07.403: [sbi] WARNING: [9a0fd0dc-69d5-41ef-8221-4396c4823b96] Retry registration with NRF (../lib/sbi/nf-sm.c:169)
09/04 10:05:07.404: [sbi] ERROR: Connection timer expired (../lib/sbi/client.c:605)
09/04 10:05:07.404: [sbi] WARNING: ogs_sbi_client_handler() failed [-3] (../lib/sbi/path.c:62)
09/04 10:05:18.404: [sbi] WARNING: [9a0fd0dc-69d5-41ef-8221-4396c4823b96] Retry registration with NRF (../lib/sbi/nf-sm.c:169)
09/04 10:05:18.404: [sbi] ERROR: Connection timer expired (../lib/sbi/client.c:605)
09/04 10:05:18.404: [sbi] WARNING: ogs_sbi_client_handler() failed [-3] (../lib/sbi/path.c:62)
09/04 10:05:29.404: [sbi] WARNING: [9a0fd0dc-69d5-41ef-8221-4396c4823b96] Retry registration with NRF (../lib/sbi/nf-sm.c:169)
09/04 10:05:29.404: [sbi] ERROR: Connection timer expired (../lib/sbi/client.c:605)
09/04 10:05:29.404: [sbi] WARNING: ogs_sbi_client_handler() failed [-3] (../lib/sbi/path.c:62)
09/04 10:05:29.406: [sbi] INFO: [9a0fd0dc-69d5-41ef-8221-4396c4823b96] NF registered [Heartbeat:10s] (../lib/sbi/nf-sm.c:208)
09/04 10:05:29.406: [sbi] INFO: NF EndPoint(addr) setup [127.0.0.10:7777] (../lib/sbi/nnrf-handler.c:949)
09/04 10:05:29.406: [sbi] INFO: [734f6b32-6a94-41ef-b1e0-ddd42dd8e697] Subscription created until 2024-09-05T10:05:29.406370+02:00 [duration:86400000000,validity:86400.000000,patch:43200.000000] (../lib/sbi/nnrf-handler.c:868)
09/04 10:05:33.162: [sbi] WARNING: [ba007d88-69d5-41ef-b398-151a8f70726d] (NRF-notify) NF has already been added [type:SEPP] (../lib/sbi/nnrf-handler.c:1135)
09/04 10:05:33.162: [sbi] INFO: [ba007d88-69d5-41ef-b398-151a8f70726d] (NRF-notify) NF Profile updated [type:SEPP] (../lib/sbi/nnrf-handler.c:1147)
09/04 10:05:33.162: [sbi] WARNING: NF EndPoint(addr) updated [127.0.2.250:7777] (../lib/sbi/context.c:2195)
09/04 10:05:33.162: [sbi] INFO: NF EndPoint(addr) setup [127.0.2.250:7777] (../lib/sbi/context.c:2195)
09/04 10:05:34.146: [sbi] INFO: [07c04054-69d5-41ef-a21c-0bb68796c960] (NRF-notify) NF registered (../lib/sbi/nnrf-handler.c:1133)
09/04 10:05:34.146: [sbi] INFO: [07c04054-69d5-41ef-a21c-0bb68796c960] (NRF-notify) NF Profile updated [type:SEPP] (../lib/sbi/nnrf-handler.c:1147)
09/04 10:05:34.146: [sbi] INFO: NF EndPoint(addr) setup [127.0.1.250:7777] (../lib/sbi/context.c:2195)
09/04 10:27:48.239: [sbi] INFO: [07c04054-69d5-41ef-a21c-0bb68796c960] (NRF-notify) NF_DEREGISTERED event [type:SEPP] (../lib/sbi/nnrf-handler.c:1165)
09/04 10:27:50.513: [sbi] INFO: [92a35ebe-6a97-41ef-947d-6b1c432c2abb] (NRF-notify) NF registered (../lib/sbi/nnrf-handler.c:1133)
09/04 10:27:50.513: [sbi] INFO: [92a35ebe-6a97-41ef-947d-6b1c432c2abb] (NRF-notify) NF Profile updated [type:SEPP] (../lib/sbi/nnrf-handler.c:1147)
09/04 10:27:50.513: [sbi] INFO: NF EndPoint(addr) setup [127.0.1.250:7777] (../lib/sbi/context.c:2195)
09/04 14:48:23.470: [nssf] INFO: [9a103d10-69d5-41ef-b812-93b486084297] Need to update Subscription (../src/nssf/nssf-sm.c:322)
09/04 14:48:23.471: [nssf] ERROR: [9a103d10-69d5-41ef-b812-93b486084297] HTTP response error [404] (../src/nssf/nssf-sm.c:236)
09/04 15:46:18.689: [nssf] INFO: [a4b4ab9c-69f9-41ef-9a52-c57d33b0fb2d] Need to update Subscription (../src/nssf/nssf-sm.c:322)
09/04 15:46:18.690: [nssf] ERROR: [a4b4ab9c-69f9-41ef-9a52-c57d33b0fb2d] HTTP response error [404] (../src/nssf/nssf-sm.c:236)
09/04 17:26:03.930: [sbi] WARNING: [7] Failed to connect to 127.0.0.10 port 7777 after 0 ms: Couldn't connect to server (../lib/sbi/client.c:698)
09/04 17:26:03.932: [sbi] WARNING: ogs_sbi_client_handler() failed [-1] (../lib/sbi/path.c:62)
09/04 17:26:04.920: [sbi] ERROR: [9a0fd0dc-69d5-41ef-8221-4396c4823b96] No heartbeat [type:NSSF] (../lib/sbi/nf-sm.c:297)
09/04 17:26:04.920: [sbi] INFO: [9a0fd0dc-69d5-41ef-8221-4396c4823b96] NF de-registered (../lib/sbi/nf-sm.c:235)
09/04 17:26:15.920: [sbi] WARNING: [9a0fd0dc-69d5-41ef-8221-4396c4823b96] Retry registration with NRF (../lib/sbi/nf-sm.c:169)
09/04 17:26:15.920: [sbi] ERROR: Connection timer expired (../lib/sbi/client.c:605)
09/04 17:26:15.920: [sbi] WARNING: ogs_sbi_client_handler() failed [-3] (../lib/sbi/path.c:62)
09/04 17:26:26.920: [sbi] WARNING: [9a0fd0dc-69d5-41ef-8221-4396c4823b96] Retry registration with NRF (../lib/sbi/nf-sm.c:169)
09/04 17:26:26.920: [sbi] ERROR: Connection timer expired (../lib/sbi/client.c:605)
09/04 17:26:26.920: [sbi] WARNING: ogs_sbi_client_handler() failed [-3] (../lib/sbi/path.c:62)
09/04 17:26:27.614: [app] INFO: SIGINT received (../src/main.c:53)
09/04 17:26:27.614: [app] INFO: Open5GS daemon terminating... (../src/main.c:226)
09/04 17:26:27.616: [app] INFO: NSSF terminate...done (../src/nssf/app.c:39)
Open5GS daemon v2.7.2-28-gb6ddd7f+

09/04 17:46:22.320: [app] INFO: Configuration: '/home/bunie/open5gs/install/etc/open5gs/nssf.yaml' (../lib/app/ogs-init.c:133)
09/04 17:46:22.320: [app] INFO: File Logging: '/home/bunie/open5gs/install/var/log/open5gs/nssf.log' (../lib/app/ogs-init.c:136)
09/04 17:46:22.327: [sbi] INFO: NF EndPoint(addr) setup [127.0.0.10:7777] (../lib/sbi/context.c:426)
09/04 17:46:22.327: [sbi] INFO: NF Service [nnssf-nsselection] (../lib/sbi/context.c:1829)
09/04 17:46:22.327: [sbi] INFO: nghttp2_server() [http://127.0.0.14]:7777 (../lib/sbi/nghttp2-server.c:424)
09/04 17:46:22.328: [app] INFO: NSSF initialize...done (../src/nssf/app.c:31)
09/04 17:46:22.330: [sbi] INFO: [d5bc1e92-6ad4-41ef-a423-51912dbe4ccd] NF registered [Heartbeat:10s] (../lib/sbi/nf-sm.c:208)
09/04 17:46:22.331: [sbi] INFO: NF EndPoint(addr) setup [127.0.0.10:7777] (../lib/sbi/nnrf-handler.c:949)
09/04 17:46:22.331: [sbi] INFO: [d5bcda6c-6ad4-41ef-bdde-a596ac554a63] Subscription created until 2024-09-05T17:46:22.331018+02:00 [duration:86400000000,validity:86400.000000,patch:43200.000000] (../lib/sbi/nnrf-handler.c:868)
09/04 19:44:35.613: [core] ERROR: epoll failed (4:Interrupted system call) (../lib/core/ogs-epoll.c:220)
09/04 20:16:43.549: [sbi] WARNING: [7] Failed to connect to 127.0.0.10 port 7777 after 0 ms: Couldn't connect to server (../lib/sbi/client.c:698)
09/04 20:16:43.549: [sbi] WARNING: ogs_sbi_client_handler() failed [-1] (../lib/sbi/path.c:62)
09/04 20:16:44.540: [sbi] ERROR: [d5bc1e92-6ad4-41ef-a423-51912dbe4ccd] No heartbeat [type:NSSF] (../lib/sbi/nf-sm.c:297)
09/04 20:16:44.541: [sbi] INFO: [d5bc1e92-6ad4-41ef-a423-51912dbe4ccd] NF de-registered (../lib/sbi/nf-sm.c:235)
09/04 20:16:55.541: [sbi] WARNING: [d5bc1e92-6ad4-41ef-a423-51912dbe4ccd] Retry registration with NRF (../lib/sbi/nf-sm.c:169)
09/04 20:16:55.541: [sbi] ERROR: Connection timer expired (../lib/sbi/client.c:605)
09/04 20:16:55.541: [sbi] WARNING: ogs_sbi_client_handler() failed [-3] (../lib/sbi/path.c:62)
09/04 20:16:59.191: [app] INFO: Signal-NUM[28] received (Window changed) (../src/main.c:63)
09/04 20:17:00.070: [app] INFO: SIGINT received (../src/main.c:53)
09/04 20:17:00.070: [app] INFO: Open5GS daemon terminating... (../src/main.c:226)
09/04 20:17:00.072: [app] INFO: NSSF terminate...done (../src/nssf/app.c:39)
Open5GS daemon v2.7.2-28-gb6ddd7f+

09/04 20:22:59.678: [app] INFO: Configuration: '/home/bunie/open5gs/install/etc/open5gs/nssf.yaml' (../lib/app/ogs-init.c:133)
09/04 20:22:59.678: [app] INFO: File Logging: '/home/bunie/open5gs/install/var/log/open5gs/nssf.log' (../lib/app/ogs-init.c:136)
09/04 20:22:59.682: [sbi] INFO: NF EndPoint(addr) setup [127.0.0.10:7777] (../lib/sbi/context.c:426)
09/04 20:22:59.683: [sbi] INFO: NF Service [nnssf-nsselection] (../lib/sbi/context.c:1829)
09/04 20:22:59.683: [sbi] INFO: nghttp2_server() [http://127.0.0.14]:7777 (../lib/sbi/nghttp2-server.c:424)
09/04 20:22:59.684: [app] INFO: NSSF initialize...done (../src/nssf/app.c:31)
09/04 20:22:59.686: [sbi] INFO: [b6feede8-6aea-41ef-a353-a53b4c2297ca] NF registered [Heartbeat:10s] (../lib/sbi/nf-sm.c:208)
09/04 20:22:59.687: [sbi] INFO: NF EndPoint(addr) setup [127.0.0.10:7777] (../lib/sbi/nnrf-handler.c:949)
09/04 20:22:59.687: [sbi] INFO: [b6ff96d0-6aea-41ef-9082-95974e8abfbd] Subscription created until 2024-09-05T20:22:59.687046+02:00 [duration:86400000000,validity:86400.000000,patch:43200.000000] (../lib/sbi/nnrf-handler.c:868)
09/04 20:41:10.704: [sbi] WARNING: [7] Failed to connect to 127.0.0.10 port 7777 after 0 ms: Couldn't connect to server (../lib/sbi/client.c:698)
09/04 20:41:10.705: [sbi] WARNING: ogs_sbi_client_handler() failed [-1] (../lib/sbi/path.c:62)
09/04 20:41:11.703: [sbi] ERROR: [b6feede8-6aea-41ef-a353-a53b4c2297ca] No heartbeat [type:NSSF] (../lib/sbi/nf-sm.c:297)
09/04 20:41:11.703: [sbi] INFO: [b6feede8-6aea-41ef-a353-a53b4c2297ca] NF de-registered (../lib/sbi/nf-sm.c:235)
09/04 20:41:22.703: [sbi] WARNING: [b6feede8-6aea-41ef-a353-a53b4c2297ca] Retry registration with NRF (../lib/sbi/nf-sm.c:169)
09/04 20:41:22.703: [sbi] ERROR: Connection timer expired (../lib/sbi/client.c:605)
09/04 20:41:22.703: [sbi] WARNING: ogs_sbi_client_handler() failed [-3] (../lib/sbi/path.c:62)
09/04 20:41:24.333: [app] INFO: SIGINT received (../src/main.c:53)
09/04 20:41:24.333: [app] INFO: Open5GS daemon terminating... (../src/main.c:226)
09/04 20:41:24.334: [app] INFO: NSSF terminate...done (../src/nssf/app.c:39)
Open5GS daemon v2.7.2-28-gb6ddd7f+

09/04 21:49:59.452: [app] INFO: Configuration: '/home/bunie/open5gs/install/etc/open5gs/nssf.yaml' (../lib/app/ogs-init.c:133)
09/04 21:49:59.452: [app] INFO: File Logging: '/home/bunie/open5gs/install/var/log/open5gs/nssf.log' (../lib/app/ogs-init.c:136)
09/04 21:49:59.458: [sbi] INFO: NF EndPoint(addr) setup [127.0.0.10:7777] (../lib/sbi/context.c:426)
09/04 21:49:59.458: [sbi] INFO: NF Service [nnssf-nsselection] (../lib/sbi/context.c:1829)
09/04 21:49:59.459: [sbi] INFO: nghttp2_server() [http://127.0.0.14]:7777 (../lib/sbi/nghttp2-server.c:424)
09/04 21:49:59.459: [app] INFO: NSSF initialize...done (../src/nssf/app.c:31)
09/04 21:49:59.461: [sbi] INFO: [de396026-6af6-41ef-9b03-b5b4776b2820] NF registered [Heartbeat:10s] (../lib/sbi/nf-sm.c:208)
09/04 21:49:59.462: [sbi] INFO: NF EndPoint(addr) setup [127.0.0.10:7777] (../lib/sbi/nnrf-handler.c:949)
09/04 21:49:59.463: [sbi] INFO: [de3a1e30-6af6-41ef-be4e-61382bfa8c95] Subscription created until 2024-09-05T21:49:59.462526+02:00 [duration:86400000000,validity:86400.000000,patch:43200.000000] (../lib/sbi/nnrf-handler.c:868)
09/05 00:04:46.941: [sbi] WARNING: [7] Failed to connect to 127.0.0.10 port 7777 after 0 ms: Couldn't connect to server (../lib/sbi/client.c:698)
09/05 00:04:46.941: [sbi] WARNING: ogs_sbi_client_handler() failed [-1] (../lib/sbi/path.c:62)
09/05 00:04:47.932: [sbi] ERROR: [de396026-6af6-41ef-9b03-b5b4776b2820] No heartbeat [type:NSSF] (../lib/sbi/nf-sm.c:297)
09/05 00:04:47.932: [sbi] INFO: [de396026-6af6-41ef-9b03-b5b4776b2820] NF de-registered (../lib/sbi/nf-sm.c:235)
09/05 00:04:58.933: [sbi] WARNING: [de396026-6af6-41ef-9b03-b5b4776b2820] Retry registration with NRF (../lib/sbi/nf-sm.c:169)
09/05 00:04:58.933: [sbi] ERROR: Connection timer expired (../lib/sbi/client.c:605)
09/05 00:04:58.933: [sbi] WARNING: ogs_sbi_client_handler() failed [-3] (../lib/sbi/path.c:62)
09/05 00:05:00.413: [app] INFO: SIGINT received (../src/main.c:53)
09/05 00:05:00.413: [app] INFO: Open5GS daemon terminating... (../src/main.c:226)
09/05 00:05:00.414: [app] INFO: NSSF terminate...done (../src/nssf/app.c:39)
Open5GS daemon v2.7.2-28-gb6ddd7f+

09/05 00:05:42.618: [app] INFO: Configuration: '/home/bunie/open5gs/install/etc/open5gs/nssf.yaml' (../lib/app/ogs-init.c:133)
09/05 00:05:42.618: [app] INFO: File Logging: '/home/bunie/open5gs/install/var/log/open5gs/nssf.log' (../lib/app/ogs-init.c:136)
09/05 00:05:42.621: [sbi] INFO: NF EndPoint(addr) setup [127.0.0.10:7777] (../lib/sbi/context.c:426)
09/05 00:05:42.621: [sbi] INFO: NF Service [nnssf-nsselection] (../lib/sbi/context.c:1829)
09/05 00:05:42.621: [sbi] INFO: nghttp2_server() [http://127.0.0.14]:7777 (../lib/sbi/nghttp2-server.c:424)
09/05 00:05:42.621: [app] INFO: NSSF initialize...done (../src/nssf/app.c:31)
09/05 00:05:42.622: [sbi] INFO: [d3ed7d74-6b09-41ef-828b-f511ce227c1e] NF registered [Heartbeat:10s] (../lib/sbi/nf-sm.c:208)
09/05 00:05:42.623: [sbi] INFO: NF EndPoint(addr) setup [127.0.0.10:7777] (../lib/sbi/nnrf-handler.c:949)
09/05 00:05:42.623: [sbi] INFO: [d3edce00-6b09-41ef-856e-75d80ae8a8ef] Subscription created until 2024-09-06T00:05:42.623007+02:00 [duration:86400000000,validity:86400.000000,patch:43200.000000] (../lib/sbi/nnrf-handler.c:868)
09/05 09:21:52.814: [core] ERROR: epoll failed (4:Interrupted system call) (../lib/core/ogs-epoll.c:220)
09/06 08:14:28.680: [core] ERROR: epoll failed (4:Interrupted system call) (../lib/core/ogs-epoll.c:220)
09/06 09:46:51.543: [core] ERROR: epoll failed (4:Interrupted system call) (../lib/core/ogs-epoll.c:220)
09/06 14:23:49.014: [nssf] INFO: [d3edce00-6b09-41ef-856e-75d80ae8a8ef] Need to update Subscription (../src/nssf/nssf-sm.c:322)
09/06 14:23:49.017: [sbi] INFO: [d3edce00-6b09-41ef-856e-75d80ae8a8ef] Subscription updated(204 No Content) until 2024-09-07T14:23:49.017465+02:00 [duration:86400000000,validity:86400.000000,patch:43200.000000] (../lib/sbi/nnrf-handler.c:868)
09/06 19:40:04.552: [core] ERROR: epoll failed (4:Interrupted system call) (../lib/core/ogs-epoll.c:220)
09/07 11:02:10.536: [core] ERROR: epoll failed (4:Interrupted system call) (../lib/core/ogs-epoll.c:220)
09/07 14:44:37.232: [app] INFO: SIGHUP received (../src/main.c:58)
09/07 14:44:37.235: [app] INFO: SIGHUP received (../src/main.c:58)
Open5GS daemon v2.7.2-28-gb6ddd7f+

09/16 12:44:14.933: [app] INFO: Configuration: '/home/bunie/open5gs/install/etc/open5gs/nssf.yaml' (../lib/app/ogs-init.c:133)
09/16 12:44:14.933: [app] INFO: File Logging: '/home/bunie/open5gs/install/var/log/open5gs/nssf.log' (../lib/app/ogs-init.c:136)
09/16 12:44:14.935: [sbi] INFO: NF EndPoint(addr) setup [127.0.0.10:7777] (../lib/sbi/context.c:426)
09/16 12:44:14.935: [sbi] INFO: NF Service [nnssf-nsselection] (../lib/sbi/context.c:1829)
09/16 12:44:14.936: [sbi] INFO: nghttp2_server() [http://127.0.0.14]:7777 (../lib/sbi/nghttp2-server.c:424)
09/16 12:44:14.936: [app] INFO: NSSF initialize...done (../src/nssf/app.c:31)
09/16 12:44:14.937: [sbi] INFO: [9decd928-7418-41ef-9554-3be04f21ca93] NF registered [Heartbeat:10s] (../lib/sbi/nf-sm.c:208)
09/16 12:44:14.937: [sbi] INFO: NF EndPoint(addr) setup [127.0.0.10:7777] (../lib/sbi/nnrf-handler.c:949)
09/16 12:44:14.937: [sbi] INFO: [9ded20a4-7418-41ef-91b8-c35599ac03cf] Subscription created until 2024-09-17T12:44:14.937532+02:00 [duration:86400000000,validity:86400.000000,patch:43200.000000] (../lib/sbi/nnrf-handler.c:868)
09/16 14:05:03.280: [app] INFO: SIGINT received (../src/main.c:53)
09/16 14:05:03.280: [app] INFO: Open5GS daemon terminating... (../src/main.c:226)
09/16 14:05:03.280: [sbi] INFO: [9decd928-7418-41ef-9554-3be04f21ca93] NF de-registered (../lib/sbi/nf-sm.c:235)
09/16 14:05:03.283: [app] INFO: NSSF terminate...done (../src/nssf/app.c:39)
Open5GS daemon v2.7.2-28-gb6ddd7f+

09/16 14:16:53.035: [app] INFO: Configuration: '/home/bunie/open5gs/install/etc/open5gs/nssf.yaml' (../lib/app/ogs-init.c:133)
09/16 14:16:53.035: [app] INFO: File Logging: '/home/bunie/open5gs/install/var/log/open5gs/nssf.log' (../lib/app/ogs-init.c:136)
09/16 14:16:53.037: [sbi] INFO: NF EndPoint(addr) setup [127.0.0.10:7777] (../lib/sbi/context.c:426)
09/16 14:16:53.037: [sbi] INFO: NF Service [nnssf-nsselection] (../lib/sbi/context.c:1829)
09/16 14:16:53.037: [sbi] INFO: nghttp2_server() [http://127.0.0.14]:7777 (../lib/sbi/nghttp2-server.c:424)
09/16 14:16:53.037: [app] INFO: NSSF initialize...done (../src/nssf/app.c:31)
09/16 14:16:53.039: [sbi] INFO: [8ecfd46a-7425-41ef-8cfb-4fdd2f7ef4e9] NF registered [Heartbeat:10s] (../lib/sbi/nf-sm.c:208)
09/16 14:16:53.039: [sbi] INFO: NF EndPoint(addr) setup [127.0.0.10:7777] (../lib/sbi/nnrf-handler.c:949)
09/16 14:16:53.039: [sbi] INFO: [8ed02d48-7425-41ef-b915-d97ec7dba35b] Subscription created until 2024-09-17T14:16:53.039472+02:00 [duration:86400000000,validity:86400.000000,patch:43200.000000] (../lib/sbi/nnrf-handler.c:868)
09/16 14:33:23.924: [sbi] WARNING: [7] Failed to connect to 127.0.0.10 port 7777 after 0 ms: Couldn't connect to server (../lib/sbi/client.c:698)
09/16 14:33:23.924: [sbi] WARNING: ogs_sbi_client_handler() failed [-1] (../lib/sbi/path.c:62)
09/16 14:33:24.916: [sbi] ERROR: [8ecfd46a-7425-41ef-8cfb-4fdd2f7ef4e9] No heartbeat [type:NSSF] (../lib/sbi/nf-sm.c:297)
09/16 14:33:24.917: [sbi] INFO: [8ecfd46a-7425-41ef-8cfb-4fdd2f7ef4e9] NF de-registered (../lib/sbi/nf-sm.c:235)
09/16 14:33:35.917: [sbi] WARNING: [8ecfd46a-7425-41ef-8cfb-4fdd2f7ef4e9] Retry registration with NRF (../lib/sbi/nf-sm.c:169)
09/16 14:33:35.917: [sbi] ERROR: Connection timer expired (../lib/sbi/client.c:605)
09/16 14:33:35.917: [sbi] WARNING: ogs_sbi_client_handler() failed [-3] (../lib/sbi/path.c:62)
09/16 14:33:37.522: [app] INFO: SIGINT received (../src/main.c:53)
09/16 14:33:37.522: [app] INFO: Open5GS daemon terminating... (../src/main.c:226)
09/16 14:33:37.523: [app] INFO: NSSF terminate...done (../src/nssf/app.c:39)
Open5GS daemon v2.7.2-28-gb6ddd7f+

09/16 14:36:53.931: [app] INFO: Configuration: '/home/bunie/open5gs/install/etc/open5gs/nssf.yaml' (../lib/app/ogs-init.c:133)
09/16 14:36:53.931: [app] INFO: File Logging: '/home/bunie/open5gs/install/var/log/open5gs/nssf.log' (../lib/app/ogs-init.c:136)
09/16 14:36:53.934: [sbi] INFO: NF EndPoint(addr) setup [127.0.0.10:7777] (../lib/sbi/context.c:426)
09/16 14:36:53.934: [sbi] INFO: NF Service [nnssf-nsselection] (../lib/sbi/context.c:1829)
09/16 14:36:53.934: [sbi] INFO: nghttp2_server() [http://127.0.0.14]:7777 (../lib/sbi/nghttp2-server.c:424)
09/16 14:36:53.934: [app] INFO: NSSF initialize...done (../src/nssf/app.c:31)
09/16 14:36:53.935: [sbi] INFO: [5a9a1e46-7428-41ef-b07f-1bf22ca918e6] NF registered [Heartbeat:10s] (../lib/sbi/nf-sm.c:208)
09/16 14:36:53.935: [sbi] INFO: NF EndPoint(addr) setup [127.0.0.10:7777] (../lib/sbi/nnrf-handler.c:949)
09/16 14:36:53.935: [sbi] INFO: [5a9a6aea-7428-41ef-ae7d-891b09ba1a04] Subscription created until 2024-09-17T14:36:53.935814+02:00 [duration:86400000000,validity:86400.000000,patch:43200.000000] (../lib/sbi/nnrf-handler.c:868)
09/16 15:57:28.309: [sbi] WARNING: [7] Failed to connect to 127.0.0.10 port 7777 after 0 ms: Couldn't connect to server (../lib/sbi/client.c:698)
09/16 15:57:28.309: [sbi] WARNING: ogs_sbi_client_handler() failed [-1] (../lib/sbi/path.c:62)
09/16 15:57:29.299: [sbi] ERROR: [5a9a1e46-7428-41ef-b07f-1bf22ca918e6] No heartbeat [type:NSSF] (../lib/sbi/nf-sm.c:297)
09/16 15:57:29.300: [sbi] INFO: [5a9a1e46-7428-41ef-b07f-1bf22ca918e6] NF de-registered (../lib/sbi/nf-sm.c:235)
09/16 15:57:40.300: [sbi] WARNING: [5a9a1e46-7428-41ef-b07f-1bf22ca918e6] Retry registration with NRF (../lib/sbi/nf-sm.c:169)
09/16 15:57:40.300: [sbi] ERROR: Connection timer expired (../lib/sbi/client.c:605)
09/16 15:57:40.300: [sbi] WARNING: ogs_sbi_client_handler() failed [-3] (../lib/sbi/path.c:62)
09/16 15:57:51.300: [sbi] WARNING: [5a9a1e46-7428-41ef-b07f-1bf22ca918e6] Retry registration with NRF (../lib/sbi/nf-sm.c:169)
09/16 15:57:51.300: [sbi] ERROR: Connection timer expired (../lib/sbi/client.c:605)
09/16 15:57:51.300: [sbi] WARNING: ogs_sbi_client_handler() failed [-3] (../lib/sbi/path.c:62)
09/16 15:57:55.852: [app] INFO: SIGINT received (../src/main.c:53)
09/16 15:57:55.852: [app] INFO: Open5GS daemon terminating... (../src/main.c:226)
09/16 15:57:55.853: [app] INFO: NSSF terminate...done (../src/nssf/app.c:39)
Open5GS daemon v2.7.2-28-gb6ddd7f+

09/16 16:01:19.020: [app] INFO: Configuration: '/home/bunie/open5gs/install/etc/open5gs/nssf.yaml' (../lib/app/ogs-init.c:133)
09/16 16:01:19.020: [app] INFO: File Logging: '/home/bunie/open5gs/install/var/log/open5gs/nssf.log' (../lib/app/ogs-init.c:136)
09/16 16:01:19.024: [sbi] INFO: NF EndPoint(addr) setup [127.0.0.10:7777] (../lib/sbi/context.c:426)
09/16 16:01:19.024: [sbi] INFO: NF Service [nnssf-nsselection] (../lib/sbi/context.c:1829)
09/16 16:01:19.024: [sbi] INFO: nghttp2_server() [http://127.0.0.14]:7777 (../lib/sbi/nghttp2-server.c:424)
09/16 16:01:19.025: [app] INFO: NSSF initialize...done (../src/nssf/app.c:31)
09/16 16:01:19.026: [sbi] INFO: [25a19bcc-7434-41ef-ad96-77dd579ac83e] NF registered [Heartbeat:10s] (../lib/sbi/nf-sm.c:208)
09/16 16:01:19.027: [sbi] INFO: NF EndPoint(addr) setup [127.0.0.10:7777] (../lib/sbi/nnrf-handler.c:949)
09/16 16:01:19.027: [sbi] INFO: [25a200bc-7434-41ef-a8a0-fd8ae929c81c] Subscription created until 2024-09-17T16:01:19.027040+02:00 [duration:86400000000,validity:86400.000000,patch:43200.000000] (../lib/sbi/nnrf-handler.c:868)
09/16 16:14:40.660: [sbi] WARNING: [0ef318ec-7434-41ef-b651-99ff292c4dfc] (NRF-notify) Not found (../lib/sbi/nnrf-handler.c:1171)
09/16 16:14:42.203: [sbi] INFO: [0457d420-7436-41ef-8bd4-d9e9c8823b6c] (NRF-notify) NF registered (../lib/sbi/nnrf-handler.c:1133)
09/16 16:14:42.203: [sbi] INFO: [0457d420-7436-41ef-8bd4-d9e9c8823b6c] (NRF-notify) NF Profile updated [type:SEPP] (../lib/sbi/nnrf-handler.c:1147)
09/16 16:14:42.203: [sbi] INFO: NF EndPoint(addr) setup [127.0.1.250:7777] (../lib/sbi/context.c:2195)
09/16 16:22:00.084: [sbi] WARNING: [7] Failed to connect to 127.0.0.10 port 7777 after 0 ms: Couldn't connect to server (../lib/sbi/client.c:698)
09/16 16:22:00.084: [sbi] WARNING: ogs_sbi_client_handler() failed [-1] (../lib/sbi/path.c:62)
09/16 16:22:01.080: [sbi] ERROR: [25a19bcc-7434-41ef-ad96-77dd579ac83e] No heartbeat [type:NSSF] (../lib/sbi/nf-sm.c:297)
09/16 16:22:01.080: [sbi] INFO: [25a19bcc-7434-41ef-ad96-77dd579ac83e] NF de-registered (../lib/sbi/nf-sm.c:235)
09/16 16:22:10.786: [app] INFO: SIGINT received (../src/main.c:53)
09/16 16:22:10.786: [app] INFO: Open5GS daemon terminating... (../src/main.c:226)
09/16 16:22:10.787: [app] INFO: NSSF terminate...done (../src/nssf/app.c:39)
Open5GS daemon v2.7.2-28-gb6ddd7f+

09/16 16:26:44.453: [app] INFO: Configuration: '/home/bunie/open5gs/install/etc/open5gs/nssf.yaml' (../lib/app/ogs-init.c:133)
09/16 16:26:44.453: [app] INFO: File Logging: '/home/bunie/open5gs/install/var/log/open5gs/nssf.log' (../lib/app/ogs-init.c:136)
09/16 16:26:44.456: [sbi] INFO: NF EndPoint(addr) setup [127.0.0.10:7777] (../lib/sbi/context.c:426)
09/16 16:26:44.456: [sbi] INFO: NF Service [nnssf-nsselection] (../lib/sbi/context.c:1829)
09/16 16:26:44.456: [sbi] INFO: nghttp2_server() [http://127.0.0.14]:7777 (../lib/sbi/nghttp2-server.c:424)
09/16 16:26:44.456: [app] INFO: NSSF initialize...done (../src/nssf/app.c:31)
09/16 16:26:44.458: [sbi] INFO: [b2dc0114-7437-41ef-bef6-47debbd9b430] NF registered [Heartbeat:10s] (../lib/sbi/nf-sm.c:208)
09/16 16:26:44.458: [sbi] INFO: NF EndPoint(addr) setup [127.0.0.10:7777] (../lib/sbi/nnrf-handler.c:949)
09/16 16:26:44.458: [sbi] INFO: [b2dc58da-7437-41ef-83a4-c336c07106e5] Subscription created until 2024-09-17T16:26:44.458343+02:00 [duration:86400000000,validity:86400.000000,patch:43200.000000] (../lib/sbi/nnrf-handler.c:868)
09/16 20:21:36.550: [core] ERROR: epoll failed (4:Interrupted system call) (../lib/core/ogs-epoll.c:220)
09/16 20:23:58.015: [app] INFO: Signal-NUM[28] received (Window changed) (../src/main.c:63)
09/16 20:31:08.016: [app] INFO: SIGHUP received (../src/main.c:58)
Open5GS daemon v2.7.2-28-gb6ddd7f+

09/17 10:45:19.767: [app] INFO: Configuration: '/home/bunie/open5gs/install/etc/open5gs/nssf.yaml' (../lib/app/ogs-init.c:133)
09/17 10:45:19.767: [app] INFO: File Logging: '/home/bunie/open5gs/install/var/log/open5gs/nssf.log' (../lib/app/ogs-init.c:136)
09/17 10:45:19.769: [sbi] INFO: NF EndPoint(addr) setup [127.0.0.10:7777] (../lib/sbi/context.c:426)
09/17 10:45:19.769: [sbi] INFO: NF Service [nnssf-nsselection] (../lib/sbi/context.c:1829)
09/17 10:45:19.769: [sbi] INFO: nghttp2_server() [http://127.0.0.14]:7777 (../lib/sbi/nghttp2-server.c:424)
09/17 10:45:19.769: [app] INFO: NSSF initialize...done (../src/nssf/app.c:31)
09/17 10:45:19.771: [sbi] INFO: [2b7297c0-74d1-41ef-bec9-9f522c47b540] NF registered [Heartbeat:10s] (../lib/sbi/nf-sm.c:208)
09/17 10:45:19.771: [sbi] INFO: NF EndPoint(addr) setup [127.0.0.10:7777] (../lib/sbi/nnrf-handler.c:949)
09/17 10:45:19.771: [sbi] INFO: [2b72eb4e-74d1-41ef-9bd1-dbc017ec0993] Subscription created until 2024-09-18T10:45:19.771343+02:00 [duration:86400000000,validity:86400.000000,patch:43200.000000] (../lib/sbi/nnrf-handler.c:868)
09/17 11:12:37.496: [sbi] WARNING: [fcfffd7e-74d0-41ef-a9f0-99df8c56edbf] (NRF-notify) Not found (../lib/sbi/nnrf-handler.c:1171)
09/17 11:12:40.142: [sbi] INFO: [fd2a6100-74d4-41ef-9465-e175b782fb9f] (NRF-notify) NF registered (../lib/sbi/nnrf-handler.c:1133)
09/17 11:12:40.142: [sbi] INFO: [fd2a6100-74d4-41ef-9465-e175b782fb9f] (NRF-notify) NF Profile updated [type:SEPP] (../lib/sbi/nnrf-handler.c:1147)
09/17 11:12:40.142: [sbi] INFO: NF EndPoint(addr) setup [127.0.1.250:7777] (../lib/sbi/context.c:2195)
09/17 11:15:11.396: [sbi] WARNING: [7] Failed to connect to 127.0.0.10 port 7777 after 0 ms: Couldn't connect to server (../lib/sbi/client.c:698)
09/17 11:15:11.396: [sbi] WARNING: ogs_sbi_client_handler() failed [-1] (../lib/sbi/path.c:62)
09/17 11:15:12.394: [sbi] ERROR: [2b7297c0-74d1-41ef-bec9-9f522c47b540] No heartbeat [type:NSSF] (../lib/sbi/nf-sm.c:297)
09/17 11:15:12.394: [sbi] INFO: [2b7297c0-74d1-41ef-bec9-9f522c47b540] NF de-registered (../lib/sbi/nf-sm.c:235)
09/17 11:15:23.396: [sbi] WARNING: [2b7297c0-74d1-41ef-bec9-9f522c47b540] Retry registration with NRF (../lib/sbi/nf-sm.c:169)
09/17 11:15:23.396: [sbi] ERROR: Connection timer expired (../lib/sbi/client.c:605)
09/17 11:15:23.396: [sbi] WARNING: ogs_sbi_client_handler() failed [-3] (../lib/sbi/path.c:62)
09/17 11:15:24.600: [app] INFO: SIGINT received (../src/main.c:53)
09/17 11:15:24.600: [app] INFO: Open5GS daemon terminating... (../src/main.c:226)
09/17 11:15:24.601: [app] INFO: NSSF terminate...done (../src/nssf/app.c:39)
Open5GS daemon v2.7.2-28-gb6ddd7f+

09/17 11:30:22.397: [app] INFO: Configuration: '/home/bunie/open5gs/install/etc/open5gs/nssf.yaml' (../lib/app/ogs-init.c:133)
09/17 11:30:22.397: [app] INFO: File Logging: '/home/bunie/open5gs/install/var/log/open5gs/nssf.log' (../lib/app/ogs-init.c:136)
09/17 11:30:22.399: [sbi] INFO: NF EndPoint(addr) setup [127.0.0.10:7777] (../lib/sbi/context.c:426)
09/17 11:30:22.399: [sbi] INFO: NF Service [nnssf-nsselection] (../lib/sbi/context.c:1829)
09/17 11:30:22.399: [sbi] INFO: nghttp2_server() [http://127.0.0.14]:7777 (../lib/sbi/nghttp2-server.c:424)
09/17 11:30:22.400: [app] INFO: NSSF initialize...done (../src/nssf/app.c:31)
09/17 11:30:22.401: [sbi] INFO: [76574046-74d7-41ef-9aea-33de90e444e7] NF registered [Heartbeat:10s] (../lib/sbi/nf-sm.c:208)
09/17 11:30:22.401: [sbi] INFO: NF EndPoint(addr) setup [127.0.0.10:7777] (../lib/sbi/nnrf-handler.c:949)
09/17 11:30:22.401: [sbi] INFO: [76578c54-74d7-41ef-9132-c761c19669da] Subscription created until 2024-09-18T11:30:22.401470+02:00 [duration:86400000000,validity:86400.000000,patch:43200.000000] (../lib/sbi/nnrf-handler.c:868)
09/17 11:36:02.693: [sbi] WARNING: [7] Failed to connect to 127.0.0.10 port 7777 after 0 ms: Couldn't connect to server (../lib/sbi/client.c:698)
09/17 11:36:02.693: [sbi] WARNING: ogs_sbi_client_handler() failed [-1] (../lib/sbi/path.c:62)
09/17 11:36:03.686: [sbi] ERROR: [76574046-74d7-41ef-9aea-33de90e444e7] No heartbeat [type:NSSF] (../lib/sbi/nf-sm.c:297)
09/17 11:36:03.686: [sbi] INFO: [76574046-74d7-41ef-9aea-33de90e444e7] NF de-registered (../lib/sbi/nf-sm.c:235)
09/17 11:36:13.280: [app] INFO: SIGINT received (../src/main.c:53)
09/17 11:36:13.280: [app] INFO: Open5GS daemon terminating... (../src/main.c:226)
09/17 11:36:13.281: [app] INFO: NSSF terminate...done (../src/nssf/app.c:39)
Open5GS daemon v2.7.2-28-gb6ddd7f+

09/17 11:38:10.260: [app] INFO: Configuration: '/home/bunie/open5gs/install/etc/open5gs/nssf.yaml' (../lib/app/ogs-init.c:133)
09/17 11:38:10.260: [app] INFO: File Logging: '/home/bunie/open5gs/install/var/log/open5gs/nssf.log' (../lib/app/ogs-init.c:136)
09/17 11:38:10.263: [sbi] INFO: NF EndPoint(addr) setup [127.0.0.10:7777] (../lib/sbi/context.c:426)
09/17 11:38:10.263: [sbi] INFO: NF Service [nnssf-nsselection] (../lib/sbi/context.c:1829)
09/17 11:38:10.263: [sbi] INFO: nghttp2_server() [http://127.0.0.14]:7777 (../lib/sbi/nghttp2-server.c:424)
09/17 11:38:10.263: [app] INFO: NSSF initialize...done (../src/nssf/app.c:31)
09/17 11:38:10.265: [sbi] INFO: [8d359596-74d8-41ef-a0e2-0398d91bf8c3] NF registered [Heartbeat:10s] (../lib/sbi/nf-sm.c:208)
09/17 11:38:10.265: [sbi] INFO: NF EndPoint(addr) setup [127.0.0.10:7777] (../lib/sbi/nnrf-handler.c:949)
09/17 11:38:10.265: [sbi] INFO: [8d35e744-74d8-41ef-930c-bb7967a8a085] Subscription created until 2024-09-18T11:38:10.265294+02:00 [duration:86400000000,validity:86400.000000,patch:43200.000000] (../lib/sbi/nnrf-handler.c:868)
09/17 11:39:25.358: [app] INFO: SIGINT received (../src/main.c:53)
09/17 11:39:25.358: [app] INFO: Open5GS daemon terminating... (../src/main.c:226)
09/17 11:39:25.358: [sbi] INFO: [8d359596-74d8-41ef-a0e2-0398d91bf8c3] NF de-registered (../lib/sbi/nf-sm.c:235)
09/17 11:39:25.361: [app] INFO: NSSF terminate...done (../src/nssf/app.c:39)
Open5GS daemon v2.7.2-28-gb6ddd7f+

09/17 11:47:04.365: [app] INFO: Configuration: '/home/bunie/open5gs/install/etc/open5gs/nssf.yaml' (../lib/app/ogs-init.c:133)
09/17 11:47:04.365: [app] INFO: File Logging: '/home/bunie/open5gs/install/var/log/open5gs/nssf.log' (../lib/app/ogs-init.c:136)
09/17 11:47:04.370: [sbi] INFO: NF EndPoint(addr) setup [127.0.0.10:7777] (../lib/sbi/context.c:426)
09/17 11:47:04.370: [sbi] INFO: NF Service [nnssf-nsselection] (../lib/sbi/context.c:1829)
09/17 11:47:04.370: [sbi] INFO: nghttp2_server() [http://127.0.0.14]:7777 (../lib/sbi/nghttp2-server.c:424)
09/17 11:47:04.370: [app] INFO: NSSF initialize...done (../src/nssf/app.c:31)
09/17 11:47:04.371: [sbi] INFO: [cb8fc856-74d9-41ef-87da-bb60abed1d81] NF registered [Heartbeat:10s] (../lib/sbi/nf-sm.c:208)
09/17 11:47:04.372: [sbi] INFO: NF EndPoint(addr) setup [127.0.0.10:7777] (../lib/sbi/nnrf-handler.c:949)
09/17 11:47:04.372: [sbi] INFO: [cb90203a-74d9-41ef-b5bc-b572c4a1d912] Subscription created until 2024-09-18T11:47:04.372061+02:00 [duration:86400000000,validity:86400.000000,patch:43200.000000] (../lib/sbi/nnrf-handler.c:868)
09/17 12:43:47.576: [sbi] WARNING: [7] Failed to connect to 127.0.0.10 port 7777 after 0 ms: Couldn't connect to server (../lib/sbi/client.c:698)
09/17 12:43:47.576: [sbi] WARNING: ogs_sbi_client_handler() failed [-1] (../lib/sbi/path.c:62)
09/17 12:43:48.574: [sbi] ERROR: [cb8fc856-74d9-41ef-87da-bb60abed1d81] No heartbeat [type:NSSF] (../lib/sbi/nf-sm.c:297)
09/17 12:43:48.574: [sbi] INFO: [cb8fc856-74d9-41ef-87da-bb60abed1d81] NF de-registered (../lib/sbi/nf-sm.c:235)
09/17 12:43:52.463: [app] INFO: SIGINT received (../src/main.c:53)
09/17 12:43:52.463: [app] INFO: Open5GS daemon terminating... (../src/main.c:226)
09/17 12:43:52.464: [app] INFO: NSSF terminate...done (../src/nssf/app.c:39)
Open5GS daemon v2.7.2-28-gb6ddd7f+

09/17 12:44:29.208: [app] INFO: Configuration: '/home/bunie/open5gs/install/etc/open5gs/nssf.yaml' (../lib/app/ogs-init.c:133)
09/17 12:44:29.208: [app] INFO: File Logging: '/home/bunie/open5gs/install/var/log/open5gs/nssf.log' (../lib/app/ogs-init.c:136)
09/17 12:44:29.212: [sbi] INFO: NF EndPoint(addr) setup [127.0.0.10:7777] (../lib/sbi/context.c:426)
09/17 12:44:29.213: [sbi] INFO: NF Service [nnssf-nsselection] (../lib/sbi/context.c:1829)
09/17 12:44:29.213: [sbi] INFO: nghttp2_server() [http://127.0.0.14]:7777 (../lib/sbi/nghttp2-server.c:424)
09/17 12:44:29.213: [app] INFO: NSSF initialize...done (../src/nssf/app.c:31)
09/17 12:44:29.214: [sbi] INFO: [d0d91990-74e1-41ef-833e-43cac11137e5] NF registered [Heartbeat:10s] (../lib/sbi/nf-sm.c:208)
09/17 12:44:29.215: [sbi] INFO: NF EndPoint(addr) setup [127.0.0.10:7777] (../lib/sbi/nnrf-handler.c:949)
09/17 12:44:29.215: [sbi] INFO: [d0d9741c-74e1-41ef-818f-bb60e977ab14] Subscription created until 2024-09-18T12:44:29.215063+02:00 [duration:86400000000,validity:86400.000000,patch:43200.000000] (../lib/sbi/nnrf-handler.c:868)
09/17 14:03:22.560: [core] ERROR: epoll failed (4:Interrupted system call) (../lib/core/ogs-epoll.c:220)
09/17 14:13:37.704: [app] INFO: Signal-NUM[28] received (Window changed) (../src/main.c:63)
09/17 15:18:39.372: [core] ERROR: epoll failed (4:Interrupted system call) (../lib/core/ogs-epoll.c:220)
09/17 21:06:44.561: [core] ERROR: epoll failed (4:Interrupted system call) (../lib/core/ogs-epoll.c:220)
09/18 12:08:37.379: [core] ERROR: epoll failed (4:Interrupted system call) (../lib/core/ogs-epoll.c:220)
09/18 12:41:12.418: [app] INFO: Signal-NUM[28] received (Window changed) (../src/main.c:63)
09/18 19:05:14.030: [sbi] WARNING: [7] Failed to connect to 127.0.0.10 port 7777 after 0 ms: Couldn't connect to server (../lib/sbi/client.c:698)
09/18 19:05:14.030: [sbi] WARNING: ogs_sbi_client_handler() failed [-1] (../lib/sbi/path.c:62)
09/18 19:05:15.024: [sbi] ERROR: [d0d91990-74e1-41ef-833e-43cac11137e5] No heartbeat [type:NSSF] (../lib/sbi/nf-sm.c:297)
09/18 19:05:15.024: [sbi] INFO: [d0d91990-74e1-41ef-833e-43cac11137e5] NF de-registered (../lib/sbi/nf-sm.c:235)
09/18 19:05:26.024: [sbi] WARNING: [d0d91990-74e1-41ef-833e-43cac11137e5] Retry registration with NRF (../lib/sbi/nf-sm.c:169)
09/18 19:05:26.024: [sbi] ERROR: Connection timer expired (../lib/sbi/client.c:605)
09/18 19:05:26.024: [sbi] WARNING: ogs_sbi_client_handler() failed [-3] (../lib/sbi/path.c:62)
09/18 19:05:26.025: [sbi] INFO: [d0d91990-74e1-41ef-833e-43cac11137e5] NF registered [Heartbeat:10s] (../lib/sbi/nf-sm.c:208)
09/18 19:05:26.025: [sbi] INFO: NF EndPoint(addr) setup [127.0.0.10:7777] (../lib/sbi/nnrf-handler.c:949)
09/18 19:05:26.026: [sbi] INFO: [32fbbcc8-75e0-41ef-8778-c1ab84253d5c] Subscription created until 2024-09-19T19:05:26.025782+02:00 [duration:86400000000,validity:86400.000000,patch:43200.000000] (../lib/sbi/nnrf-handler.c:868)
09/19 11:45:36.560: [core] ERROR: epoll failed (4:Interrupted system call) (../lib/core/ogs-epoll.c:220)
09/19 12:03:12.637: [sbi] WARNING: [d0d91990-74e1-41ef-833e-43cac11137e5] HTTP response error [404] (../lib/sbi/nf-sm.c:264)
09/19 12:03:12.637: [sbi] INFO: [d0d91990-74e1-41ef-833e-43cac11137e5] NF de-registered (../lib/sbi/nf-sm.c:235)
09/19 12:03:14.638: [sbi] WARNING: [d0d91990-74e1-41ef-833e-43cac11137e5] Retry registration with NRF (../lib/sbi/nf-sm.c:395)
09/19 12:03:14.640: [sbi] INFO: [d0d91990-74e1-41ef-833e-43cac11137e5] NF registered [Heartbeat:10s] (../lib/sbi/nf-sm.c:208)
09/19 12:03:14.640: [sbi] INFO: NF EndPoint(addr) setup [127.0.0.10:7777] (../lib/sbi/nnrf-handler.c:949)
09/19 12:03:14.640: [sbi] INFO: [62b6d0b8-766e-41ef-8dbd-731c00f20d04] Subscription created until 2024-09-20T12:03:14.640362+02:00 [duration:86400000000,validity:86400.000000,patch:43200.000000] (../lib/sbi/nnrf-handler.c:868)
09/19 12:05:41.466: [nssf] INFO: [d0d9741c-74e1-41ef-818f-bb60e977ab14] Need to update Subscription (../src/nssf/nssf-sm.c:322)
09/19 12:05:41.467: [nssf] ERROR: [d0d9741c-74e1-41ef-818f-bb60e977ab14] HTTP response error [404] (../src/nssf/nssf-sm.c:236)
09/19 13:44:18.027: [app] INFO: SIGINT received (../src/main.c:53)
09/19 13:44:18.027: [app] INFO: Open5GS daemon terminating... (../src/main.c:226)
09/19 13:44:18.027: [sbi] INFO: [d0d91990-74e1-41ef-833e-43cac11137e5] NF de-registered (../lib/sbi/nf-sm.c:235)
09/19 13:44:18.031: [app] INFO: NSSF terminate...done (../src/nssf/app.c:39)
Open5GS daemon v2.7.2-28-gb6ddd7f+

09/19 13:44:18.700: [app] INFO: Configuration: '/home/bunie/open5gs/install/etc/open5gs/nssf.yaml' (../lib/app/ogs-init.c:133)
09/19 13:44:18.700: [app] INFO: File Logging: '/home/bunie/open5gs/install/var/log/open5gs/nssf.log' (../lib/app/ogs-init.c:136)
09/19 13:44:18.702: [sbi] INFO: NF EndPoint(addr) setup [127.0.0.10:7777] (../lib/sbi/context.c:426)
09/19 13:44:18.702: [sbi] INFO: NF Service [nnssf-nsselection] (../lib/sbi/context.c:1829)
09/19 13:44:18.703: [sbi] INFO: nghttp2_server() [http://127.0.0.14]:7777 (../lib/sbi/nghttp2-server.c:424)
09/19 13:44:18.703: [app] INFO: NSSF initialize...done (../src/nssf/app.c:31)
09/19 13:44:18.704: [sbi] INFO: [812d4d5c-767c-41ef-afec-dbed97609a33] NF registered [Heartbeat:10s] (../lib/sbi/nf-sm.c:208)
09/19 13:44:18.705: [sbi] INFO: NF EndPoint(addr) setup [127.0.0.10:7777] (../lib/sbi/nnrf-handler.c:949)
09/19 13:44:18.705: [sbi] INFO: [812d9fc8-767c-41ef-8dbd-731c00f20d04] Subscription created until 2024-09-20T13:44:18.704825+02:00 [duration:86400000000,validity:86400.000000,patch:43200.000000] (../lib/sbi/nnrf-handler.c:868)
09/19 13:52:39.946: [app] INFO: SIGHUP received (../src/main.c:58)
Open5GS daemon v2.7.2-28-gb6ddd7f+

09/19 14:03:17.221: [app] INFO: Configuration: '/home/bunie/open5gs/install/etc/open5gs/nssf.yaml' (../lib/app/ogs-init.c:133)
09/19 14:03:17.222: [app] INFO: File Logging: '/home/bunie/open5gs/install/var/log/open5gs/nssf.log' (../lib/app/ogs-init.c:136)
09/19 14:03:17.226: [sbi] INFO: NF EndPoint(addr) setup [127.0.0.10:7777] (../lib/sbi/context.c:426)
09/19 14:03:17.226: [sbi] INFO: NF Service [nnssf-nsselection] (../lib/sbi/context.c:1829)
09/19 14:03:17.226: [sbi] INFO: nghttp2_server() [http://127.0.0.14]:7777 (../lib/sbi/nghttp2-server.c:424)
09/19 14:03:17.227: [app] INFO: NSSF initialize...done (../src/nssf/app.c:31)
09/19 14:03:17.229: [sbi] INFO: [27ca3740-767f-41ef-9a09-8b31fc2ff340] NF registered [Heartbeat:10s] (../lib/sbi/nf-sm.c:208)
09/19 14:03:17.230: [sbi] INFO: NF EndPoint(addr) setup [127.0.0.10:7777] (../lib/sbi/nnrf-handler.c:949)
09/19 14:03:17.230: [sbi] INFO: [27caba6c-767f-41ef-9199-a9bccdfd09bc] Subscription created until 2024-09-20T14:03:17.229711+02:00 [duration:86400000000,validity:86400.000000,patch:43200.000000] (../lib/sbi/nnrf-handler.c:868)
09/19 15:03:10.559: [sbi] WARNING: [7] Failed to connect to 127.0.0.10 port 7777 after 0 ms: Couldn't connect to server (../lib/sbi/client.c:698)
09/19 15:03:10.559: [sbi] WARNING: ogs_sbi_client_handler() failed [-1] (../lib/sbi/path.c:62)
09/19 15:03:11.554: [sbi] ERROR: [27ca3740-767f-41ef-9a09-8b31fc2ff340] No heartbeat [type:NSSF] (../lib/sbi/nf-sm.c:297)
09/19 15:03:11.554: [sbi] INFO: [27ca3740-767f-41ef-9a09-8b31fc2ff340] NF de-registered (../lib/sbi/nf-sm.c:235)
09/19 15:03:22.554: [sbi] WARNING: [27ca3740-767f-41ef-9a09-8b31fc2ff340] Retry registration with NRF (../lib/sbi/nf-sm.c:169)
09/19 15:03:22.555: [sbi] ERROR: Connection timer expired (../lib/sbi/client.c:605)
09/19 15:03:22.555: [sbi] WARNING: ogs_sbi_client_handler() failed [-3] (../lib/sbi/path.c:62)
09/19 15:03:23.746: [app] INFO: SIGINT received (../src/main.c:53)
09/19 15:03:23.746: [app] INFO: Open5GS daemon terminating... (../src/main.c:226)
09/19 15:03:23.747: [app] INFO: NSSF terminate...done (../src/nssf/app.c:39)
Open5GS daemon v2.7.2-28-gb6ddd7f+

09/19 15:09:08.487: [app] INFO: Configuration: '/home/bunie/open5gs/install/etc/open5gs/nssf.yaml' (../lib/app/ogs-init.c:133)
09/19 15:09:08.487: [app] INFO: File Logging: '/home/bunie/open5gs/install/var/log/open5gs/nssf.log' (../lib/app/ogs-init.c:136)
09/19 15:09:08.492: [sbi] INFO: NF EndPoint(addr) setup [127.0.0.10:7777] (../lib/sbi/context.c:426)
09/19 15:09:08.492: [sbi] INFO: NF Service [nnssf-nsselection] (../lib/sbi/context.c:1829)
09/19 15:09:08.492: [sbi] INFO: nghttp2_server() [http://127.0.0.14]:7777 (../lib/sbi/nghttp2-server.c:424)
09/19 15:09:08.493: [app] INFO: NSSF initialize...done (../src/nssf/app.c:31)
09/19 15:09:08.494: [sbi] INFO: [5aed8970-7688-41ef-b9e6-e370c7e7765a] NF registered [Heartbeat:10s] (../lib/sbi/nf-sm.c:208)
09/19 15:09:08.495: [sbi] INFO: NF EndPoint(addr) setup [127.0.0.10:7777] (../lib/sbi/nnrf-handler.c:949)
09/19 15:09:08.495: [sbi] INFO: [5aee0206-7688-41ef-99a8-5712947d2adf] Subscription created until 2024-09-20T15:09:08.495267+02:00 [duration:86400000000,validity:86400.000000,patch:43200.000000] (../lib/sbi/nnrf-handler.c:868)
09/20 03:09:08.496: [nssf] INFO: [5aee0206-7688-41ef-99a8-5712947d2adf] Need to update Subscription (../src/nssf/nssf-sm.c:322)
09/20 03:09:08.497: [sbi] INFO: [5aee0206-7688-41ef-99a8-5712947d2adf] Subscription updated(204 No Content) until 2024-09-21T03:09:08.497847+02:00 [duration:86400000000,validity:86400.000000,patch:43200.000000] (../lib/sbi/nnrf-handler.c:868)
09/20 10:55:50.701: [core] ERROR: epoll failed (4:Interrupted system call) (../lib/core/ogs-epoll.c:220)
09/20 15:31:29.249: [nssf] INFO: [5aee0206-7688-41ef-99a8-5712947d2adf] Need to update Subscription (../src/nssf/nssf-sm.c:322)
09/20 15:31:29.250: [sbi] INFO: [5aee0206-7688-41ef-99a8-5712947d2adf] Subscription updated(204 No Content) until 2024-09-21T15:31:29.250261+02:00 [duration:86400000000,validity:86400.000000,patch:43200.000000] (../lib/sbi/nnrf-handler.c:868)
09/22 12:34:34.613: [core] ERROR: epoll failed (4:Interrupted system call) (../lib/core/ogs-epoll.c:220)
09/22 20:49:54.619: [core] ERROR: epoll failed (4:Interrupted system call) (../lib/core/ogs-epoll.c:220)
09/23 10:31:59.342: [core] ERROR: epoll failed (4:Interrupted system call) (../lib/core/ogs-epoll.c:220)
09/24 09:04:40.615: [core] ERROR: epoll failed (4:Interrupted system call) (../lib/core/ogs-epoll.c:220)
09/24 10:05:53.024: [core] ERROR: epoll failed (4:Interrupted system call) (../lib/core/ogs-epoll.c:220)
09/24 12:01:41.275: [sbi] WARNING: [7] Failed to connect to 127.0.0.10 port 7777 after 0 ms: Couldn't connect to server (../lib/sbi/client.c:698)
09/24 12:01:41.275: [sbi] WARNING: ogs_sbi_client_handler() failed [-1] (../lib/sbi/path.c:62)
09/24 12:01:42.266: [sbi] ERROR: [5aed8970-7688-41ef-b9e6-e370c7e7765a] No heartbeat [type:NSSF] (../lib/sbi/nf-sm.c:297)
09/24 12:01:42.266: [sbi] INFO: [5aed8970-7688-41ef-b9e6-e370c7e7765a] NF de-registered (../lib/sbi/nf-sm.c:235)
09/24 12:01:53.266: [sbi] WARNING: [5aed8970-7688-41ef-b9e6-e370c7e7765a] Retry registration with NRF (../lib/sbi/nf-sm.c:169)
09/24 12:01:53.266: [sbi] ERROR: Connection timer expired (../lib/sbi/client.c:605)
09/24 12:01:53.266: [sbi] WARNING: ogs_sbi_client_handler() failed [-3] (../lib/sbi/path.c:62)
09/24 12:02:01.127: [app] INFO: SIGINT received (../src/main.c:53)
09/24 12:02:01.127: [app] INFO: Open5GS daemon terminating... (../src/main.c:226)
09/24 12:02:01.131: [app] INFO: NSSF terminate...done (../src/nssf/app.c:39)
Open5GS daemon v2.7.2-28-gb6ddd7f+

09/24 13:37:34.451: [app] INFO: Configuration: '/home/bunie/open5gs/install/etc/open5gs/nssf.yaml' (../lib/app/ogs-init.c:133)
09/24 13:37:34.451: [app] INFO: File Logging: '/home/bunie/open5gs/install/var/log/open5gs/nssf.log' (../lib/app/ogs-init.c:136)
09/24 13:37:34.456: [sbi] INFO: NF EndPoint(addr) setup [127.0.0.10:7777] (../lib/sbi/context.c:426)
09/24 13:37:34.457: [sbi] INFO: NF Service [nnssf-nsselection] (../lib/sbi/context.c:1829)
09/24 13:37:34.457: [sbi] INFO: nghttp2_server() [http://127.0.0.14]:7777 (../lib/sbi/nghttp2-server.c:424)
09/24 13:37:34.457: [app] INFO: NSSF initialize...done (../src/nssf/app.c:31)
09/24 13:37:34.459: [sbi] INFO: [644b0602-7a69-41ef-ac2b-a595f6b87b5f] NF registered [Heartbeat:10s] (../lib/sbi/nf-sm.c:208)
09/24 13:37:34.460: [sbi] INFO: NF EndPoint(addr) setup [127.0.0.10:7777] (../lib/sbi/nnrf-handler.c:949)
09/24 13:37:34.460: [sbi] INFO: [644b81e0-7a69-41ef-8cf3-cd954b9fba71] Subscription created until 2024-09-25T13:37:34.460020+02:00 [duration:86400000000,validity:86400.000000,patch:43200.000000] (../lib/sbi/nnrf-handler.c:868)
09/24 14:20:46.864: [sbi] WARNING: [7] Failed to connect to 127.0.0.10 port 7777 after 0 ms: Couldn't connect to server (../lib/sbi/client.c:698)
09/24 14:20:46.864: [sbi] WARNING: ogs_sbi_client_handler() failed [-1] (../lib/sbi/path.c:62)
09/24 14:20:47.856: [sbi] ERROR: [644b0602-7a69-41ef-ac2b-a595f6b87b5f] No heartbeat [type:NSSF] (../lib/sbi/nf-sm.c:297)
09/24 14:20:47.856: [sbi] INFO: [644b0602-7a69-41ef-ac2b-a595f6b87b5f] NF de-registered (../lib/sbi/nf-sm.c:235)
09/24 14:20:55.065: [app] INFO: SIGINT received (../src/main.c:53)
09/24 14:20:55.065: [app] INFO: Open5GS daemon terminating... (../src/main.c:226)
09/24 14:20:55.066: [app] INFO: NSSF terminate...done (../src/nssf/app.c:39)
Open5GS daemon v2.7.2-28-gb6ddd7f+

09/24 14:32:32.304: [app] INFO: Configuration: '/home/bunie/open5gs/install/etc/open5gs/nssf.yaml' (../lib/app/ogs-init.c:133)
09/24 14:32:32.304: [app] INFO: File Logging: '/home/bunie/open5gs/install/var/log/open5gs/nssf.log' (../lib/app/ogs-init.c:136)
09/24 14:32:32.311: [sbi] INFO: NF EndPoint(addr) setup [127.0.0.10:7777] (../lib/sbi/context.c:426)
09/24 14:32:32.311: [sbi] INFO: NF Service [nnssf-nsselection] (../lib/sbi/context.c:1829)
09/24 14:32:32.311: [sbi] INFO: nghttp2_server() [http://127.0.0.14]:7777 (../lib/sbi/nghttp2-server.c:424)
09/24 14:32:32.312: [app] INFO: NSSF initialize...done (../src/nssf/app.c:31)
09/24 14:32:32.314: [sbi] INFO: [11f7aa9c-7a71-41ef-841e-6f421917bd06] NF registered [Heartbeat:10s] (../lib/sbi/nf-sm.c:208)
09/24 14:32:32.314: [sbi] INFO: NF EndPoint(addr) setup [127.0.0.10:7777] (../lib/sbi/nnrf-handler.c:949)
09/24 14:32:32.315: [sbi] INFO: [11f832f0-7a71-41ef-be9f-ad67d34c82c6] Subscription created until 2024-09-25T14:32:32.314705+02:00 [duration:86400000000,validity:86400.000000,patch:43200.000000] (../lib/sbi/nnrf-handler.c:868)
09/24 14:36:12.532: [sbi] WARNING: [7] Failed to connect to 127.0.0.10 port 7777 after 0 ms: Couldn't connect to server (../lib/sbi/client.c:698)
09/24 14:36:12.532: [sbi] WARNING: ogs_sbi_client_handler() failed [-1] (../lib/sbi/path.c:62)
09/24 14:36:13.522: [sbi] ERROR: [11f7aa9c-7a71-41ef-841e-6f421917bd06] No heartbeat [type:NSSF] (../lib/sbi/nf-sm.c:297)
09/24 14:36:13.522: [sbi] INFO: [11f7aa9c-7a71-41ef-841e-6f421917bd06] NF de-registered (../lib/sbi/nf-sm.c:235)
09/24 14:36:18.518: [app] INFO: SIGINT received (../src/main.c:53)
09/24 14:36:18.518: [app] INFO: Open5GS daemon terminating... (../src/main.c:226)
09/24 14:36:18.519: [app] INFO: NSSF terminate...done (../src/nssf/app.c:39)
Open5GS daemon v2.7.2-28-gb6ddd7f+

09/24 14:39:34.375: [app] INFO: Configuration: '/home/bunie/open5gs/install/etc/open5gs/nssf.yaml' (../lib/app/ogs-init.c:133)
09/24 14:39:34.375: [app] INFO: File Logging: '/home/bunie/open5gs/install/var/log/open5gs/nssf.log' (../lib/app/ogs-init.c:136)
09/24 14:39:34.383: [sbi] INFO: NF EndPoint(addr) setup [127.0.0.10:7777] (../lib/sbi/context.c:426)
09/24 14:39:34.383: [sbi] INFO: NF Service [nnssf-nsselection] (../lib/sbi/context.c:1829)
09/24 14:39:34.383: [sbi] INFO: nghttp2_server() [http://127.0.0.14]:7777 (../lib/sbi/nghttp2-server.c:424)
09/24 14:39:34.383: [app] INFO: NSSF initialize...done (../src/nssf/app.c:31)
09/24 14:39:34.385: [sbi] INFO: [0d8aae90-7a72-41ef-b3ae-d3f221a15e1f] NF registered [Heartbeat:10s] (../lib/sbi/nf-sm.c:208)
09/24 14:39:34.386: [sbi] INFO: NF EndPoint(addr) setup [127.0.0.10:7777] (../lib/sbi/nnrf-handler.c:949)
09/24 14:39:34.386: [sbi] INFO: [0d8b3374-7a72-41ef-a8e1-4bf53815252b] Subscription created until 2024-09-25T14:39:34.386201+02:00 [duration:86400000000,validity:86400.000000,patch:43200.000000] (../lib/sbi/nnrf-handler.c:868)
09/24 14:44:44.652: [sbi] WARNING: [7] Failed to connect to 127.0.0.10 port 7777 after 0 ms: Couldn't connect to server (../lib/sbi/client.c:698)
09/24 14:44:44.652: [sbi] WARNING: ogs_sbi_client_handler() failed [-1] (../lib/sbi/path.c:62)
09/24 14:44:45.645: [sbi] ERROR: [0d8aae90-7a72-41ef-b3ae-d3f221a15e1f] No heartbeat [type:NSSF] (../lib/sbi/nf-sm.c:297)
09/24 14:44:45.645: [sbi] INFO: [0d8aae90-7a72-41ef-b3ae-d3f221a15e1f] NF de-registered (../lib/sbi/nf-sm.c:235)
09/24 14:44:51.574: [app] INFO: SIGINT received (../src/main.c:53)
09/24 14:44:51.574: [app] INFO: Open5GS daemon terminating... (../src/main.c:226)
09/24 14:44:51.575: [app] INFO: NSSF terminate...done (../src/nssf/app.c:39)
Open5GS daemon v2.7.2-28-gb6ddd7f+

09/24 14:45:59.895: [app] INFO: Configuration: '/home/bunie/open5gs/install/etc/open5gs/nssf.yaml' (../lib/app/ogs-init.c:133)
09/24 14:45:59.895: [app] INFO: File Logging: '/home/bunie/open5gs/install/var/log/open5gs/nssf.log' (../lib/app/ogs-init.c:136)
09/24 14:45:59.902: [sbi] INFO: NF EndPoint(addr) setup [127.0.0.10:7777] (../lib/sbi/context.c:426)
09/24 14:45:59.902: [sbi] INFO: NF Service [nnssf-nsselection] (../lib/sbi/context.c:1829)
09/24 14:45:59.902: [sbi] INFO: nghttp2_server() [http://127.0.0.14]:7777 (../lib/sbi/nghttp2-server.c:424)
09/24 14:45:59.903: [app] INFO: NSSF initialize...done (../src/nssf/app.c:31)
09/24 14:45:59.905: [sbi] INFO: [f35444fe-7a72-41ef-ac10-2bff1bb6a95f] NF registered [Heartbeat:10s] (../lib/sbi/nf-sm.c:208)
09/24 14:45:59.906: [sbi] INFO: NF EndPoint(addr) setup [127.0.0.10:7777] (../lib/sbi/nnrf-handler.c:949)
09/24 14:45:59.906: [sbi] INFO: [f354caa0-7a72-41ef-98f1-8bbfbcfb36b1] Subscription created until 2024-09-25T14:45:59.905618+02:00 [duration:86400000000,validity:86400.000000,patch:43200.000000] (../lib/sbi/nnrf-handler.c:868)
09/24 14:56:10.459: [sbi] WARNING: [f35444fe-7a72-41ef-ac10-2bff1bb6a95f] HTTP response error [404] (../lib/sbi/nf-sm.c:264)
09/24 14:56:10.459: [sbi] INFO: [f35444fe-7a72-41ef-ac10-2bff1bb6a95f] NF de-registered (../lib/sbi/nf-sm.c:235)
09/24 14:56:12.461: [sbi] WARNING: [f35444fe-7a72-41ef-ac10-2bff1bb6a95f] Retry registration with NRF (../lib/sbi/nf-sm.c:395)
09/24 14:56:12.463: [sbi] INFO: [f35444fe-7a72-41ef-ac10-2bff1bb6a95f] NF registered [Heartbeat:10s] (../lib/sbi/nf-sm.c:208)
09/24 14:56:12.464: [sbi] INFO: NF EndPoint(addr) setup [127.0.0.10:7777] (../lib/sbi/nnrf-handler.c:949)
09/24 14:56:12.464: [sbi] INFO: [6071c86c-7a74-41ef-8455-ad39895cde35] Subscription created until 2024-09-25T14:56:12.464041+02:00 [duration:86400000000,validity:86400.000000,patch:43200.000000] (../lib/sbi/nnrf-handler.c:868)
09/24 14:56:14.023: [sbi] INFO: [e84675aa-7a72-41ef-ab4b-15291717206a] (NRF-notify) NF registered (../lib/sbi/nnrf-handler.c:1133)
09/24 14:56:14.023: [sbi] INFO: [e84675aa-7a72-41ef-ab4b-15291717206a] (NRF-notify) NF Profile updated [type:SEPP] (../lib/sbi/nnrf-handler.c:1147)
09/24 14:56:14.023: [sbi] INFO: NF EndPoint(addr) setup [127.0.1.250:7777] (../lib/sbi/context.c:2195)
09/25 10:46:41.251: [core] ERROR: epoll failed (4:Interrupted system call) (../lib/core/ogs-epoll.c:220)
09/25 11:15:46.689: [sbi] WARNING: [7] Failed to connect to 127.0.0.10 port 7777 after 0 ms: Couldn't connect to server (../lib/sbi/client.c:698)
09/25 11:15:46.689: [sbi] WARNING: ogs_sbi_client_handler() failed [-1] (../lib/sbi/path.c:62)
09/25 11:15:47.689: [sbi] ERROR: [f35444fe-7a72-41ef-ac10-2bff1bb6a95f] No heartbeat [type:NSSF] (../lib/sbi/nf-sm.c:297)
09/25 11:15:47.689: [sbi] INFO: [f35444fe-7a72-41ef-ac10-2bff1bb6a95f] NF de-registered (../lib/sbi/nf-sm.c:235)
09/25 11:15:52.887: [app] INFO: SIGINT received (../src/main.c:53)
09/25 11:15:52.887: [app] INFO: Open5GS daemon terminating... (../src/main.c:226)
09/25 11:15:52.888: [app] INFO: NSSF terminate...done (../src/nssf/app.c:39)
Open5GS daemon v2.7.2-28-gb6ddd7f+

09/25 11:17:56.239: [app] INFO: Configuration: '/home/bunie/open5gs/install/etc/open5gs/nssf.yaml' (../lib/app/ogs-init.c:133)
09/25 11:17:56.239: [app] INFO: File Logging: '/home/bunie/open5gs/install/var/log/open5gs/nssf.log' (../lib/app/ogs-init.c:136)
09/25 11:17:56.246: [sbi] INFO: NF EndPoint(addr) setup [127.0.0.10:7777] (../lib/sbi/context.c:426)
09/25 11:17:56.247: [sbi] INFO: NF Service [nnssf-nsselection] (../lib/sbi/context.c:1829)
09/25 11:17:56.247: [sbi] INFO: nghttp2_server() [http://127.0.0.14]:7777 (../lib/sbi/nghttp2-server.c:424)
09/25 11:17:56.247: [app] INFO: NSSF initialize...done (../src/nssf/app.c:31)
09/25 11:17:56.249: [sbi] INFO: [0ce75eb8-7b1f-41ef-8ca7-95af50fc2461] NF registered [Heartbeat:10s] (../lib/sbi/nf-sm.c:208)
09/25 11:17:56.250: [sbi] INFO: NF EndPoint(addr) setup [127.0.0.10:7777] (../lib/sbi/nnrf-handler.c:949)
09/25 11:17:56.250: [sbi] INFO: [0ce7ef54-7b1f-41ef-9f3a-67bc21348f38] Subscription created until 2024-09-26T11:17:56.250473+02:00 [duration:86400000000,validity:86400.000000,patch:43200.000000] (../lib/sbi/nnrf-handler.c:868)
09/25 12:13:19.290: [sbi] WARNING: [0ce75eb8-7b1f-41ef-8ca7-95af50fc2461] HTTP response error [404] (../lib/sbi/nf-sm.c:264)
09/25 12:13:19.290: [sbi] INFO: [0ce75eb8-7b1f-41ef-8ca7-95af50fc2461] NF de-registered (../lib/sbi/nf-sm.c:235)
09/25 12:13:21.292: [sbi] WARNING: [0ce75eb8-7b1f-41ef-8ca7-95af50fc2461] Retry registration with NRF (../lib/sbi/nf-sm.c:395)
09/25 12:13:21.293: [sbi] INFO: [0ce75eb8-7b1f-41ef-8ca7-95af50fc2461] NF registered [Heartbeat:10s] (../lib/sbi/nf-sm.c:208)
09/25 12:13:21.293: [sbi] INFO: NF EndPoint(addr) setup [127.0.0.10:7777] (../lib/sbi/nnrf-handler.c:949)
09/25 12:13:21.293: [sbi] INFO: [cac93616-7b26-41ef-ba8c-ed86672e236c] Subscription created until 2024-09-26T12:13:21.293290+02:00 [duration:86400000000,validity:86400.000000,patch:43200.000000] (../lib/sbi/nnrf-handler.c:868)
09/25 12:13:28.049: [sbi] INFO: [db270252-7b1e-41ef-8279-05d5fa0f39e9] (NRF-notify) NF registered (../lib/sbi/nnrf-handler.c:1133)
09/25 12:13:28.049: [sbi] INFO: [db270252-7b1e-41ef-8279-05d5fa0f39e9] (NRF-notify) NF Profile updated [type:SEPP] (../lib/sbi/nnrf-handler.c:1147)
09/25 12:13:28.049: [sbi] INFO: NF EndPoint(addr) setup [127.0.1.250:7777] (../lib/sbi/context.c:2195)
09/25 14:07:01.374: [app] INFO: SIGINT received (../src/main.c:53)
09/25 14:07:01.374: [app] INFO: Open5GS daemon terminating... (../src/main.c:226)
09/25 14:07:01.374: [sbi] INFO: [0ce75eb8-7b1f-41ef-8ca7-95af50fc2461] NF de-registered (../lib/sbi/nf-sm.c:235)
09/25 14:07:01.377: [app] INFO: NSSF terminate...done (../src/nssf/app.c:39)
Open5GS daemon v2.7.2-28-gb6ddd7f+

09/25 14:14:59.404: [app] INFO: Configuration: '/home/bunie/open5gs/install/etc/open5gs/nssf.yaml' (../lib/app/ogs-init.c:133)
09/25 14:14:59.404: [app] INFO: File Logging: '/home/bunie/open5gs/install/var/log/open5gs/nssf.log' (../lib/app/ogs-init.c:136)
09/25 14:14:59.412: [sbi] INFO: NF EndPoint(addr) setup [127.0.0.10:7777] (../lib/sbi/context.c:426)
09/25 14:14:59.412: [sbi] INFO: NF Service [nnssf-nsselection] (../lib/sbi/context.c:1829)
09/25 14:14:59.412: [sbi] INFO: nghttp2_server() [http://127.0.0.14]:7777 (../lib/sbi/nghttp2-server.c:424)
09/25 14:14:59.412: [app] INFO: NSSF initialize...done (../src/nssf/app.c:31)
09/25 14:14:59.414: [sbi] INFO: [c8cdbc72-7b37-41ef-bc98-5580d0b900d9] NF registered [Heartbeat:10s] (../lib/sbi/nf-sm.c:208)
09/25 14:14:59.415: [sbi] INFO: NF EndPoint(addr) setup [127.0.0.10:7777] (../lib/sbi/nnrf-handler.c:949)
09/25 14:14:59.416: [sbi] INFO: [c8ce464c-7b37-41ef-8d8c-5d9dd23bd8f2] Subscription created until 2024-09-26T14:14:59.415481+02:00 [duration:86400000000,validity:86400.000000,patch:43200.000000] (../lib/sbi/nnrf-handler.c:868)
09/26 09:41:07.808: [core] ERROR: epoll failed (4:Interrupted system call) (../lib/core/ogs-epoll.c:220)
09/27 09:52:11.804: [core] ERROR: epoll failed (4:Interrupted system call) (../lib/core/ogs-epoll.c:220)
09/27 10:12:58.486: [nssf] INFO: [c8ce464c-7b37-41ef-8d8c-5d9dd23bd8f2] Need to update Subscription (../src/nssf/nssf-sm.c:322)
09/27 10:12:58.487: [sbi] INFO: [c8ce464c-7b37-41ef-8d8c-5d9dd23bd8f2] Subscription updated(204 No Content) until 2024-09-28T10:12:58.487639+02:00 [duration:86400000000,validity:86400.000000,patch:43200.000000] (../lib/sbi/nnrf-handler.c:868)
09/27 19:42:12.611: [core] ERROR: epoll failed (4:Interrupted system call) (../lib/core/ogs-epoll.c:220)
09/27 21:37:51.377: [core] ERROR: epoll failed (4:Interrupted system call) (../lib/core/ogs-epoll.c:220)
09/27 22:36:32.439: [core] ERROR: epoll failed (4:Interrupted system call) (../lib/core/ogs-epoll.c:220)
09/29 14:42:55.573: [core] ERROR: epoll failed (4:Interrupted system call) (../lib/core/ogs-epoll.c:220)
09/29 16:50:21.695: [nssf] INFO: [c8ce464c-7b37-41ef-8d8c-5d9dd23bd8f2] Need to update Subscription (../src/nssf/nssf-sm.c:322)
09/29 16:50:21.696: [sbi] INFO: [c8ce464c-7b37-41ef-8d8c-5d9dd23bd8f2] Subscription updated(204 No Content) until 2024-09-30T16:50:21.696542+02:00 [duration:86400000000,validity:86400.000000,patch:43200.000000] (../lib/sbi/nnrf-handler.c:868)
09/29 19:21:48.427: [core] ERROR: epoll failed (4:Interrupted system call) (../lib/core/ogs-epoll.c:220)
09/30 10:13:15.562: [core] ERROR: epoll failed (4:Interrupted system call) (../lib/core/ogs-epoll.c:220)
09/30 20:45:31.517: [core] ERROR: epoll failed (4:Interrupted system call) (../lib/core/ogs-epoll.c:220)
09/30 22:19:38.420: [core] ERROR: epoll failed (4:Interrupted system call) (../lib/core/ogs-epoll.c:220)
09/30 22:27:14.434: [nssf] INFO: [c8ce464c-7b37-41ef-8d8c-5d9dd23bd8f2] Need to update Subscription (../src/nssf/nssf-sm.c:322)
09/30 22:27:14.435: [sbi] INFO: [c8ce464c-7b37-41ef-8d8c-5d9dd23bd8f2] Subscription updated(204 No Content) until 2024-10-01T22:27:14.435866+02:00 [duration:86400000000,validity:86400.000000,patch:43200.000000] (../lib/sbi/nnrf-handler.c:868)
10/01 10:18:40.323: [core] ERROR: epoll failed (4:Interrupted system call) (../lib/core/ogs-epoll.c:220)
10/01 20:29:15.538: [core] ERROR: epoll failed (4:Interrupted system call) (../lib/core/ogs-epoll.c:220)
10/01 21:03:42.199: [nssf] INFO: [c8ce464c-7b37-41ef-8d8c-5d9dd23bd8f2] Need to update Subscription (../src/nssf/nssf-sm.c:322)
10/01 21:03:42.202: [sbi] INFO: [c8ce464c-7b37-41ef-8d8c-5d9dd23bd8f2] Subscription updated(204 No Content) until 2024-10-02T21:03:42.202408+02:00 [duration:86400000000,validity:86400.000000,patch:43200.000000] (../lib/sbi/nnrf-handler.c:868)
10/02 10:50:23.618: [core] ERROR: epoll failed (4:Interrupted system call) (../lib/core/ogs-epoll.c:220)
10/02 19:51:45.552: [core] ERROR: epoll failed (4:Interrupted system call) (../lib/core/ogs-epoll.c:220)
10/02 22:09:38.714: [nssf] INFO: [c8ce464c-7b37-41ef-8d8c-5d9dd23bd8f2] Need to update Subscription (../src/nssf/nssf-sm.c:322)
10/02 22:09:38.715: [sbi] INFO: [c8ce464c-7b37-41ef-8d8c-5d9dd23bd8f2] Subscription updated(204 No Content) until 2024-10-03T22:09:38.715269+02:00 [duration:86400000000,validity:86400.000000,patch:43200.000000] (../lib/sbi/nnrf-handler.c:868)
10/03 10:09:38.719: [nssf] INFO: [c8ce464c-7b37-41ef-8d8c-5d9dd23bd8f2] Need to update Subscription (../src/nssf/nssf-sm.c:322)
10/03 10:09:38.720: [sbi] INFO: [c8ce464c-7b37-41ef-8d8c-5d9dd23bd8f2] Subscription updated(204 No Content) until 2024-10-04T10:09:38.720518+02:00 [duration:86400000000,validity:86400.000000,patch:43200.000000] (../lib/sbi/nnrf-handler.c:868)
10/04 09:20:40.249: [core] ERROR: epoll failed (4:Interrupted system call) (../lib/core/ogs-epoll.c:220)
10/04 13:46:47.586: [nssf] INFO: [c8ce464c-7b37-41ef-8d8c-5d9dd23bd8f2] Need to update Subscription (../src/nssf/nssf-sm.c:322)
10/04 13:46:47.589: [sbi] INFO: [c8ce464c-7b37-41ef-8d8c-5d9dd23bd8f2] Subscription updated(204 No Content) until 2024-10-05T13:46:47.589427+02:00 [duration:86400000000,validity:86400.000000,patch:43200.000000] (../lib/sbi/nnrf-handler.c:868)
10/04 14:16:52.113: [app] INFO: SIGHUP received (../src/main.c:58)
10/04 14:16:52.118: [app] INFO: SIGHUP received (../src/main.c:58)
