Open5GS daemon v2.7.2-28-gb6ddd7f

08/27 17:31:17.010: [app] INFO: Configuration: './install/etc/open5gs/sepp1.yaml' (../lib/app/ogs-init.c:133)
08/27 17:31:17.010: [app] INFO: File Logging: '/home/bunie/open5gs/install/var/log/open5gs/sepp1.log' (../lib/app/ogs-init.c:136)
08/27 17:31:17.014: [sbi] INFO: NF EndPoint(addr) setup [127.0.0.200:7777] (../lib/sbi/context.c:474)
08/27 17:31:17.014: [sepp] INFO: NF EndPoint(fqdn) setup [sepp2.localdomain:7777] (../src/sepp/context.c:351)
08/27 17:31:17.014: [sepp] INFO: NF EndPoint(fqdn) setup [sepp2.localdomain:7777] (../src/sepp/context.c:377)
08/27 17:31:17.014: [sbi] INFO: nghttp2_server() [http://127.0.1.250]:7777 (../lib/sbi/nghttp2-server.c:424)
08/27 17:31:17.071: [sbi] INFO: nghttp2_server(n32f) [https://127.0.1.252]:7777 (../lib/sbi/nghttp2-server.c:424)
08/27 17:31:17.107: [sbi] INFO: nghttp2_server(sepp) [https://127.0.1.251]:7777 (../lib/sbi/nghttp2-server.c:424)
08/27 17:31:17.108: [app] INFO: SEPP initialize...done (../src/sepp/app.c:31)
08/27 17:31:17.113: [sbi] INFO: [66d273f6-6489-41ef-af12-47596b1f605d] NF registered [Heartbeat:10s] (../lib/sbi/nf-sm.c:208)
08/27 17:31:28.113: [sepp] WARNING: [sepp2.localdomain] Retry establishment with Peer SEPP (../src/sepp/handshake-sm.c:264)
08/27 17:31:28.113: [sbi] ERROR: Connection timer expired (../lib/sbi/client.c:605)
08/27 17:31:28.113: [sbi] WARNING: ogs_sbi_client_handler() failed [-3] (../lib/sbi/path.c:62)
08/27 17:31:39.113: [sepp] WARNING: [sepp2.localdomain] Retry establishment with Peer SEPP (../src/sepp/handshake-sm.c:264)
08/27 17:31:39.113: [sbi] ERROR: Connection timer expired (../lib/sbi/client.c:605)
08/27 17:31:39.113: [sbi] WARNING: ogs_sbi_client_handler() failed [-3] (../lib/sbi/path.c:62)
08/27 17:31:50.113: [sepp] WARNING: [sepp2.localdomain] Retry establishment with Peer SEPP (../src/sepp/handshake-sm.c:264)
08/27 17:31:50.113: [sbi] ERROR: Connection timer expired (../lib/sbi/client.c:605)
08/27 17:31:50.113: [sbi] WARNING: ogs_sbi_client_handler() failed [-3] (../lib/sbi/path.c:62)
08/27 17:32:01.113: [sepp] WARNING: [sepp2.localdomain] Retry establishment with Peer SEPP (../src/sepp/handshake-sm.c:264)
08/27 17:32:01.113: [sbi] ERROR: Connection timer expired (../lib/sbi/client.c:605)
08/27 17:32:01.113: [sbi] WARNING: ogs_sbi_client_handler() failed [-3] (../lib/sbi/path.c:62)
08/27 17:32:12.113: [sepp] WARNING: [sepp2.localdomain] Retry establishment with Peer SEPP (../src/sepp/handshake-sm.c:264)
08/27 17:32:12.114: [sbi] ERROR: Connection timer expired (../lib/sbi/client.c:605)
08/27 17:32:12.114: [sbi] WARNING: ogs_sbi_client_handler() failed [-3] (../lib/sbi/path.c:62)
08/27 17:32:21.243: [app] INFO: SIGTERM received (../src/main.c:53)
08/27 17:32:21.243: [app] INFO: Open5GS daemon terminating... (../src/main.c:226)
08/27 17:32:21.243: [sbi] INFO: [66d273f6-6489-41ef-af12-47596b1f605d] NF de-registered (../lib/sbi/nf-sm.c:235)
08/27 17:32:21.249: [app] INFO: SEPP terminate...done (../src/sepp/app.c:39)
Open5GS daemon v2.7.2-28-gb6ddd7f

08/28 10:58:43.119: [app] INFO: Configuration: './install/etc/open5gs/sepp1.yaml' (../lib/app/ogs-init.c:133)
08/28 10:58:43.119: [app] INFO: File Logging: '/home/bunie/open5gs/install/var/log/open5gs/sepp1.log' (../lib/app/ogs-init.c:136)
08/28 10:58:43.126: [sbi] INFO: NF EndPoint(addr) setup [127.0.0.10:7777] (../lib/sbi/context.c:426)
08/28 10:58:43.126: [sepp] INFO: NF EndPoint(fqdn) setup [sepp2.localdomain:7777] (../src/sepp/context.c:351)
08/28 10:58:43.126: [sepp] INFO: NF EndPoint(fqdn) setup [sepp2.localdomain:7777] (../src/sepp/context.c:377)
08/28 10:58:43.126: [sbi] INFO: nghttp2_server() [http://127.0.1.250]:7777 (../lib/sbi/nghttp2-server.c:424)
08/28 10:58:43.171: [sbi] INFO: nghttp2_server(n32f) [https://127.0.1.252]:7777 (../lib/sbi/nghttp2-server.c:424)
08/28 10:58:43.208: [sbi] INFO: nghttp2_server(sepp) [https://127.0.1.251]:7777 (../lib/sbi/nghttp2-server.c:424)
08/28 10:58:43.209: [app] INFO: SEPP initialize...done (../src/sepp/app.c:31)
08/28 10:58:43.211: [sbi] INFO: [ba060ec4-651b-41ef-a9d2-6901d11bc9fe] NF registered [Heartbeat:10s] (../lib/sbi/nf-sm.c:208)
08/28 10:58:54.212: [sepp] WARNING: [sepp2.localdomain] Retry establishment with Peer SEPP (../src/sepp/handshake-sm.c:264)
08/28 10:58:54.212: [sbi] ERROR: Connection timer expired (../lib/sbi/client.c:605)
08/28 10:58:54.212: [sbi] WARNING: ogs_sbi_client_handler() failed [-3] (../lib/sbi/path.c:62)
08/28 10:59:04.245: [app] INFO: SIGTERM received (../src/main.c:53)
08/28 10:59:04.245: [app] INFO: Open5GS daemon terminating... (../src/main.c:226)
08/28 10:59:04.245: [sbi] INFO: [ba060ec4-651b-41ef-a9d2-6901d11bc9fe] NF de-registered (../lib/sbi/nf-sm.c:235)
08/28 10:59:04.252: [app] INFO: SEPP terminate...done (../src/sepp/app.c:39)
Open5GS daemon v2.7.2-28-gb6ddd7f

08/28 11:03:32.235: [app] INFO: Configuration: './install/etc/open5gs/sepp1.yaml' (../lib/app/ogs-init.c:133)
08/28 11:03:32.235: [app] INFO: File Logging: '/home/bunie/open5gs/install/var/log/open5gs/sepp1.log' (../lib/app/ogs-init.c:136)
08/28 11:03:32.240: [sbi] INFO: NF EndPoint(addr) setup [127.0.0.10:7777] (../lib/sbi/context.c:426)
08/28 11:03:32.240: [sepp] INFO: NF EndPoint(fqdn) setup [sepp2.localdomain:7777] (../src/sepp/context.c:351)
08/28 11:03:32.240: [sepp] INFO: NF EndPoint(fqdn) setup [sepp2.localdomain:7777] (../src/sepp/context.c:377)
08/28 11:03:32.240: [sbi] INFO: nghttp2_server() [http://127.0.1.250]:7777 (../lib/sbi/nghttp2-server.c:424)
08/28 11:03:32.270: [sbi] INFO: nghttp2_server(n32f) [https://127.0.1.252]:7777 (../lib/sbi/nghttp2-server.c:424)
08/28 11:03:32.308: [sbi] INFO: nghttp2_server(sepp) [https://127.0.1.251]:7777 (../lib/sbi/nghttp2-server.c:424)
08/28 11:03:32.308: [app] INFO: SEPP initialize...done (../src/sepp/app.c:31)
08/28 11:03:32.311: [sbi] INFO: [66596ffe-651c-41ef-b61d-0d394751a9b8] NF registered [Heartbeat:10s] (../lib/sbi/nf-sm.c:208)
08/28 11:03:43.311: [sepp] WARNING: [sepp2.localdomain] Retry establishment with Peer SEPP (../src/sepp/handshake-sm.c:264)
08/28 11:03:43.311: [sbi] ERROR: Connection timer expired (../lib/sbi/client.c:605)
08/28 11:03:43.311: [sbi] WARNING: ogs_sbi_client_handler() failed [-3] (../lib/sbi/path.c:62)
08/28 11:03:54.311: [sepp] WARNING: [sepp2.localdomain] Retry establishment with Peer SEPP (../src/sepp/handshake-sm.c:264)
08/28 11:03:54.311: [sbi] ERROR: Connection timer expired (../lib/sbi/client.c:605)
08/28 11:03:54.311: [sbi] WARNING: ogs_sbi_client_handler() failed [-3] (../lib/sbi/path.c:62)
08/28 11:03:55.187: [app] INFO: SIGINT received (../src/main.c:53)
08/28 11:03:55.187: [app] INFO: Open5GS daemon terminating... (../src/main.c:226)
08/28 11:03:55.187: [sbi] INFO: [66596ffe-651c-41ef-b61d-0d394751a9b8] NF de-registered (../lib/sbi/nf-sm.c:235)
08/28 11:03:55.193: [app] INFO: SEPP terminate...done (../src/sepp/app.c:39)
Open5GS daemon v2.7.2-28-gb6ddd7f

08/28 13:24:41.929: [app] INFO: Configuration: './install/etc/open5gs/sepp1.yaml' (../lib/app/ogs-init.c:133)
08/28 13:24:41.929: [app] INFO: File Logging: '/home/bunie/open5gs/install/var/log/open5gs/sepp1.log' (../lib/app/ogs-init.c:136)
08/28 13:24:41.933: [sbi] INFO: NF EndPoint(addr) setup [127.0.0.10:7777] (../lib/sbi/context.c:426)
08/28 13:24:41.933: [sepp] INFO: NF EndPoint(fqdn) setup [sepp2.localdomain:7777] (../src/sepp/context.c:351)
08/28 13:24:41.933: [sepp] INFO: NF EndPoint(fqdn) setup [sepp2.localdomain:7777] (../src/sepp/context.c:377)
08/28 13:24:41.933: [sbi] INFO: nghttp2_server() [http://127.0.1.250]:7777 (../lib/sbi/nghttp2-server.c:424)
08/28 13:24:41.968: [sbi] INFO: nghttp2_server(n32f) [https://127.0.1.252]:7777 (../lib/sbi/nghttp2-server.c:424)
08/28 13:24:41.995: [sbi] INFO: nghttp2_server(sepp) [https://127.0.1.251]:7777 (../lib/sbi/nghttp2-server.c:424)
08/28 13:24:41.995: [app] INFO: SEPP initialize...done (../src/sepp/app.c:31)
08/28 13:24:41.998: [sbi] INFO: [1eae0570-6530-41ef-aa2e-b7c0552c422c] NF registered [Heartbeat:10s] (../lib/sbi/nf-sm.c:208)
08/28 13:24:52.998: [sepp] WARNING: [sepp2.localdomain] Retry establishment with Peer SEPP (../src/sepp/handshake-sm.c:264)
08/28 13:24:52.999: [sbi] ERROR: Connection timer expired (../lib/sbi/client.c:605)
08/28 13:24:52.999: [sbi] WARNING: ogs_sbi_client_handler() failed [-3] (../lib/sbi/path.c:62)
08/28 13:24:56.381: [app] INFO: SIGINT received (../src/main.c:53)
08/28 13:24:56.381: [app] INFO: Open5GS daemon terminating... (../src/main.c:226)
08/28 13:24:56.381: [sbi] INFO: [1eae0570-6530-41ef-aa2e-b7c0552c422c] NF de-registered (../lib/sbi/nf-sm.c:235)
08/28 13:24:56.385: [app] INFO: SEPP terminate...done (../src/sepp/app.c:39)
Open5GS daemon v2.7.2-28-gb6ddd7f

08/28 13:27:12.008: [app] INFO: Configuration: './install/etc/open5gs/sepp1.yaml' (../lib/app/ogs-init.c:133)
08/28 13:27:12.008: [app] INFO: File Logging: '/home/bunie/open5gs/install/var/log/open5gs/sepp1.log' (../lib/app/ogs-init.c:136)
08/28 13:27:12.013: [sbi] INFO: NF EndPoint(addr) setup [127.0.0.10:7777] (../lib/sbi/context.c:426)
08/28 13:27:12.013: [sepp] INFO: NF EndPoint(fqdn) setup [sepp2.localdomain:7777] (../src/sepp/context.c:351)
08/28 13:27:12.013: [sepp] INFO: NF EndPoint(fqdn) setup [sepp2.localdomain:7777] (../src/sepp/context.c:377)
08/28 13:27:12.014: [sbi] INFO: nghttp2_server() [http://127.0.1.250]:7777 (../lib/sbi/nghttp2-server.c:424)
08/28 13:27:12.059: [sbi] INFO: nghttp2_server(n32f) [https://127.0.1.252]:7777 (../lib/sbi/nghttp2-server.c:424)
08/28 13:27:12.098: [sbi] INFO: nghttp2_server(sepp) [https://127.0.1.251]:7777 (../lib/sbi/nghttp2-server.c:424)
08/28 13:27:12.098: [app] INFO: SEPP initialize...done (../src/sepp/app.c:31)
08/28 13:27:12.101: [sbi] INFO: [78225566-6530-41ef-a65b-8d717be016d4] NF registered [Heartbeat:10s] (../lib/sbi/nf-sm.c:208)
08/28 13:27:23.101: [sepp] WARNING: [sepp2.localdomain] Retry establishment with Peer SEPP (../src/sepp/handshake-sm.c:264)
08/28 13:27:23.101: [sbi] ERROR: Connection timer expired (../lib/sbi/client.c:605)
08/28 13:27:23.101: [sbi] WARNING: ogs_sbi_client_handler() failed [-3] (../lib/sbi/path.c:62)
08/28 13:27:34.101: [sepp] WARNING: [sepp2.localdomain] Retry establishment with Peer SEPP (../src/sepp/handshake-sm.c:264)
08/28 13:27:34.101: [sbi] ERROR: Connection timer expired (../lib/sbi/client.c:605)
08/28 13:27:34.101: [sbi] WARNING: ogs_sbi_client_handler() failed [-3] (../lib/sbi/path.c:62)
08/28 13:27:45.101: [sepp] WARNING: [sepp2.localdomain] Retry establishment with Peer SEPP (../src/sepp/handshake-sm.c:264)
08/28 13:27:45.101: [sbi] ERROR: Connection timer expired (../lib/sbi/client.c:605)
08/28 13:27:45.101: [sbi] WARNING: ogs_sbi_client_handler() failed [-3] (../lib/sbi/path.c:62)
08/28 13:27:56.101: [sepp] WARNING: [sepp2.localdomain] Retry establishment with Peer SEPP (../src/sepp/handshake-sm.c:264)
08/28 13:27:56.101: [sbi] ERROR: Connection timer expired (../lib/sbi/client.c:605)
08/28 13:27:56.101: [sbi] WARNING: ogs_sbi_client_handler() failed [-3] (../lib/sbi/path.c:62)
08/28 13:28:07.101: [sepp] WARNING: [sepp2.localdomain] Retry establishment with Peer SEPP (../src/sepp/handshake-sm.c:264)
08/28 13:28:07.101: [sbi] ERROR: Connection timer expired (../lib/sbi/client.c:605)
08/28 13:28:07.101: [sbi] WARNING: ogs_sbi_client_handler() failed [-3] (../lib/sbi/path.c:62)
08/28 13:28:18.101: [sepp] WARNING: [sepp2.localdomain] Retry establishment with Peer SEPP (../src/sepp/handshake-sm.c:264)
08/28 13:28:18.101: [sbi] ERROR: Connection timer expired (../lib/sbi/client.c:605)
08/28 13:28:18.102: [sbi] WARNING: ogs_sbi_client_handler() failed [-3] (../lib/sbi/path.c:62)
08/28 13:28:29.101: [sepp] WARNING: [sepp2.localdomain] Retry establishment with Peer SEPP (../src/sepp/handshake-sm.c:264)
08/28 13:28:29.101: [sbi] ERROR: Connection timer expired (../lib/sbi/client.c:605)
08/28 13:28:29.101: [sbi] WARNING: ogs_sbi_client_handler() failed [-3] (../lib/sbi/path.c:62)
08/28 13:28:40.101: [sepp] WARNING: [sepp2.localdomain] Retry establishment with Peer SEPP (../src/sepp/handshake-sm.c:264)
08/28 13:28:40.102: [sbi] ERROR: Connection timer expired (../lib/sbi/client.c:605)
08/28 13:28:40.102: [sbi] WARNING: ogs_sbi_client_handler() failed [-3] (../lib/sbi/path.c:62)
08/28 13:28:51.102: [sepp] WARNING: [sepp2.localdomain] Retry establishment with Peer SEPP (../src/sepp/handshake-sm.c:264)
08/28 13:28:51.102: [sbi] ERROR: Connection timer expired (../lib/sbi/client.c:605)
08/28 13:28:51.102: [sbi] WARNING: ogs_sbi_client_handler() failed [-3] (../lib/sbi/path.c:62)
08/28 13:29:02.102: [sepp] WARNING: [sepp2.localdomain] Retry establishment with Peer SEPP (../src/sepp/handshake-sm.c:264)
08/28 13:29:02.102: [sbi] ERROR: Connection timer expired (../lib/sbi/client.c:605)
08/28 13:29:02.102: [sbi] WARNING: ogs_sbi_client_handler() failed [-3] (../lib/sbi/path.c:62)
08/28 13:29:13.102: [sepp] WARNING: [sepp2.localdomain] Retry establishment with Peer SEPP (../src/sepp/handshake-sm.c:264)
08/28 13:29:13.102: [sbi] ERROR: Connection timer expired (../lib/sbi/client.c:605)
08/28 13:29:13.102: [sbi] WARNING: ogs_sbi_client_handler() failed [-3] (../lib/sbi/path.c:62)
08/28 13:29:24.102: [sepp] WARNING: [sepp2.localdomain] Retry establishment with Peer SEPP (../src/sepp/handshake-sm.c:264)
08/28 13:29:24.102: [sbi] ERROR: Connection timer expired (../lib/sbi/client.c:605)
08/28 13:29:24.102: [sbi] WARNING: ogs_sbi_client_handler() failed [-3] (../lib/sbi/path.c:62)
08/28 13:29:35.102: [sepp] WARNING: [sepp2.localdomain] Retry establishment with Peer SEPP (../src/sepp/handshake-sm.c:264)
08/28 13:29:35.102: [sbi] ERROR: Connection timer expired (../lib/sbi/client.c:605)
08/28 13:29:35.102: [sbi] WARNING: ogs_sbi_client_handler() failed [-3] (../lib/sbi/path.c:62)
08/28 13:29:46.102: [sepp] WARNING: [sepp2.localdomain] Retry establishment with Peer SEPP (../src/sepp/handshake-sm.c:264)
08/28 13:29:46.102: [sbi] ERROR: Connection timer expired (../lib/sbi/client.c:605)
08/28 13:29:46.102: [sbi] WARNING: ogs_sbi_client_handler() failed [-3] (../lib/sbi/path.c:62)
08/28 13:29:57.102: [sepp] WARNING: [sepp2.localdomain] Retry establishment with Peer SEPP (../src/sepp/handshake-sm.c:264)
08/28 13:29:57.102: [sbi] ERROR: Connection timer expired (../lib/sbi/client.c:605)
08/28 13:29:57.102: [sbi] WARNING: ogs_sbi_client_handler() failed [-3] (../lib/sbi/path.c:62)
08/28 13:30:08.102: [sepp] WARNING: [sepp2.localdomain] Retry establishment with Peer SEPP (../src/sepp/handshake-sm.c:264)
08/28 13:30:08.102: [sbi] ERROR: Connection timer expired (../lib/sbi/client.c:605)
08/28 13:30:08.102: [sbi] WARNING: ogs_sbi_client_handler() failed [-3] (../lib/sbi/path.c:62)
08/28 13:30:12.936: [sepp] INFO: [sepp2.localdomain] SEPP established (../src/sepp/handshake-sm.c:307)
08/28 13:30:19.102: [sbi] ERROR: Connection timer expired (../lib/sbi/client.c:605)
08/28 13:30:19.102: [sbi] WARNING: ogs_sbi_client_handler() failed [-3] (../lib/sbi/path.c:62)
08/28 13:30:54.245: [app] INFO: SIGINT received (../src/main.c:53)
08/28 13:30:54.245: [app] INFO: Open5GS daemon terminating... (../src/main.c:226)
08/28 13:30:54.245: [sbi] INFO: [78225566-6530-41ef-a65b-8d717be016d4] NF de-registered (../lib/sbi/nf-sm.c:235)
08/28 13:30:54.246: [sepp] INFO: [sepp2.localdomain] SEPP terminated (../src/sepp/handshake-sm.c:311)
08/28 13:30:54.253: [app] INFO: SEPP terminate...done (../src/sepp/app.c:39)
Open5GS daemon v2.7.2-28-gb6ddd7f

08/28 13:31:11.036: [app] INFO: Configuration: './install/etc/open5gs/sepp1.yaml' (../lib/app/ogs-init.c:133)
08/28 13:31:11.036: [app] INFO: File Logging: '/home/bunie/open5gs/install/var/log/open5gs/sepp1.log' (../lib/app/ogs-init.c:136)
08/28 13:31:11.041: [sbi] INFO: NF EndPoint(addr) setup [127.0.0.10:7777] (../lib/sbi/context.c:426)
08/28 13:31:11.042: [sepp] INFO: NF EndPoint(fqdn) setup [sepp2.localdomain:7777] (../src/sepp/context.c:351)
08/28 13:31:11.042: [sepp] INFO: NF EndPoint(fqdn) setup [sepp2.localdomain:7777] (../src/sepp/context.c:377)
08/28 13:31:11.042: [sbi] INFO: nghttp2_server() [http://127.0.1.250]:7777 (../lib/sbi/nghttp2-server.c:424)
08/28 13:31:11.088: [sbi] INFO: nghttp2_server(n32f) [https://127.0.1.252]:7777 (../lib/sbi/nghttp2-server.c:424)
08/28 13:31:11.126: [sbi] INFO: nghttp2_server(sepp) [https://127.0.1.251]:7777 (../lib/sbi/nghttp2-server.c:424)
08/28 13:31:11.126: [app] INFO: SEPP initialize...done (../src/sepp/app.c:31)
08/28 13:31:11.129: [sbi] INFO: [069b397a-6531-41ef-a99d-b7fa42f01ada] NF registered [Heartbeat:10s] (../lib/sbi/nf-sm.c:208)
08/28 13:31:11.187: [sepp] INFO: [sepp2.localdomain] SEPP established (../src/sepp/handshake-sm.c:307)
08/29 03:31:50.568: [core] ERROR: epoll failed (4:Interrupted system call) (../lib/core/ogs-epoll.c:220)
08/29 03:33:21.704: [app] INFO: Signal-NUM[28] received (Window changed) (../src/main.c:63)
08/29 03:36:22.978: [sbi] ERROR: SSL_accept failed [error:0A000126:SSL routines::unexpected eof while reading] (../lib/sbi/nghttp2-server.c:924)
08/29 03:36:25.258: [app] INFO: SIGINT received (../src/main.c:53)
08/29 03:36:25.258: [app] INFO: Open5GS daemon terminating... (../src/main.c:226)
08/29 03:36:25.258: [sbi] INFO: [069b397a-6531-41ef-a99d-b7fa42f01ada] NF de-registered (../lib/sbi/nf-sm.c:235)
08/29 03:36:25.258: [sepp] INFO: [sepp2.localdomain] SEPP terminated (../src/sepp/handshake-sm.c:311)
08/29 03:36:25.272: [app] INFO: SEPP terminate...done (../src/sepp/app.c:39)
Open5GS daemon v2.7.2-28-gb6ddd7f

08/29 03:52:43.457: [app] INFO: Configuration: './install/etc/open5gs/sepp1.yaml' (../lib/app/ogs-init.c:133)
08/29 03:52:43.457: [app] INFO: File Logging: '/home/bunie/open5gs/install/var/log/open5gs/sepp1.log' (../lib/app/ogs-init.c:136)
08/29 03:52:43.462: [sbi] INFO: NF EndPoint(addr) setup [127.0.0.10:7777] (../lib/sbi/context.c:426)
08/29 03:52:43.462: [sepp] INFO: NF EndPoint(fqdn) setup [sepp2.localdomain:7777] (../src/sepp/context.c:351)
08/29 03:52:43.462: [sepp] INFO: NF EndPoint(fqdn) setup [sepp2.localdomain:7777] (../src/sepp/context.c:377)
08/29 03:52:43.463: [sbi] INFO: nghttp2_server() [http://127.0.1.250]:7777 (../lib/sbi/nghttp2-server.c:424)
08/29 03:52:43.510: [sbi] INFO: nghttp2_server(n32f) [https://127.0.1.252]:7777 (../lib/sbi/nghttp2-server.c:424)
08/29 03:52:43.552: [sbi] INFO: nghttp2_server(sepp) [https://127.0.1.251]:7777 (../lib/sbi/nghttp2-server.c:424)
08/29 03:52:43.552: [app] INFO: SEPP initialize...done (../src/sepp/app.c:31)
08/29 03:52:43.556: [sbi] INFO: [61b0a3e0-65a9-41ef-a465-31d0f6ea96d7] NF registered [Heartbeat:10s] (../lib/sbi/nf-sm.c:208)
08/29 03:52:46.277: [sepp] INFO: [sepp2.localdomain] SEPP established (../src/sepp/handshake-sm.c:307)
08/29 03:52:54.556: [sbi] ERROR: Connection timer expired (../lib/sbi/client.c:605)
08/29 03:52:54.556: [sbi] WARNING: ogs_sbi_client_handler() failed [-3] (../lib/sbi/path.c:62)
08/29 11:32:01.409: [core] ERROR: epoll failed (4:Interrupted system call) (../lib/core/ogs-epoll.c:220)
08/29 14:53:44.828: [app] INFO: SIGHUP received (../src/main.c:58)
Open5GS daemon v2.7.2-28-gb6ddd7f

08/29 15:15:11.556: [app] INFO: Configuration: './install/etc/open5gs/sepp1.yaml' (../lib/app/ogs-init.c:133)
08/29 15:15:11.556: [app] INFO: File Logging: '/home/bunie/open5gs/install/var/log/open5gs/sepp1.log' (../lib/app/ogs-init.c:136)
08/29 15:15:11.560: [sbi] INFO: NF EndPoint(addr) setup [127.0.0.10:7777] (../lib/sbi/context.c:426)
08/29 15:15:11.560: [sepp] INFO: NF EndPoint(fqdn) setup [sepp2.localdomain:7777] (../src/sepp/context.c:351)
08/29 15:15:11.560: [sepp] INFO: NF EndPoint(fqdn) setup [sepp2.localdomain:7777] (../src/sepp/context.c:377)
08/29 15:15:11.560: [sbi] INFO: nghttp2_server() [http://127.0.1.250]:7777 (../lib/sbi/nghttp2-server.c:424)
08/29 15:15:11.590: [sbi] INFO: nghttp2_server(n32f) [https://127.0.1.252]:7777 (../lib/sbi/nghttp2-server.c:424)
08/29 15:15:11.615: [sbi] INFO: nghttp2_server(sepp) [https://127.0.1.251]:7777 (../lib/sbi/nghttp2-server.c:424)
08/29 15:15:11.615: [app] INFO: SEPP initialize...done (../src/sepp/app.c:31)
08/29 15:15:11.617: [sbi] INFO: [b8a88e1a-6608-41ef-9810-7508b28fdb22] NF registered [Heartbeat:10s] (../lib/sbi/nf-sm.c:208)
08/29 15:15:22.617: [sepp] WARNING: [sepp2.localdomain] Retry establishment with Peer SEPP (../src/sepp/handshake-sm.c:264)
08/29 15:15:22.617: [sbi] ERROR: Connection timer expired (../lib/sbi/client.c:605)
08/29 15:15:22.617: [sbi] WARNING: ogs_sbi_client_handler() failed [-3] (../lib/sbi/path.c:62)
08/29 15:15:33.617: [sepp] WARNING: [sepp2.localdomain] Retry establishment with Peer SEPP (../src/sepp/handshake-sm.c:264)
08/29 15:15:33.617: [sbi] ERROR: Connection timer expired (../lib/sbi/client.c:605)
08/29 15:15:33.617: [sbi] WARNING: ogs_sbi_client_handler() failed [-3] (../lib/sbi/path.c:62)
08/29 15:15:44.617: [sepp] WARNING: [sepp2.localdomain] Retry establishment with Peer SEPP (../src/sepp/handshake-sm.c:264)
08/29 15:15:44.617: [sbi] ERROR: Connection timer expired (../lib/sbi/client.c:605)
08/29 15:15:44.617: [sbi] WARNING: ogs_sbi_client_handler() failed [-3] (../lib/sbi/path.c:62)
08/29 15:15:55.617: [sepp] WARNING: [sepp2.localdomain] Retry establishment with Peer SEPP (../src/sepp/handshake-sm.c:264)
08/29 15:15:55.617: [sbi] ERROR: Connection timer expired (../lib/sbi/client.c:605)
08/29 15:15:55.617: [sbi] WARNING: ogs_sbi_client_handler() failed [-3] (../lib/sbi/path.c:62)
08/29 15:16:00.534: [app] INFO: SIGINT received (../src/main.c:53)
08/29 15:16:00.534: [app] INFO: Open5GS daemon terminating... (../src/main.c:226)
08/29 15:16:00.534: [sbi] INFO: [b8a88e1a-6608-41ef-9810-7508b28fdb22] NF de-registered (../lib/sbi/nf-sm.c:235)
08/29 15:16:00.540: [app] INFO: SEPP terminate...done (../src/sepp/app.c:39)
Open5GS daemon v2.7.2-28-gb6ddd7f

09/03 11:06:49.743: [app] INFO: Configuration: './install/etc/open5gs/sepp1.yaml' (../lib/app/ogs-init.c:133)
09/03 11:06:49.743: [app] INFO: File Logging: '/home/bunie/open5gs/install/var/log/open5gs/sepp1.log' (../lib/app/ogs-init.c:136)
09/03 11:06:49.748: [sbi] INFO: NF EndPoint(addr) setup [127.0.0.10:7777] (../lib/sbi/context.c:426)
09/03 11:06:49.748: [sepp] INFO: NF EndPoint(fqdn) setup [sepp2.localdomain:7777] (../src/sepp/context.c:351)
09/03 11:06:49.748: [sepp] INFO: NF EndPoint(fqdn) setup [sepp2.localdomain:7777] (../src/sepp/context.c:377)
09/03 11:06:49.749: [sbi] INFO: nghttp2_server() [http://127.0.1.250]:7777 (../lib/sbi/nghttp2-server.c:424)
09/03 11:06:49.797: [sbi] INFO: nghttp2_server(n32f) [https://127.0.1.252]:7777 (../lib/sbi/nghttp2-server.c:424)
09/03 11:06:49.839: [sbi] INFO: nghttp2_server(sepp) [https://127.0.1.251]:7777 (../lib/sbi/nghttp2-server.c:424)
09/03 11:06:49.839: [app] INFO: SEPP initialize...done (../src/sepp/app.c:31)
09/03 11:06:49.841: [sbi] INFO: [da8d4a7e-69d3-41ef-b156-5fdf0cb19fa3] NF registered [Heartbeat:10s] (../lib/sbi/nf-sm.c:208)
09/03 11:07:00.841: [sepp] WARNING: [sepp2.localdomain] Retry establishment with Peer SEPP (../src/sepp/handshake-sm.c:264)
09/03 11:07:00.841: [sbi] ERROR: Connection timer expired (../lib/sbi/client.c:605)
09/03 11:07:00.841: [sbi] WARNING: ogs_sbi_client_handler() failed [-3] (../lib/sbi/path.c:62)
09/03 11:07:11.841: [sepp] WARNING: [sepp2.localdomain] Retry establishment with Peer SEPP (../src/sepp/handshake-sm.c:264)
09/03 11:07:11.841: [sbi] ERROR: Connection timer expired (../lib/sbi/client.c:605)
09/03 11:07:11.841: [sbi] WARNING: ogs_sbi_client_handler() failed [-3] (../lib/sbi/path.c:62)
09/03 11:07:22.841: [sepp] WARNING: [sepp2.localdomain] Retry establishment with Peer SEPP (../src/sepp/handshake-sm.c:264)
09/03 11:07:22.841: [sbi] ERROR: Connection timer expired (../lib/sbi/client.c:605)
09/03 11:07:22.841: [sbi] WARNING: ogs_sbi_client_handler() failed [-3] (../lib/sbi/path.c:62)
09/03 11:07:33.841: [sepp] WARNING: [sepp2.localdomain] Retry establishment with Peer SEPP (../src/sepp/handshake-sm.c:264)
09/03 11:07:33.841: [sbi] ERROR: Connection timer expired (../lib/sbi/client.c:605)
09/03 11:07:33.841: [sbi] WARNING: ogs_sbi_client_handler() failed [-3] (../lib/sbi/path.c:62)
09/03 11:07:44.841: [sepp] WARNING: [sepp2.localdomain] Retry establishment with Peer SEPP (../src/sepp/handshake-sm.c:264)
09/03 11:07:44.841: [sbi] ERROR: Connection timer expired (../lib/sbi/client.c:605)
09/03 11:07:44.841: [sbi] WARNING: ogs_sbi_client_handler() failed [-3] (../lib/sbi/path.c:62)
09/03 11:07:55.841: [sepp] WARNING: [sepp2.localdomain] Retry establishment with Peer SEPP (../src/sepp/handshake-sm.c:264)
09/03 11:07:55.841: [sbi] ERROR: Connection timer expired (../lib/sbi/client.c:605)
09/03 11:07:55.841: [sbi] WARNING: ogs_sbi_client_handler() failed [-3] (../lib/sbi/path.c:62)
09/03 11:08:01.655: [app] INFO: SIGINT received (../src/main.c:53)
09/03 11:08:01.655: [app] INFO: Open5GS daemon terminating... (../src/main.c:226)
09/03 11:08:01.656: [sbi] INFO: [da8d4a7e-69d3-41ef-b156-5fdf0cb19fa3] NF de-registered (../lib/sbi/nf-sm.c:235)
09/03 11:08:01.661: [app] INFO: SEPP terminate...done (../src/sepp/app.c:39)
Open5GS daemon v2.7.2-28-gb6ddd7f

09/03 11:08:25.630: [app] INFO: Configuration: './install/etc/open5gs/sepp1.yaml' (../lib/app/ogs-init.c:133)
09/03 11:08:25.630: [app] INFO: File Logging: '/home/bunie/open5gs/install/var/log/open5gs/sepp1.log' (../lib/app/ogs-init.c:136)
09/03 11:08:25.635: [sbi] INFO: NF EndPoint(addr) setup [127.0.0.10:7777] (../lib/sbi/context.c:426)
09/03 11:08:25.635: [sepp] INFO: NF EndPoint(fqdn) setup [sepp2.localdomain:7777] (../src/sepp/context.c:351)
09/03 11:08:25.635: [sepp] INFO: NF EndPoint(fqdn) setup [sepp2.localdomain:7777] (../src/sepp/context.c:377)
09/03 11:08:25.636: [sbi] INFO: nghttp2_server() [http://127.0.1.250]:7777 (../lib/sbi/nghttp2-server.c:424)
09/03 11:08:25.683: [sbi] INFO: nghttp2_server(n32f) [https://127.0.1.252]:7777 (../lib/sbi/nghttp2-server.c:424)
09/03 11:08:25.722: [sbi] INFO: nghttp2_server(sepp) [https://127.0.1.251]:7777 (../lib/sbi/nghttp2-server.c:424)
09/03 11:08:25.722: [app] INFO: SEPP initialize...done (../src/sepp/app.c:31)
09/03 11:08:25.725: [sbi] INFO: [13b47566-69d4-41ef-9395-893c1498c0bc] NF registered [Heartbeat:10s] (../lib/sbi/nf-sm.c:208)
09/03 11:08:36.725: [sepp] WARNING: [sepp2.localdomain] Retry establishment with Peer SEPP (../src/sepp/handshake-sm.c:264)
09/03 11:08:36.725: [sbi] ERROR: Connection timer expired (../lib/sbi/client.c:605)
09/03 11:08:36.725: [sbi] WARNING: ogs_sbi_client_handler() failed [-3] (../lib/sbi/path.c:62)
09/03 11:08:47.725: [sepp] WARNING: [sepp2.localdomain] Retry establishment with Peer SEPP (../src/sepp/handshake-sm.c:264)
09/03 11:08:47.725: [sbi] ERROR: Connection timer expired (../lib/sbi/client.c:605)
09/03 11:08:47.725: [sbi] WARNING: ogs_sbi_client_handler() failed [-3] (../lib/sbi/path.c:62)
09/03 11:08:58.725: [sepp] WARNING: [sepp2.localdomain] Retry establishment with Peer SEPP (../src/sepp/handshake-sm.c:264)
09/03 11:08:58.725: [sbi] ERROR: Connection timer expired (../lib/sbi/client.c:605)
09/03 11:08:58.725: [sbi] WARNING: ogs_sbi_client_handler() failed [-3] (../lib/sbi/path.c:62)
09/03 11:09:09.725: [sepp] WARNING: [sepp2.localdomain] Retry establishment with Peer SEPP (../src/sepp/handshake-sm.c:264)
09/03 11:09:09.725: [sbi] ERROR: Connection timer expired (../lib/sbi/client.c:605)
09/03 11:09:09.725: [sbi] WARNING: ogs_sbi_client_handler() failed [-3] (../lib/sbi/path.c:62)
09/03 11:09:20.725: [sepp] WARNING: [sepp2.localdomain] Retry establishment with Peer SEPP (../src/sepp/handshake-sm.c:264)
09/03 11:09:20.725: [sbi] ERROR: Connection timer expired (../lib/sbi/client.c:605)
09/03 11:09:20.725: [sbi] WARNING: ogs_sbi_client_handler() failed [-3] (../lib/sbi/path.c:62)
09/03 11:09:21.639: [sepp] INFO: [sepp2.localdomain] SEPP established (../src/sepp/handshake-sm.c:307)
09/03 11:09:31.725: [sbi] ERROR: Connection timer expired (../lib/sbi/client.c:605)
09/03 11:09:31.725: [sbi] WARNING: ogs_sbi_client_handler() failed [-3] (../lib/sbi/path.c:62)
09/03 11:10:53.428: [app] INFO: SIGINT received (../src/main.c:53)
09/03 11:10:53.428: [app] INFO: Open5GS daemon terminating... (../src/main.c:226)
09/03 11:10:53.428: [sbi] INFO: [13b47566-69d4-41ef-9395-893c1498c0bc] NF de-registered (../lib/sbi/nf-sm.c:235)
09/03 11:10:53.428: [sepp] INFO: [sepp2.localdomain] SEPP terminated (../src/sepp/handshake-sm.c:311)
09/03 11:10:53.434: [app] INFO: SEPP terminate...done (../src/sepp/app.c:39)
Open5GS daemon v2.7.2-28-gb6ddd7f

09/03 11:12:50.718: [app] INFO: Configuration: './install/etc/open5gs/sepp1.yaml' (../lib/app/ogs-init.c:133)
09/03 11:12:50.718: [app] INFO: File Logging: '/home/bunie/open5gs/install/var/log/open5gs/sepp1.log' (../lib/app/ogs-init.c:136)
09/03 11:12:50.723: [sbi] INFO: NF EndPoint(addr) setup [127.0.0.10:7777] (../lib/sbi/context.c:426)
09/03 11:12:50.723: [sepp] INFO: NF EndPoint(fqdn) setup [sepp2.localdomain:7777] (../src/sepp/context.c:351)
09/03 11:12:50.723: [sepp] INFO: NF EndPoint(fqdn) setup [sepp2.localdomain:7777] (../src/sepp/context.c:377)
09/03 11:12:50.723: [sbi] INFO: nghttp2_server() [http://127.0.1.250]:7777 (../lib/sbi/nghttp2-server.c:424)
09/03 11:12:50.771: [sbi] INFO: nghttp2_server(n32f) [https://127.0.1.252]:7777 (../lib/sbi/nghttp2-server.c:424)
09/03 11:12:50.810: [sbi] INFO: nghttp2_server(sepp) [https://127.0.1.251]:7777 (../lib/sbi/nghttp2-server.c:424)
09/03 11:12:50.810: [app] INFO: SEPP initialize...done (../src/sepp/app.c:31)
09/03 11:12:50.811: [sbi] INFO: [b1b597c2-69d4-41ef-a0b1-49c77d77ae14] NF registered [Heartbeat:10s] (../lib/sbi/nf-sm.c:208)
09/03 11:13:01.811: [sepp] WARNING: [sepp2.localdomain] Retry establishment with Peer SEPP (../src/sepp/handshake-sm.c:264)
09/03 11:13:01.811: [sbi] ERROR: Connection timer expired (../lib/sbi/client.c:605)
09/03 11:13:01.811: [sbi] WARNING: ogs_sbi_client_handler() failed [-3] (../lib/sbi/path.c:62)
09/03 11:13:11.577: [sepp] INFO: [sepp2.localdomain] SEPP established (../src/sepp/handshake-sm.c:307)
09/03 11:13:12.811: [sbi] ERROR: Connection timer expired (../lib/sbi/client.c:605)
09/03 11:13:12.811: [sbi] WARNING: ogs_sbi_client_handler() failed [-3] (../lib/sbi/path.c:62)
09/03 11:15:00.771: [app] INFO: SIGINT received (../src/main.c:53)
09/03 11:15:00.771: [app] INFO: Open5GS daemon terminating... (../src/main.c:226)
09/03 11:15:00.771: [sbi] INFO: [b1b597c2-69d4-41ef-a0b1-49c77d77ae14] NF de-registered (../lib/sbi/nf-sm.c:235)
09/03 11:15:00.771: [sepp] INFO: [sepp2.localdomain] SEPP terminated (../src/sepp/handshake-sm.c:311)
09/03 11:15:00.777: [app] INFO: SEPP terminate...done (../src/sepp/app.c:39)
Open5GS daemon v2.7.2-28-gb6ddd7f

09/03 11:15:15.072: [app] INFO: Configuration: './install/etc/open5gs/sepp1.yaml' (../lib/app/ogs-init.c:133)
09/03 11:15:15.072: [app] INFO: File Logging: '/home/bunie/open5gs/install/var/log/open5gs/sepp1.log' (../lib/app/ogs-init.c:136)
09/03 11:15:15.076: [sbi] INFO: NF EndPoint(addr) setup [127.0.0.10:7777] (../lib/sbi/context.c:426)
09/03 11:15:15.077: [sepp] INFO: NF EndPoint(fqdn) setup [sepp2.localdomain:7777] (../src/sepp/context.c:351)
09/03 11:15:15.077: [sepp] INFO: NF EndPoint(fqdn) setup [sepp2.localdomain:7777] (../src/sepp/context.c:377)
09/03 11:15:15.077: [sbi] INFO: nghttp2_server() [http://127.0.1.250]:7777 (../lib/sbi/nghttp2-server.c:424)
09/03 11:15:15.127: [sbi] INFO: nghttp2_server(n32f) [https://127.0.1.252]:7777 (../lib/sbi/nghttp2-server.c:424)
09/03 11:15:15.160: [sbi] INFO: nghttp2_server(sepp) [https://127.0.1.251]:7777 (../lib/sbi/nghttp2-server.c:424)
09/03 11:15:15.160: [app] INFO: SEPP initialize...done (../src/sepp/app.c:31)
09/03 11:15:15.162: [sbi] INFO: [07c04054-69d5-41ef-a21c-0bb68796c960] NF registered [Heartbeat:10s] (../lib/sbi/nf-sm.c:208)
09/03 11:15:15.207: [sepp] INFO: [sepp2.localdomain] SEPP established (../src/sepp/handshake-sm.c:307)
09/03 11:20:04.714: [sbi] ERROR: SSL_accept failed [error:0A000126:SSL routines::unexpected eof while reading] (../lib/sbi/nghttp2-server.c:924)
09/03 11:20:14.278: [sepp] WARNING: [sepp2.localdomain] SEPP has already been established (../src/sepp/handshake-sm.c:350)
09/03 11:32:03.819: [app] INFO: Signal-NUM[28] received (Window changed) (../src/main.c:63)
09/03 11:32:04.578: [app] INFO: Signal-NUM[28] received (Window changed) (../src/main.c:63)
09/03 11:32:11.092: [app] INFO: Signal-NUM[28] received (Window changed) (../src/main.c:63)
09/03 11:33:01.305: [app] INFO: Signal-NUM[28] received (Window changed) (../src/main.c:63)
09/03 11:33:01.306: [app] INFO: Signal-NUM[28] received (Window changed) (../src/main.c:63)
09/03 11:33:03.566: [app] INFO: Signal-NUM[28] received (Window changed) (../src/main.c:63)
09/03 11:33:03.568: [app] INFO: Signal-NUM[28] received (Window changed) (../src/main.c:63)
09/03 11:42:27.610: [app] INFO: Signal-NUM[28] received (Window changed) (../src/main.c:63)
09/03 11:42:28.406: [app] INFO: Signal-NUM[28] received (Window changed) (../src/main.c:63)
09/03 11:42:39.151: [app] INFO: Signal-NUM[28] received (Window changed) (../src/main.c:63)
09/03 15:02:45.424: [core] ERROR: epoll failed (4:Interrupted system call) (../lib/core/ogs-epoll.c:220)
09/03 15:35:10.552: [app] INFO: Signal-NUM[28] received (Window changed) (../src/main.c:63)
09/03 15:37:13.135: [sbi] WARNING: [07c04054-69d5-41ef-a21c-0bb68796c960] HTTP response error [404] (../lib/sbi/nf-sm.c:264)
09/03 15:37:13.135: [sbi] INFO: [07c04054-69d5-41ef-a21c-0bb68796c960] NF de-registered (../lib/sbi/nf-sm.c:235)
09/03 15:37:15.137: [sbi] WARNING: [07c04054-69d5-41ef-a21c-0bb68796c960] Retry registration with NRF (../lib/sbi/nf-sm.c:395)
09/03 15:37:15.139: [sbi] INFO: [07c04054-69d5-41ef-a21c-0bb68796c960] NF registered [Heartbeat:10s] (../lib/sbi/nf-sm.c:208)
09/04 09:51:13.395: [core] ERROR: epoll failed (4:Interrupted system call) (../lib/core/ogs-epoll.c:220)
09/04 10:04:05.151: [sbi] WARNING: [7] Failed to connect to 127.0.0.10 port 7777 after 0 ms: Couldn't connect to server (../lib/sbi/client.c:698)
09/04 10:04:05.151: [sbi] WARNING: ogs_sbi_client_handler() failed [-1] (../lib/sbi/path.c:62)
09/04 10:04:06.142: [sbi] ERROR: [07c04054-69d5-41ef-a21c-0bb68796c960] No heartbeat [type:SEPP] (../lib/sbi/nf-sm.c:297)
09/04 10:04:06.142: [sbi] INFO: [07c04054-69d5-41ef-a21c-0bb68796c960] NF de-registered (../lib/sbi/nf-sm.c:235)
09/04 10:04:17.142: [sbi] WARNING: [07c04054-69d5-41ef-a21c-0bb68796c960] Retry registration with NRF (../lib/sbi/nf-sm.c:169)
09/04 10:04:17.142: [sbi] ERROR: Connection timer expired (../lib/sbi/client.c:605)
09/04 10:04:17.142: [sbi] WARNING: ogs_sbi_client_handler() failed [-3] (../lib/sbi/path.c:62)
09/04 10:04:28.142: [sbi] WARNING: [07c04054-69d5-41ef-a21c-0bb68796c960] Retry registration with NRF (../lib/sbi/nf-sm.c:169)
09/04 10:04:28.142: [sbi] ERROR: Connection timer expired (../lib/sbi/client.c:605)
09/04 10:04:28.142: [sbi] WARNING: ogs_sbi_client_handler() failed [-3] (../lib/sbi/path.c:62)
09/04 10:04:39.142: [sbi] WARNING: [07c04054-69d5-41ef-a21c-0bb68796c960] Retry registration with NRF (../lib/sbi/nf-sm.c:169)
09/04 10:04:39.143: [sbi] ERROR: Connection timer expired (../lib/sbi/client.c:605)
09/04 10:04:39.143: [sbi] WARNING: ogs_sbi_client_handler() failed [-3] (../lib/sbi/path.c:62)
09/04 10:04:50.142: [sbi] WARNING: [07c04054-69d5-41ef-a21c-0bb68796c960] Retry registration with NRF (../lib/sbi/nf-sm.c:169)
09/04 10:04:50.143: [sbi] ERROR: Connection timer expired (../lib/sbi/client.c:605)
09/04 10:04:50.143: [sbi] WARNING: ogs_sbi_client_handler() failed [-3] (../lib/sbi/path.c:62)
09/04 10:05:01.143: [sbi] WARNING: [07c04054-69d5-41ef-a21c-0bb68796c960] Retry registration with NRF (../lib/sbi/nf-sm.c:169)
09/04 10:05:01.143: [sbi] ERROR: Connection timer expired (../lib/sbi/client.c:605)
09/04 10:05:01.143: [sbi] WARNING: ogs_sbi_client_handler() failed [-3] (../lib/sbi/path.c:62)
09/04 10:05:12.143: [sbi] WARNING: [07c04054-69d5-41ef-a21c-0bb68796c960] Retry registration with NRF (../lib/sbi/nf-sm.c:169)
09/04 10:05:12.143: [sbi] ERROR: Connection timer expired (../lib/sbi/client.c:605)
09/04 10:05:12.143: [sbi] WARNING: ogs_sbi_client_handler() failed [-3] (../lib/sbi/path.c:62)
09/04 10:05:23.143: [sbi] WARNING: [07c04054-69d5-41ef-a21c-0bb68796c960] Retry registration with NRF (../lib/sbi/nf-sm.c:169)
09/04 10:05:23.143: [sbi] ERROR: Connection timer expired (../lib/sbi/client.c:605)
09/04 10:05:23.143: [sbi] WARNING: ogs_sbi_client_handler() failed [-3] (../lib/sbi/path.c:62)
09/04 10:05:34.143: [sbi] WARNING: [07c04054-69d5-41ef-a21c-0bb68796c960] Retry registration with NRF (../lib/sbi/nf-sm.c:169)
09/04 10:05:34.143: [sbi] ERROR: Connection timer expired (../lib/sbi/client.c:605)
09/04 10:05:34.143: [sbi] WARNING: ogs_sbi_client_handler() failed [-3] (../lib/sbi/path.c:62)
09/04 10:05:34.145: [sbi] INFO: [07c04054-69d5-41ef-a21c-0bb68796c960] NF registered [Heartbeat:10s] (../lib/sbi/nf-sm.c:208)
09/04 10:27:48.235: [app] INFO: SIGINT received (../src/main.c:53)
09/04 10:27:48.235: [app] INFO: Open5GS daemon terminating... (../src/main.c:226)
09/04 10:27:48.235: [sbi] INFO: [07c04054-69d5-41ef-a21c-0bb68796c960] NF de-registered (../lib/sbi/nf-sm.c:235)
09/04 10:27:48.235: [sepp] INFO: [sepp2.localdomain] SEPP terminated (../src/sepp/handshake-sm.c:311)
09/04 10:27:48.244: [app] INFO: SEPP terminate...done (../src/sepp/app.c:39)
Open5GS daemon v2.7.2-28-gb6ddd7f

09/04 10:27:50.453: [app] INFO: Configuration: './install/etc/open5gs/sepp1.yaml' (../lib/app/ogs-init.c:133)
09/04 10:27:50.453: [app] INFO: File Logging: '/home/bunie/open5gs/install/var/log/open5gs/sepp1.log' (../lib/app/ogs-init.c:136)
09/04 10:27:50.456: [sbi] INFO: NF EndPoint(addr) setup [127.0.0.10:7777] (../lib/sbi/context.c:426)
09/04 10:27:50.456: [sepp] INFO: NF EndPoint(fqdn) setup [sepp2.localdomain:7777] (../src/sepp/context.c:351)
09/04 10:27:50.456: [sepp] INFO: NF EndPoint(fqdn) setup [sepp2.localdomain:7777] (../src/sepp/context.c:377)
09/04 10:27:50.456: [sbi] INFO: nghttp2_server() [http://127.0.1.250]:7777 (../lib/sbi/nghttp2-server.c:424)
09/04 10:27:50.485: [sbi] INFO: nghttp2_server(n32f) [https://127.0.1.252]:7777 (../lib/sbi/nghttp2-server.c:424)
09/04 10:27:50.510: [sbi] INFO: nghttp2_server(sepp) [https://127.0.1.251]:7777 (../lib/sbi/nghttp2-server.c:424)
09/04 10:27:50.510: [app] INFO: SEPP initialize...done (../src/sepp/app.c:31)
09/04 10:27:50.513: [sbi] INFO: [92a35ebe-6a97-41ef-947d-6b1c432c2abb] NF registered [Heartbeat:10s] (../lib/sbi/nf-sm.c:208)
09/04 10:27:50.556: [sepp] INFO: [sepp2.localdomain] SEPP established (../src/sepp/handshake-sm.c:307)
09/04 17:26:04.363: [sbi] WARNING: [7] Failed to connect to 127.0.0.10 port 7777 after 0 ms: Couldn't connect to server (../lib/sbi/client.c:698)
09/04 17:26:04.364: [sbi] WARNING: ogs_sbi_client_handler() failed [-1] (../lib/sbi/path.c:62)
09/04 17:26:05.355: [sbi] ERROR: [92a35ebe-6a97-41ef-947d-6b1c432c2abb] No heartbeat [type:SEPP] (../lib/sbi/nf-sm.c:297)
09/04 17:26:05.355: [sbi] INFO: [92a35ebe-6a97-41ef-947d-6b1c432c2abb] NF de-registered (../lib/sbi/nf-sm.c:235)
09/04 17:26:09.186: [app] INFO: SIGINT received (../src/main.c:53)
09/04 17:26:09.186: [app] INFO: Open5GS daemon terminating... (../src/main.c:226)
09/04 17:26:09.186: [sepp] INFO: [sepp2.localdomain] SEPP terminated (../src/sepp/handshake-sm.c:311)
09/04 17:26:09.195: [app] INFO: SEPP terminate...done (../src/sepp/app.c:39)
Open5GS daemon v2.7.2-28-gb6ddd7f+

09/04 17:45:07.905: [app] INFO: Configuration: './install/etc/open5gs/sepp1.yaml' (../lib/app/ogs-init.c:133)
09/04 17:45:07.905: [app] INFO: File Logging: '/home/bunie/open5gs/install/var/log/open5gs/sepp1.log' (../lib/app/ogs-init.c:136)
09/04 17:45:07.910: [sbi] INFO: NF EndPoint(addr) setup [127.0.0.10:7777] (../lib/sbi/context.c:426)
09/04 17:45:07.911: [sepp] INFO: NF EndPoint(fqdn) setup [sepp2.localdomain:7777] (../src/sepp/context.c:351)
09/04 17:45:07.911: [sepp] INFO: NF EndPoint(fqdn) setup [sepp2.localdomain:7777] (../src/sepp/context.c:377)
09/04 17:45:07.911: [sbi] INFO: nghttp2_server() [http://127.0.1.250]:7777 (../lib/sbi/nghttp2-server.c:424)
09/04 17:45:07.960: [sbi] INFO: nghttp2_server(n32f) [https://127.0.1.252]:7777 (../lib/sbi/nghttp2-server.c:424)
09/04 17:45:07.999: [sbi] INFO: nghttp2_server(sepp) [https://127.0.1.251]:7777 (../lib/sbi/nghttp2-server.c:424)
09/04 17:45:08.000: [app] INFO: SEPP initialize...done (../src/sepp/app.c:31)
09/04 17:45:08.002: [sbi] INFO: [a9613080-6ad4-41ef-8098-ffd45edc319f] NF registered [Heartbeat:10s] (../lib/sbi/nf-sm.c:208)
09/04 17:45:11.030: [sepp] INFO: [sepp2.localdomain] SEPP established (../src/sepp/handshake-sm.c:307)
09/04 17:45:19.002: [sbi] ERROR: Connection timer expired (../lib/sbi/client.c:605)
09/04 17:45:19.002: [sbi] WARNING: ogs_sbi_client_handler() failed [-3] (../lib/sbi/path.c:62)
09/04 19:44:35.613: [core] ERROR: epoll failed (4:Interrupted system call) (../lib/core/ogs-epoll.c:220)
09/04 20:16:39.448: [sbi] WARNING: [7] Failed to connect to 127.0.0.10 port 7777 after 0 ms: Couldn't connect to server (../lib/sbi/client.c:698)
09/04 20:16:39.448: [sbi] WARNING: ogs_sbi_client_handler() failed [-1] (../lib/sbi/path.c:62)
09/04 20:16:39.794: [app] INFO: Signal-NUM[28] received (Window changed) (../src/main.c:63)
09/04 20:16:40.441: [sbi] ERROR: [a9613080-6ad4-41ef-8098-ffd45edc319f] No heartbeat [type:SEPP] (../lib/sbi/nf-sm.c:297)
09/04 20:16:40.441: [sbi] INFO: [a9613080-6ad4-41ef-8098-ffd45edc319f] NF de-registered (../lib/sbi/nf-sm.c:235)
09/04 20:16:40.539: [app] INFO: SIGINT received (../src/main.c:53)
09/04 20:16:40.539: [app] INFO: Open5GS daemon terminating... (../src/main.c:226)
09/04 20:16:40.539: [sepp] INFO: [sepp2.localdomain] SEPP terminated (../src/sepp/handshake-sm.c:311)
09/04 20:16:40.549: [app] INFO: SEPP terminate...done (../src/sepp/app.c:39)
Open5GS daemon v2.7.2-28-gb6ddd7f+

09/04 20:19:37.610: [app] INFO: Configuration: './install/etc/open5gs/sepp1.yaml' (../lib/app/ogs-init.c:133)
09/04 20:19:37.610: [app] INFO: File Logging: '/home/bunie/open5gs/install/var/log/open5gs/sepp1.log' (../lib/app/ogs-init.c:136)
09/04 20:19:37.616: [sbi] INFO: NF EndPoint(addr) setup [127.0.0.10:7777] (../lib/sbi/context.c:426)
09/04 20:19:37.616: [sepp] INFO: NF EndPoint(fqdn) setup [sepp2.localdomain:7777] (../src/sepp/context.c:351)
09/04 20:19:37.616: [sepp] INFO: NF EndPoint(fqdn) setup [sepp2.localdomain:7777] (../src/sepp/context.c:377)
09/04 20:19:37.617: [sbi] INFO: nghttp2_server() [http://127.0.1.250]:7777 (../lib/sbi/nghttp2-server.c:424)
09/04 20:19:37.664: [sbi] INFO: nghttp2_server(n32f) [https://127.0.1.252]:7777 (../lib/sbi/nghttp2-server.c:424)
09/04 20:19:37.707: [sbi] INFO: nghttp2_server(sepp) [https://127.0.1.251]:7777 (../lib/sbi/nghttp2-server.c:424)
09/04 20:19:37.707: [app] INFO: SEPP initialize...done (../src/sepp/app.c:31)
09/04 20:19:37.710: [sbi] INFO: [3e8df020-6aea-41ef-b988-7b7a10fd58b3] NF registered [Heartbeat:10s] (../lib/sbi/nf-sm.c:208)
09/04 20:19:40.398: [sepp] INFO: [sepp2.localdomain] SEPP established (../src/sepp/handshake-sm.c:307)
09/04 20:19:48.710: [sbi] ERROR: Connection timer expired (../lib/sbi/client.c:605)
09/04 20:19:48.710: [sbi] WARNING: ogs_sbi_client_handler() failed [-3] (../lib/sbi/path.c:62)
09/04 20:41:08.947: [sbi] WARNING: [7] Failed to connect to 127.0.0.10 port 7777 after 0 ms: Couldn't connect to server (../lib/sbi/client.c:698)
09/04 20:41:08.947: [sbi] WARNING: ogs_sbi_client_handler() failed [-1] (../lib/sbi/path.c:62)
09/04 20:41:09.938: [sbi] ERROR: [3e8df020-6aea-41ef-b988-7b7a10fd58b3] No heartbeat [type:SEPP] (../lib/sbi/nf-sm.c:297)
09/04 20:41:09.938: [sbi] INFO: [3e8df020-6aea-41ef-b988-7b7a10fd58b3] NF de-registered (../lib/sbi/nf-sm.c:235)
09/04 20:41:11.855: [app] INFO: SIGINT received (../src/main.c:53)
09/04 20:41:11.855: [app] INFO: Open5GS daemon terminating... (../src/main.c:226)
09/04 20:41:11.855: [sepp] INFO: [sepp2.localdomain] SEPP terminated (../src/sepp/handshake-sm.c:311)
09/04 20:41:11.862: [app] INFO: SEPP terminate...done (../src/sepp/app.c:39)
Open5GS daemon v2.7.2-28-gb6ddd7f+

09/04 21:48:32.967: [app] INFO: Configuration: './install/etc/open5gs/sepp1.yaml' (../lib/app/ogs-init.c:133)
09/04 21:48:32.967: [app] INFO: File Logging: '/home/bunie/open5gs/install/var/log/open5gs/sepp1.log' (../lib/app/ogs-init.c:136)
09/04 21:48:32.973: [sbi] INFO: NF EndPoint(addr) setup [127.0.0.10:7777] (../lib/sbi/context.c:426)
09/04 21:48:32.973: [sepp] INFO: NF EndPoint(fqdn) setup [sepp2.localdomain:7777] (../src/sepp/context.c:351)
09/04 21:48:32.973: [sepp] INFO: NF EndPoint(fqdn) setup [sepp2.localdomain:7777] (../src/sepp/context.c:377)
09/04 21:48:32.973: [sbi] INFO: nghttp2_server() [http://127.0.1.250]:7777 (../lib/sbi/nghttp2-server.c:424)
09/04 21:48:33.020: [sbi] INFO: nghttp2_server(n32f) [https://127.0.1.252]:7777 (../lib/sbi/nghttp2-server.c:424)
09/04 21:48:33.062: [sbi] INFO: nghttp2_server(sepp) [https://127.0.1.251]:7777 (../lib/sbi/nghttp2-server.c:424)
09/04 21:48:33.062: [app] INFO: SEPP initialize...done (../src/sepp/app.c:31)
09/04 21:48:33.065: [sbi] INFO: [aaacc55e-6af6-41ef-b588-5337dd1f3c72] NF registered [Heartbeat:10s] (../lib/sbi/nf-sm.c:208)
09/04 21:48:35.752: [sepp] INFO: [sepp2.localdomain] SEPP established (../src/sepp/handshake-sm.c:307)
09/04 21:48:44.065: [sbi] ERROR: Connection timer expired (../lib/sbi/client.c:605)
09/04 21:48:44.065: [sbi] WARNING: ogs_sbi_client_handler() failed [-3] (../lib/sbi/path.c:62)
09/05 00:04:46.136: [app] INFO: SIGINT received (../src/main.c:53)
09/05 00:04:46.136: [app] INFO: Open5GS daemon terminating... (../src/main.c:226)
09/05 00:04:46.136: [sbi] INFO: [aaacc55e-6af6-41ef-b588-5337dd1f3c72] NF de-registered (../lib/sbi/nf-sm.c:235)
09/05 00:04:46.136: [sepp] INFO: [sepp2.localdomain] SEPP terminated (../src/sepp/handshake-sm.c:311)
09/05 00:04:46.137: [sbi] WARNING: [7] Failed to connect to 127.0.0.10 port 7777 after 0 ms: Couldn't connect to server (../lib/sbi/client.c:698)
09/05 00:04:46.137: [sbi] WARNING: ogs_sbi_client_handler() failed [-1] (../lib/sbi/path.c:62)
09/05 00:04:46.140: [app] INFO: SEPP terminate...done (../src/sepp/app.c:39)
Open5GS daemon v2.7.2-28-gb6ddd7f+

09/05 00:05:19.035: [app] INFO: Configuration: './install/etc/open5gs/sepp1.yaml' (../lib/app/ogs-init.c:133)
09/05 00:05:19.035: [app] INFO: File Logging: '/home/bunie/open5gs/install/var/log/open5gs/sepp1.log' (../lib/app/ogs-init.c:136)
09/05 00:05:19.038: [sbi] INFO: NF EndPoint(addr) setup [127.0.0.10:7777] (../lib/sbi/context.c:426)
09/05 00:05:19.038: [sepp] INFO: NF EndPoint(fqdn) setup [sepp2.localdomain:7777] (../src/sepp/context.c:351)
09/05 00:05:19.038: [sepp] INFO: NF EndPoint(fqdn) setup [sepp2.localdomain:7777] (../src/sepp/context.c:377)
09/05 00:05:19.038: [sbi] INFO: nghttp2_server() [http://127.0.1.250]:7777 (../lib/sbi/nghttp2-server.c:424)
09/05 00:05:19.052: [sbi] INFO: nghttp2_server(n32f) [https://127.0.1.252]:7777 (../lib/sbi/nghttp2-server.c:424)
09/05 00:05:19.065: [sbi] INFO: nghttp2_server(sepp) [https://127.0.1.251]:7777 (../lib/sbi/nghttp2-server.c:424)
09/05 00:05:19.065: [app] INFO: SEPP initialize...done (../src/sepp/app.c:31)
09/05 00:05:19.066: [sbi] INFO: [c5df0b6c-6b09-41ef-b8a0-e3bc391c6ddf] NF registered [Heartbeat:10s] (../lib/sbi/nf-sm.c:208)
09/05 00:05:22.051: [sepp] INFO: [sepp2.localdomain] SEPP established (../src/sepp/handshake-sm.c:307)
09/05 00:05:30.066: [sbi] ERROR: Connection timer expired (../lib/sbi/client.c:605)
09/05 00:05:30.067: [sbi] WARNING: ogs_sbi_client_handler() failed [-3] (../lib/sbi/path.c:62)
09/05 09:21:52.809: [core] ERROR: epoll failed (4:Interrupted system call) (../lib/core/ogs-epoll.c:220)
09/06 08:14:28.675: [core] ERROR: epoll failed (4:Interrupted system call) (../lib/core/ogs-epoll.c:220)
09/06 09:46:51.547: [core] ERROR: epoll failed (4:Interrupted system call) (../lib/core/ogs-epoll.c:220)
09/06 19:40:04.554: [core] ERROR: epoll failed (4:Interrupted system call) (../lib/core/ogs-epoll.c:220)
09/07 11:02:10.532: [core] ERROR: epoll failed (4:Interrupted system call) (../lib/core/ogs-epoll.c:220)
09/07 14:44:37.232: [app] INFO: SIGHUP received (../src/main.c:58)
09/07 14:44:37.237: [app] INFO: SIGHUP received (../src/main.c:58)
Open5GS daemon v2.7.2-28-gb6ddd7f+

09/16 12:40:42.361: [app] INFO: Configuration: './install/etc/open5gs/sepp1.yaml' (../lib/app/ogs-init.c:133)
09/16 12:40:42.361: [app] INFO: File Logging: '/home/bunie/open5gs/install/var/log/open5gs/sepp1.log' (../lib/app/ogs-init.c:136)
09/16 12:40:42.363: [sbi] INFO: NF EndPoint(addr) setup [127.0.0.10:7777] (../lib/sbi/context.c:426)
09/16 12:40:42.364: [sepp] INFO: NF EndPoint(fqdn) setup [sepp2.localdomain:7777] (../src/sepp/context.c:351)
09/16 12:40:42.364: [sepp] INFO: NF EndPoint(fqdn) setup [sepp2.localdomain:7777] (../src/sepp/context.c:377)
09/16 12:40:42.364: [sbi] INFO: nghttp2_server() [http://127.0.1.250]:7777 (../lib/sbi/nghttp2-server.c:424)
09/16 12:40:42.379: [sbi] INFO: nghttp2_server(n32f) [https://127.0.1.252]:7777 (../lib/sbi/nghttp2-server.c:424)
09/16 12:40:42.392: [sbi] INFO: nghttp2_server(sepp) [https://127.0.1.251]:7777 (../lib/sbi/nghttp2-server.c:424)
09/16 12:40:42.392: [app] INFO: SEPP initialize...done (../src/sepp/app.c:31)
09/16 12:40:42.393: [sbi] INFO: [1f38ec02-7418-41ef-a11e-a52f6e155055] NF registered [Heartbeat:10s] (../lib/sbi/nf-sm.c:208)
09/16 12:40:52.699: [sepp] INFO: [sepp2.localdomain] SEPP established (../src/sepp/handshake-sm.c:307)
09/16 12:40:53.393: [sbi] ERROR: Connection timer expired (../lib/sbi/client.c:605)
09/16 12:40:53.393: [sbi] WARNING: ogs_sbi_client_handler() failed [-3] (../lib/sbi/path.c:62)
09/16 14:05:17.314: [sbi] ERROR: SSL_accept failed [error:0A000126:SSL routines::unexpected eof while reading] (../lib/sbi/nghttp2-server.c:924)
09/16 14:05:18.732: [app] INFO: SIGINT received (../src/main.c:53)
09/16 14:05:18.732: [app] INFO: Open5GS daemon terminating... (../src/main.c:226)
09/16 14:05:18.732: [sbi] INFO: [1f38ec02-7418-41ef-a11e-a52f6e155055] NF de-registered (../lib/sbi/nf-sm.c:235)
09/16 14:05:18.732: [sepp] INFO: [sepp2.localdomain] SEPP terminated (../src/sepp/handshake-sm.c:311)
09/16 14:05:18.736: [app] INFO: SEPP terminate...done (../src/sepp/app.c:39)
Open5GS daemon v2.7.2-28-gb6ddd7f+

09/16 14:16:22.425: [app] INFO: Configuration: './install/etc/open5gs/sepp1.yaml' (../lib/app/ogs-init.c:133)
09/16 14:16:22.425: [app] INFO: File Logging: '/home/bunie/open5gs/install/var/log/open5gs/sepp1.log' (../lib/app/ogs-init.c:136)
09/16 14:16:22.427: [sbi] INFO: NF EndPoint(addr) setup [127.0.0.10:7777] (../lib/sbi/context.c:426)
09/16 14:16:22.427: [sepp] INFO: NF EndPoint(fqdn) setup [sepp2.localdomain:7777] (../src/sepp/context.c:351)
09/16 14:16:22.427: [sepp] INFO: NF EndPoint(fqdn) setup [sepp2.localdomain:7777] (../src/sepp/context.c:377)
09/16 14:16:22.428: [sbi] INFO: nghttp2_server() [http://127.0.1.250]:7777 (../lib/sbi/nghttp2-server.c:424)
09/16 14:16:22.442: [sbi] INFO: nghttp2_server(n32f) [https://127.0.1.252]:7777 (../lib/sbi/nghttp2-server.c:424)
09/16 14:16:22.454: [sbi] INFO: nghttp2_server(sepp) [https://127.0.1.251]:7777 (../lib/sbi/nghttp2-server.c:424)
09/16 14:16:22.454: [app] INFO: SEPP initialize...done (../src/sepp/app.c:31)
09/16 14:16:22.456: [sbi] INFO: [7c91314a-7425-41ef-8045-c36e1f78c94b] NF registered [Heartbeat:10s] (../lib/sbi/nf-sm.c:208)
09/16 14:16:25.724: [sepp] INFO: [sepp2.localdomain] SEPP established (../src/sepp/handshake-sm.c:307)
09/16 14:16:33.456: [sbi] ERROR: Connection timer expired (../lib/sbi/client.c:605)
09/16 14:16:33.456: [sbi] WARNING: ogs_sbi_client_handler() failed [-3] (../lib/sbi/path.c:62)
09/16 14:33:23.353: [sbi] WARNING: [7] Failed to connect to 127.0.0.10 port 7777 after 0 ms: Couldn't connect to server (../lib/sbi/client.c:698)
09/16 14:33:23.353: [sbi] WARNING: ogs_sbi_client_handler() failed [-1] (../lib/sbi/path.c:62)
09/16 14:33:24.234: [app] INFO: SIGINT received (../src/main.c:53)
09/16 14:33:24.234: [app] INFO: Open5GS daemon terminating... (../src/main.c:226)
09/16 14:33:24.234: [sbi] INFO: [7c91314a-7425-41ef-8045-c36e1f78c94b] NF de-registered (../lib/sbi/nf-sm.c:235)
09/16 14:33:24.235: [sepp] INFO: [sepp2.localdomain] SEPP terminated (../src/sepp/handshake-sm.c:311)
09/16 14:33:24.240: [app] INFO: SEPP terminate...done (../src/sepp/app.c:39)
Open5GS daemon v2.7.2-28-gb6ddd7f+

09/16 14:36:25.865: [app] INFO: Configuration: './install/etc/open5gs/sepp1.yaml' (../lib/app/ogs-init.c:133)
09/16 14:36:25.865: [app] INFO: File Logging: '/home/bunie/open5gs/install/var/log/open5gs/sepp1.log' (../lib/app/ogs-init.c:136)
09/16 14:36:25.868: [sbi] INFO: NF EndPoint(addr) setup [127.0.0.10:7777] (../lib/sbi/context.c:426)
09/16 14:36:25.868: [sepp] INFO: NF EndPoint(fqdn) setup [sepp2.localdomain:7777] (../src/sepp/context.c:351)
09/16 14:36:25.868: [sepp] INFO: NF EndPoint(fqdn) setup [sepp2.localdomain:7777] (../src/sepp/context.c:377)
09/16 14:36:25.868: [sbi] INFO: nghttp2_server() [http://127.0.1.250]:7777 (../lib/sbi/nghttp2-server.c:424)
09/16 14:36:25.882: [sbi] INFO: nghttp2_server(n32f) [https://127.0.1.252]:7777 (../lib/sbi/nghttp2-server.c:424)
09/16 14:36:25.895: [sbi] INFO: nghttp2_server(sepp) [https://127.0.1.251]:7777 (../lib/sbi/nghttp2-server.c:424)
09/16 14:36:25.895: [app] INFO: SEPP initialize...done (../src/sepp/app.c:31)
09/16 14:36:25.896: [sbi] INFO: [49df9a5e-7428-41ef-b84d-c9c8f7cd431b] NF registered [Heartbeat:10s] (../lib/sbi/nf-sm.c:208)
09/16 14:36:29.482: [sepp] INFO: [sepp2.localdomain] SEPP established (../src/sepp/handshake-sm.c:307)
09/16 14:36:36.897: [sbi] ERROR: Connection timer expired (../lib/sbi/client.c:605)
09/16 14:36:36.897: [sbi] WARNING: ogs_sbi_client_handler() failed [-3] (../lib/sbi/path.c:62)
09/16 15:57:30.367: [sbi] WARNING: [7] Failed to connect to 127.0.0.10 port 7777 after 0 ms: Couldn't connect to server (../lib/sbi/client.c:698)
09/16 15:57:30.367: [sbi] WARNING: ogs_sbi_client_handler() failed [-1] (../lib/sbi/path.c:62)
09/16 15:57:31.358: [sbi] ERROR: [49df9a5e-7428-41ef-b84d-c9c8f7cd431b] No heartbeat [type:SEPP] (../lib/sbi/nf-sm.c:297)
09/16 15:57:31.358: [sbi] INFO: [49df9a5e-7428-41ef-b84d-c9c8f7cd431b] NF de-registered (../lib/sbi/nf-sm.c:235)
09/16 15:57:37.531: [app] INFO: SIGINT received (../src/main.c:53)
09/16 15:57:37.531: [app] INFO: Open5GS daemon terminating... (../src/main.c:226)
09/16 15:57:37.531: [sepp] INFO: [sepp2.localdomain] SEPP terminated (../src/sepp/handshake-sm.c:311)
09/16 15:57:37.537: [app] INFO: SEPP terminate...done (../src/sepp/app.c:39)
Open5GS daemon v2.7.2-28-gb6ddd7f+

09/16 16:00:40.968: [app] INFO: Configuration: './install/etc/open5gs/sepp1.yaml' (../lib/app/ogs-init.c:133)
09/16 16:00:40.968: [app] INFO: File Logging: '/home/bunie/open5gs/install/var/log/open5gs/sepp1.log' (../lib/app/ogs-init.c:136)
09/16 16:00:40.971: [sbi] INFO: NF EndPoint(addr) setup [127.0.0.10:7777] (../lib/sbi/context.c:426)
09/16 16:00:40.971: [sepp] INFO: NF EndPoint(fqdn) setup [sepp2.localdomain:7777] (../src/sepp/context.c:351)
09/16 16:00:40.971: [sepp] INFO: NF EndPoint(fqdn) setup [sepp2.localdomain:7777] (../src/sepp/context.c:377)
09/16 16:00:40.971: [sbi] INFO: nghttp2_server() [http://127.0.1.250]:7777 (../lib/sbi/nghttp2-server.c:424)
09/16 16:00:40.985: [sbi] INFO: nghttp2_server(n32f) [https://127.0.1.252]:7777 (../lib/sbi/nghttp2-server.c:424)
09/16 16:00:40.998: [sbi] INFO: nghttp2_server(sepp) [https://127.0.1.251]:7777 (../lib/sbi/nghttp2-server.c:424)
09/16 16:00:40.998: [app] INFO: SEPP initialize...done (../src/sepp/app.c:31)
09/16 16:00:41.000: [sbi] INFO: [0ef318ec-7434-41ef-b651-99ff292c4dfc] NF registered [Heartbeat:10s] (../lib/sbi/nf-sm.c:208)
09/16 16:00:43.958: [sepp] INFO: [sepp2.localdomain] SEPP established (../src/sepp/handshake-sm.c:307)
09/16 16:00:52.000: [sbi] ERROR: Connection timer expired (../lib/sbi/client.c:605)
09/16 16:00:52.000: [sbi] WARNING: ogs_sbi_client_handler() failed [-3] (../lib/sbi/path.c:62)
09/16 16:14:40.656: [app] INFO: SIGINT received (../src/main.c:53)
09/16 16:14:40.657: [app] INFO: Open5GS daemon terminating... (../src/main.c:226)
09/16 16:14:40.657: [sbi] INFO: [0ef318ec-7434-41ef-b651-99ff292c4dfc] NF de-registered (../lib/sbi/nf-sm.c:235)
09/16 16:14:40.657: [sepp] INFO: [sepp2.localdomain] SEPP terminated (../src/sepp/handshake-sm.c:311)
09/16 16:14:40.663: [app] INFO: SEPP terminate...done (../src/sepp/app.c:39)
Open5GS daemon v2.7.2-28-gb6ddd7f+

09/16 16:14:42.167: [app] INFO: Configuration: './install/etc/open5gs/sepp1.yaml' (../lib/app/ogs-init.c:133)
09/16 16:14:42.167: [app] INFO: File Logging: '/home/bunie/open5gs/install/var/log/open5gs/sepp1.log' (../lib/app/ogs-init.c:136)
09/16 16:14:42.169: [sbi] INFO: NF EndPoint(addr) setup [127.0.0.10:7777] (../lib/sbi/context.c:426)
09/16 16:14:42.169: [sepp] INFO: NF EndPoint(fqdn) setup [sepp2.localdomain:7777] (../src/sepp/context.c:351)
09/16 16:14:42.169: [sepp] INFO: NF EndPoint(fqdn) setup [sepp2.localdomain:7777] (../src/sepp/context.c:377)
09/16 16:14:42.170: [sbi] INFO: nghttp2_server() [http://127.0.1.250]:7777 (../lib/sbi/nghttp2-server.c:424)
09/16 16:14:42.186: [sbi] INFO: nghttp2_server(n32f) [https://127.0.1.252]:7777 (../lib/sbi/nghttp2-server.c:424)
09/16 16:14:42.200: [sbi] INFO: nghttp2_server(sepp) [https://127.0.1.251]:7777 (../lib/sbi/nghttp2-server.c:424)
09/16 16:14:42.200: [app] INFO: SEPP initialize...done (../src/sepp/app.c:31)
09/16 16:14:42.202: [sbi] INFO: [0457d420-7436-41ef-8bd4-d9e9c8823b6c] NF registered [Heartbeat:10s] (../lib/sbi/nf-sm.c:208)
09/16 16:14:42.229: [sepp] INFO: [sepp2.localdomain] SEPP established (../src/sepp/handshake-sm.c:307)
09/16 16:21:52.567: [sbi] WARNING: [7] Failed to connect to 127.0.0.10 port 7777 after 0 ms: Couldn't connect to server (../lib/sbi/client.c:698)
09/16 16:21:52.567: [sbi] WARNING: ogs_sbi_client_handler() failed [-1] (../lib/sbi/path.c:62)
09/16 16:21:53.559: [sbi] ERROR: [0457d420-7436-41ef-8bd4-d9e9c8823b6c] No heartbeat [type:SEPP] (../lib/sbi/nf-sm.c:297)
09/16 16:21:53.559: [sbi] INFO: [0457d420-7436-41ef-8bd4-d9e9c8823b6c] NF de-registered (../lib/sbi/nf-sm.c:235)
09/16 16:21:56.113: [app] INFO: SIGINT received (../src/main.c:53)
09/16 16:21:56.113: [app] INFO: Open5GS daemon terminating... (../src/main.c:226)
09/16 16:21:56.113: [sepp] INFO: [sepp2.localdomain] SEPP terminated (../src/sepp/handshake-sm.c:311)
09/16 16:21:56.120: [app] INFO: SEPP terminate...done (../src/sepp/app.c:39)
Open5GS daemon v2.7.2-28-gb6ddd7f+

09/16 16:25:57.624: [app] INFO: Configuration: './install/etc/open5gs/sepp1.yaml' (../lib/app/ogs-init.c:133)
09/16 16:25:57.624: [app] INFO: File Logging: '/home/bunie/open5gs/install/var/log/open5gs/sepp1.log' (../lib/app/ogs-init.c:136)
09/16 16:25:57.626: [sbi] INFO: NF EndPoint(addr) setup [127.0.0.10:7777] (../lib/sbi/context.c:426)
09/16 16:25:57.627: [sepp] INFO: NF EndPoint(fqdn) setup [sepp2.localdomain:7777] (../src/sepp/context.c:351)
09/16 16:25:57.627: [sepp] INFO: NF EndPoint(fqdn) setup [sepp2.localdomain:7777] (../src/sepp/context.c:377)
09/16 16:25:57.627: [sbi] INFO: nghttp2_server() [http://127.0.1.250]:7777 (../lib/sbi/nghttp2-server.c:424)
09/16 16:25:57.642: [sbi] INFO: nghttp2_server(n32f) [https://127.0.1.252]:7777 (../lib/sbi/nghttp2-server.c:424)
09/16 16:25:57.654: [sbi] INFO: nghttp2_server(sepp) [https://127.0.1.251]:7777 (../lib/sbi/nghttp2-server.c:424)
09/16 16:25:57.654: [app] INFO: SEPP initialize...done (../src/sepp/app.c:31)
09/16 16:25:57.656: [sbi] INFO: [96f268d0-7437-41ef-95df-e35cec2d9613] NF registered [Heartbeat:10s] (../lib/sbi/nf-sm.c:208)
09/16 16:26:02.679: [sepp] INFO: [sepp2.localdomain] SEPP established (../src/sepp/handshake-sm.c:307)
09/16 16:26:08.656: [sbi] ERROR: Connection timer expired (../lib/sbi/client.c:605)
09/16 16:26:08.656: [sbi] WARNING: ogs_sbi_client_handler() failed [-3] (../lib/sbi/path.c:62)
09/16 20:21:36.561: [core] ERROR: epoll failed (4:Interrupted system call) (../lib/core/ogs-epoll.c:220)
09/16 20:23:39.169: [app] INFO: Signal-NUM[28] received (Window changed) (../src/main.c:63)
09/16 20:31:08.049: [app] INFO: SIGHUP received (../src/main.c:58)
09/16 20:31:08.049: [app] INFO: SIGHUP received (../src/main.c:58)
Open5GS daemon v2.7.2-28-gb6ddd7f+

09/17 10:44:01.839: [app] INFO: Configuration: './install/etc/open5gs/sepp1.yaml' (../lib/app/ogs-init.c:133)
09/17 10:44:01.839: [app] INFO: File Logging: '/home/bunie/open5gs/install/var/log/open5gs/sepp1.log' (../lib/app/ogs-init.c:136)
09/17 10:44:01.843: [sbi] INFO: NF EndPoint(addr) setup [127.0.0.10:7777] (../lib/sbi/context.c:426)
09/17 10:44:01.843: [sepp] INFO: NF EndPoint(fqdn) setup [sepp2.localdomain:7777] (../src/sepp/context.c:351)
09/17 10:44:01.843: [sepp] INFO: NF EndPoint(fqdn) setup [sepp2.localdomain:7777] (../src/sepp/context.c:377)
09/17 10:44:01.844: [sbi] INFO: nghttp2_server() [http://127.0.1.250]:7777 (../lib/sbi/nghttp2-server.c:424)
09/17 10:44:01.861: [sbi] INFO: nghttp2_server(n32f) [https://127.0.1.252]:7777 (../lib/sbi/nghttp2-server.c:424)
09/17 10:44:01.876: [sbi] INFO: nghttp2_server(sepp) [https://127.0.1.251]:7777 (../lib/sbi/nghttp2-server.c:424)
09/17 10:44:01.877: [app] INFO: SEPP initialize...done (../src/sepp/app.c:31)
09/17 10:44:01.878: [sbi] INFO: [fcfffd7e-74d0-41ef-a9f0-99df8c56edbf] NF registered [Heartbeat:10s] (../lib/sbi/nf-sm.c:208)
09/17 10:44:12.878: [sepp] WARNING: [sepp2.localdomain] Retry establishment with Peer SEPP (../src/sepp/handshake-sm.c:264)
09/17 10:44:12.878: [sbi] ERROR: Connection timer expired (../lib/sbi/client.c:605)
09/17 10:44:12.878: [sbi] WARNING: ogs_sbi_client_handler() failed [-3] (../lib/sbi/path.c:62)
09/17 10:44:14.798: [sepp] INFO: [sepp2.localdomain] SEPP established (../src/sepp/handshake-sm.c:307)
09/17 10:44:23.878: [sbi] ERROR: Connection timer expired (../lib/sbi/client.c:605)
09/17 10:44:23.878: [sbi] WARNING: ogs_sbi_client_handler() failed [-3] (../lib/sbi/path.c:62)
09/17 11:12:37.489: [app] INFO: SIGINT received (../src/main.c:53)
09/17 11:12:37.489: [app] INFO: Open5GS daemon terminating... (../src/main.c:226)
09/17 11:12:37.489: [sbi] INFO: [fcfffd7e-74d0-41ef-a9f0-99df8c56edbf] NF de-registered (../lib/sbi/nf-sm.c:235)
09/17 11:12:37.489: [sepp] INFO: [sepp2.localdomain] SEPP terminated (../src/sepp/handshake-sm.c:311)
09/17 11:12:37.497: [app] INFO: SEPP terminate...done (../src/sepp/app.c:39)
Open5GS daemon v2.7.2-28-gb6ddd7f+

09/17 11:12:40.106: [app] INFO: Configuration: './install/etc/open5gs/sepp1.yaml' (../lib/app/ogs-init.c:133)
09/17 11:12:40.106: [app] INFO: File Logging: '/home/bunie/open5gs/install/var/log/open5gs/sepp1.log' (../lib/app/ogs-init.c:136)
09/17 11:12:40.107: [sbi] INFO: NF EndPoint(addr) setup [127.0.0.10:7777] (../lib/sbi/context.c:426)
09/17 11:12:40.107: [sepp] INFO: NF EndPoint(fqdn) setup [sepp2.localdomain:7777] (../src/sepp/context.c:351)
09/17 11:12:40.107: [sepp] INFO: NF EndPoint(fqdn) setup [sepp2.localdomain:7777] (../src/sepp/context.c:377)
09/17 11:12:40.108: [sbi] INFO: nghttp2_server() [http://127.0.1.250]:7777 (../lib/sbi/nghttp2-server.c:424)
09/17 11:12:40.123: [sbi] INFO: nghttp2_server(n32f) [https://127.0.1.252]:7777 (../lib/sbi/nghttp2-server.c:424)
09/17 11:12:40.139: [sbi] INFO: nghttp2_server(sepp) [https://127.0.1.251]:7777 (../lib/sbi/nghttp2-server.c:424)
09/17 11:12:40.139: [app] INFO: SEPP initialize...done (../src/sepp/app.c:31)
09/17 11:12:40.141: [sbi] INFO: [fd2a6100-74d4-41ef-9465-e175b782fb9f] NF registered [Heartbeat:10s] (../lib/sbi/nf-sm.c:208)
09/17 11:12:40.168: [sepp] INFO: [sepp2.localdomain] SEPP established (../src/sepp/handshake-sm.c:307)
09/17 11:15:10.293: [sbi] WARNING: [7] Failed to connect to 127.0.0.10 port 7777 after 0 ms: Couldn't connect to server (../lib/sbi/client.c:698)
09/17 11:15:10.293: [sbi] WARNING: ogs_sbi_client_handler() failed [-1] (../lib/sbi/path.c:62)
09/17 11:15:11.285: [sbi] ERROR: [fd2a6100-74d4-41ef-9465-e175b782fb9f] No heartbeat [type:SEPP] (../lib/sbi/nf-sm.c:297)
09/17 11:15:11.285: [sbi] INFO: [fd2a6100-74d4-41ef-9465-e175b782fb9f] NF de-registered (../lib/sbi/nf-sm.c:235)
09/17 11:15:11.462: [app] INFO: SIGINT received (../src/main.c:53)
09/17 11:15:11.462: [app] INFO: Open5GS daemon terminating... (../src/main.c:226)
09/17 11:15:11.463: [sepp] INFO: [sepp2.localdomain] SEPP terminated (../src/sepp/handshake-sm.c:311)
09/17 11:15:11.472: [app] INFO: SEPP terminate...done (../src/sepp/app.c:39)
Open5GS daemon v2.7.2-28-gb6ddd7f+

09/17 11:29:54.398: [app] INFO: Configuration: './install/etc/open5gs/sepp1.yaml' (../lib/app/ogs-init.c:133)
09/17 11:29:54.398: [app] INFO: File Logging: '/home/bunie/open5gs/install/var/log/open5gs/sepp1.log' (../lib/app/ogs-init.c:136)
09/17 11:29:54.401: [sbi] INFO: NF EndPoint(addr) setup [127.0.0.10:7777] (../lib/sbi/context.c:426)
09/17 11:29:54.401: [sepp] INFO: NF EndPoint(fqdn) setup [sepp2.localdomain:7777] (../src/sepp/context.c:351)
09/17 11:29:54.401: [sepp] INFO: NF EndPoint(fqdn) setup [sepp2.localdomain:7777] (../src/sepp/context.c:377)
09/17 11:29:54.401: [sbi] INFO: nghttp2_server() [http://127.0.1.250]:7777 (../lib/sbi/nghttp2-server.c:424)
09/17 11:29:54.417: [sbi] INFO: nghttp2_server(n32f) [https://127.0.1.252]:7777 (../lib/sbi/nghttp2-server.c:424)
09/17 11:29:54.431: [sbi] INFO: nghttp2_server(sepp) [https://127.0.1.251]:7777 (../lib/sbi/nghttp2-server.c:424)
09/17 11:29:54.431: [app] INFO: SEPP initialize...done (../src/sepp/app.c:31)
09/17 11:29:54.433: [sbi] INFO: [65a70394-74d7-41ef-a88c-25deba3db68a] NF registered [Heartbeat:10s] (../lib/sbi/nf-sm.c:208)
09/17 11:29:56.525: [sepp] INFO: [sepp2.localdomain] SEPP established (../src/sepp/handshake-sm.c:307)
09/17 11:30:05.433: [sbi] ERROR: Connection timer expired (../lib/sbi/client.c:605)
09/17 11:30:05.433: [sbi] WARNING: ogs_sbi_client_handler() failed [-3] (../lib/sbi/path.c:62)
09/17 11:36:04.541: [app] INFO: SIGINT received (../src/main.c:53)
09/17 11:36:04.541: [app] INFO: Open5GS daemon terminating... (../src/main.c:226)
09/17 11:36:04.541: [sbi] INFO: [65a70394-74d7-41ef-a88c-25deba3db68a] NF de-registered (../lib/sbi/nf-sm.c:235)
09/17 11:36:04.541: [sepp] INFO: [sepp2.localdomain] SEPP terminated (../src/sepp/handshake-sm.c:311)
09/17 11:36:04.541: [sbi] WARNING: [7] Failed to connect to 127.0.0.10 port 7777 after 0 ms: Couldn't connect to server (../lib/sbi/client.c:698)
09/17 11:36:04.541: [sbi] WARNING: ogs_sbi_client_handler() failed [-1] (../lib/sbi/path.c:62)
09/17 11:36:04.546: [app] INFO: SEPP terminate...done (../src/sepp/app.c:39)
Open5GS daemon v2.7.2-28-gb6ddd7f+

09/17 11:37:51.732: [app] INFO: Configuration: './install/etc/open5gs/sepp1.yaml' (../lib/app/ogs-init.c:133)
09/17 11:37:51.732: [app] INFO: File Logging: '/home/bunie/open5gs/install/var/log/open5gs/sepp1.log' (../lib/app/ogs-init.c:136)
09/17 11:37:51.736: [sbi] INFO: NF EndPoint(addr) setup [127.0.0.10:7777] (../lib/sbi/context.c:426)
09/17 11:37:51.736: [sepp] INFO: NF EndPoint(fqdn) setup [sepp2.localdomain:7777] (../src/sepp/context.c:351)
09/17 11:37:51.736: [sepp] INFO: NF EndPoint(fqdn) setup [sepp2.localdomain:7777] (../src/sepp/context.c:377)
09/17 11:37:51.736: [sbi] INFO: nghttp2_server() [http://127.0.1.250]:7777 (../lib/sbi/nghttp2-server.c:424)
09/17 11:37:51.754: [sbi] INFO: nghttp2_server(n32f) [https://127.0.1.252]:7777 (../lib/sbi/nghttp2-server.c:424)
09/17 11:37:51.768: [sbi] INFO: nghttp2_server(sepp) [https://127.0.1.251]:7777 (../lib/sbi/nghttp2-server.c:424)
09/17 11:37:51.768: [app] INFO: SEPP initialize...done (../src/sepp/app.c:31)
09/17 11:37:51.769: [sbi] INFO: [822a8d1e-74d8-41ef-a3c5-bba79aea43e3] NF registered [Heartbeat:10s] (../lib/sbi/nf-sm.c:208)
09/17 11:37:55.114: [sepp] INFO: [sepp2.localdomain] SEPP established (../src/sepp/handshake-sm.c:307)
09/17 11:38:02.769: [sbi] ERROR: Connection timer expired (../lib/sbi/client.c:605)
09/17 11:38:02.769: [sbi] WARNING: ogs_sbi_client_handler() failed [-3] (../lib/sbi/path.c:62)
09/17 11:39:31.504: [sepp] INFO: [sepp2.localdomain] SEPP terminated (../src/sepp/handshake-sm.c:311)
09/17 11:39:32.362: [app] INFO: SIGINT received (../src/main.c:53)
09/17 11:39:32.362: [app] INFO: Open5GS daemon terminating... (../src/main.c:226)
09/17 11:39:32.362: [sbi] INFO: [822a8d1e-74d8-41ef-a3c5-bba79aea43e3] NF de-registered (../lib/sbi/nf-sm.c:235)
09/17 11:39:32.367: [app] INFO: SEPP terminate...done (../src/sepp/app.c:39)
Open5GS daemon v2.7.2-28-gb6ddd7f+

09/17 11:46:47.564: [app] INFO: Configuration: './install/etc/open5gs/sepp1.yaml' (../lib/app/ogs-init.c:133)
09/17 11:46:47.564: [app] INFO: File Logging: '/home/bunie/open5gs/install/var/log/open5gs/sepp1.log' (../lib/app/ogs-init.c:136)
09/17 11:46:47.567: [sbi] INFO: NF EndPoint(addr) setup [127.0.0.10:7777] (../lib/sbi/context.c:426)
09/17 11:46:47.567: [sepp] INFO: NF EndPoint(fqdn) setup [sepp2.localdomain:7777] (../src/sepp/context.c:351)
09/17 11:46:47.567: [sepp] INFO: NF EndPoint(fqdn) setup [sepp2.localdomain:7777] (../src/sepp/context.c:377)
09/17 11:46:47.567: [sbi] INFO: nghttp2_server() [http://127.0.1.250]:7777 (../lib/sbi/nghttp2-server.c:424)
09/17 11:46:47.591: [sbi] INFO: nghttp2_server(n32f) [https://127.0.1.252]:7777 (../lib/sbi/nghttp2-server.c:424)
09/17 11:46:47.606: [sbi] INFO: nghttp2_server(sepp) [https://127.0.1.251]:7777 (../lib/sbi/nghttp2-server.c:424)
09/17 11:46:47.606: [app] INFO: SEPP initialize...done (../src/sepp/app.c:31)
09/17 11:46:47.607: [sbi] INFO: [c18be3da-74d9-41ef-b0e8-c97758d59db8] NF registered [Heartbeat:10s] (../lib/sbi/nf-sm.c:208)
09/17 11:46:49.827: [sepp] INFO: [sepp2.localdomain] SEPP established (../src/sepp/handshake-sm.c:307)
09/17 11:46:58.607: [sbi] ERROR: Connection timer expired (../lib/sbi/client.c:605)
09/17 11:46:58.607: [sbi] WARNING: ogs_sbi_client_handler() failed [-3] (../lib/sbi/path.c:62)
09/17 12:43:46.110: [app] INFO: SIGINT received (../src/main.c:53)
09/17 12:43:46.110: [app] INFO: Open5GS daemon terminating... (../src/main.c:226)
09/17 12:43:46.110: [sbi] INFO: [c18be3da-74d9-41ef-b0e8-c97758d59db8] NF de-registered (../lib/sbi/nf-sm.c:235)
09/17 12:43:46.110: [sepp] INFO: [sepp2.localdomain] SEPP terminated (../src/sepp/handshake-sm.c:311)
09/17 12:43:46.111: [sbi] WARNING: [7] Failed to connect to 127.0.0.10 port 7777 after 0 ms: Couldn't connect to server (../lib/sbi/client.c:698)
09/17 12:43:46.111: [sbi] WARNING: ogs_sbi_client_handler() failed [-1] (../lib/sbi/path.c:62)
09/17 12:43:46.115: [app] INFO: SEPP terminate...done (../src/sepp/app.c:39)
Open5GS daemon v2.7.2-28-gb6ddd7f+

09/17 12:44:06.376: [app] INFO: Configuration: './install/etc/open5gs/sepp1.yaml' (../lib/app/ogs-init.c:133)
09/17 12:44:06.376: [app] INFO: File Logging: '/home/bunie/open5gs/install/var/log/open5gs/sepp1.log' (../lib/app/ogs-init.c:136)
09/17 12:44:06.379: [sbi] INFO: NF EndPoint(addr) setup [127.0.0.10:7777] (../lib/sbi/context.c:426)
09/17 12:44:06.379: [sepp] INFO: NF EndPoint(fqdn) setup [sepp2.localdomain:7777] (../src/sepp/context.c:351)
09/17 12:44:06.379: [sepp] INFO: NF EndPoint(fqdn) setup [sepp2.localdomain:7777] (../src/sepp/context.c:377)
09/17 12:44:06.379: [sbi] INFO: nghttp2_server() [http://127.0.1.250]:7777 (../lib/sbi/nghttp2-server.c:424)
09/17 12:44:06.397: [sbi] INFO: nghttp2_server(n32f) [https://127.0.1.252]:7777 (../lib/sbi/nghttp2-server.c:424)
09/17 12:44:06.410: [sbi] INFO: nghttp2_server(sepp) [https://127.0.1.251]:7777 (../lib/sbi/nghttp2-server.c:424)
09/17 12:44:06.410: [app] INFO: SEPP initialize...done (../src/sepp/app.c:31)
09/17 12:44:06.412: [sbi] INFO: [c33cec80-74e1-41ef-a30d-03308f4c6abe] NF registered [Heartbeat:10s] (../lib/sbi/nf-sm.c:208)
09/17 12:44:08.144: [sepp] INFO: [sepp2.localdomain] SEPP established (../src/sepp/handshake-sm.c:307)
09/17 12:44:17.412: [sbi] ERROR: Connection timer expired (../lib/sbi/client.c:605)
09/17 12:44:17.412: [sbi] WARNING: ogs_sbi_client_handler() failed [-3] (../lib/sbi/path.c:62)
09/17 14:03:22.556: [core] ERROR: epoll failed (4:Interrupted system call) (../lib/core/ogs-epoll.c:220)
09/17 14:13:22.451: [app] INFO: Signal-NUM[28] received (Window changed) (../src/main.c:63)
09/17 15:18:39.370: [core] ERROR: epoll failed (4:Interrupted system call) (../lib/core/ogs-epoll.c:220)
09/17 21:06:44.555: [core] ERROR: epoll failed (4:Interrupted system call) (../lib/core/ogs-epoll.c:220)
09/18 12:08:37.373: [core] ERROR: epoll failed (4:Interrupted system call) (../lib/core/ogs-epoll.c:220)
09/18 12:40:47.829: [app] INFO: Signal-NUM[28] received (Window changed) (../src/main.c:63)
09/18 19:05:21.556: [sbi] WARNING: [c33cec80-74e1-41ef-a30d-03308f4c6abe] HTTP response error [404] (../lib/sbi/nf-sm.c:264)
09/18 19:05:21.556: [sbi] INFO: [c33cec80-74e1-41ef-a30d-03308f4c6abe] NF de-registered (../lib/sbi/nf-sm.c:235)
09/18 19:05:23.558: [sbi] WARNING: [c33cec80-74e1-41ef-a30d-03308f4c6abe] Retry registration with NRF (../lib/sbi/nf-sm.c:395)
09/18 19:05:23.560: [sbi] INFO: [c33cec80-74e1-41ef-a30d-03308f4c6abe] NF registered [Heartbeat:10s] (../lib/sbi/nf-sm.c:208)
09/19 11:45:36.558: [core] ERROR: epoll failed (4:Interrupted system call) (../lib/core/ogs-epoll.c:220)
09/19 12:03:10.163: [sbi] WARNING: [c33cec80-74e1-41ef-a30d-03308f4c6abe] HTTP response error [404] (../lib/sbi/nf-sm.c:264)
09/19 12:03:10.163: [sbi] INFO: [c33cec80-74e1-41ef-a30d-03308f4c6abe] NF de-registered (../lib/sbi/nf-sm.c:235)
09/19 12:03:12.165: [sbi] WARNING: [c33cec80-74e1-41ef-a30d-03308f4c6abe] Retry registration with NRF (../lib/sbi/nf-sm.c:395)
09/19 12:03:12.167: [sbi] INFO: [c33cec80-74e1-41ef-a30d-03308f4c6abe] NF registered [Heartbeat:10s] (../lib/sbi/nf-sm.c:208)
09/19 13:52:39.939: [app] INFO: SIGHUP received (../src/main.c:58)
Open5GS daemon v2.7.2-28-gb6ddd7f+

09/19 14:02:04.882: [app] INFO: Configuration: './install/etc/open5gs/sepp1.yaml' (../lib/app/ogs-init.c:133)
09/19 14:02:04.882: [app] INFO: File Logging: '/home/bunie/open5gs/install/var/log/open5gs/sepp1.log' (../lib/app/ogs-init.c:136)
09/19 14:02:04.887: [sbi] INFO: NF EndPoint(addr) setup [127.0.0.10:7777] (../lib/sbi/context.c:426)
09/19 14:02:04.887: [sepp] INFO: NF EndPoint(fqdn) setup [sepp2.localdomain:7777] (../src/sepp/context.c:351)
09/19 14:02:04.887: [sepp] INFO: NF EndPoint(fqdn) setup [sepp2.localdomain:7777] (../src/sepp/context.c:377)
09/19 14:02:04.887: [sbi] INFO: nghttp2_server() [http://127.0.1.250]:7777 (../lib/sbi/nghttp2-server.c:424)
09/19 14:02:04.936: [sbi] INFO: nghttp2_server(n32f) [https://127.0.1.252]:7777 (../lib/sbi/nghttp2-server.c:424)
09/19 14:02:04.974: [sbi] INFO: nghttp2_server(sepp) [https://127.0.1.251]:7777 (../lib/sbi/nghttp2-server.c:424)
09/19 14:02:04.974: [app] INFO: SEPP initialize...done (../src/sepp/app.c:31)
09/19 14:02:04.976: [sbi] INFO: [fcac1182-767e-41ef-941f-b54b1834b6ba] NF registered [Heartbeat:10s] (../lib/sbi/nf-sm.c:208)
09/19 14:02:14.423: [sepp] INFO: [sepp2.localdomain] SEPP established (../src/sepp/handshake-sm.c:307)
09/19 14:02:15.976: [sbi] ERROR: Connection timer expired (../lib/sbi/client.c:605)
09/19 14:02:15.976: [sbi] WARNING: ogs_sbi_client_handler() failed [-3] (../lib/sbi/path.c:62)
09/19 15:03:08.323: [app] INFO: SIGINT received (../src/main.c:53)
09/19 15:03:08.323: [app] INFO: Open5GS daemon terminating... (../src/main.c:226)
09/19 15:03:08.323: [sbi] INFO: [fcac1182-767e-41ef-941f-b54b1834b6ba] NF de-registered (../lib/sbi/nf-sm.c:235)
09/19 15:03:08.323: [sepp] INFO: [sepp2.localdomain] SEPP terminated (../src/sepp/handshake-sm.c:311)
09/19 15:03:08.323: [sbi] WARNING: [7] Failed to connect to 127.0.0.10 port 7777 after 0 ms: Couldn't connect to server (../lib/sbi/client.c:698)
09/19 15:03:08.323: [sbi] WARNING: ogs_sbi_client_handler() failed [-1] (../lib/sbi/path.c:62)
09/19 15:03:08.327: [app] INFO: SEPP terminate...done (../src/sepp/app.c:39)
Open5GS daemon v2.7.2-28-gb6ddd7f+

09/19 15:08:48.671: [app] INFO: Configuration: './install/etc/open5gs/sepp1.yaml' (../lib/app/ogs-init.c:133)
09/19 15:08:48.671: [app] INFO: File Logging: '/home/bunie/open5gs/install/var/log/open5gs/sepp1.log' (../lib/app/ogs-init.c:136)
09/19 15:08:48.677: [sbi] INFO: NF EndPoint(addr) setup [127.0.0.10:7777] (../lib/sbi/context.c:426)
09/19 15:08:48.677: [sepp] INFO: NF EndPoint(fqdn) setup [sepp2.localdomain:7777] (../src/sepp/context.c:351)
09/19 15:08:48.677: [sepp] INFO: NF EndPoint(fqdn) setup [sepp2.localdomain:7777] (../src/sepp/context.c:377)
09/19 15:08:48.677: [sbi] INFO: nghttp2_server() [http://127.0.1.250]:7777 (../lib/sbi/nghttp2-server.c:424)
09/19 15:08:48.722: [sbi] INFO: nghttp2_server(n32f) [https://127.0.1.252]:7777 (../lib/sbi/nghttp2-server.c:424)
09/19 15:08:48.761: [sbi] INFO: nghttp2_server(sepp) [https://127.0.1.251]:7777 (../lib/sbi/nghttp2-server.c:424)
09/19 15:08:48.761: [app] INFO: SEPP initialize...done (../src/sepp/app.c:31)
09/19 15:08:48.763: [sbi] INFO: [4f1df774-7688-41ef-b9f7-89a58ee45408] NF registered [Heartbeat:10s] (../lib/sbi/nf-sm.c:208)
09/19 15:08:51.064: [sepp] INFO: [sepp2.localdomain] SEPP established (../src/sepp/handshake-sm.c:307)
09/19 15:08:59.763: [sbi] ERROR: Connection timer expired (../lib/sbi/client.c:605)
09/19 15:08:59.763: [sbi] WARNING: ogs_sbi_client_handler() failed [-3] (../lib/sbi/path.c:62)
09/20 10:55:50.705: [core] ERROR: epoll failed (4:Interrupted system call) (../lib/core/ogs-epoll.c:220)
09/22 12:34:34.612: [core] ERROR: epoll failed (4:Interrupted system call) (../lib/core/ogs-epoll.c:220)
09/22 20:49:54.622: [core] ERROR: epoll failed (4:Interrupted system call) (../lib/core/ogs-epoll.c:220)
09/23 10:31:59.342: [core] ERROR: epoll failed (4:Interrupted system call) (../lib/core/ogs-epoll.c:220)
09/24 09:04:40.607: [core] ERROR: epoll failed (4:Interrupted system call) (../lib/core/ogs-epoll.c:220)
09/24 10:05:53.027: [core] ERROR: epoll failed (4:Interrupted system call) (../lib/core/ogs-epoll.c:220)
09/24 12:01:41.966: [sbi] WARNING: [7] Failed to connect to 127.0.0.10 port 7777 after 0 ms: Couldn't connect to server (../lib/sbi/client.c:698)
09/24 12:01:41.966: [sbi] WARNING: ogs_sbi_client_handler() failed [-1] (../lib/sbi/path.c:62)
09/24 12:01:42.959: [sbi] ERROR: [4f1df774-7688-41ef-b9f7-89a58ee45408] No heartbeat [type:SEPP] (../lib/sbi/nf-sm.c:297)
09/24 12:01:42.960: [sbi] INFO: [4f1df774-7688-41ef-b9f7-89a58ee45408] NF de-registered (../lib/sbi/nf-sm.c:235)
09/24 12:01:45.094: [app] INFO: SIGINT received (../src/main.c:53)
09/24 12:01:45.094: [app] INFO: Open5GS daemon terminating... (../src/main.c:226)
09/24 12:01:45.094: [sepp] INFO: [sepp2.localdomain] SEPP terminated (../src/sepp/handshake-sm.c:311)
09/24 12:01:45.103: [app] INFO: SEPP terminate...done (../src/sepp/app.c:39)
Open5GS daemon v2.7.2-28-gb6ddd7f+

09/24 13:37:11.480: [app] INFO: Configuration: './install/etc/open5gs/sepp1.yaml' (../lib/app/ogs-init.c:133)
09/24 13:37:11.480: [app] INFO: File Logging: '/home/bunie/open5gs/install/var/log/open5gs/sepp1.log' (../lib/app/ogs-init.c:136)
09/24 13:37:11.486: [sbi] INFO: NF EndPoint(addr) setup [127.0.0.10:7777] (../lib/sbi/context.c:426)
09/24 13:37:11.486: [sepp] INFO: NF EndPoint(fqdn) setup [sepp2.localdomain:7777] (../src/sepp/context.c:351)
09/24 13:37:11.486: [sepp] INFO: NF EndPoint(fqdn) setup [sepp2.localdomain:7777] (../src/sepp/context.c:377)
09/24 13:37:11.486: [sbi] INFO: nghttp2_server() [http://127.0.1.250]:7777 (../lib/sbi/nghttp2-server.c:424)
09/24 13:37:11.528: [sbi] INFO: nghttp2_server(n32f) [https://127.0.1.252]:7777 (../lib/sbi/nghttp2-server.c:424)
09/24 13:37:11.556: [sbi] INFO: nghttp2_server(sepp) [https://127.0.1.251]:7777 (../lib/sbi/nghttp2-server.c:424)
09/24 13:37:11.556: [app] INFO: SEPP initialize...done (../src/sepp/app.c:31)
09/24 13:37:11.558: [sbi] INFO: [5699ea78-7a69-41ef-a309-494574e0b977] NF registered [Heartbeat:10s] (../lib/sbi/nf-sm.c:208)
09/24 13:37:14.438: [sepp] INFO: [sepp2.localdomain] SEPP established (../src/sepp/handshake-sm.c:307)
09/24 13:37:22.558: [sbi] ERROR: Connection timer expired (../lib/sbi/client.c:605)
09/24 13:37:22.558: [sbi] WARNING: ogs_sbi_client_handler() failed [-3] (../lib/sbi/path.c:62)
09/24 14:20:43.945: [sbi] WARNING: [7] Failed to connect to 127.0.0.10 port 7777 after 0 ms: Couldn't connect to server (../lib/sbi/client.c:698)
09/24 14:20:43.945: [sbi] WARNING: ogs_sbi_client_handler() failed [-1] (../lib/sbi/path.c:62)
09/24 14:20:44.936: [sbi] ERROR: [5699ea78-7a69-41ef-a309-494574e0b977] No heartbeat [type:SEPP] (../lib/sbi/nf-sm.c:297)
09/24 14:20:44.936: [sbi] INFO: [5699ea78-7a69-41ef-a309-494574e0b977] NF de-registered (../lib/sbi/nf-sm.c:235)
09/24 14:20:45.323: [app] INFO: SIGINT received (../src/main.c:53)
09/24 14:20:45.323: [app] INFO: Open5GS daemon terminating... (../src/main.c:226)
09/24 14:20:45.323: [sepp] INFO: [sepp2.localdomain] SEPP terminated (../src/sepp/handshake-sm.c:311)
09/24 14:20:45.327: [app] INFO: SEPP terminate...done (../src/sepp/app.c:39)
Open5GS daemon v2.7.2-28-gb6ddd7f+

09/24 14:32:14.842: [app] INFO: Configuration: './install/etc/open5gs/sepp1.yaml' (../lib/app/ogs-init.c:133)
09/24 14:32:14.842: [app] INFO: File Logging: '/home/bunie/open5gs/install/var/log/open5gs/sepp1.log' (../lib/app/ogs-init.c:136)
09/24 14:32:14.847: [sbi] INFO: NF EndPoint(addr) setup [127.0.0.10:7777] (../lib/sbi/context.c:426)
09/24 14:32:14.847: [sepp] INFO: NF EndPoint(fqdn) setup [sepp2.localdomain:7777] (../src/sepp/context.c:351)
09/24 14:32:14.847: [sepp] INFO: NF EndPoint(fqdn) setup [sepp2.localdomain:7777] (../src/sepp/context.c:377)
09/24 14:32:14.848: [sbi] INFO: nghttp2_server() [http://127.0.1.250]:7777 (../lib/sbi/nghttp2-server.c:424)
09/24 14:32:14.869: [sbi] INFO: nghttp2_server(n32f) [https://127.0.1.252]:7777 (../lib/sbi/nghttp2-server.c:424)
09/24 14:32:14.888: [sbi] INFO: nghttp2_server(sepp) [https://127.0.1.251]:7777 (../lib/sbi/nghttp2-server.c:424)
09/24 14:32:14.888: [app] INFO: SEPP initialize...done (../src/sepp/app.c:31)
09/24 14:32:14.890: [sbi] INFO: [078edc74-7a71-41ef-b5f5-810360bf58c0] NF registered [Heartbeat:10s] (../lib/sbi/nf-sm.c:208)
09/24 14:32:17.522: [sepp] INFO: [sepp2.localdomain] SEPP established (../src/sepp/handshake-sm.c:307)
09/24 14:32:25.890: [sbi] ERROR: Connection timer expired (../lib/sbi/client.c:605)
09/24 14:32:25.890: [sbi] WARNING: ogs_sbi_client_handler() failed [-3] (../lib/sbi/path.c:62)
09/24 14:36:10.314: [app] INFO: SIGINT received (../src/main.c:53)
09/24 14:36:10.314: [app] INFO: Open5GS daemon terminating... (../src/main.c:226)
09/24 14:36:10.314: [sbi] INFO: [078edc74-7a71-41ef-b5f5-810360bf58c0] NF de-registered (../lib/sbi/nf-sm.c:235)
09/24 14:36:10.314: [sepp] INFO: [sepp2.localdomain] SEPP terminated (../src/sepp/handshake-sm.c:311)
09/24 14:36:10.315: [sbi] WARNING: [7] Failed to connect to 127.0.0.10 port 7777 after 0 ms: Couldn't connect to server (../lib/sbi/client.c:698)
09/24 14:36:10.315: [sbi] WARNING: ogs_sbi_client_handler() failed [-1] (../lib/sbi/path.c:62)
09/24 14:36:10.319: [app] INFO: SEPP terminate...done (../src/sepp/app.c:39)
Open5GS daemon v2.7.2-28-gb6ddd7f+

09/24 14:39:11.260: [app] INFO: Configuration: './install/etc/open5gs/sepp1.yaml' (../lib/app/ogs-init.c:133)
09/24 14:39:11.260: [app] INFO: File Logging: '/home/bunie/open5gs/install/var/log/open5gs/sepp1.log' (../lib/app/ogs-init.c:136)
09/24 14:39:11.266: [sbi] INFO: NF EndPoint(addr) setup [127.0.0.10:7777] (../lib/sbi/context.c:426)
09/24 14:39:11.266: [sepp] INFO: NF EndPoint(fqdn) setup [sepp2.localdomain:7777] (../src/sepp/context.c:351)
09/24 14:39:11.266: [sepp] INFO: NF EndPoint(fqdn) setup [sepp2.localdomain:7777] (../src/sepp/context.c:377)
09/24 14:39:11.267: [sbi] INFO: nghttp2_server() [http://127.0.1.250]:7777 (../lib/sbi/nghttp2-server.c:424)
09/24 14:39:11.312: [sbi] INFO: nghttp2_server(n32f) [https://127.0.1.252]:7777 (../lib/sbi/nghttp2-server.c:424)
09/24 14:39:11.349: [sbi] INFO: nghttp2_server(sepp) [https://127.0.1.251]:7777 (../lib/sbi/nghttp2-server.c:424)
09/24 14:39:11.350: [app] INFO: SEPP initialize...done (../src/sepp/app.c:31)
09/24 14:39:11.352: [sbi] INFO: [ffc35546-7a71-41ef-a564-9103b357c50f] NF registered [Heartbeat:10s] (../lib/sbi/nf-sm.c:208)
09/24 14:39:13.561: [sepp] INFO: [sepp2.localdomain] SEPP established (../src/sepp/handshake-sm.c:307)
09/24 14:39:22.352: [sbi] ERROR: Connection timer expired (../lib/sbi/client.c:605)
09/24 14:39:22.352: [sbi] WARNING: ogs_sbi_client_handler() failed [-3] (../lib/sbi/path.c:62)
09/24 14:44:41.637: [sbi] WARNING: [7] Failed to connect to 127.0.0.10 port 7777 after 0 ms: Couldn't connect to server (../lib/sbi/client.c:698)
09/24 14:44:41.637: [sbi] WARNING: ogs_sbi_client_handler() failed [-1] (../lib/sbi/path.c:62)
09/24 14:44:42.628: [sbi] ERROR: [ffc35546-7a71-41ef-a564-9103b357c50f] No heartbeat [type:SEPP] (../lib/sbi/nf-sm.c:297)
09/24 14:44:42.628: [sbi] INFO: [ffc35546-7a71-41ef-a564-9103b357c50f] NF de-registered (../lib/sbi/nf-sm.c:235)
09/24 14:44:44.423: [app] INFO: SIGINT received (../src/main.c:53)
09/24 14:44:44.423: [app] INFO: Open5GS daemon terminating... (../src/main.c:226)
09/24 14:44:44.423: [sepp] INFO: [sepp2.localdomain] SEPP terminated (../src/sepp/handshake-sm.c:311)
09/24 14:44:44.427: [app] INFO: SEPP terminate...done (../src/sepp/app.c:39)
Open5GS daemon v2.7.2-28-gb6ddd7f+

09/24 14:45:41.351: [app] INFO: Configuration: './install/etc/open5gs/sepp1.yaml' (../lib/app/ogs-init.c:133)
09/24 14:45:41.351: [app] INFO: File Logging: '/home/bunie/open5gs/install/var/log/open5gs/sepp1.log' (../lib/app/ogs-init.c:136)
09/24 14:45:41.357: [sbi] INFO: NF EndPoint(addr) setup [127.0.0.10:7777] (../lib/sbi/context.c:426)
09/24 14:45:41.357: [sepp] INFO: NF EndPoint(fqdn) setup [sepp2.localdomain:7777] (../src/sepp/context.c:351)
09/24 14:45:41.357: [sepp] INFO: NF EndPoint(fqdn) setup [sepp2.localdomain:7777] (../src/sepp/context.c:377)
09/24 14:45:41.357: [sbi] INFO: nghttp2_server() [http://127.0.1.250]:7777 (../lib/sbi/nghttp2-server.c:424)
09/24 14:45:41.403: [sbi] INFO: nghttp2_server(n32f) [https://127.0.1.252]:7777 (../lib/sbi/nghttp2-server.c:424)
09/24 14:45:41.441: [sbi] INFO: nghttp2_server(sepp) [https://127.0.1.251]:7777 (../lib/sbi/nghttp2-server.c:424)
09/24 14:45:41.441: [app] INFO: SEPP initialize...done (../src/sepp/app.c:31)
09/24 14:45:41.443: [sbi] INFO: [e84675aa-7a72-41ef-ab4b-15291717206a] NF registered [Heartbeat:10s] (../lib/sbi/nf-sm.c:208)
09/24 14:45:43.867: [sepp] INFO: [sepp2.localdomain] SEPP established (../src/sepp/handshake-sm.c:307)
09/24 14:45:52.443: [sbi] ERROR: Connection timer expired (../lib/sbi/client.c:605)
09/24 14:45:52.443: [sbi] WARNING: ogs_sbi_client_handler() failed [-3] (../lib/sbi/path.c:62)
09/24 14:56:12.015: [sbi] WARNING: [e84675aa-7a72-41ef-ab4b-15291717206a] HTTP response error [404] (../lib/sbi/nf-sm.c:264)
09/24 14:56:12.016: [sbi] INFO: [e84675aa-7a72-41ef-ab4b-15291717206a] NF de-registered (../lib/sbi/nf-sm.c:235)
09/24 14:56:14.017: [sbi] WARNING: [e84675aa-7a72-41ef-ab4b-15291717206a] Retry registration with NRF (../lib/sbi/nf-sm.c:395)
09/24 14:56:14.020: [sbi] INFO: [e84675aa-7a72-41ef-ab4b-15291717206a] NF registered [Heartbeat:10s] (../lib/sbi/nf-sm.c:208)
09/25 10:46:41.227: [core] ERROR: epoll failed (4:Interrupted system call) (../lib/core/ogs-epoll.c:220)
09/25 11:15:43.102: [app] INFO: SIGINT received (../src/main.c:53)
09/25 11:15:43.102: [app] INFO: Open5GS daemon terminating... (../src/main.c:226)
09/25 11:15:43.103: [sbi] INFO: [e84675aa-7a72-41ef-ab4b-15291717206a] NF de-registered (../lib/sbi/nf-sm.c:235)
09/25 11:15:43.103: [sepp] INFO: [sepp2.localdomain] SEPP terminated (../src/sepp/handshake-sm.c:311)
09/25 11:15:43.103: [sbi] WARNING: [7] Failed to connect to 127.0.0.10 port 7777 after 0 ms: Couldn't connect to server (../lib/sbi/client.c:698)
09/25 11:15:43.103: [sbi] WARNING: ogs_sbi_client_handler() failed [-1] (../lib/sbi/path.c:62)
09/25 11:15:43.108: [app] INFO: SEPP terminate...done (../src/sepp/app.c:39)
Open5GS daemon v2.7.2-28-gb6ddd7f+

09/25 11:16:32.772: [app] INFO: Configuration: './install/etc/open5gs/sepp1.yaml' (../lib/app/ogs-init.c:133)
09/25 11:16:32.772: [app] INFO: File Logging: '/home/bunie/open5gs/install/var/log/open5gs/sepp1.log' (../lib/app/ogs-init.c:136)
09/25 11:16:32.778: [sbi] INFO: NF EndPoint(addr) setup [127.0.0.10:7777] (../lib/sbi/context.c:426)
09/25 11:16:32.778: [sepp] INFO: NF EndPoint(fqdn) setup [sepp2.localdomain:7777] (../src/sepp/context.c:351)
09/25 11:16:32.778: [sepp] INFO: NF EndPoint(fqdn) setup [sepp2.localdomain:7777] (../src/sepp/context.c:377)
09/25 11:16:32.778: [sbi] INFO: nghttp2_server() [http://127.0.1.250]:7777 (../lib/sbi/nghttp2-server.c:424)
09/25 11:16:32.826: [sbi] INFO: nghttp2_server(n32f) [https://127.0.1.252]:7777 (../lib/sbi/nghttp2-server.c:424)
09/25 11:16:32.864: [sbi] INFO: nghttp2_server(sepp) [https://127.0.1.251]:7777 (../lib/sbi/nghttp2-server.c:424)
09/25 11:16:32.864: [app] INFO: SEPP initialize...done (../src/sepp/app.c:31)
09/25 11:16:32.866: [sbi] INFO: [db270252-7b1e-41ef-8279-05d5fa0f39e9] NF registered [Heartbeat:10s] (../lib/sbi/nf-sm.c:208)
09/25 11:16:34.860: [sepp] INFO: [sepp2.localdomain] SEPP established (../src/sepp/handshake-sm.c:307)
09/25 11:16:43.867: [sbi] ERROR: Connection timer expired (../lib/sbi/client.c:605)
09/25 11:16:43.867: [sbi] WARNING: ogs_sbi_client_handler() failed [-3] (../lib/sbi/path.c:62)
09/25 12:13:16.053: [sbi] WARNING: [7] Failed to connect to 127.0.0.10 port 7777 after 0 ms: Couldn't connect to server (../lib/sbi/client.c:698)
09/25 12:13:16.053: [sbi] WARNING: ogs_sbi_client_handler() failed [-1] (../lib/sbi/path.c:62)
09/25 12:13:17.047: [sbi] ERROR: [db270252-7b1e-41ef-8279-05d5fa0f39e9] No heartbeat [type:SEPP] (../lib/sbi/nf-sm.c:297)
09/25 12:13:17.047: [sbi] INFO: [db270252-7b1e-41ef-8279-05d5fa0f39e9] NF de-registered (../lib/sbi/nf-sm.c:235)
09/25 12:13:28.047: [sbi] WARNING: [db270252-7b1e-41ef-8279-05d5fa0f39e9] Retry registration with NRF (../lib/sbi/nf-sm.c:169)
09/25 12:13:28.047: [sbi] ERROR: Connection timer expired (../lib/sbi/client.c:605)
09/25 12:13:28.047: [sbi] WARNING: ogs_sbi_client_handler() failed [-3] (../lib/sbi/path.c:62)
09/25 12:13:28.049: [sbi] INFO: [db270252-7b1e-41ef-8279-05d5fa0f39e9] NF registered [Heartbeat:10s] (../lib/sbi/nf-sm.c:208)
09/25 14:07:08.035: [sbi] ERROR: SSL_accept failed [error:0A000126:SSL routines::unexpected eof while reading] (../lib/sbi/nghttp2-server.c:924)
09/25 14:07:08.863: [app] INFO: SIGINT received (../src/main.c:53)
09/25 14:07:08.864: [app] INFO: Open5GS daemon terminating... (../src/main.c:226)
09/25 14:07:08.864: [sbi] INFO: [db270252-7b1e-41ef-8279-05d5fa0f39e9] NF de-registered (../lib/sbi/nf-sm.c:235)
09/25 14:07:08.864: [sepp] INFO: [sepp2.localdomain] SEPP terminated (../src/sepp/handshake-sm.c:311)
09/25 14:07:08.869: [app] INFO: SEPP terminate...done (../src/sepp/app.c:39)
Open5GS daemon v2.7.2-28-gb6ddd7f+

09/25 14:14:38.074: [app] INFO: Configuration: './install/etc/open5gs/sepp1.yaml' (../lib/app/ogs-init.c:133)
09/25 14:14:38.074: [app] INFO: File Logging: '/home/bunie/open5gs/install/var/log/open5gs/sepp1.log' (../lib/app/ogs-init.c:136)
09/25 14:14:38.080: [sbi] INFO: NF EndPoint(addr) setup [127.0.0.10:7777] (../lib/sbi/context.c:426)
09/25 14:14:38.080: [sepp] INFO: NF EndPoint(fqdn) setup [sepp2.localdomain:7777] (../src/sepp/context.c:351)
09/25 14:14:38.080: [sepp] INFO: NF EndPoint(fqdn) setup [sepp2.localdomain:7777] (../src/sepp/context.c:377)
09/25 14:14:38.080: [sbi] INFO: nghttp2_server() [http://127.0.1.250]:7777 (../lib/sbi/nghttp2-server.c:424)
09/25 14:14:38.126: [sbi] INFO: nghttp2_server(n32f) [https://127.0.1.252]:7777 (../lib/sbi/nghttp2-server.c:424)
09/25 14:14:38.164: [sbi] INFO: nghttp2_server(sepp) [https://127.0.1.251]:7777 (../lib/sbi/nghttp2-server.c:424)
09/25 14:14:38.165: [app] INFO: SEPP initialize...done (../src/sepp/app.c:31)
09/25 14:14:38.167: [sbi] INFO: [bc16b1f0-7b37-41ef-a509-c9f3f9627c57] NF registered [Heartbeat:10s] (../lib/sbi/nf-sm.c:208)
09/25 14:14:41.032: [sepp] INFO: [sepp2.localdomain] SEPP established (../src/sepp/handshake-sm.c:307)
09/25 14:14:49.167: [sbi] ERROR: Connection timer expired (../lib/sbi/client.c:605)
09/25 14:14:49.167: [sbi] WARNING: ogs_sbi_client_handler() failed [-3] (../lib/sbi/path.c:62)
09/26 09:41:07.810: [core] ERROR: epoll failed (4:Interrupted system call) (../lib/core/ogs-epoll.c:220)
09/27 09:52:11.800: [core] ERROR: epoll failed (4:Interrupted system call) (../lib/core/ogs-epoll.c:220)
09/27 19:42:12.600: [core] ERROR: epoll failed (4:Interrupted system call) (../lib/core/ogs-epoll.c:220)
09/27 21:37:51.384: [core] ERROR: epoll failed (4:Interrupted system call) (../lib/core/ogs-epoll.c:220)
09/27 22:36:32.449: [core] ERROR: epoll failed (4:Interrupted system call) (../lib/core/ogs-epoll.c:220)
09/29 14:42:55.569: [core] ERROR: epoll failed (4:Interrupted system call) (../lib/core/ogs-epoll.c:220)
09/29 19:21:48.429: [core] ERROR: epoll failed (4:Interrupted system call) (../lib/core/ogs-epoll.c:220)
09/30 10:13:15.565: [core] ERROR: epoll failed (4:Interrupted system call) (../lib/core/ogs-epoll.c:220)
09/30 20:45:31.516: [core] ERROR: epoll failed (4:Interrupted system call) (../lib/core/ogs-epoll.c:220)
09/30 22:19:38.424: [core] ERROR: epoll failed (4:Interrupted system call) (../lib/core/ogs-epoll.c:220)
10/01 10:18:40.330: [core] ERROR: epoll failed (4:Interrupted system call) (../lib/core/ogs-epoll.c:220)
10/01 20:29:15.539: [core] ERROR: epoll failed (4:Interrupted system call) (../lib/core/ogs-epoll.c:220)
10/02 10:50:23.619: [core] ERROR: epoll failed (4:Interrupted system call) (../lib/core/ogs-epoll.c:220)
10/02 19:51:45.547: [core] ERROR: epoll failed (4:Interrupted system call) (../lib/core/ogs-epoll.c:220)
10/04 09:20:40.239: [core] ERROR: epoll failed (4:Interrupted system call) (../lib/core/ogs-epoll.c:220)
10/04 14:16:52.115: [app] INFO: SIGHUP received (../src/main.c:58)
10/04 14:16:52.119: [app] INFO: SIGHUP received (../src/main.c:58)
