Open5GS daemon v2.7.2-28-gb6ddd7f

08/27 17:31:17.014: [app] INFO: Configuration: '/home/bunie/open5gs/install/etc/open5gs/udr.yaml' (../lib/app/ogs-init.c:133)
08/27 17:31:17.014: [app] INFO: File Logging: '/home/bunie/open5gs/install/var/log/open5gs/udr.log' (../lib/app/ogs-init.c:136)
08/27 17:31:17.019: [sbi] INFO: NF EndPoint(addr) setup [127.0.0.200:7777] (../lib/sbi/context.c:474)
08/27 17:31:17.031: [dbi] INFO: MongoDB URI: 'mongodb://localhost/open5gs' (../lib/dbi/ogs-mongoc.c:130)
08/27 17:31:17.031: [sbi] INFO: NF Service [nudr-dr] (../lib/sbi/context.c:1829)
08/27 17:31:17.031: [sbi] INFO: nghttp2_server() [http://127.0.0.20]:7777 (../lib/sbi/nghttp2-server.c:424)
08/27 17:31:17.032: [app] INFO: UDR initialize...done (../src/udr/app.c:31)
08/27 17:31:17.042: [sbi] INFO: [66d32cd8-6489-41ef-a0a3-d73f5f29772b] NF registered [Heartbeat:10s] (../lib/sbi/nf-sm.c:208)
08/27 17:31:17.043: [sbi] INFO: NF EndPoint(addr) setup [127.0.0.10:7777] (../lib/sbi/nnrf-handler.c:949)
08/27 17:31:17.043: [sbi] INFO: [66d6de6e-6489-41ef-bc3a-8b2ce91658cb] Subscription created until 2024-08-28T17:31:17.043010+02:00 [duration:86400000000,validity:86400.000000,patch:43200.000000] (../lib/sbi/nnrf-handler.c:868)
08/27 17:31:17.112: [sbi] INFO: [66d273f6-6489-41ef-af12-47596b1f605d] (NRF-notify) NF registered (../lib/sbi/nnrf-handler.c:1133)
08/27 17:31:17.112: [sbi] INFO: [66d273f6-6489-41ef-af12-47596b1f605d] (NRF-notify) NF Profile updated [type:SEPP] (../lib/sbi/nnrf-handler.c:1147)
08/27 17:31:17.112: [sbi] INFO: NF EndPoint(addr) setup [127.0.1.250:7777] (../lib/sbi/context.c:2195)
08/27 17:32:21.243: [app] INFO: SIGTERM received (../src/main.c:53)
08/27 17:32:21.243: [app] INFO: Open5GS daemon terminating... (../src/main.c:226)
08/27 17:32:21.243: [sbi] INFO: [66d32cd8-6489-41ef-a0a3-d73f5f29772b] NF de-registered (../lib/sbi/nf-sm.c:235)
08/27 17:32:21.247: [app] INFO: UDR terminate...done (../src/udr/app.c:39)
Open5GS daemon v2.7.2-28-gb6ddd7f

08/28 10:58:55.130: [app] INFO: Configuration: '/home/bunie/open5gs/install/etc/open5gs/udr.yaml' (../lib/app/ogs-init.c:133)
08/28 10:58:55.130: [app] INFO: File Logging: '/home/bunie/open5gs/install/var/log/open5gs/udr.log' (../lib/app/ogs-init.c:136)
08/28 10:58:55.132: [sbi] INFO: NF EndPoint(addr) setup [127.0.0.10:7777] (../lib/sbi/context.c:426)
08/28 10:58:55.137: [dbi] INFO: MongoDB URI: 'mongodb://localhost/open5gs' (../lib/dbi/ogs-mongoc.c:130)
08/28 10:58:55.137: [sbi] INFO: NF Service [nudr-dr] (../lib/sbi/context.c:1829)
08/28 10:58:55.137: [sbi] INFO: nghttp2_server() [http://127.0.0.20]:7777 (../lib/sbi/nghttp2-server.c:424)
08/28 10:58:55.137: [app] INFO: UDR initialize...done (../src/udr/app.c:31)
08/28 10:58:55.139: [sbi] INFO: [c12e2d4e-651b-41ef-b92b-53d82e3fe820] NF registered [Heartbeat:10s] (../lib/sbi/nf-sm.c:208)
08/28 10:58:55.139: [sbi] INFO: NF EndPoint(addr) setup [127.0.0.10:7777] (../lib/sbi/nnrf-handler.c:949)
08/28 10:58:55.139: [sbi] INFO: [c12f3446-651b-41ef-b6ce-81285df3a920] Subscription created until 2024-08-29T10:58:55.139354+02:00 [duration:86400000000,validity:86400.000000,patch:43200.000000] (../lib/sbi/nnrf-handler.c:868)
08/28 10:59:04.245: [app] INFO: SIGTERM received (../src/main.c:53)
08/28 10:59:04.245: [app] INFO: Open5GS daemon terminating... (../src/main.c:226)
08/28 10:59:04.245: [sbi] INFO: [c12e2d4e-651b-41ef-b92b-53d82e3fe820] NF de-registered (../lib/sbi/nf-sm.c:235)
08/28 10:59:04.248: [app] INFO: UDR terminate...done (../src/udr/app.c:39)
Open5GS daemon v2.7.2-28-gb6ddd7f

08/28 11:05:18.082: [app] INFO: Configuration: '/home/bunie/open5gs/install/etc/open5gs/udr.yaml' (../lib/app/ogs-init.c:133)
08/28 11:05:18.082: [app] INFO: File Logging: '/home/bunie/open5gs/install/var/log/open5gs/udr.log' (../lib/app/ogs-init.c:136)
08/28 11:05:18.084: [sbi] INFO: NF EndPoint(addr) setup [127.0.0.10:7777] (../lib/sbi/context.c:426)
08/28 11:05:18.088: [dbi] INFO: MongoDB URI: 'mongodb://localhost/open5gs' (../lib/dbi/ogs-mongoc.c:130)
08/28 11:05:18.088: [sbi] INFO: NF Service [nudr-dr] (../lib/sbi/context.c:1829)
08/28 11:05:18.088: [sbi] INFO: nghttp2_server() [http://127.0.0.20]:7777 (../lib/sbi/nghttp2-server.c:424)
08/28 11:05:18.089: [app] INFO: UDR initialize...done (../src/udr/app.c:31)
08/28 11:05:18.090: [sbi] INFO: [a570064e-651c-41ef-a0a0-83db0946d736] NF registered [Heartbeat:10s] (../lib/sbi/nf-sm.c:208)
08/28 11:05:18.091: [sbi] INFO: NF EndPoint(addr) setup [127.0.0.10:7777] (../lib/sbi/nnrf-handler.c:949)
08/28 11:05:18.091: [sbi] INFO: [a570f838-651c-41ef-bc7a-a7ccf47e1cc9] Subscription created until 2024-08-29T11:05:18.090884+02:00 [duration:86400000000,validity:86400.000000,patch:43200.000000] (../lib/sbi/nnrf-handler.c:868)
08/28 13:18:59.492: [sbi] WARNING: [825a20fe-651c-41ef-853c-4d17449ce939] (NRF-notify) Not found (../lib/sbi/nnrf-handler.c:1171)
08/28 13:19:25.135: [sbi] INFO: [61cd24d6-652f-41ef-92c0-e1e683083db6] (NRF-notify) NF registered (../lib/sbi/nnrf-handler.c:1133)
08/28 13:19:25.135: [sbi] INFO: [61cd24d6-652f-41ef-92c0-e1e683083db6] (NRF-notify) NF Profile updated [type:SEPP] (../lib/sbi/nnrf-handler.c:1147)
08/28 13:19:25.135: [sbi] INFO: NF EndPoint(addr) setup [127.0.0.250:7777] (../lib/sbi/context.c:2195)
08/28 13:19:53.941: [sbi] INFO: [61cd24d6-652f-41ef-92c0-e1e683083db6] (NRF-notify) NF_DEREGISTERED event [type:SEPP] (../lib/sbi/nnrf-handler.c:1165)
08/28 13:24:42.002: [sbi] INFO: [1eae0570-6530-41ef-aa2e-b7c0552c422c] (NRF-notify) NF registered (../lib/sbi/nnrf-handler.c:1133)
08/28 13:24:42.002: [sbi] INFO: [1eae0570-6530-41ef-aa2e-b7c0552c422c] (NRF-notify) NF Profile updated [type:SEPP] (../lib/sbi/nnrf-handler.c:1147)
08/28 13:24:42.002: [sbi] INFO: NF EndPoint(addr) setup [127.0.1.250:7777] (../lib/sbi/context.c:2195)
08/28 13:24:56.383: [sbi] INFO: [1eae0570-6530-41ef-aa2e-b7c0552c422c] (NRF-notify) NF_DEREGISTERED event [type:SEPP] (../lib/sbi/nnrf-handler.c:1165)
08/28 13:26:01.035: [sbi] INFO: [4dc66186-6530-41ef-bacb-f3dfbd694f29] (NRF-notify) NF registered (../lib/sbi/nnrf-handler.c:1133)
08/28 13:26:01.035: [sbi] INFO: [4dc66186-6530-41ef-bacb-f3dfbd694f29] (NRF-notify) NF Profile updated [type:SEPP] (../lib/sbi/nnrf-handler.c:1147)
08/28 13:26:01.035: [sbi] INFO: NF EndPoint(addr) setup [127.0.2.250:7777] (../lib/sbi/context.c:2195)
08/28 13:27:02.503: [sbi] INFO: [4dc66186-6530-41ef-bacb-f3dfbd694f29] (NRF-notify) NF_DEREGISTERED event [type:SEPP] (../lib/sbi/nnrf-handler.c:1165)
08/28 13:27:12.102: [sbi] INFO: [78225566-6530-41ef-a65b-8d717be016d4] (NRF-notify) NF registered (../lib/sbi/nnrf-handler.c:1133)
08/28 13:27:12.102: [sbi] INFO: [78225566-6530-41ef-a65b-8d717be016d4] (NRF-notify) NF Profile updated [type:SEPP] (../lib/sbi/nnrf-handler.c:1147)
08/28 13:27:12.102: [sbi] INFO: NF EndPoint(addr) setup [127.0.1.250:7777] (../lib/sbi/context.c:2195)
08/28 13:30:12.905: [sbi] INFO: [e3ee5222-6530-41ef-90e1-47157d227569] (NRF-notify) NF registered (../lib/sbi/nnrf-handler.c:1133)
08/28 13:30:12.905: [sbi] INFO: [e3ee5222-6530-41ef-90e1-47157d227569] (NRF-notify) NF Profile updated [type:SEPP] (../lib/sbi/nnrf-handler.c:1147)
08/28 13:30:12.905: [sbi] INFO: NF EndPoint(addr) setup [127.0.2.250:7777] (../lib/sbi/context.c:2195)
08/28 13:30:54.251: [sbi] INFO: [78225566-6530-41ef-a65b-8d717be016d4] (NRF-notify) NF_DEREGISTERED event [type:SEPP] (../lib/sbi/nnrf-handler.c:1165)
08/28 13:31:11.130: [sbi] INFO: [069b397a-6531-41ef-a99d-b7fa42f01ada] (NRF-notify) NF registered (../lib/sbi/nnrf-handler.c:1133)
08/28 13:31:11.130: [sbi] INFO: [069b397a-6531-41ef-a99d-b7fa42f01ada] (NRF-notify) NF Profile updated [type:SEPP] (../lib/sbi/nnrf-handler.c:1147)
08/28 13:31:11.130: [sbi] INFO: NF EndPoint(addr) setup [127.0.1.250:7777] (../lib/sbi/context.c:2195)
08/29 03:31:50.572: [core] ERROR: epoll failed (4:Interrupted system call) (../lib/core/ogs-epoll.c:220)
08/29 03:36:16.171: [app] INFO: Signal-NUM[28] received (Window changed) (../src/main.c:63)
08/29 03:36:17.261: [app] INFO: SIGINT received (../src/main.c:53)
08/29 03:36:17.261: [app] INFO: Open5GS daemon terminating... (../src/main.c:226)
08/29 03:36:17.261: [sbi] INFO: [a570064e-651c-41ef-a0a0-83db0946d736] NF de-registered (../lib/sbi/nf-sm.c:235)
08/29 03:36:17.267: [app] INFO: UDR terminate...done (../src/udr/app.c:39)
Open5GS daemon v2.7.2-28-gb6ddd7f

08/29 03:52:51.901: [app] INFO: Configuration: '/home/bunie/open5gs/install/etc/open5gs/udr.yaml' (../lib/app/ogs-init.c:133)
08/29 03:52:51.901: [app] INFO: File Logging: '/home/bunie/open5gs/install/var/log/open5gs/udr.log' (../lib/app/ogs-init.c:136)
08/29 03:52:51.903: [sbi] INFO: NF EndPoint(addr) setup [127.0.0.10:7777] (../lib/sbi/context.c:426)
08/29 03:52:51.908: [dbi] INFO: MongoDB URI: 'mongodb://localhost/open5gs' (../lib/dbi/ogs-mongoc.c:130)
08/29 03:52:51.908: [sbi] INFO: NF Service [nudr-dr] (../lib/sbi/context.c:1829)
08/29 03:52:51.908: [sbi] INFO: nghttp2_server() [http://127.0.0.20]:7777 (../lib/sbi/nghttp2-server.c:424)
08/29 03:52:51.908: [app] INFO: UDR initialize...done (../src/udr/app.c:31)
08/29 03:52:51.910: [sbi] INFO: [66b8af22-65a9-41ef-9705-9ff860842d8c] NF registered [Heartbeat:10s] (../lib/sbi/nf-sm.c:208)
08/29 03:52:51.911: [sbi] INFO: NF EndPoint(addr) setup [127.0.0.10:7777] (../lib/sbi/nnrf-handler.c:949)
08/29 03:52:51.911: [sbi] INFO: [66b9dd98-65a9-41ef-be06-05163cc3a895] Subscription created until 2024-08-30T03:52:51.911039+02:00 [duration:86400000000,validity:86400.000000,patch:43200.000000] (../lib/sbi/nnrf-handler.c:868)
08/29 11:32:01.408: [core] ERROR: epoll failed (4:Interrupted system call) (../lib/core/ogs-epoll.c:220)
08/29 14:53:44.825: [app] INFO: SIGHUP received (../src/main.c:58)
Open5GS daemon v2.7.2-28-gb6ddd7f

08/29 15:15:23.570: [app] INFO: Configuration: '/home/bunie/open5gs/install/etc/open5gs/udr.yaml' (../lib/app/ogs-init.c:133)
08/29 15:15:23.570: [app] INFO: File Logging: '/home/bunie/open5gs/install/var/log/open5gs/udr.log' (../lib/app/ogs-init.c:136)
08/29 15:15:23.571: [sbi] INFO: NF EndPoint(addr) setup [127.0.0.10:7777] (../lib/sbi/context.c:426)
08/29 15:15:23.580: [dbi] INFO: MongoDB URI: 'mongodb://localhost/open5gs' (../lib/dbi/ogs-mongoc.c:130)
08/29 15:15:23.580: [sbi] INFO: NF Service [nudr-dr] (../lib/sbi/context.c:1829)
08/29 15:15:23.580: [sbi] INFO: nghttp2_server() [http://127.0.0.20]:7777 (../lib/sbi/nghttp2-server.c:424)
08/29 15:15:23.580: [app] INFO: UDR initialize...done (../src/udr/app.c:31)
08/29 15:15:23.581: [sbi] INFO: [bfd15e60-6608-41ef-a3ba-3f04ca2c63ba] NF registered [Heartbeat:10s] (../lib/sbi/nf-sm.c:208)
08/29 15:15:23.581: [sbi] INFO: NF EndPoint(addr) setup [127.0.0.10:7777] (../lib/sbi/nnrf-handler.c:949)
08/29 15:15:23.581: [sbi] INFO: [bfd2ea64-6608-41ef-9171-0d716a1ecdcc] Subscription created until 2024-08-30T15:15:23.581734+02:00 [duration:86400000000,validity:86400.000000,patch:43200.000000] (../lib/sbi/nnrf-handler.c:868)
08/29 15:16:00.534: [app] INFO: SIGINT received (../src/main.c:53)
08/29 15:16:00.534: [app] INFO: Open5GS daemon terminating... (../src/main.c:226)
08/29 15:16:00.534: [sbi] INFO: [bfd15e60-6608-41ef-a3ba-3f04ca2c63ba] NF de-registered (../lib/sbi/nf-sm.c:235)
08/29 15:16:00.543: [app] INFO: UDR terminate...done (../src/udr/app.c:39)
Open5GS daemon v2.7.2-28-gb6ddd7f

09/03 11:18:54.828: [app] INFO: Configuration: '/home/bunie/open5gs/install/etc/open5gs/udr.yaml' (../lib/app/ogs-init.c:133)
09/03 11:18:54.828: [app] INFO: File Logging: '/home/bunie/open5gs/install/var/log/open5gs/udr.log' (../lib/app/ogs-init.c:136)
09/03 11:18:54.833: [sbi] INFO: NF EndPoint(addr) setup [127.0.0.10:7777] (../lib/sbi/context.c:426)
09/03 11:18:54.843: [dbi] INFO: MongoDB URI: 'mongodb://localhost/open5gs' (../lib/dbi/ogs-mongoc.c:130)
09/03 11:18:54.843: [sbi] INFO: NF Service [nudr-dr] (../lib/sbi/context.c:1829)
09/03 11:18:54.844: [sbi] INFO: nghttp2_server() [http://127.0.0.20]:7777 (../lib/sbi/nghttp2-server.c:424)
09/03 11:18:54.844: [app] INFO: UDR initialize...done (../src/udr/app.c:31)
09/03 11:18:54.847: [sbi] INFO: [8abc7bd0-69d5-41ef-bfce-d5d0f07d7402] NF registered [Heartbeat:10s] (../lib/sbi/nf-sm.c:208)
09/03 11:18:54.848: [sbi] INFO: NF EndPoint(addr) setup [127.0.0.10:7777] (../lib/sbi/nnrf-handler.c:949)
09/03 11:18:54.848: [sbi] INFO: [8abea81a-69d5-41ef-b812-93b486084297] Subscription created until 2024-09-04T11:18:54.847681+02:00 [duration:86400000000,validity:86400.000000,patch:43200.000000] (../lib/sbi/nnrf-handler.c:868)
09/03 11:20:04.706: [sbi] WARNING: [be1994aa-69d4-41ef-90c9-13bb3463093b] (NRF-notify) Not found (../lib/sbi/nnrf-handler.c:1171)
09/03 11:20:14.221: [sbi] INFO: [ba007d88-69d5-41ef-b398-151a8f70726d] (NRF-notify) NF registered (../lib/sbi/nnrf-handler.c:1133)
09/03 11:20:14.221: [sbi] INFO: [ba007d88-69d5-41ef-b398-151a8f70726d] (NRF-notify) NF Profile updated [type:SEPP] (../lib/sbi/nnrf-handler.c:1147)
09/03 11:20:14.221: [sbi] INFO: NF EndPoint(addr) setup [127.0.2.250:7777] (../lib/sbi/context.c:2195)
09/03 15:02:45.427: [core] ERROR: epoll failed (4:Interrupted system call) (../lib/core/ogs-epoll.c:220)
09/03 15:37:12.651: [sbi] WARNING: [7] Failed to connect to 127.0.0.10 port 7777 after 0 ms: Couldn't connect to server (../lib/sbi/client.c:698)
09/03 15:37:12.651: [sbi] WARNING: ogs_sbi_client_handler() failed [-1] (../lib/sbi/path.c:62)
09/03 15:37:13.647: [sbi] ERROR: [8abc7bd0-69d5-41ef-bfce-d5d0f07d7402] No heartbeat [type:UDR] (../lib/sbi/nf-sm.c:297)
09/03 15:37:13.647: [sbi] INFO: [8abc7bd0-69d5-41ef-bfce-d5d0f07d7402] NF de-registered (../lib/sbi/nf-sm.c:235)
09/03 15:37:13.653: [sbi] INFO: [8abc7bd0-69d5-41ef-bfce-d5d0f07d7402] NF registered [Heartbeat:10s] (../lib/sbi/nf-sm.c:208)
09/03 15:37:13.654: [sbi] INFO: NF EndPoint(addr) setup [127.0.0.10:7777] (../lib/sbi/nnrf-handler.c:949)
09/03 15:37:13.654: [sbi] INFO: [a0c0d0ec-69f9-41ef-9a52-c57d33b0fb2d] Subscription created until 2024-09-04T15:37:13.653926+02:00 [duration:86400000000,validity:86400.000000,patch:43200.000000] (../lib/sbi/nnrf-handler.c:868)
09/03 15:37:15.139: [sbi] INFO: [07c04054-69d5-41ef-a21c-0bb68796c960] (NRF-notify) NF registered (../lib/sbi/nnrf-handler.c:1133)
09/03 15:37:15.139: [sbi] INFO: [07c04054-69d5-41ef-a21c-0bb68796c960] (NRF-notify) NF Profile updated [type:SEPP] (../lib/sbi/nnrf-handler.c:1147)
09/03 15:37:15.139: [sbi] INFO: NF EndPoint(addr) setup [127.0.1.250:7777] (../lib/sbi/context.c:2195)
09/04 09:51:13.398: [core] ERROR: epoll failed (4:Interrupted system call) (../lib/core/ogs-epoll.c:220)
09/04 10:04:04.136: [sbi] WARNING: [7] Failed to connect to 127.0.0.10 port 7777 after 0 ms: Couldn't connect to server (../lib/sbi/client.c:698)
09/04 10:04:04.136: [sbi] WARNING: ogs_sbi_client_handler() failed [-1] (../lib/sbi/path.c:62)
09/04 10:04:05.135: [sbi] ERROR: [8abc7bd0-69d5-41ef-bfce-d5d0f07d7402] No heartbeat [type:UDR] (../lib/sbi/nf-sm.c:297)
09/04 10:04:05.135: [sbi] INFO: [8abc7bd0-69d5-41ef-bfce-d5d0f07d7402] NF de-registered (../lib/sbi/nf-sm.c:235)
09/04 10:04:16.135: [sbi] WARNING: [8abc7bd0-69d5-41ef-bfce-d5d0f07d7402] Retry registration with NRF (../lib/sbi/nf-sm.c:169)
09/04 10:04:16.135: [sbi] ERROR: Connection timer expired (../lib/sbi/client.c:605)
09/04 10:04:16.135: [sbi] WARNING: ogs_sbi_client_handler() failed [-3] (../lib/sbi/path.c:62)
09/04 10:04:27.135: [sbi] WARNING: [8abc7bd0-69d5-41ef-bfce-d5d0f07d7402] Retry registration with NRF (../lib/sbi/nf-sm.c:169)
09/04 10:04:27.135: [sbi] ERROR: Connection timer expired (../lib/sbi/client.c:605)
09/04 10:04:27.135: [sbi] WARNING: ogs_sbi_client_handler() failed [-3] (../lib/sbi/path.c:62)
09/04 10:04:38.135: [sbi] WARNING: [8abc7bd0-69d5-41ef-bfce-d5d0f07d7402] Retry registration with NRF (../lib/sbi/nf-sm.c:169)
09/04 10:04:38.136: [sbi] ERROR: Connection timer expired (../lib/sbi/client.c:605)
09/04 10:04:38.136: [sbi] WARNING: ogs_sbi_client_handler() failed [-3] (../lib/sbi/path.c:62)
09/04 10:04:49.135: [sbi] WARNING: [8abc7bd0-69d5-41ef-bfce-d5d0f07d7402] Retry registration with NRF (../lib/sbi/nf-sm.c:169)
09/04 10:04:49.136: [sbi] ERROR: Connection timer expired (../lib/sbi/client.c:605)
09/04 10:04:49.136: [sbi] WARNING: ogs_sbi_client_handler() failed [-3] (../lib/sbi/path.c:62)
09/04 10:05:00.136: [sbi] WARNING: [8abc7bd0-69d5-41ef-bfce-d5d0f07d7402] Retry registration with NRF (../lib/sbi/nf-sm.c:169)
09/04 10:05:00.136: [sbi] ERROR: Connection timer expired (../lib/sbi/client.c:605)
09/04 10:05:00.136: [sbi] WARNING: ogs_sbi_client_handler() failed [-3] (../lib/sbi/path.c:62)
09/04 10:05:11.136: [sbi] WARNING: [8abc7bd0-69d5-41ef-bfce-d5d0f07d7402] Retry registration with NRF (../lib/sbi/nf-sm.c:169)
09/04 10:05:11.136: [sbi] ERROR: Connection timer expired (../lib/sbi/client.c:605)
09/04 10:05:11.136: [sbi] WARNING: ogs_sbi_client_handler() failed [-3] (../lib/sbi/path.c:62)
09/04 10:05:22.136: [sbi] WARNING: [8abc7bd0-69d5-41ef-bfce-d5d0f07d7402] Retry registration with NRF (../lib/sbi/nf-sm.c:169)
09/04 10:05:22.136: [sbi] ERROR: Connection timer expired (../lib/sbi/client.c:605)
09/04 10:05:22.136: [sbi] WARNING: ogs_sbi_client_handler() failed [-3] (../lib/sbi/path.c:62)
09/04 10:05:33.136: [sbi] WARNING: [8abc7bd0-69d5-41ef-bfce-d5d0f07d7402] Retry registration with NRF (../lib/sbi/nf-sm.c:169)
09/04 10:05:33.136: [sbi] ERROR: Connection timer expired (../lib/sbi/client.c:605)
09/04 10:05:33.136: [sbi] WARNING: ogs_sbi_client_handler() failed [-3] (../lib/sbi/path.c:62)
09/04 10:05:33.137: [sbi] INFO: [8abc7bd0-69d5-41ef-bfce-d5d0f07d7402] NF registered [Heartbeat:10s] (../lib/sbi/nf-sm.c:208)
09/04 10:05:33.138: [sbi] INFO: NF EndPoint(addr) setup [127.0.0.10:7777] (../lib/sbi/nnrf-handler.c:949)
09/04 10:05:33.138: [sbi] INFO: [7588cc0e-6a94-41ef-b1e0-ddd42dd8e697] Subscription created until 2024-09-05T10:05:33.137852+02:00 [duration:86400000000,validity:86400.000000,patch:43200.000000] (../lib/sbi/nnrf-handler.c:868)
09/04 10:05:33.162: [sbi] WARNING: [ba007d88-69d5-41ef-b398-151a8f70726d] (NRF-notify) NF has already been added [type:SEPP] (../lib/sbi/nnrf-handler.c:1135)
09/04 10:05:33.162: [sbi] INFO: [ba007d88-69d5-41ef-b398-151a8f70726d] (NRF-notify) NF Profile updated [type:SEPP] (../lib/sbi/nnrf-handler.c:1147)
09/04 10:05:33.162: [sbi] WARNING: NF EndPoint(addr) updated [127.0.2.250:7777] (../lib/sbi/context.c:2195)
09/04 10:05:33.162: [sbi] INFO: NF EndPoint(addr) setup [127.0.2.250:7777] (../lib/sbi/context.c:2195)
09/04 10:05:34.146: [sbi] WARNING: [07c04054-69d5-41ef-a21c-0bb68796c960] (NRF-notify) NF has already been added [type:SEPP] (../lib/sbi/nnrf-handler.c:1135)
09/04 10:05:34.146: [sbi] INFO: [07c04054-69d5-41ef-a21c-0bb68796c960] (NRF-notify) NF Profile updated [type:SEPP] (../lib/sbi/nnrf-handler.c:1147)
09/04 10:05:34.146: [sbi] WARNING: NF EndPoint(addr) updated [127.0.1.250:7777] (../lib/sbi/context.c:2195)
09/04 10:05:34.146: [sbi] INFO: NF EndPoint(addr) setup [127.0.1.250:7777] (../lib/sbi/context.c:2195)
09/04 10:27:48.239: [sbi] INFO: [07c04054-69d5-41ef-a21c-0bb68796c960] (NRF-notify) NF_DEREGISTERED event [type:SEPP] (../lib/sbi/nnrf-handler.c:1165)
09/04 10:27:50.513: [sbi] INFO: [92a35ebe-6a97-41ef-947d-6b1c432c2abb] (NRF-notify) NF registered (../lib/sbi/nnrf-handler.c:1133)
09/04 10:27:50.513: [sbi] INFO: [92a35ebe-6a97-41ef-947d-6b1c432c2abb] (NRF-notify) NF Profile updated [type:SEPP] (../lib/sbi/nnrf-handler.c:1147)
09/04 10:27:50.513: [sbi] INFO: NF EndPoint(addr) setup [127.0.1.250:7777] (../lib/sbi/context.c:2195)
09/04 11:46:20.911: [dbi] INFO: [imsi-001010000000010] Cannot find IMSI in DB (../lib/dbi/subscription.c:56)
09/04 11:46:20.911: [udr] WARNING: [imsi-001010000000010] Cannot find SUPI in DB (../src/udr/nudr-handler.c:68)
09/04 11:46:20.914: [dbi] INFO: [imsi-001010000000008] Cannot find IMSI in DB (../lib/dbi/subscription.c:56)
09/04 11:46:20.914: [udr] WARNING: [imsi-001010000000008] Cannot find SUPI in DB (../src/udr/nudr-handler.c:68)
09/04 11:46:20.914: [dbi] INFO: [imsi-001010000000011] Cannot find IMSI in DB (../lib/dbi/subscription.c:56)
09/04 11:46:20.914: [udr] WARNING: [imsi-001010000000011] Cannot find SUPI in DB (../src/udr/nudr-handler.c:68)
09/04 11:46:20.914: [dbi] INFO: [imsi-001010000000007] Cannot find IMSI in DB (../lib/dbi/subscription.c:56)
09/04 11:46:20.914: [udr] WARNING: [imsi-001010000000007] Cannot find SUPI in DB (../src/udr/nudr-handler.c:68)
09/04 11:46:20.914: [dbi] INFO: [imsi-001010000000006] Cannot find IMSI in DB (../lib/dbi/subscription.c:56)
09/04 11:46:20.914: [udr] WARNING: [imsi-001010000000006] Cannot find SUPI in DB (../src/udr/nudr-handler.c:68)
09/04 11:46:20.915: [dbi] INFO: [imsi-001010000000004] Cannot find IMSI in DB (../lib/dbi/subscription.c:56)
09/04 11:46:20.915: [udr] WARNING: [imsi-001010000000004] Cannot find SUPI in DB (../src/udr/nudr-handler.c:68)
09/04 11:46:20.915: [dbi] INFO: [imsi-001010000000009] Cannot find IMSI in DB (../lib/dbi/subscription.c:56)
09/04 11:46:20.915: [udr] WARNING: [imsi-001010000000009] Cannot find SUPI in DB (../src/udr/nudr-handler.c:68)
09/04 11:46:20.915: [dbi] INFO: [imsi-001010000000005] Cannot find IMSI in DB (../lib/dbi/subscription.c:56)
09/04 11:46:20.915: [udr] WARNING: [imsi-001010000000005] Cannot find SUPI in DB (../src/udr/nudr-handler.c:68)
09/04 11:46:20.915: [dbi] INFO: [imsi-001010000000003] Cannot find IMSI in DB (../lib/dbi/subscription.c:56)
09/04 11:46:20.916: [udr] WARNING: [imsi-001010000000003] Cannot find SUPI in DB (../src/udr/nudr-handler.c:68)
09/04 14:47:57.770: [udr] INFO: [8abea81a-69d5-41ef-b812-93b486084297] Need to update Subscription (../src/udr/udr-sm.c:339)
09/04 14:47:57.771: [udr] ERROR: [8abea81a-69d5-41ef-b812-93b486084297] HTTP response error [404] (../src/udr/udr-sm.c:256)
09/04 15:46:12.063: [udr] INFO: [a0c0d0ec-69f9-41ef-9a52-c57d33b0fb2d] Need to update Subscription (../src/udr/udr-sm.c:339)
09/04 15:46:12.064: [udr] ERROR: [a0c0d0ec-69f9-41ef-9a52-c57d33b0fb2d] HTTP response error [404] (../src/udr/udr-sm.c:256)
09/04 17:26:08.000: [sbi] WARNING: [7] Failed to connect to 127.0.0.10 port 7777 after 0 ms: Couldn't connect to server (../lib/sbi/client.c:698)
09/04 17:26:08.002: [sbi] WARNING: ogs_sbi_client_handler() failed [-1] (../lib/sbi/path.c:62)
09/04 17:26:09.000: [sbi] ERROR: [8abc7bd0-69d5-41ef-bfce-d5d0f07d7402] No heartbeat [type:UDR] (../lib/sbi/nf-sm.c:297)
09/04 17:26:09.000: [sbi] INFO: [8abc7bd0-69d5-41ef-bfce-d5d0f07d7402] NF de-registered (../lib/sbi/nf-sm.c:235)
09/04 17:26:20.000: [sbi] WARNING: [8abc7bd0-69d5-41ef-bfce-d5d0f07d7402] Retry registration with NRF (../lib/sbi/nf-sm.c:169)
09/04 17:26:20.000: [sbi] ERROR: Connection timer expired (../lib/sbi/client.c:605)
09/04 17:26:20.000: [sbi] WARNING: ogs_sbi_client_handler() failed [-3] (../lib/sbi/path.c:62)
09/04 17:26:23.726: [app] INFO: SIGINT received (../src/main.c:53)
09/04 17:26:23.726: [app] INFO: Open5GS daemon terminating... (../src/main.c:226)
09/04 17:26:23.736: [app] INFO: UDR terminate...done (../src/udr/app.c:39)
Open5GS daemon v2.7.2-28-gb6ddd7f+

09/04 17:46:15.760: [app] INFO: Configuration: '/home/bunie/open5gs/install/etc/open5gs/udr.yaml' (../lib/app/ogs-init.c:133)
09/04 17:46:15.760: [app] INFO: File Logging: '/home/bunie/open5gs/install/var/log/open5gs/udr.log' (../lib/app/ogs-init.c:136)
09/04 17:46:15.764: [sbi] INFO: NF EndPoint(addr) setup [127.0.0.10:7777] (../lib/sbi/context.c:426)
09/04 17:46:15.774: [dbi] INFO: MongoDB URI: 'mongodb://localhost/open5gs' (../lib/dbi/ogs-mongoc.c:130)
09/04 17:46:15.774: [sbi] INFO: NF Service [nudr-dr] (../lib/sbi/context.c:1829)
09/04 17:46:15.774: [sbi] INFO: nghttp2_server() [http://127.0.0.20]:7777 (../lib/sbi/nghttp2-server.c:424)
09/04 17:46:15.775: [app] INFO: UDR initialize...done (../src/udr/app.c:31)
09/04 17:46:15.776: [sbi] INFO: [d1d2d24e-6ad4-41ef-9624-6f869753eb72] NF registered [Heartbeat:10s] (../lib/sbi/nf-sm.c:208)
09/04 17:46:15.777: [sbi] INFO: NF EndPoint(addr) setup [127.0.0.10:7777] (../lib/sbi/nnrf-handler.c:949)
09/04 17:46:15.777: [sbi] INFO: [d1d4c8e2-6ad4-41ef-bdde-a596ac554a63] Subscription created until 2024-09-05T17:46:15.776938+02:00 [duration:86400000000,validity:86400.000000,patch:43200.000000] (../lib/sbi/nnrf-handler.c:868)
09/04 19:44:35.614: [core] ERROR: epoll failed (4:Interrupted system call) (../lib/core/ogs-epoll.c:220)
09/04 20:16:37.424: [sbi] WARNING: [7] Failed to connect to 127.0.0.10 port 7777 after 0 ms: Couldn't connect to server (../lib/sbi/client.c:698)
09/04 20:16:37.424: [sbi] WARNING: ogs_sbi_client_handler() failed [-1] (../lib/sbi/path.c:62)
09/04 20:16:38.415: [sbi] ERROR: [d1d2d24e-6ad4-41ef-9624-6f869753eb72] No heartbeat [type:UDR] (../lib/sbi/nf-sm.c:297)
09/04 20:16:38.416: [sbi] INFO: [d1d2d24e-6ad4-41ef-9624-6f869753eb72] NF de-registered (../lib/sbi/nf-sm.c:235)
09/04 20:16:49.416: [sbi] WARNING: [d1d2d24e-6ad4-41ef-9624-6f869753eb72] Retry registration with NRF (../lib/sbi/nf-sm.c:169)
09/04 20:16:49.417: [sbi] ERROR: Connection timer expired (../lib/sbi/client.c:605)
09/04 20:16:49.417: [sbi] WARNING: ogs_sbi_client_handler() failed [-3] (../lib/sbi/path.c:62)
09/04 20:16:54.771: [app] INFO: Signal-NUM[28] received (Window changed) (../src/main.c:63)
09/04 20:16:55.881: [app] INFO: SIGINT received (../src/main.c:53)
09/04 20:16:55.881: [app] INFO: Open5GS daemon terminating... (../src/main.c:226)
09/04 20:16:55.885: [app] INFO: UDR terminate...done (../src/udr/app.c:39)
Open5GS daemon v2.7.2-28-gb6ddd7f+

09/04 20:22:53.336: [app] INFO: Configuration: '/home/bunie/open5gs/install/etc/open5gs/udr.yaml' (../lib/app/ogs-init.c:133)
09/04 20:22:53.336: [app] INFO: File Logging: '/home/bunie/open5gs/install/var/log/open5gs/udr.log' (../lib/app/ogs-init.c:136)
09/04 20:22:53.340: [sbi] INFO: NF EndPoint(addr) setup [127.0.0.10:7777] (../lib/sbi/context.c:426)
09/04 20:22:53.351: [dbi] INFO: MongoDB URI: 'mongodb://localhost/open5gs' (../lib/dbi/ogs-mongoc.c:130)
09/04 20:22:53.351: [sbi] INFO: NF Service [nudr-dr] (../lib/sbi/context.c:1829)
09/04 20:22:53.351: [sbi] INFO: nghttp2_server() [http://127.0.0.20]:7777 (../lib/sbi/nghttp2-server.c:424)
09/04 20:22:53.352: [app] INFO: UDR initialize...done (../src/udr/app.c:31)
09/04 20:22:53.354: [sbi] INFO: [b3373288-6aea-41ef-87e0-ff079dbd4337] NF registered [Heartbeat:10s] (../lib/sbi/nf-sm.c:208)
09/04 20:22:53.355: [sbi] INFO: NF EndPoint(addr) setup [127.0.0.10:7777] (../lib/sbi/nnrf-handler.c:949)
09/04 20:22:53.355: [sbi] INFO: [b339647c-6aea-41ef-9082-95974e8abfbd] Subscription created until 2024-09-05T20:22:53.354992+02:00 [duration:86400000000,validity:86400.000000,patch:43200.000000] (../lib/sbi/nnrf-handler.c:868)
09/04 20:41:14.425: [sbi] WARNING: [7] Failed to connect to 127.0.0.10 port 7777 after 0 ms: Couldn't connect to server (../lib/sbi/client.c:698)
09/04 20:41:14.425: [sbi] WARNING: ogs_sbi_client_handler() failed [-1] (../lib/sbi/path.c:62)
09/04 20:41:15.417: [sbi] ERROR: [b3373288-6aea-41ef-87e0-ff079dbd4337] No heartbeat [type:UDR] (../lib/sbi/nf-sm.c:297)
09/04 20:41:15.417: [sbi] INFO: [b3373288-6aea-41ef-87e0-ff079dbd4337] NF de-registered (../lib/sbi/nf-sm.c:235)
09/04 20:41:21.722: [app] INFO: SIGINT received (../src/main.c:53)
09/04 20:41:21.722: [app] INFO: Open5GS daemon terminating... (../src/main.c:226)
09/04 20:41:21.723: [app] INFO: UDR terminate...done (../src/udr/app.c:39)
Open5GS daemon v2.7.2-28-gb6ddd7f+

09/04 21:49:48.042: [app] INFO: Configuration: '/home/bunie/open5gs/install/etc/open5gs/udr.yaml' (../lib/app/ogs-init.c:133)
09/04 21:49:48.042: [app] INFO: File Logging: '/home/bunie/open5gs/install/var/log/open5gs/udr.log' (../lib/app/ogs-init.c:136)
09/04 21:49:48.045: [sbi] INFO: NF EndPoint(addr) setup [127.0.0.10:7777] (../lib/sbi/context.c:426)
09/04 21:49:48.050: [dbi] INFO: MongoDB URI: 'mongodb://localhost/open5gs' (../lib/dbi/ogs-mongoc.c:130)
09/04 21:49:48.050: [sbi] INFO: NF Service [nudr-dr] (../lib/sbi/context.c:1829)
09/04 21:49:48.050: [sbi] INFO: nghttp2_server() [http://127.0.0.20]:7777 (../lib/sbi/nghttp2-server.c:424)
09/04 21:49:48.050: [app] INFO: UDR initialize...done (../src/udr/app.c:31)
09/04 21:49:48.052: [sbi] INFO: [d76bee58-6af6-41ef-abd0-e7893f4598a8] NF registered [Heartbeat:10s] (../lib/sbi/nf-sm.c:208)
09/04 21:49:48.052: [sbi] INFO: NF EndPoint(addr) setup [127.0.0.10:7777] (../lib/sbi/nnrf-handler.c:949)
09/04 21:49:48.052: [sbi] INFO: [d76d14ae-6af6-41ef-be4e-61382bfa8c95] Subscription created until 2024-09-05T21:49:48.052419+02:00 [duration:86400000000,validity:86400.000000,patch:43200.000000] (../lib/sbi/nnrf-handler.c:868)
09/05 00:04:45.583: [sbi] WARNING: [7] Failed to connect to 127.0.0.10 port 7777 after 0 ms: Couldn't connect to server (../lib/sbi/client.c:698)
09/05 00:04:45.583: [sbi] WARNING: ogs_sbi_client_handler() failed [-1] (../lib/sbi/path.c:62)
09/05 00:04:46.575: [sbi] ERROR: [d76bee58-6af6-41ef-abd0-e7893f4598a8] No heartbeat [type:UDR] (../lib/sbi/nf-sm.c:297)
09/05 00:04:46.575: [sbi] INFO: [d76bee58-6af6-41ef-abd0-e7893f4598a8] NF de-registered (../lib/sbi/nf-sm.c:235)
09/05 00:04:57.253: [app] INFO: SIGINT received (../src/main.c:53)
09/05 00:04:57.253: [app] INFO: Open5GS daemon terminating... (../src/main.c:226)
09/05 00:04:57.255: [app] INFO: UDR terminate...done (../src/udr/app.c:39)
Open5GS daemon v2.7.2-28-gb6ddd7f+

09/05 00:05:37.635: [app] INFO: Configuration: '/home/bunie/open5gs/install/etc/open5gs/udr.yaml' (../lib/app/ogs-init.c:133)
09/05 00:05:37.635: [app] INFO: File Logging: '/home/bunie/open5gs/install/var/log/open5gs/udr.log' (../lib/app/ogs-init.c:136)
09/05 00:05:37.637: [sbi] INFO: NF EndPoint(addr) setup [127.0.0.10:7777] (../lib/sbi/context.c:426)
09/05 00:05:37.640: [dbi] INFO: MongoDB URI: 'mongodb://localhost/open5gs' (../lib/dbi/ogs-mongoc.c:130)
09/05 00:05:37.640: [sbi] INFO: NF Service [nudr-dr] (../lib/sbi/context.c:1829)
09/05 00:05:37.641: [sbi] INFO: nghttp2_server() [http://127.0.0.20]:7777 (../lib/sbi/nghttp2-server.c:424)
09/05 00:05:37.641: [app] INFO: UDR initialize...done (../src/udr/app.c:31)
09/05 00:05:37.642: [sbi] INFO: [d0f507d6-6b09-41ef-a5b0-6fff35d4c066] NF registered [Heartbeat:10s] (../lib/sbi/nf-sm.c:208)
09/05 00:05:37.642: [sbi] INFO: NF EndPoint(addr) setup [127.0.0.10:7777] (../lib/sbi/nnrf-handler.c:949)
09/05 00:05:37.642: [sbi] INFO: [d0f5dc56-6b09-41ef-856e-75d80ae8a8ef] Subscription created until 2024-09-06T00:05:37.642655+02:00 [duration:86400000000,validity:86400.000000,patch:43200.000000] (../lib/sbi/nnrf-handler.c:868)
09/05 09:21:52.810: [core] ERROR: epoll failed (4:Interrupted system call) (../lib/core/ogs-epoll.c:220)
09/06 08:14:28.677: [core] ERROR: epoll failed (4:Interrupted system call) (../lib/core/ogs-epoll.c:220)
09/06 09:46:51.542: [core] ERROR: epoll failed (4:Interrupted system call) (../lib/core/ogs-epoll.c:220)
09/06 14:23:44.034: [udr] INFO: [d0f5dc56-6b09-41ef-856e-75d80ae8a8ef] Need to update Subscription (../src/udr/udr-sm.c:339)
09/06 14:23:44.038: [sbi] INFO: [d0f5dc56-6b09-41ef-856e-75d80ae8a8ef] Subscription updated(204 No Content) until 2024-09-07T14:23:44.038391+02:00 [duration:86400000000,validity:86400.000000,patch:43200.000000] (../lib/sbi/nnrf-handler.c:868)
09/06 19:40:04.552: [core] ERROR: epoll failed (4:Interrupted system call) (../lib/core/ogs-epoll.c:220)
09/07 11:02:10.533: [core] ERROR: epoll failed (4:Interrupted system call) (../lib/core/ogs-epoll.c:220)
09/07 14:44:37.233: [app] INFO: SIGHUP received (../src/main.c:58)
09/07 14:44:37.236: [app] INFO: SIGHUP received (../src/main.c:58)
Open5GS daemon v2.7.2-28-gb6ddd7f+

09/16 12:43:53.585: [app] INFO: Configuration: '/home/bunie/open5gs/install/etc/open5gs/udr.yaml' (../lib/app/ogs-init.c:133)
09/16 12:43:53.585: [app] INFO: File Logging: '/home/bunie/open5gs/install/var/log/open5gs/udr.log' (../lib/app/ogs-init.c:136)
09/16 12:43:53.587: [sbi] INFO: NF EndPoint(addr) setup [127.0.0.10:7777] (../lib/sbi/context.c:426)
09/16 12:43:53.612: [dbi] INFO: MongoDB URI: 'mongodb://localhost/open5gs' (../lib/dbi/ogs-mongoc.c:130)
09/16 12:43:53.612: [sbi] INFO: NF Service [nudr-dr] (../lib/sbi/context.c:1829)
09/16 12:43:53.613: [sbi] INFO: nghttp2_server() [http://127.0.0.20]:7777 (../lib/sbi/nghttp2-server.c:424)
09/16 12:43:53.613: [app] INFO: UDR initialize...done (../src/udr/app.c:31)
09/16 12:43:53.614: [sbi] INFO: [91336af8-7418-41ef-96f4-732e1717f9fa] NF registered [Heartbeat:10s] (../lib/sbi/nf-sm.c:208)
09/16 12:43:53.615: [sbi] INFO: NF EndPoint(addr) setup [127.0.0.10:7777] (../lib/sbi/nnrf-handler.c:949)
09/16 12:43:53.615: [sbi] INFO: [9137966e-7418-41ef-91b8-c35599ac03cf] Subscription created until 2024-09-17T12:43:53.615141+02:00 [duration:86400000000,validity:86400.000000,patch:43200.000000] (../lib/sbi/nnrf-handler.c:868)
09/16 14:05:06.469: [app] INFO: SIGINT received (../src/main.c:53)
09/16 14:05:06.469: [app] INFO: Open5GS daemon terminating... (../src/main.c:226)
09/16 14:05:06.469: [sbi] INFO: [91336af8-7418-41ef-96f4-732e1717f9fa] NF de-registered (../lib/sbi/nf-sm.c:235)
09/16 14:05:06.472: [app] INFO: UDR terminate...done (../src/udr/app.c:39)
Open5GS daemon v2.7.2-28-gb6ddd7f+

09/16 14:16:46.876: [app] INFO: Configuration: '/home/bunie/open5gs/install/etc/open5gs/udr.yaml' (../lib/app/ogs-init.c:133)
09/16 14:16:46.876: [app] INFO: File Logging: '/home/bunie/open5gs/install/var/log/open5gs/udr.log' (../lib/app/ogs-init.c:136)
09/16 14:16:46.877: [sbi] INFO: NF EndPoint(addr) setup [127.0.0.10:7777] (../lib/sbi/context.c:426)
09/16 14:16:46.881: [dbi] INFO: MongoDB URI: 'mongodb://localhost/open5gs' (../lib/dbi/ogs-mongoc.c:130)
09/16 14:16:46.881: [sbi] INFO: NF Service [nudr-dr] (../lib/sbi/context.c:1829)
09/16 14:16:46.881: [sbi] INFO: nghttp2_server() [http://127.0.0.20]:7777 (../lib/sbi/nghttp2-server.c:424)
09/16 14:16:46.882: [app] INFO: UDR initialize...done (../src/udr/app.c:31)
09/16 14:16:46.883: [sbi] INFO: [8b23ff80-7425-41ef-888b-414d61b87843] NF registered [Heartbeat:10s] (../lib/sbi/nf-sm.c:208)
09/16 14:16:46.883: [sbi] INFO: NF EndPoint(addr) setup [127.0.0.10:7777] (../lib/sbi/nnrf-handler.c:949)
09/16 14:16:46.883: [sbi] INFO: [8b24d2ac-7425-41ef-b915-d97ec7dba35b] Subscription created until 2024-09-17T14:16:46.883318+02:00 [duration:86400000000,validity:86400.000000,patch:43200.000000] (../lib/sbi/nnrf-handler.c:868)
09/16 14:33:27.735: [sbi] WARNING: [7] Failed to connect to 127.0.0.10 port 7777 after 0 ms: Couldn't connect to server (../lib/sbi/client.c:698)
09/16 14:33:27.735: [sbi] WARNING: ogs_sbi_client_handler() failed [-1] (../lib/sbi/path.c:62)
09/16 14:33:28.728: [sbi] ERROR: [8b23ff80-7425-41ef-888b-414d61b87843] No heartbeat [type:UDR] (../lib/sbi/nf-sm.c:297)
09/16 14:33:28.728: [sbi] INFO: [8b23ff80-7425-41ef-888b-414d61b87843] NF de-registered (../lib/sbi/nf-sm.c:235)
09/16 14:33:34.173: [app] INFO: SIGINT received (../src/main.c:53)
09/16 14:33:34.173: [app] INFO: Open5GS daemon terminating... (../src/main.c:226)
09/16 14:33:34.175: [app] INFO: UDR terminate...done (../src/udr/app.c:39)
Open5GS daemon v2.7.2-28-gb6ddd7f+

09/16 14:36:49.088: [app] INFO: Configuration: '/home/bunie/open5gs/install/etc/open5gs/udr.yaml' (../lib/app/ogs-init.c:133)
09/16 14:36:49.088: [app] INFO: File Logging: '/home/bunie/open5gs/install/var/log/open5gs/udr.log' (../lib/app/ogs-init.c:136)
09/16 14:36:49.090: [sbi] INFO: NF EndPoint(addr) setup [127.0.0.10:7777] (../lib/sbi/context.c:426)
09/16 14:36:49.094: [dbi] INFO: MongoDB URI: 'mongodb://localhost/open5gs' (../lib/dbi/ogs-mongoc.c:130)
09/16 14:36:49.094: [sbi] INFO: NF Service [nudr-dr] (../lib/sbi/context.c:1829)
09/16 14:36:49.095: [sbi] INFO: nghttp2_server() [http://127.0.0.20]:7777 (../lib/sbi/nghttp2-server.c:424)
09/16 14:36:49.095: [app] INFO: UDR initialize...done (../src/udr/app.c:31)
09/16 14:36:49.096: [sbi] INFO: [57b7216a-7428-41ef-a28b-8feb49f58e8a] NF registered [Heartbeat:10s] (../lib/sbi/nf-sm.c:208)
09/16 14:36:49.096: [sbi] INFO: NF EndPoint(addr) setup [127.0.0.10:7777] (../lib/sbi/nnrf-handler.c:949)
09/16 14:36:49.096: [sbi] INFO: [57b80026-7428-41ef-ae7d-891b09ba1a04] Subscription created until 2024-09-17T14:36:49.096562+02:00 [duration:86400000000,validity:86400.000000,patch:43200.000000] (../lib/sbi/nnrf-handler.c:868)
09/16 15:57:23.389: [sbi] WARNING: [7] Failed to connect to 127.0.0.10 port 7777 after 0 ms: Couldn't connect to server (../lib/sbi/client.c:698)
09/16 15:57:23.390: [sbi] WARNING: ogs_sbi_client_handler() failed [-1] (../lib/sbi/path.c:62)
09/16 15:57:24.381: [sbi] ERROR: [57b7216a-7428-41ef-a28b-8feb49f58e8a] No heartbeat [type:UDR] (../lib/sbi/nf-sm.c:297)
09/16 15:57:24.381: [sbi] INFO: [57b7216a-7428-41ef-a28b-8feb49f58e8a] NF de-registered (../lib/sbi/nf-sm.c:235)
09/16 15:57:35.382: [sbi] WARNING: [57b7216a-7428-41ef-a28b-8feb49f58e8a] Retry registration with NRF (../lib/sbi/nf-sm.c:169)
09/16 15:57:35.382: [sbi] ERROR: Connection timer expired (../lib/sbi/client.c:605)
09/16 15:57:35.382: [sbi] WARNING: ogs_sbi_client_handler() failed [-3] (../lib/sbi/path.c:62)
09/16 15:57:46.382: [sbi] WARNING: [57b7216a-7428-41ef-a28b-8feb49f58e8a] Retry registration with NRF (../lib/sbi/nf-sm.c:169)
09/16 15:57:46.382: [sbi] ERROR: Connection timer expired (../lib/sbi/client.c:605)
09/16 15:57:46.382: [sbi] WARNING: ogs_sbi_client_handler() failed [-3] (../lib/sbi/path.c:62)
09/16 15:57:52.862: [app] INFO: SIGINT received (../src/main.c:53)
09/16 15:57:52.862: [app] INFO: Open5GS daemon terminating... (../src/main.c:226)
09/16 15:57:52.864: [app] INFO: UDR terminate...done (../src/udr/app.c:39)
Open5GS daemon v2.7.2-28-gb6ddd7f+

09/16 16:01:13.703: [app] INFO: Configuration: '/home/bunie/open5gs/install/etc/open5gs/udr.yaml' (../lib/app/ogs-init.c:133)
09/16 16:01:13.703: [app] INFO: File Logging: '/home/bunie/open5gs/install/var/log/open5gs/udr.log' (../lib/app/ogs-init.c:136)
09/16 16:01:13.705: [sbi] INFO: NF EndPoint(addr) setup [127.0.0.10:7777] (../lib/sbi/context.c:426)
09/16 16:01:13.710: [dbi] INFO: MongoDB URI: 'mongodb://localhost/open5gs' (../lib/dbi/ogs-mongoc.c:130)
09/16 16:01:13.710: [sbi] INFO: NF Service [nudr-dr] (../lib/sbi/context.c:1829)
09/16 16:01:13.710: [sbi] INFO: nghttp2_server() [http://127.0.0.20]:7777 (../lib/sbi/nghttp2-server.c:424)
09/16 16:01:13.710: [app] INFO: UDR initialize...done (../src/udr/app.c:31)
09/16 16:01:13.711: [sbi] INFO: [2275fc86-7434-41ef-bfad-69b07c639c7c] NF registered [Heartbeat:10s] (../lib/sbi/nf-sm.c:208)
09/16 16:01:13.711: [sbi] INFO: NF EndPoint(addr) setup [127.0.0.10:7777] (../lib/sbi/nnrf-handler.c:949)
09/16 16:01:13.711: [sbi] INFO: [2276f262-7434-41ef-a8a0-fd8ae929c81c] Subscription created until 2024-09-17T16:01:13.711699+02:00 [duration:86400000000,validity:86400.000000,patch:43200.000000] (../lib/sbi/nnrf-handler.c:868)
09/16 16:14:40.659: [sbi] WARNING: [0ef318ec-7434-41ef-b651-99ff292c4dfc] (NRF-notify) Not found (../lib/sbi/nnrf-handler.c:1171)
09/16 16:14:42.203: [sbi] INFO: [0457d420-7436-41ef-8bd4-d9e9c8823b6c] (NRF-notify) NF registered (../lib/sbi/nnrf-handler.c:1133)
09/16 16:14:42.203: [sbi] INFO: [0457d420-7436-41ef-8bd4-d9e9c8823b6c] (NRF-notify) NF Profile updated [type:SEPP] (../lib/sbi/nnrf-handler.c:1147)
09/16 16:14:42.203: [sbi] INFO: NF EndPoint(addr) setup [127.0.1.250:7777] (../lib/sbi/context.c:2195)
09/16 16:21:54.848: [sbi] WARNING: [7] Failed to connect to 127.0.0.10 port 7777 after 0 ms: Couldn't connect to server (../lib/sbi/client.c:698)
09/16 16:21:54.848: [sbi] WARNING: ogs_sbi_client_handler() failed [-1] (../lib/sbi/path.c:62)
09/16 16:21:55.849: [sbi] ERROR: [2275fc86-7434-41ef-bfad-69b07c639c7c] No heartbeat [type:UDR] (../lib/sbi/nf-sm.c:297)
09/16 16:21:55.849: [sbi] INFO: [2275fc86-7434-41ef-bfad-69b07c639c7c] NF de-registered (../lib/sbi/nf-sm.c:235)
09/16 16:22:06.849: [sbi] WARNING: [2275fc86-7434-41ef-bfad-69b07c639c7c] Retry registration with NRF (../lib/sbi/nf-sm.c:169)
09/16 16:22:06.849: [sbi] ERROR: Connection timer expired (../lib/sbi/client.c:605)
09/16 16:22:06.849: [sbi] WARNING: ogs_sbi_client_handler() failed [-3] (../lib/sbi/path.c:62)
09/16 16:22:08.028: [app] INFO: SIGINT received (../src/main.c:53)
09/16 16:22:08.028: [app] INFO: Open5GS daemon terminating... (../src/main.c:226)
09/16 16:22:08.030: [app] INFO: UDR terminate...done (../src/udr/app.c:39)
Open5GS daemon v2.7.2-28-gb6ddd7f+

09/16 16:26:39.242: [app] INFO: Configuration: '/home/bunie/open5gs/install/etc/open5gs/udr.yaml' (../lib/app/ogs-init.c:133)
09/16 16:26:39.242: [app] INFO: File Logging: '/home/bunie/open5gs/install/var/log/open5gs/udr.log' (../lib/app/ogs-init.c:136)
09/16 16:26:39.244: [sbi] INFO: NF EndPoint(addr) setup [127.0.0.10:7777] (../lib/sbi/context.c:426)
09/16 16:26:39.247: [dbi] INFO: MongoDB URI: 'mongodb://localhost/open5gs' (../lib/dbi/ogs-mongoc.c:130)
09/16 16:26:39.247: [sbi] INFO: NF Service [nudr-dr] (../lib/sbi/context.c:1829)
09/16 16:26:39.247: [sbi] INFO: nghttp2_server() [http://127.0.0.20]:7777 (../lib/sbi/nghttp2-server.c:424)
09/16 16:26:39.247: [app] INFO: UDR initialize...done (../src/udr/app.c:31)
09/16 16:26:39.248: [sbi] INFO: [afc0b0ba-7437-41ef-974c-25394c1fc51c] NF registered [Heartbeat:10s] (../lib/sbi/nf-sm.c:208)
09/16 16:26:39.249: [sbi] INFO: NF EndPoint(addr) setup [127.0.0.10:7777] (../lib/sbi/nnrf-handler.c:949)
09/16 16:26:39.249: [sbi] INFO: [afc17c02-7437-41ef-83a4-c336c07106e5] Subscription created until 2024-09-17T16:26:39.249123+02:00 [duration:86400000000,validity:86400.000000,patch:43200.000000] (../lib/sbi/nnrf-handler.c:868)
09/16 20:21:36.561: [core] ERROR: epoll failed (4:Interrupted system call) (../lib/core/ogs-epoll.c:220)
09/16 20:22:51.635: [app] INFO: Signal-NUM[28] received (Window changed) (../src/main.c:63)
09/16 20:31:08.036: [app] INFO: SIGHUP received (../src/main.c:58)
09/16 20:31:08.046: [app] INFO: SIGHUP received (../src/main.c:58)
Open5GS daemon v2.7.2-28-gb6ddd7f+

09/17 10:45:37.742: [app] INFO: Configuration: '/home/bunie/open5gs/install/etc/open5gs/udr.yaml' (../lib/app/ogs-init.c:133)
09/17 10:45:37.742: [app] INFO: File Logging: '/home/bunie/open5gs/install/var/log/open5gs/udr.log' (../lib/app/ogs-init.c:136)
09/17 10:45:37.744: [sbi] INFO: NF EndPoint(addr) setup [127.0.0.10:7777] (../lib/sbi/context.c:426)
09/17 10:45:37.747: [dbi] INFO: MongoDB URI: 'mongodb://localhost/open5gs' (../lib/dbi/ogs-mongoc.c:130)
09/17 10:45:37.747: [sbi] INFO: NF Service [nudr-dr] (../lib/sbi/context.c:1829)
09/17 10:45:37.748: [sbi] INFO: nghttp2_server() [http://127.0.0.20]:7777 (../lib/sbi/nghttp2-server.c:424)
09/17 10:45:37.748: [app] INFO: UDR initialize...done (../src/udr/app.c:31)
09/17 10:45:37.749: [sbi] INFO: [36295f5a-74d1-41ef-ad55-0914075101fc] NF registered [Heartbeat:10s] (../lib/sbi/nf-sm.c:208)
09/17 10:45:37.750: [sbi] INFO: NF EndPoint(addr) setup [127.0.0.10:7777] (../lib/sbi/nnrf-handler.c:949)
09/17 10:45:37.750: [sbi] INFO: [362a3bb4-74d1-41ef-9bd1-dbc017ec0993] Subscription created until 2024-09-18T10:45:37.749925+02:00 [duration:86400000000,validity:86400.000000,patch:43200.000000] (../lib/sbi/nnrf-handler.c:868)
09/17 11:12:37.496: [sbi] WARNING: [fcfffd7e-74d0-41ef-a9f0-99df8c56edbf] (NRF-notify) Not found (../lib/sbi/nnrf-handler.c:1171)
09/17 11:12:40.142: [sbi] INFO: [fd2a6100-74d4-41ef-9465-e175b782fb9f] (NRF-notify) NF registered (../lib/sbi/nnrf-handler.c:1133)
09/17 11:12:40.142: [sbi] INFO: [fd2a6100-74d4-41ef-9465-e175b782fb9f] (NRF-notify) NF Profile updated [type:SEPP] (../lib/sbi/nnrf-handler.c:1147)
09/17 11:12:40.142: [sbi] INFO: NF EndPoint(addr) setup [127.0.1.250:7777] (../lib/sbi/context.c:2195)
09/17 11:15:09.348: [sbi] WARNING: [7] Failed to connect to 127.0.0.10 port 7777 after 0 ms: Couldn't connect to server (../lib/sbi/client.c:698)
09/17 11:15:09.348: [sbi] WARNING: ogs_sbi_client_handler() failed [-1] (../lib/sbi/path.c:62)
09/17 11:15:10.348: [sbi] ERROR: [36295f5a-74d1-41ef-ad55-0914075101fc] No heartbeat [type:UDR] (../lib/sbi/nf-sm.c:297)
09/17 11:15:10.348: [sbi] INFO: [36295f5a-74d1-41ef-ad55-0914075101fc] NF de-registered (../lib/sbi/nf-sm.c:235)
09/17 11:15:21.348: [sbi] WARNING: [36295f5a-74d1-41ef-ad55-0914075101fc] Retry registration with NRF (../lib/sbi/nf-sm.c:169)
09/17 11:15:21.348: [sbi] ERROR: Connection timer expired (../lib/sbi/client.c:605)
09/17 11:15:21.348: [sbi] WARNING: ogs_sbi_client_handler() failed [-3] (../lib/sbi/path.c:62)
09/17 11:15:26.789: [app] INFO: SIGINT received (../src/main.c:53)
09/17 11:15:26.789: [app] INFO: Open5GS daemon terminating... (../src/main.c:226)
09/17 11:15:26.791: [app] INFO: UDR terminate...done (../src/udr/app.c:39)
Open5GS daemon v2.7.2-28-gb6ddd7f+

09/17 11:30:29.394: [app] INFO: Configuration: '/home/bunie/open5gs/install/etc/open5gs/udr.yaml' (../lib/app/ogs-init.c:133)
09/17 11:30:29.394: [app] INFO: File Logging: '/home/bunie/open5gs/install/var/log/open5gs/udr.log' (../lib/app/ogs-init.c:136)
09/17 11:30:29.396: [sbi] INFO: NF EndPoint(addr) setup [127.0.0.10:7777] (../lib/sbi/context.c:426)
09/17 11:30:29.399: [dbi] INFO: MongoDB URI: 'mongodb://localhost/open5gs' (../lib/dbi/ogs-mongoc.c:130)
09/17 11:30:29.399: [sbi] INFO: NF Service [nudr-dr] (../lib/sbi/context.c:1829)
09/17 11:30:29.400: [sbi] INFO: nghttp2_server() [http://127.0.0.20]:7777 (../lib/sbi/nghttp2-server.c:424)
09/17 11:30:29.400: [app] INFO: UDR initialize...done (../src/udr/app.c:31)
09/17 11:30:29.401: [sbi] INFO: [7a82d888-74d7-41ef-825f-873cadf9f8a8] NF registered [Heartbeat:10s] (../lib/sbi/nf-sm.c:208)
09/17 11:30:29.402: [sbi] INFO: NF EndPoint(addr) setup [127.0.0.10:7777] (../lib/sbi/nnrf-handler.c:949)
09/17 11:30:29.402: [sbi] INFO: [7a83c090-74d7-41ef-9132-c761c19669da] Subscription created until 2024-09-18T11:30:29.402078+02:00 [duration:86400000000,validity:86400.000000,patch:43200.000000] (../lib/sbi/nnrf-handler.c:868)
09/17 11:31:21.309: [dbi] INFO: [imsi-001010000000002] Cannot find IMSI in DB (../lib/dbi/subscription.c:56)
09/17 11:31:21.309: [udr] WARNING: [imsi-001010000000002] Cannot find SUPI in DB (../src/udr/nudr-handler.c:68)
09/17 11:36:09.736: [sbi] WARNING: [7] Failed to connect to 127.0.0.10 port 7777 after 0 ms: Couldn't connect to server (../lib/sbi/client.c:698)
09/17 11:36:09.736: [sbi] WARNING: ogs_sbi_client_handler() failed [-1] (../lib/sbi/path.c:62)
09/17 11:36:10.726: [sbi] ERROR: [7a82d888-74d7-41ef-825f-873cadf9f8a8] No heartbeat [type:UDR] (../lib/sbi/nf-sm.c:297)
09/17 11:36:10.726: [sbi] INFO: [7a82d888-74d7-41ef-825f-873cadf9f8a8] NF de-registered (../lib/sbi/nf-sm.c:235)
09/17 11:36:15.737: [app] INFO: SIGINT received (../src/main.c:53)
09/17 11:36:15.738: [app] INFO: Open5GS daemon terminating... (../src/main.c:226)
09/17 11:36:15.739: [app] INFO: UDR terminate...done (../src/udr/app.c:39)
Open5GS daemon v2.7.2-28-gb6ddd7f+

09/17 11:38:15.326: [app] INFO: Configuration: '/home/bunie/open5gs/install/etc/open5gs/udr.yaml' (../lib/app/ogs-init.c:133)
09/17 11:38:15.326: [app] INFO: File Logging: '/home/bunie/open5gs/install/var/log/open5gs/udr.log' (../lib/app/ogs-init.c:136)
09/17 11:38:15.328: [sbi] INFO: NF EndPoint(addr) setup [127.0.0.10:7777] (../lib/sbi/context.c:426)
09/17 11:38:15.331: [dbi] INFO: MongoDB URI: 'mongodb://localhost/open5gs' (../lib/dbi/ogs-mongoc.c:130)
09/17 11:38:15.331: [sbi] INFO: NF Service [nudr-dr] (../lib/sbi/context.c:1829)
09/17 11:38:15.331: [sbi] INFO: nghttp2_server() [http://127.0.0.20]:7777 (../lib/sbi/nghttp2-server.c:424)
09/17 11:38:15.331: [app] INFO: UDR initialize...done (../src/udr/app.c:31)
09/17 11:38:15.333: [sbi] INFO: [903a6992-74d8-41ef-8ce3-614d9283311b] NF registered [Heartbeat:10s] (../lib/sbi/nf-sm.c:208)
09/17 11:38:15.333: [sbi] INFO: NF EndPoint(addr) setup [127.0.0.10:7777] (../lib/sbi/nnrf-handler.c:949)
09/17 11:38:15.333: [sbi] INFO: [903b3c82-74d8-41ef-930c-bb7967a8a085] Subscription created until 2024-09-18T11:38:15.333413+02:00 [duration:86400000000,validity:86400.000000,patch:43200.000000] (../lib/sbi/nnrf-handler.c:868)
09/17 11:39:23.413: [app] INFO: SIGINT received (../src/main.c:53)
09/17 11:39:23.413: [app] INFO: Open5GS daemon terminating... (../src/main.c:226)
09/17 11:39:23.413: [sbi] INFO: [903a6992-74d8-41ef-8ce3-614d9283311b] NF de-registered (../lib/sbi/nf-sm.c:235)
09/17 11:39:23.417: [app] INFO: UDR terminate...done (../src/udr/app.c:39)
Open5GS daemon v2.7.2-28-gb6ddd7f+

09/17 11:47:08.943: [app] INFO: Configuration: '/home/bunie/open5gs/install/etc/open5gs/udr.yaml' (../lib/app/ogs-init.c:133)
09/17 11:47:08.943: [app] INFO: File Logging: '/home/bunie/open5gs/install/var/log/open5gs/udr.log' (../lib/app/ogs-init.c:136)
09/17 11:47:08.945: [sbi] INFO: NF EndPoint(addr) setup [127.0.0.10:7777] (../lib/sbi/context.c:426)
09/17 11:47:08.948: [dbi] INFO: MongoDB URI: 'mongodb://localhost/open5gs' (../lib/dbi/ogs-mongoc.c:130)
09/17 11:47:08.948: [sbi] INFO: NF Service [nudr-dr] (../lib/sbi/context.c:1829)
09/17 11:47:08.949: [sbi] INFO: nghttp2_server() [http://127.0.0.20]:7777 (../lib/sbi/nghttp2-server.c:424)
09/17 11:47:08.949: [app] INFO: UDR initialize...done (../src/udr/app.c:31)
09/17 11:47:08.950: [sbi] INFO: [ce49f4e0-74d9-41ef-8b93-99ac59519c02] NF registered [Heartbeat:10s] (../lib/sbi/nf-sm.c:208)
09/17 11:47:08.950: [sbi] INFO: NF EndPoint(addr) setup [127.0.0.10:7777] (../lib/sbi/nnrf-handler.c:949)
09/17 11:47:08.950: [sbi] INFO: [ce4ac104-74d9-41ef-b5bc-b572c4a1d912] Subscription created until 2024-09-18T11:47:08.950590+02:00 [duration:86400000000,validity:86400.000000,patch:43200.000000] (../lib/sbi/nnrf-handler.c:868)
09/17 12:43:52.093: [sbi] WARNING: [7] Failed to connect to 127.0.0.10 port 7777 after 0 ms: Couldn't connect to server (../lib/sbi/client.c:698)
09/17 12:43:52.093: [sbi] WARNING: ogs_sbi_client_handler() failed [-1] (../lib/sbi/path.c:62)
09/17 12:43:53.094: [sbi] ERROR: [ce49f4e0-74d9-41ef-8b93-99ac59519c02] No heartbeat [type:UDR] (../lib/sbi/nf-sm.c:297)
09/17 12:43:53.094: [sbi] INFO: [ce49f4e0-74d9-41ef-8b93-99ac59519c02] NF de-registered (../lib/sbi/nf-sm.c:235)
09/17 12:43:54.735: [app] INFO: SIGINT received (../src/main.c:53)
09/17 12:43:54.735: [app] INFO: Open5GS daemon terminating... (../src/main.c:226)
09/17 12:43:54.736: [app] INFO: UDR terminate...done (../src/udr/app.c:39)
Open5GS daemon v2.7.2-28-gb6ddd7f+

09/17 12:44:34.859: [app] INFO: Configuration: '/home/bunie/open5gs/install/etc/open5gs/udr.yaml' (../lib/app/ogs-init.c:133)
09/17 12:44:34.859: [app] INFO: File Logging: '/home/bunie/open5gs/install/var/log/open5gs/udr.log' (../lib/app/ogs-init.c:136)
09/17 12:44:34.861: [sbi] INFO: NF EndPoint(addr) setup [127.0.0.10:7777] (../lib/sbi/context.c:426)
09/17 12:44:34.865: [dbi] INFO: MongoDB URI: 'mongodb://localhost/open5gs' (../lib/dbi/ogs-mongoc.c:130)
09/17 12:44:34.865: [sbi] INFO: NF Service [nudr-dr] (../lib/sbi/context.c:1829)
09/17 12:44:34.865: [sbi] INFO: nghttp2_server() [http://127.0.0.20]:7777 (../lib/sbi/nghttp2-server.c:424)
09/17 12:44:34.865: [app] INFO: UDR initialize...done (../src/udr/app.c:31)
09/17 12:44:34.866: [sbi] INFO: [d4370750-74e1-41ef-a0bd-17f869d443d6] NF registered [Heartbeat:10s] (../lib/sbi/nf-sm.c:208)
09/17 12:44:34.867: [sbi] INFO: NF EndPoint(addr) setup [127.0.0.10:7777] (../lib/sbi/nnrf-handler.c:949)
09/17 12:44:34.867: [sbi] INFO: [d437e166-74e1-41ef-818f-bb60e977ab14] Subscription created until 2024-09-18T12:44:34.867052+02:00 [duration:86400000000,validity:86400.000000,patch:43200.000000] (../lib/sbi/nnrf-handler.c:868)
09/17 14:03:22.560: [core] ERROR: epoll failed (4:Interrupted system call) (../lib/core/ogs-epoll.c:220)
09/17 14:13:41.224: [app] INFO: Signal-NUM[28] received (Window changed) (../src/main.c:63)
09/17 15:18:39.368: [core] ERROR: epoll failed (4:Interrupted system call) (../lib/core/ogs-epoll.c:220)
09/17 21:06:44.557: [core] ERROR: epoll failed (4:Interrupted system call) (../lib/core/ogs-epoll.c:220)
09/18 12:08:37.384: [core] ERROR: epoll failed (4:Interrupted system call) (../lib/core/ogs-epoll.c:220)
09/18 12:08:37.385: [sbi] ERROR: [d4370750-74e1-41ef-a0bd-17f869d443d6] No heartbeat [type:UDR] (../lib/sbi/nf-sm.c:297)
09/18 12:08:37.385: [sbi] INFO: [d4370750-74e1-41ef-a0bd-17f869d443d6] NF de-registered (../lib/sbi/nf-sm.c:235)
09/18 12:08:37.391: [sbi] ERROR: [d4370750-74e1-41ef-a0bd-17f869d443d6] HTTP Response Status Code [404] (../lib/sbi/nf-sm.c:145)
09/18 12:08:39.393: [sbi] WARNING: [d4370750-74e1-41ef-a0bd-17f869d443d6] Retry registration with NRF (../lib/sbi/nf-sm.c:395)
09/18 12:08:39.394: [sbi] INFO: [d4370750-74e1-41ef-a0bd-17f869d443d6] NF registered [Heartbeat:10s] (../lib/sbi/nf-sm.c:208)
09/18 12:08:39.395: [sbi] INFO: NF EndPoint(addr) setup [127.0.0.10:7777] (../lib/sbi/nnrf-handler.c:949)
09/18 12:08:39.395: [sbi] INFO: [f9deb5d8-75a5-41ef-818f-bb60e977ab14] Subscription created until 2024-09-19T12:08:39.395118+02:00 [duration:86400000000,validity:86400.000000,patch:43200.000000] (../lib/sbi/nnrf-handler.c:868)
09/18 12:41:16.648: [app] INFO: Signal-NUM[28] received (Window changed) (../src/main.c:63)
09/18 17:31:23.325: [dbi] INFO: [imsi-001010000000003] Cannot find IMSI in DB (../lib/dbi/subscription.c:56)
09/18 17:31:23.325: [udr] WARNING: [imsi-001010000000003] Cannot find SUPI in DB (../src/udr/nudr-handler.c:68)
09/18 17:31:23.326: [dbi] INFO: [imsi-001010000000002] Cannot find IMSI in DB (../lib/dbi/subscription.c:56)
09/18 17:31:23.326: [udr] WARNING: [imsi-001010000000002] Cannot find SUPI in DB (../src/udr/nudr-handler.c:68)
09/18 17:31:46.025: [dbi] INFO: [imsi-001010000000003] Cannot find IMSI in DB (../lib/dbi/subscription.c:56)
09/18 17:31:46.025: [udr] WARNING: [imsi-001010000000003] Cannot find SUPI in DB (../src/udr/nudr-handler.c:68)
09/18 17:31:46.029: [dbi] INFO: [imsi-001010000000002] Cannot find IMSI in DB (../lib/dbi/subscription.c:56)
09/18 17:31:46.029: [udr] WARNING: [imsi-001010000000002] Cannot find SUPI in DB (../src/udr/nudr-handler.c:68)
09/18 19:05:22.547: [sbi] WARNING: [d4370750-74e1-41ef-a0bd-17f869d443d6] HTTP response error [404] (../lib/sbi/nf-sm.c:264)
09/18 19:05:22.547: [sbi] INFO: [d4370750-74e1-41ef-a0bd-17f869d443d6] NF de-registered (../lib/sbi/nf-sm.c:235)
09/18 19:05:24.549: [sbi] WARNING: [d4370750-74e1-41ef-a0bd-17f869d443d6] Retry registration with NRF (../lib/sbi/nf-sm.c:395)
09/18 19:05:24.550: [sbi] INFO: [d4370750-74e1-41ef-a0bd-17f869d443d6] NF registered [Heartbeat:10s] (../lib/sbi/nf-sm.c:208)
09/18 19:05:24.550: [sbi] INFO: NF EndPoint(addr) setup [127.0.0.10:7777] (../lib/sbi/nnrf-handler.c:949)
09/18 19:05:24.550: [sbi] INFO: [321aa756-75e0-41ef-8778-c1ab84253d5c] Subscription created until 2024-09-19T19:05:24.550678+02:00 [duration:86400000000,validity:86400.000000,patch:43200.000000] (../lib/sbi/nnrf-handler.c:868)
09/18 19:05:24.579: [sbi] INFO: [c4403f06-74e1-41ef-8d2f-c111a79d3a60] (NRF-notify) NF registered (../lib/sbi/nnrf-handler.c:1133)
09/18 19:05:24.579: [sbi] INFO: [c4403f06-74e1-41ef-8d2f-c111a79d3a60] (NRF-notify) NF Profile updated [type:SEPP] (../lib/sbi/nnrf-handler.c:1147)
09/18 19:05:24.579: [sbi] INFO: NF EndPoint(addr) setup [127.0.2.250:7777] (../lib/sbi/context.c:2195)
09/18 19:06:20.910: [dbi] INFO: [imsi-001010000000018] Cannot find IMSI in DB (../lib/dbi/subscription.c:56)
09/18 19:06:20.910: [udr] WARNING: [imsi-001010000000018] Cannot find SUPI in DB (../src/udr/nudr-handler.c:68)
09/18 19:06:20.913: [dbi] INFO: [imsi-001010000000017] Cannot find IMSI in DB (../lib/dbi/subscription.c:56)
09/18 19:06:20.913: [udr] WARNING: [imsi-001010000000017] Cannot find SUPI in DB (../src/udr/nudr-handler.c:68)
09/18 19:06:20.914: [dbi] INFO: [imsi-001010000000016] Cannot find IMSI in DB (../lib/dbi/subscription.c:56)
09/18 19:06:20.914: [udr] WARNING: [imsi-001010000000016] Cannot find SUPI in DB (../src/udr/nudr-handler.c:68)
09/18 19:06:20.914: [dbi] INFO: [imsi-001010000000015] Cannot find IMSI in DB (../lib/dbi/subscription.c:56)
09/18 19:06:20.914: [udr] WARNING: [imsi-001010000000015] Cannot find SUPI in DB (../src/udr/nudr-handler.c:68)
09/18 19:06:20.915: [dbi] INFO: [imsi-001010000000014] Cannot find IMSI in DB (../lib/dbi/subscription.c:56)
09/18 19:06:20.915: [udr] WARNING: [imsi-001010000000014] Cannot find SUPI in DB (../src/udr/nudr-handler.c:68)
09/18 19:06:20.916: [dbi] INFO: [imsi-001010000000012] Cannot find IMSI in DB (../lib/dbi/subscription.c:56)
09/18 19:06:20.916: [udr] WARNING: [imsi-001010000000012] Cannot find SUPI in DB (../src/udr/nudr-handler.c:68)
09/18 19:06:20.916: [dbi] INFO: [imsi-001010000000019] Cannot find IMSI in DB (../lib/dbi/subscription.c:56)
09/18 19:06:20.916: [udr] WARNING: [imsi-001010000000019] Cannot find SUPI in DB (../src/udr/nudr-handler.c:68)
09/18 19:06:20.922: [dbi] INFO: [imsi-001010000000011] Cannot find IMSI in DB (../lib/dbi/subscription.c:56)
09/18 19:06:20.922: [udr] WARNING: [imsi-001010000000011] Cannot find SUPI in DB (../src/udr/nudr-handler.c:68)
09/18 19:06:23.410: [dbi] INFO: [imsi-001010000000020] Cannot find IMSI in DB (../lib/dbi/subscription.c:56)
09/18 19:06:23.410: [udr] WARNING: [imsi-001010000000020] Cannot find SUPI in DB (../src/udr/nudr-handler.c:68)
09/18 19:06:23.615: [dbi] INFO: [imsi-001010000000013] Cannot find IMSI in DB (../lib/dbi/subscription.c:56)
09/18 19:06:23.615: [udr] WARNING: [imsi-001010000000013] Cannot find SUPI in DB (../src/udr/nudr-handler.c:68)
09/18 19:07:54.532: [dbi] INFO: [imsi-001010000000018] Cannot find IMSI in DB (../lib/dbi/subscription.c:56)
09/18 19:07:54.532: [udr] WARNING: [imsi-001010000000018] Cannot find SUPI in DB (../src/udr/nudr-handler.c:68)
09/18 19:07:54.536: [dbi] INFO: [imsi-001010000000020] Cannot find IMSI in DB (../lib/dbi/subscription.c:56)
09/18 19:07:54.536: [udr] WARNING: [imsi-001010000000020] Cannot find SUPI in DB (../src/udr/nudr-handler.c:68)
09/18 19:07:54.537: [dbi] INFO: [imsi-001010000000017] Cannot find IMSI in DB (../lib/dbi/subscription.c:56)
09/18 19:07:54.537: [udr] WARNING: [imsi-001010000000017] Cannot find SUPI in DB (../src/udr/nudr-handler.c:68)
09/18 19:07:54.537: [dbi] INFO: [imsi-001010000000016] Cannot find IMSI in DB (../lib/dbi/subscription.c:56)
09/18 19:07:54.537: [udr] WARNING: [imsi-001010000000016] Cannot find SUPI in DB (../src/udr/nudr-handler.c:68)
09/18 19:07:54.538: [dbi] INFO: [imsi-001010000000015] Cannot find IMSI in DB (../lib/dbi/subscription.c:56)
09/18 19:07:54.538: [udr] WARNING: [imsi-001010000000015] Cannot find SUPI in DB (../src/udr/nudr-handler.c:68)
09/18 19:07:54.539: [dbi] INFO: [imsi-001010000000014] Cannot find IMSI in DB (../lib/dbi/subscription.c:56)
09/18 19:07:54.539: [udr] WARNING: [imsi-001010000000014] Cannot find SUPI in DB (../src/udr/nudr-handler.c:68)
09/18 19:07:54.539: [dbi] INFO: [imsi-001010000000012] Cannot find IMSI in DB (../lib/dbi/subscription.c:56)
09/18 19:07:54.539: [udr] WARNING: [imsi-001010000000012] Cannot find SUPI in DB (../src/udr/nudr-handler.c:68)
09/18 19:07:54.540: [dbi] INFO: [imsi-001010000000019] Cannot find IMSI in DB (../lib/dbi/subscription.c:56)
09/18 19:07:54.540: [udr] WARNING: [imsi-001010000000019] Cannot find SUPI in DB (../src/udr/nudr-handler.c:68)
09/18 19:07:54.542: [dbi] INFO: [imsi-001010000000011] Cannot find IMSI in DB (../lib/dbi/subscription.c:56)
09/18 19:07:54.542: [udr] WARNING: [imsi-001010000000011] Cannot find SUPI in DB (../src/udr/nudr-handler.c:68)
09/18 19:07:57.038: [dbi] INFO: [imsi-001010000000013] Cannot find IMSI in DB (../lib/dbi/subscription.c:56)
09/18 19:07:57.039: [udr] WARNING: [imsi-001010000000013] Cannot find SUPI in DB (../src/udr/nudr-handler.c:68)
09/19 11:45:36.558: [core] ERROR: epoll failed (4:Interrupted system call) (../lib/core/ogs-epoll.c:220)
09/19 12:03:11.086: [sbi] WARNING: [d4370750-74e1-41ef-a0bd-17f869d443d6] HTTP response error [404] (../lib/sbi/nf-sm.c:264)
09/19 12:03:11.086: [sbi] INFO: [d4370750-74e1-41ef-a0bd-17f869d443d6] NF de-registered (../lib/sbi/nf-sm.c:235)
09/19 12:03:13.087: [sbi] WARNING: [d4370750-74e1-41ef-a0bd-17f869d443d6] Retry registration with NRF (../lib/sbi/nf-sm.c:395)
09/19 12:03:13.088: [sbi] INFO: [d4370750-74e1-41ef-a0bd-17f869d443d6] NF registered [Heartbeat:10s] (../lib/sbi/nf-sm.c:208)
09/19 12:03:13.089: [sbi] INFO: NF EndPoint(addr) setup [127.0.0.10:7777] (../lib/sbi/nnrf-handler.c:949)
09/19 12:03:13.089: [sbi] INFO: [61ca1b10-766e-41ef-8dbd-731c00f20d04] Subscription created until 2024-09-20T12:03:13.089030+02:00 [duration:86400000000,validity:86400.000000,patch:43200.000000] (../lib/sbi/nnrf-handler.c:868)
09/19 12:05:47.115: [udr] INFO: [d437e166-74e1-41ef-818f-bb60e977ab14] Need to update Subscription (../src/udr/udr-sm.c:339)
09/19 12:05:47.116: [udr] ERROR: [d437e166-74e1-41ef-818f-bb60e977ab14] HTTP response error [404] (../src/udr/udr-sm.c:256)
09/19 13:44:25.856: [app] INFO: SIGINT received (../src/main.c:53)
09/19 13:44:25.856: [app] INFO: Open5GS daemon terminating... (../src/main.c:226)
09/19 13:44:25.856: [sbi] INFO: [d4370750-74e1-41ef-a0bd-17f869d443d6] NF de-registered (../lib/sbi/nf-sm.c:235)
09/19 13:44:25.863: [app] INFO: UDR terminate...done (../src/udr/app.c:39)
Open5GS daemon v2.7.2-28-gb6ddd7f+

09/19 13:44:26.647: [app] INFO: Configuration: '/home/bunie/open5gs/install/etc/open5gs/udr.yaml' (../lib/app/ogs-init.c:133)
09/19 13:44:26.647: [app] INFO: File Logging: '/home/bunie/open5gs/install/var/log/open5gs/udr.log' (../lib/app/ogs-init.c:136)
09/19 13:44:26.649: [sbi] INFO: NF EndPoint(addr) setup [127.0.0.10:7777] (../lib/sbi/context.c:426)
09/19 13:44:26.653: [dbi] INFO: MongoDB URI: 'mongodb://localhost/open5gs' (../lib/dbi/ogs-mongoc.c:130)
09/19 13:44:26.653: [sbi] INFO: NF Service [nudr-dr] (../lib/sbi/context.c:1829)
09/19 13:44:26.653: [sbi] INFO: nghttp2_server() [http://127.0.0.20]:7777 (../lib/sbi/nghttp2-server.c:424)
09/19 13:44:26.653: [app] INFO: UDR initialize...done (../src/udr/app.c:31)
09/19 13:44:26.655: [sbi] INFO: [85e9d69e-767c-41ef-a9d8-e9fa92152021] NF registered [Heartbeat:10s] (../lib/sbi/nf-sm.c:208)
09/19 13:44:26.655: [sbi] INFO: NF EndPoint(addr) setup [127.0.0.10:7777] (../lib/sbi/nnrf-handler.c:949)
09/19 13:44:26.655: [sbi] INFO: [85eacc0c-767c-41ef-8dbd-731c00f20d04] Subscription created until 2024-09-20T13:44:26.655461+02:00 [duration:86400000000,validity:86400.000000,patch:43200.000000] (../lib/sbi/nnrf-handler.c:868)
09/19 13:52:39.947: [app] INFO: SIGHUP received (../src/main.c:58)
Open5GS daemon v2.7.2-28-gb6ddd7f+

09/19 14:03:37.368: [app] INFO: Configuration: '/home/bunie/open5gs/install/etc/open5gs/udr.yaml' (../lib/app/ogs-init.c:133)
09/19 14:03:37.368: [app] INFO: File Logging: '/home/bunie/open5gs/install/var/log/open5gs/udr.log' (../lib/app/ogs-init.c:136)
09/19 14:03:37.372: [sbi] INFO: NF EndPoint(addr) setup [127.0.0.10:7777] (../lib/sbi/context.c:426)
09/19 14:03:37.382: [dbi] INFO: MongoDB URI: 'mongodb://localhost/open5gs' (../lib/dbi/ogs-mongoc.c:130)
09/19 14:03:37.382: [sbi] INFO: NF Service [nudr-dr] (../lib/sbi/context.c:1829)
09/19 14:03:37.382: [sbi] INFO: nghttp2_server() [http://127.0.0.20]:7777 (../lib/sbi/nghttp2-server.c:424)
09/19 14:03:37.382: [app] INFO: UDR initialize...done (../src/udr/app.c:31)
09/19 14:03:37.384: [sbi] INFO: [33cc47b8-767f-41ef-ba44-95aa799ef3b3] NF registered [Heartbeat:10s] (../lib/sbi/nf-sm.c:208)
09/19 14:03:37.385: [sbi] INFO: NF EndPoint(addr) setup [127.0.0.10:7777] (../lib/sbi/nnrf-handler.c:949)
09/19 14:03:37.385: [sbi] INFO: [33ce3b36-767f-41ef-9199-a9bccdfd09bc] Subscription created until 2024-09-20T14:03:37.385324+02:00 [duration:86400000000,validity:86400.000000,patch:43200.000000] (../lib/sbi/nnrf-handler.c:868)
09/19 15:03:10.452: [sbi] WARNING: [7] Failed to connect to 127.0.0.10 port 7777 after 0 ms: Couldn't connect to server (../lib/sbi/client.c:698)
09/19 15:03:10.452: [sbi] WARNING: ogs_sbi_client_handler() failed [-1] (../lib/sbi/path.c:62)
09/19 15:03:11.444: [sbi] ERROR: [33cc47b8-767f-41ef-ba44-95aa799ef3b3] No heartbeat [type:UDR] (../lib/sbi/nf-sm.c:297)
09/19 15:03:11.444: [sbi] INFO: [33cc47b8-767f-41ef-ba44-95aa799ef3b3] NF de-registered (../lib/sbi/nf-sm.c:235)
09/19 15:03:22.444: [sbi] WARNING: [33cc47b8-767f-41ef-ba44-95aa799ef3b3] Retry registration with NRF (../lib/sbi/nf-sm.c:169)
09/19 15:03:22.445: [sbi] ERROR: Connection timer expired (../lib/sbi/client.c:605)
09/19 15:03:22.445: [sbi] WARNING: ogs_sbi_client_handler() failed [-3] (../lib/sbi/path.c:62)
09/19 15:03:25.952: [app] INFO: SIGINT received (../src/main.c:53)
09/19 15:03:25.952: [app] INFO: Open5GS daemon terminating... (../src/main.c:226)
09/19 15:03:25.955: [app] INFO: UDR terminate...done (../src/udr/app.c:39)
Open5GS daemon v2.7.2-28-gb6ddd7f+

09/19 15:09:12.825: [app] INFO: Configuration: '/home/bunie/open5gs/install/etc/open5gs/udr.yaml' (../lib/app/ogs-init.c:133)
09/19 15:09:12.825: [app] INFO: File Logging: '/home/bunie/open5gs/install/var/log/open5gs/udr.log' (../lib/app/ogs-init.c:136)
09/19 15:09:12.831: [sbi] INFO: NF EndPoint(addr) setup [127.0.0.10:7777] (../lib/sbi/context.c:426)
09/19 15:09:12.839: [dbi] INFO: MongoDB URI: 'mongodb://localhost/open5gs' (../lib/dbi/ogs-mongoc.c:130)
09/19 15:09:12.839: [sbi] INFO: NF Service [nudr-dr] (../lib/sbi/context.c:1829)
09/19 15:09:12.840: [sbi] INFO: nghttp2_server() [http://127.0.0.20]:7777 (../lib/sbi/nghttp2-server.c:424)
09/19 15:09:12.840: [app] INFO: UDR initialize...done (../src/udr/app.c:31)
09/19 15:09:12.843: [sbi] INFO: [5d839cb0-7688-41ef-83d7-b16414be99cc] NF registered [Heartbeat:10s] (../lib/sbi/nf-sm.c:208)
09/19 15:09:12.844: [sbi] INFO: NF EndPoint(addr) setup [127.0.0.10:7777] (../lib/sbi/nnrf-handler.c:949)
09/19 15:09:12.844: [sbi] INFO: [5d858e30-7688-41ef-99a8-5712947d2adf] Subscription created until 2024-09-20T15:09:12.843917+02:00 [duration:86400000000,validity:86400.000000,patch:43200.000000] (../lib/sbi/nnrf-handler.c:868)
09/20 03:09:12.845: [udr] INFO: [5d858e30-7688-41ef-99a8-5712947d2adf] Need to update Subscription (../src/udr/udr-sm.c:339)
09/20 03:09:12.846: [sbi] INFO: [5d858e30-7688-41ef-99a8-5712947d2adf] Subscription updated(204 No Content) until 2024-09-21T03:09:12.846449+02:00 [duration:86400000000,validity:86400.000000,patch:43200.000000] (../lib/sbi/nnrf-handler.c:868)
09/20 10:55:50.701: [core] ERROR: epoll failed (4:Interrupted system call) (../lib/core/ogs-epoll.c:220)
09/20 15:31:33.598: [udr] INFO: [5d858e30-7688-41ef-99a8-5712947d2adf] Need to update Subscription (../src/udr/udr-sm.c:339)
09/20 15:31:33.598: [sbi] INFO: [5d858e30-7688-41ef-99a8-5712947d2adf] Subscription updated(204 No Content) until 2024-09-21T15:31:33.598919+02:00 [duration:86400000000,validity:86400.000000,patch:43200.000000] (../lib/sbi/nnrf-handler.c:868)
09/22 12:34:34.614: [core] ERROR: epoll failed (4:Interrupted system call) (../lib/core/ogs-epoll.c:220)
09/22 20:49:54.619: [core] ERROR: epoll failed (4:Interrupted system call) (../lib/core/ogs-epoll.c:220)
09/23 10:31:59.345: [core] ERROR: epoll failed (4:Interrupted system call) (../lib/core/ogs-epoll.c:220)
09/24 09:04:40.611: [core] ERROR: epoll failed (4:Interrupted system call) (../lib/core/ogs-epoll.c:220)
09/24 10:05:53.022: [core] ERROR: epoll failed (4:Interrupted system call) (../lib/core/ogs-epoll.c:220)
09/24 12:01:44.768: [sbi] WARNING: [7] Failed to connect to 127.0.0.10 port 7777 after 0 ms: Couldn't connect to server (../lib/sbi/client.c:698)
09/24 12:01:44.768: [sbi] WARNING: ogs_sbi_client_handler() failed [-1] (../lib/sbi/path.c:62)
09/24 12:01:45.759: [sbi] ERROR: [5d839cb0-7688-41ef-83d7-b16414be99cc] No heartbeat [type:UDR] (../lib/sbi/nf-sm.c:297)
09/24 12:01:45.759: [sbi] INFO: [5d839cb0-7688-41ef-83d7-b16414be99cc] NF de-registered (../lib/sbi/nf-sm.c:235)
09/24 12:01:56.759: [sbi] WARNING: [5d839cb0-7688-41ef-83d7-b16414be99cc] Retry registration with NRF (../lib/sbi/nf-sm.c:169)
09/24 12:01:56.759: [sbi] ERROR: Connection timer expired (../lib/sbi/client.c:605)
09/24 12:01:56.759: [sbi] WARNING: ogs_sbi_client_handler() failed [-3] (../lib/sbi/path.c:62)
09/24 12:02:04.467: [app] INFO: SIGINT received (../src/main.c:53)
09/24 12:02:04.467: [app] INFO: Open5GS daemon terminating... (../src/main.c:226)
09/24 12:02:04.473: [app] INFO: UDR terminate...done (../src/udr/app.c:39)
Open5GS daemon v2.7.2-28-gb6ddd7f+

09/24 13:37:39.712: [app] INFO: Configuration: '/home/bunie/open5gs/install/etc/open5gs/udr.yaml' (../lib/app/ogs-init.c:133)
09/24 13:37:39.712: [app] INFO: File Logging: '/home/bunie/open5gs/install/var/log/open5gs/udr.log' (../lib/app/ogs-init.c:136)
09/24 13:37:39.717: [sbi] INFO: NF EndPoint(addr) setup [127.0.0.10:7777] (../lib/sbi/context.c:426)
09/24 13:37:39.725: [dbi] INFO: MongoDB URI: 'mongodb://localhost/open5gs' (../lib/dbi/ogs-mongoc.c:130)
09/24 13:37:39.726: [sbi] INFO: NF Service [nudr-dr] (../lib/sbi/context.c:1829)
09/24 13:37:39.726: [sbi] INFO: nghttp2_server() [http://127.0.0.20]:7777 (../lib/sbi/nghttp2-server.c:424)
09/24 13:37:39.726: [app] INFO: UDR initialize...done (../src/udr/app.c:31)
09/24 13:37:39.729: [sbi] INFO: [676db406-7a69-41ef-9ba1-279718e99a6b] NF registered [Heartbeat:10s] (../lib/sbi/nf-sm.c:208)
09/24 13:37:39.730: [sbi] INFO: NF EndPoint(addr) setup [127.0.0.10:7777] (../lib/sbi/nnrf-handler.c:949)
09/24 13:37:39.730: [sbi] INFO: [676f9a8c-7a69-41ef-8cf3-cd954b9fba71] Subscription created until 2024-09-25T13:37:39.729747+02:00 [duration:86400000000,validity:86400.000000,patch:43200.000000] (../lib/sbi/nnrf-handler.c:868)
09/24 14:20:42.031: [sbi] WARNING: [7] Failed to connect to 127.0.0.10 port 7777 after 0 ms: Couldn't connect to server (../lib/sbi/client.c:698)
09/24 14:20:42.031: [sbi] WARNING: ogs_sbi_client_handler() failed [-1] (../lib/sbi/path.c:62)
09/24 14:20:43.022: [sbi] ERROR: [676db406-7a69-41ef-9ba1-279718e99a6b] No heartbeat [type:UDR] (../lib/sbi/nf-sm.c:297)
09/24 14:20:43.022: [sbi] INFO: [676db406-7a69-41ef-9ba1-279718e99a6b] NF de-registered (../lib/sbi/nf-sm.c:235)
09/24 14:20:54.023: [sbi] WARNING: [676db406-7a69-41ef-9ba1-279718e99a6b] Retry registration with NRF (../lib/sbi/nf-sm.c:169)
09/24 14:20:54.023: [sbi] ERROR: Connection timer expired (../lib/sbi/client.c:605)
09/24 14:20:54.023: [sbi] WARNING: ogs_sbi_client_handler() failed [-3] (../lib/sbi/path.c:62)
09/24 14:20:57.121: [app] INFO: SIGINT received (../src/main.c:53)
09/24 14:20:57.121: [app] INFO: Open5GS daemon terminating... (../src/main.c:226)
09/24 14:20:57.123: [app] INFO: UDR terminate...done (../src/udr/app.c:39)
Open5GS daemon v2.7.2-28-gb6ddd7f+

09/24 14:32:37.466: [app] INFO: Configuration: '/home/bunie/open5gs/install/etc/open5gs/udr.yaml' (../lib/app/ogs-init.c:133)
09/24 14:32:37.466: [app] INFO: File Logging: '/home/bunie/open5gs/install/var/log/open5gs/udr.log' (../lib/app/ogs-init.c:136)
09/24 14:32:37.472: [sbi] INFO: NF EndPoint(addr) setup [127.0.0.10:7777] (../lib/sbi/context.c:426)
09/24 14:32:37.481: [dbi] INFO: MongoDB URI: 'mongodb://localhost/open5gs' (../lib/dbi/ogs-mongoc.c:130)
09/24 14:32:37.481: [sbi] INFO: NF Service [nudr-dr] (../lib/sbi/context.c:1829)
09/24 14:32:37.481: [sbi] INFO: nghttp2_server() [http://127.0.0.20]:7777 (../lib/sbi/nghttp2-server.c:424)
09/24 14:32:37.482: [app] INFO: UDR initialize...done (../src/udr/app.c:31)
09/24 14:32:37.484: [sbi] INFO: [150b2f9c-7a71-41ef-a996-fdf4fd3a4451] NF registered [Heartbeat:10s] (../lib/sbi/nf-sm.c:208)
09/24 14:32:37.485: [sbi] INFO: NF EndPoint(addr) setup [127.0.0.10:7777] (../lib/sbi/nnrf-handler.c:949)
09/24 14:32:37.485: [sbi] INFO: [150d146a-7a71-41ef-be9f-ad67d34c82c6] Subscription created until 2024-09-25T14:32:37.484729+02:00 [duration:86400000000,validity:86400.000000,patch:43200.000000] (../lib/sbi/nnrf-handler.c:868)
09/24 14:36:07.637: [sbi] WARNING: [7] Failed to connect to 127.0.0.10 port 7777 after 0 ms: Couldn't connect to server (../lib/sbi/client.c:698)
09/24 14:36:07.637: [sbi] WARNING: ogs_sbi_client_handler() failed [-1] (../lib/sbi/path.c:62)
09/24 14:36:08.637: [sbi] ERROR: [150b2f9c-7a71-41ef-a996-fdf4fd3a4451] No heartbeat [type:UDR] (../lib/sbi/nf-sm.c:297)
09/24 14:36:08.637: [sbi] INFO: [150b2f9c-7a71-41ef-a996-fdf4fd3a4451] NF de-registered (../lib/sbi/nf-sm.c:235)
09/24 14:36:19.637: [sbi] WARNING: [150b2f9c-7a71-41ef-a996-fdf4fd3a4451] Retry registration with NRF (../lib/sbi/nf-sm.c:169)
09/24 14:36:19.637: [sbi] ERROR: Connection timer expired (../lib/sbi/client.c:605)
09/24 14:36:19.637: [sbi] WARNING: ogs_sbi_client_handler() failed [-3] (../lib/sbi/path.c:62)
09/24 14:36:20.404: [app] INFO: SIGINT received (../src/main.c:53)
09/24 14:36:20.404: [app] INFO: Open5GS daemon terminating... (../src/main.c:226)
09/24 14:36:20.406: [app] INFO: UDR terminate...done (../src/udr/app.c:39)
Open5GS daemon v2.7.2-28-gb6ddd7f+

09/24 14:39:38.680: [app] INFO: Configuration: '/home/bunie/open5gs/install/etc/open5gs/udr.yaml' (../lib/app/ogs-init.c:133)
09/24 14:39:38.680: [app] INFO: File Logging: '/home/bunie/open5gs/install/var/log/open5gs/udr.log' (../lib/app/ogs-init.c:136)
09/24 14:39:38.686: [sbi] INFO: NF EndPoint(addr) setup [127.0.0.10:7777] (../lib/sbi/context.c:426)
09/24 14:39:38.694: [dbi] INFO: MongoDB URI: 'mongodb://localhost/open5gs' (../lib/dbi/ogs-mongoc.c:130)
09/24 14:39:38.694: [sbi] INFO: NF Service [nudr-dr] (../lib/sbi/context.c:1829)
09/24 14:39:38.695: [sbi] INFO: nghttp2_server() [http://127.0.0.20]:7777 (../lib/sbi/nghttp2-server.c:424)
09/24 14:39:38.695: [app] INFO: UDR initialize...done (../src/udr/app.c:31)
09/24 14:39:38.697: [sbi] INFO: [101b603c-7a72-41ef-ae65-97d869e49cd6] NF registered [Heartbeat:10s] (../lib/sbi/nf-sm.c:208)
09/24 14:39:38.698: [sbi] INFO: NF EndPoint(addr) setup [127.0.0.10:7777] (../lib/sbi/nnrf-handler.c:949)
09/24 14:39:38.698: [sbi] INFO: [101d24da-7a72-41ef-a8e1-4bf53815252b] Subscription created until 2024-09-25T14:39:38.698134+02:00 [duration:86400000000,validity:86400.000000,patch:43200.000000] (../lib/sbi/nnrf-handler.c:868)
09/24 14:44:48.992: [sbi] WARNING: [7] Failed to connect to 127.0.0.10 port 7777 after 0 ms: Couldn't connect to server (../lib/sbi/client.c:698)
09/24 14:44:48.992: [sbi] WARNING: ogs_sbi_client_handler() failed [-1] (../lib/sbi/path.c:62)
09/24 14:44:49.984: [sbi] ERROR: [101b603c-7a72-41ef-ae65-97d869e49cd6] No heartbeat [type:UDR] (../lib/sbi/nf-sm.c:297)
09/24 14:44:49.984: [sbi] INFO: [101b603c-7a72-41ef-ae65-97d869e49cd6] NF de-registered (../lib/sbi/nf-sm.c:235)
09/24 14:44:53.365: [app] INFO: SIGINT received (../src/main.c:53)
09/24 14:44:53.365: [app] INFO: Open5GS daemon terminating... (../src/main.c:226)
09/24 14:44:53.367: [app] INFO: UDR terminate...done (../src/udr/app.c:39)
Open5GS daemon v2.7.2-28-gb6ddd7f+

09/24 14:46:03.671: [app] INFO: Configuration: '/home/bunie/open5gs/install/etc/open5gs/udr.yaml' (../lib/app/ogs-init.c:133)
09/24 14:46:03.671: [app] INFO: File Logging: '/home/bunie/open5gs/install/var/log/open5gs/udr.log' (../lib/app/ogs-init.c:136)
09/24 14:46:03.677: [sbi] INFO: NF EndPoint(addr) setup [127.0.0.10:7777] (../lib/sbi/context.c:426)
09/24 14:46:03.685: [dbi] INFO: MongoDB URI: 'mongodb://localhost/open5gs' (../lib/dbi/ogs-mongoc.c:130)
09/24 14:46:03.685: [sbi] INFO: NF Service [nudr-dr] (../lib/sbi/context.c:1829)
09/24 14:46:03.686: [sbi] INFO: nghttp2_server() [http://127.0.0.20]:7777 (../lib/sbi/nghttp2-server.c:424)
09/24 14:46:03.686: [app] INFO: UDR initialize...done (../src/udr/app.c:31)
09/24 14:46:03.688: [sbi] INFO: [f5944d86-7a72-41ef-8cd7-25c6b18051e2] NF registered [Heartbeat:10s] (../lib/sbi/nf-sm.c:208)
09/24 14:46:03.689: [sbi] INFO: NF EndPoint(addr) setup [127.0.0.10:7777] (../lib/sbi/nnrf-handler.c:949)
09/24 14:46:03.689: [sbi] INFO: [f5962200-7a72-41ef-98f1-8bbfbcfb36b1] Subscription created until 2024-09-25T14:46:03.689297+02:00 [duration:86400000000,validity:86400.000000,patch:43200.000000] (../lib/sbi/nnrf-handler.c:868)
09/24 14:56:04.034: [sbi] WARNING: [7] Failed to connect to 127.0.0.10 port 7777 after 0 ms: Couldn't connect to server (../lib/sbi/client.c:698)
09/24 14:56:04.034: [sbi] WARNING: ogs_sbi_client_handler() failed [-1] (../lib/sbi/path.c:62)
09/24 14:56:05.024: [sbi] ERROR: [f5944d86-7a72-41ef-8cd7-25c6b18051e2] No heartbeat [type:UDR] (../lib/sbi/nf-sm.c:297)
09/24 14:56:05.024: [sbi] INFO: [f5944d86-7a72-41ef-8cd7-25c6b18051e2] NF de-registered (../lib/sbi/nf-sm.c:235)
09/24 14:56:05.025: [sbi] INFO: [f5944d86-7a72-41ef-8cd7-25c6b18051e2] NF registered [Heartbeat:10s] (../lib/sbi/nf-sm.c:208)
09/24 14:56:05.026: [sbi] INFO: NF EndPoint(addr) setup [127.0.0.10:7777] (../lib/sbi/nnrf-handler.c:949)
09/24 14:56:05.026: [sbi] INFO: [5c02de60-7a74-41ef-8455-ad39895cde35] Subscription created until 2024-09-25T14:56:05.026196+02:00 [duration:86400000000,validity:86400.000000,patch:43200.000000] (../lib/sbi/nnrf-handler.c:868)
09/24 14:56:05.433: [sbi] INFO: [e9bf59f6-7a72-41ef-a691-2133f0b4dc5a] (NRF-notify) NF registered (../lib/sbi/nnrf-handler.c:1133)
09/24 14:56:05.433: [sbi] INFO: [e9bf59f6-7a72-41ef-a691-2133f0b4dc5a] (NRF-notify) NF Profile updated [type:SEPP] (../lib/sbi/nnrf-handler.c:1147)
09/24 14:56:05.433: [sbi] INFO: NF EndPoint(addr) setup [127.0.2.250:7777] (../lib/sbi/context.c:2195)
09/24 14:56:14.021: [sbi] INFO: [e84675aa-7a72-41ef-ab4b-15291717206a] (NRF-notify) NF registered (../lib/sbi/nnrf-handler.c:1133)
09/24 14:56:14.021: [sbi] INFO: [e84675aa-7a72-41ef-ab4b-15291717206a] (NRF-notify) NF Profile updated [type:SEPP] (../lib/sbi/nnrf-handler.c:1147)
09/24 14:56:14.021: [sbi] INFO: NF EndPoint(addr) setup [127.0.1.250:7777] (../lib/sbi/context.c:2195)
09/25 10:46:41.224: [core] ERROR: epoll failed (4:Interrupted system call) (../lib/core/ogs-epoll.c:220)
09/25 11:15:39.379: [sbi] WARNING: [7] Failed to connect to 127.0.0.10 port 7777 after 0 ms: Couldn't connect to server (../lib/sbi/client.c:698)
09/25 11:15:39.379: [sbi] WARNING: ogs_sbi_client_handler() failed [-1] (../lib/sbi/path.c:62)
09/25 11:15:40.380: [sbi] ERROR: [f5944d86-7a72-41ef-8cd7-25c6b18051e2] No heartbeat [type:UDR] (../lib/sbi/nf-sm.c:297)
09/25 11:15:40.380: [sbi] INFO: [f5944d86-7a72-41ef-8cd7-25c6b18051e2] NF de-registered (../lib/sbi/nf-sm.c:235)
09/25 11:15:51.380: [sbi] WARNING: [f5944d86-7a72-41ef-8cd7-25c6b18051e2] Retry registration with NRF (../lib/sbi/nf-sm.c:169)
09/25 11:15:51.381: [sbi] ERROR: Connection timer expired (../lib/sbi/client.c:605)
09/25 11:15:51.381: [sbi] WARNING: ogs_sbi_client_handler() failed [-3] (../lib/sbi/path.c:62)
09/25 11:15:55.399: [app] INFO: SIGINT received (../src/main.c:53)
09/25 11:15:55.399: [app] INFO: Open5GS daemon terminating... (../src/main.c:226)
09/25 11:15:55.401: [app] INFO: UDR terminate...done (../src/udr/app.c:39)
Open5GS daemon v2.7.2-28-gb6ddd7f+

09/25 11:18:00.752: [app] INFO: Configuration: '/home/bunie/open5gs/install/etc/open5gs/udr.yaml' (../lib/app/ogs-init.c:133)
09/25 11:18:00.752: [app] INFO: File Logging: '/home/bunie/open5gs/install/var/log/open5gs/udr.log' (../lib/app/ogs-init.c:136)
09/25 11:18:00.757: [sbi] INFO: NF EndPoint(addr) setup [127.0.0.10:7777] (../lib/sbi/context.c:426)
09/25 11:18:00.766: [dbi] INFO: MongoDB URI: 'mongodb://localhost/open5gs' (../lib/dbi/ogs-mongoc.c:130)
09/25 11:18:00.766: [sbi] INFO: NF Service [nudr-dr] (../lib/sbi/context.c:1829)
09/25 11:18:00.766: [sbi] INFO: nghttp2_server() [http://127.0.0.20]:7777 (../lib/sbi/nghttp2-server.c:424)
09/25 11:18:00.766: [app] INFO: UDR initialize...done (../src/udr/app.c:31)
09/25 11:18:00.769: [sbi] INFO: [0f97b432-7b1f-41ef-9368-7133790d4808] NF registered [Heartbeat:10s] (../lib/sbi/nf-sm.c:208)
09/25 11:18:00.770: [sbi] INFO: NF EndPoint(addr) setup [127.0.0.10:7777] (../lib/sbi/nnrf-handler.c:949)
09/25 11:18:00.770: [sbi] INFO: [0f99899c-7b1f-41ef-9f3a-67bc21348f38] Subscription created until 2024-09-26T11:18:00.769859+02:00 [duration:86400000000,validity:86400.000000,patch:43200.000000] (../lib/sbi/nnrf-handler.c:868)
09/25 12:13:23.145: [sbi] WARNING: [0f97b432-7b1f-41ef-9368-7133790d4808] HTTP response error [404] (../lib/sbi/nf-sm.c:264)
09/25 12:13:23.145: [sbi] INFO: [0f97b432-7b1f-41ef-9368-7133790d4808] NF de-registered (../lib/sbi/nf-sm.c:235)
09/25 12:13:25.147: [sbi] WARNING: [0f97b432-7b1f-41ef-9368-7133790d4808] Retry registration with NRF (../lib/sbi/nf-sm.c:395)
09/25 12:13:25.148: [sbi] INFO: [0f97b432-7b1f-41ef-9368-7133790d4808] NF registered [Heartbeat:10s] (../lib/sbi/nf-sm.c:208)
09/25 12:13:25.148: [sbi] INFO: NF EndPoint(addr) setup [127.0.0.10:7777] (../lib/sbi/nnrf-handler.c:949)
09/25 12:13:25.149: [sbi] INFO: [cd157e2a-7b26-41ef-ba8c-ed86672e236c] Subscription created until 2024-09-26T12:13:25.148703+02:00 [duration:86400000000,validity:86400.000000,patch:43200.000000] (../lib/sbi/nnrf-handler.c:868)
09/25 12:13:28.050: [sbi] INFO: [db270252-7b1e-41ef-8279-05d5fa0f39e9] (NRF-notify) NF registered (../lib/sbi/nnrf-handler.c:1133)
09/25 12:13:28.050: [sbi] INFO: [db270252-7b1e-41ef-8279-05d5fa0f39e9] (NRF-notify) NF Profile updated [type:SEPP] (../lib/sbi/nnrf-handler.c:1147)
09/25 12:13:28.050: [sbi] INFO: NF EndPoint(addr) setup [127.0.1.250:7777] (../lib/sbi/context.c:2195)
09/25 14:06:56.702: [app] INFO: SIGINT received (../src/main.c:53)
09/25 14:06:56.702: [app] INFO: Open5GS daemon terminating... (../src/main.c:226)
09/25 14:06:56.702: [sbi] INFO: [0f97b432-7b1f-41ef-9368-7133790d4808] NF de-registered (../lib/sbi/nf-sm.c:235)
09/25 14:06:56.708: [app] INFO: UDR terminate...done (../src/udr/app.c:39)
Open5GS daemon v2.7.2-28-gb6ddd7f+

09/25 14:15:04.705: [app] INFO: Configuration: '/home/bunie/open5gs/install/etc/open5gs/udr.yaml' (../lib/app/ogs-init.c:133)
09/25 14:15:04.705: [app] INFO: File Logging: '/home/bunie/open5gs/install/var/log/open5gs/udr.log' (../lib/app/ogs-init.c:136)
09/25 14:15:04.712: [sbi] INFO: NF EndPoint(addr) setup [127.0.0.10:7777] (../lib/sbi/context.c:426)
09/25 14:15:04.720: [dbi] INFO: MongoDB URI: 'mongodb://localhost/open5gs' (../lib/dbi/ogs-mongoc.c:130)
09/25 14:15:04.720: [sbi] INFO: NF Service [nudr-dr] (../lib/sbi/context.c:1829)
09/25 14:15:04.721: [sbi] INFO: nghttp2_server() [http://127.0.0.20]:7777 (../lib/sbi/nghttp2-server.c:424)
09/25 14:15:04.721: [app] INFO: UDR initialize...done (../src/udr/app.c:31)
09/25 14:15:04.723: [sbi] INFO: [cbf67164-7b37-41ef-8a47-ef98c4d5846a] NF registered [Heartbeat:10s] (../lib/sbi/nf-sm.c:208)
09/25 14:15:04.724: [sbi] INFO: NF EndPoint(addr) setup [127.0.0.10:7777] (../lib/sbi/nnrf-handler.c:949)
09/25 14:15:04.724: [sbi] INFO: [cbf857ea-7b37-41ef-8d8c-5d9dd23bd8f2] Subscription created until 2024-09-26T14:15:04.724347+02:00 [duration:86400000000,validity:86400.000000,patch:43200.000000] (../lib/sbi/nnrf-handler.c:868)
09/26 09:41:07.808: [core] ERROR: epoll failed (4:Interrupted system call) (../lib/core/ogs-epoll.c:220)
09/27 09:52:11.801: [core] ERROR: epoll failed (4:Interrupted system call) (../lib/core/ogs-epoll.c:220)
09/27 10:13:03.795: [udr] INFO: [cbf857ea-7b37-41ef-8d8c-5d9dd23bd8f2] Need to update Subscription (../src/udr/udr-sm.c:339)
09/27 10:13:03.797: [sbi] INFO: [cbf857ea-7b37-41ef-8d8c-5d9dd23bd8f2] Subscription updated(204 No Content) until 2024-09-28T10:13:03.797802+02:00 [duration:86400000000,validity:86400.000000,patch:43200.000000] (../lib/sbi/nnrf-handler.c:868)
09/27 19:42:12.600: [core] ERROR: epoll failed (4:Interrupted system call) (../lib/core/ogs-epoll.c:220)
09/27 21:37:51.375: [core] ERROR: epoll failed (4:Interrupted system call) (../lib/core/ogs-epoll.c:220)
09/27 22:36:32.438: [core] ERROR: epoll failed (4:Interrupted system call) (../lib/core/ogs-epoll.c:220)
09/29 14:42:55.570: [core] ERROR: epoll failed (4:Interrupted system call) (../lib/core/ogs-epoll.c:220)
09/29 16:50:27.006: [udr] INFO: [cbf857ea-7b37-41ef-8d8c-5d9dd23bd8f2] Need to update Subscription (../src/udr/udr-sm.c:339)
09/29 16:50:27.007: [sbi] INFO: [cbf857ea-7b37-41ef-8d8c-5d9dd23bd8f2] Subscription updated(204 No Content) until 2024-09-30T16:50:27.006988+02:00 [duration:86400000000,validity:86400.000000,patch:43200.000000] (../lib/sbi/nnrf-handler.c:868)
09/29 19:21:48.426: [core] ERROR: epoll failed (4:Interrupted system call) (../lib/core/ogs-epoll.c:220)
09/30 10:13:15.565: [core] ERROR: epoll failed (4:Interrupted system call) (../lib/core/ogs-epoll.c:220)
09/30 20:45:31.515: [core] ERROR: epoll failed (4:Interrupted system call) (../lib/core/ogs-epoll.c:220)
09/30 22:19:38.418: [core] ERROR: epoll failed (4:Interrupted system call) (../lib/core/ogs-epoll.c:220)
09/30 22:27:19.744: [udr] INFO: [cbf857ea-7b37-41ef-8d8c-5d9dd23bd8f2] Need to update Subscription (../src/udr/udr-sm.c:339)
09/30 22:27:19.746: [sbi] INFO: [cbf857ea-7b37-41ef-8d8c-5d9dd23bd8f2] Subscription updated(204 No Content) until 2024-10-01T22:27:19.746407+02:00 [duration:86400000000,validity:86400.000000,patch:43200.000000] (../lib/sbi/nnrf-handler.c:868)
10/01 10:18:40.328: [core] ERROR: epoll failed (4:Interrupted system call) (../lib/core/ogs-epoll.c:220)
10/01 20:29:15.542: [core] ERROR: epoll failed (4:Interrupted system call) (../lib/core/ogs-epoll.c:220)
10/01 21:03:47.511: [udr] INFO: [cbf857ea-7b37-41ef-8d8c-5d9dd23bd8f2] Need to update Subscription (../src/udr/udr-sm.c:339)
10/01 21:03:47.515: [sbi] INFO: [cbf857ea-7b37-41ef-8d8c-5d9dd23bd8f2] Subscription updated(204 No Content) until 2024-10-02T21:03:47.515273+02:00 [duration:86400000000,validity:86400.000000,patch:43200.000000] (../lib/sbi/nnrf-handler.c:868)
10/02 10:50:23.618: [core] ERROR: epoll failed (4:Interrupted system call) (../lib/core/ogs-epoll.c:220)
10/02 19:51:45.547: [core] ERROR: epoll failed (4:Interrupted system call) (../lib/core/ogs-epoll.c:220)
10/02 19:51:45.548: [sbi] ERROR: [cbf67164-7b37-41ef-8a47-ef98c4d5846a] No heartbeat [type:UDR] (../lib/sbi/nf-sm.c:297)
10/02 19:51:45.548: [sbi] INFO: [cbf67164-7b37-41ef-8a47-ef98c4d5846a] NF de-registered (../lib/sbi/nf-sm.c:235)
10/02 19:51:45.586: [sbi] ERROR: [cbf67164-7b37-41ef-8a47-ef98c4d5846a] HTTP Response Status Code [404] (../lib/sbi/nf-sm.c:145)
10/02 19:51:47.588: [sbi] WARNING: [cbf67164-7b37-41ef-8a47-ef98c4d5846a] Retry registration with NRF (../lib/sbi/nf-sm.c:395)
10/02 19:51:47.589: [sbi] INFO: [cbf67164-7b37-41ef-8a47-ef98c4d5846a] NF registered [Heartbeat:10s] (../lib/sbi/nf-sm.c:208)
10/02 19:51:47.590: [sbi] INFO: NF EndPoint(addr) setup [127.0.0.10:7777] (../lib/sbi/nnrf-handler.c:949)
10/02 19:51:47.590: [sbi] INFO: [feb5404e-80e6-41ef-8d8c-5d9dd23bd8f2] Subscription created until 2024-10-03T19:51:47.589979+02:00 [duration:86400000000,validity:86400.000000,patch:43200.000000] (../lib/sbi/nnrf-handler.c:868)
10/02 22:09:44.033: [udr] INFO: [cbf857ea-7b37-41ef-8d8c-5d9dd23bd8f2] Need to update Subscription (../src/udr/udr-sm.c:339)
10/02 22:09:44.034: [udr] ERROR: [cbf857ea-7b37-41ef-8d8c-5d9dd23bd8f2] HTTP response error [404] (../src/udr/udr-sm.c:256)
10/03 07:51:48.589: [udr] INFO: [feb5404e-80e6-41ef-8d8c-5d9dd23bd8f2] Need to update Subscription (../src/udr/udr-sm.c:339)
10/03 07:51:48.590: [sbi] INFO: [feb5404e-80e6-41ef-8d8c-5d9dd23bd8f2] Subscription updated(204 No Content) until 2024-10-04T07:51:48.590837+02:00 [duration:86400000000,validity:86400.000000,patch:43200.000000] (../lib/sbi/nnrf-handler.c:868)
10/03 10:09:44.037: [udr] ERROR: [cbf857ea-7b37-41ef-8d8c-5d9dd23bd8f2] Subscription validity expired (../src/udr/udr-sm.c:327)
10/03 10:09:44.038: [sbi] INFO: NF EndPoint(addr) setup [127.0.0.10:7777] (../lib/sbi/nnrf-handler.c:949)
10/03 10:09:44.038: [sbi] INFO: [d90fddc2-815e-41ef-8d8c-5d9dd23bd8f2] Subscription created until 2024-10-04T10:09:44.038033+02:00 [duration:86400000000,validity:86400.000000,patch:43200.000000] (../lib/sbi/nnrf-handler.c:868)
10/04 09:20:40.241: [core] ERROR: epoll failed (4:Interrupted system call) (../lib/core/ogs-epoll.c:220)
10/04 11:28:57.466: [udr] INFO: [feb5404e-80e6-41ef-8d8c-5d9dd23bd8f2] Need to update Subscription (../src/udr/udr-sm.c:339)
10/04 11:28:57.469: [sbi] INFO: [feb5404e-80e6-41ef-8d8c-5d9dd23bd8f2] Subscription updated(204 No Content) until 2024-10-05T11:28:57.469227+02:00 [duration:86400000000,validity:86400.000000,patch:43200.000000] (../lib/sbi/nnrf-handler.c:868)
10/04 13:46:52.911: [udr] INFO: [d90fddc2-815e-41ef-8d8c-5d9dd23bd8f2] Need to update Subscription (../src/udr/udr-sm.c:339)
10/04 13:46:52.911: [sbi] INFO: [d90fddc2-815e-41ef-8d8c-5d9dd23bd8f2] Subscription updated(204 No Content) until 2024-10-05T13:46:52.911896+02:00 [duration:86400000000,validity:86400.000000,patch:43200.000000] (../lib/sbi/nnrf-handler.c:868)
10/04 14:16:52.116: [app] INFO: SIGHUP received (../src/main.c:58)
10/04 14:16:52.120: [app] INFO: SIGHUP received (../src/main.c:58)
